<?xml version="1.0" encoding="UTF-8"?>
<testsuites name="FIt-test suite" time="30" tests="6" failures="0" errors="0">
   <testsuite name="FIt-test suite" tests="6" failures="0" errors="0" time="30" timestamp="2019-05-16 00:37:45" hostname="Lavanya_DF - DESKTOP-T5KOPIL" id="Test Suites/FIt-test suite">
      <properties>
         <property name="deviceName" value=""/>
         <property name="devicePlatform" value=""/>
         <property name="logFolder" value="C:\\Users\\Lavanya_DF\\Downloads\\GS1 FIT\\GS1 FIT\\Reports\\FIt-test suite\\20190516_003744"/>
         <property name="logFiles" value="C:\\Users\\Lavanya_DF\\Downloads\\GS1 FIT\\GS1 FIT\\Reports\\FIt-test suite\\20190516_003744\\execution0.log"/>
         <property name="attachments" value=""/>
         <property name="hostName" value="Lavanya_DF - DESKTOP-T5KOPIL"/>
         <property name="hostAddress" value="192.168.43.238"/>
         <property name="os" value="Windows 10 64bit"/>
         <property name="katalonVersion" value="6.1.2.2"/>
      </properties>
      <testcase name="Test Cases/test" classname="Test Cases/test" status="PASSED">
         <system-out><![CDATA[2019-05-16 00:37:46 - [TEST_CASE][PASSED] - Test Cases/test: Test Cases/test

2019-05-16 00:37:46 - [TEST_STEP][PASSED] - if (glnparameter == ""): Verify element property value successfully

2019-05-16 00:37:46 - [TEST_STEP][PASSED] - Storeresponse = sendRequestAndVerify(findTestObject("GLN Approve - EOID", ["url":url, "body":body, "methodforcall":methodforcall])): Send request and verify the response successfully

2019-05-16 00:37:54 - [TEST_CASE][PASSED] - Start Test Case : Verification: Verification accomplished successfully

2019-05-16 00:37:54 - [TEST_STEP][PASSED] - request = getInstance().getCurrentRequest(): null

2019-05-16 00:37:54 - [TEST_STEP][PASSED] - response = getInstance().getCurrentResponse(): null

2019-05-16 00:37:54 - [MESSAGE][PASSED] - Verify response successfully

2019-05-16 00:37:54 - [MESSAGE][PASSED] - Send request and verify the response successfully

2019-05-16 00:37:54 - [TEST_STEP][PASSED] - verifyElementPropertyValue(Storeresponse, status, statuscode): Verify element property value successfully

2019-05-16 00:37:54 - [MESSAGE][PASSED] - Verify element property value successfully

2019-05-16 00:37:54 - [TEST_STEP][PASSED] - verifyElementPropertyValue(Storeresponse, message, messagevalue): Verify element property value successfully

2019-05-16 00:37:54 - [MESSAGE][PASSED] - Verify element property value successfully]]></system-out>
         <system-err><![CDATA[]]></system-err>
      </testcase>
      <testcase name="Test Cases/test" classname="Test Cases/test" status="PASSED">
         <system-out><![CDATA[2019-05-16 00:37:54 - [TEST_CASE][PASSED] - Test Cases/test: Test Cases/test

2019-05-16 00:37:54 - [TEST_STEP][PASSED] - if (glnparameter == ""): Verify element property value successfully

2019-05-16 00:37:54 - [TEST_STEP][PASSED] - Storeresponse = sendRequestAndVerify(findTestObject("GLN Approve - EOID", ["url":url, "body":body, "methodforcall":methodforcall])): Send request and verify the response successfully

2019-05-16 00:37:58 - [TEST_CASE][PASSED] - Start Test Case : Verification: Verification accomplished successfully

2019-05-16 00:37:58 - [TEST_STEP][PASSED] - request = getInstance().getCurrentRequest(): null

2019-05-16 00:37:58 - [TEST_STEP][PASSED] - response = getInstance().getCurrentResponse(): null

2019-05-16 00:37:58 - [MESSAGE][PASSED] - Verify response successfully

2019-05-16 00:37:58 - [MESSAGE][PASSED] - Send request and verify the response successfully

2019-05-16 00:37:58 - [TEST_STEP][PASSED] - verifyElementPropertyValue(Storeresponse, status, statuscode): Verify element property value successfully

2019-05-16 00:37:58 - [MESSAGE][PASSED] - Verify element property value successfully

2019-05-16 00:37:58 - [TEST_STEP][PASSED] - verifyElementPropertyValue(Storeresponse, message, messagevalue): Verify element property value successfully

2019-05-16 00:37:58 - [MESSAGE][PASSED] - Verify element property value successfully]]></system-out>
         <system-err><![CDATA[]]></system-err>
      </testcase>
      <testcase name="Test Cases/test" classname="Test Cases/test" status="PASSED">
         <system-out><![CDATA[2019-05-16 00:37:58 - [TEST_CASE][PASSED] - Test Cases/test: Test Cases/test

2019-05-16 00:37:58 - [TEST_STEP][PASSED] - if (glnparameter == ""): Verify element property value successfully

2019-05-16 00:37:58 - [TEST_STEP][PASSED] - Storeresponse = sendRequestAndVerify(findTestObject("GLN Approve - EOID", ["url":url, "body":body, "methodforcall":methodforcall])): Send request and verify the response successfully

2019-05-16 00:38:02 - [TEST_CASE][PASSED] - Start Test Case : Verification: Verification accomplished successfully

2019-05-16 00:38:03 - [TEST_STEP][PASSED] - request = getInstance().getCurrentRequest(): null

2019-05-16 00:38:03 - [TEST_STEP][PASSED] - response = getInstance().getCurrentResponse(): null

2019-05-16 00:38:03 - [MESSAGE][PASSED] - Verify response successfully

2019-05-16 00:38:03 - [MESSAGE][PASSED] - Send request and verify the response successfully

2019-05-16 00:38:03 - [TEST_STEP][PASSED] - verifyElementPropertyValue(Storeresponse, status, statuscode): Verify element property value successfully

2019-05-16 00:38:03 - [MESSAGE][PASSED] - Verify element property value successfully

2019-05-16 00:38:03 - [TEST_STEP][PASSED] - verifyElementPropertyValue(Storeresponse, message, messagevalue): Verify element property value successfully

2019-05-16 00:38:03 - [MESSAGE][PASSED] - Verify element property value successfully]]></system-out>
         <system-err><![CDATA[]]></system-err>
      </testcase>
      <testcase name="Test Cases/test" classname="Test Cases/test" status="PASSED">
         <system-out><![CDATA[2019-05-16 00:38:03 - [TEST_CASE][PASSED] - Test Cases/test: Test Cases/test

2019-05-16 00:38:03 - [TEST_STEP][PASSED] - if (glnparameter == ""): Verify element property value successfully

2019-05-16 00:38:03 - [TEST_STEP][PASSED] - Storeresponse = sendRequestAndVerify(findTestObject("GLN Approve - EOID", ["url":url, "body":body, "methodforcall":methodforcall])): Send request and verify the response successfully

2019-05-16 00:38:06 - [TEST_CASE][PASSED] - Start Test Case : Verification: Verification accomplished successfully

2019-05-16 00:38:06 - [TEST_STEP][PASSED] - request = getInstance().getCurrentRequest(): null

2019-05-16 00:38:06 - [TEST_STEP][PASSED] - response = getInstance().getCurrentResponse(): null

2019-05-16 00:38:06 - [MESSAGE][PASSED] - Verify response successfully

2019-05-16 00:38:06 - [MESSAGE][PASSED] - Send request and verify the response successfully

2019-05-16 00:38:06 - [TEST_STEP][PASSED] - verifyElementPropertyValue(Storeresponse, status, statuscode): Verify element property value successfully

2019-05-16 00:38:06 - [MESSAGE][PASSED] - Verify element property value successfully

2019-05-16 00:38:06 - [TEST_STEP][PASSED] - verifyElementPropertyValue(Storeresponse, message, messagevalue): Verify element property value successfully

2019-05-16 00:38:06 - [MESSAGE][PASSED] - Verify element property value successfully]]></system-out>
         <system-err><![CDATA[]]></system-err>
      </testcase>
      <testcase name="Test Cases/test" classname="Test Cases/test" status="PASSED">
         <system-out><![CDATA[2019-05-16 00:38:06 - [TEST_CASE][PASSED] - Test Cases/test: Test Cases/test

2019-05-16 00:38:06 - [TEST_STEP][PASSED] - if (glnparameter == ""): Verify element property value successfully

2019-05-16 00:38:06 - [TEST_STEP][PASSED] - Storeresponse = sendRequestAndVerify(findTestObject("GLN Approve - EOID", ["url":url, "body":body, "methodforcall":methodforcall])): Send request and verify the response successfully

2019-05-16 00:38:10 - [TEST_CASE][PASSED] - Start Test Case : Verification: Verification accomplished successfully

2019-05-16 00:38:10 - [TEST_STEP][PASSED] - request = getInstance().getCurrentRequest(): null

2019-05-16 00:38:10 - [TEST_STEP][PASSED] - response = getInstance().getCurrentResponse(): null

2019-05-16 00:38:10 - [MESSAGE][PASSED] - Verify response successfully

2019-05-16 00:38:10 - [MESSAGE][PASSED] - Send request and verify the response successfully

2019-05-16 00:38:10 - [TEST_STEP][PASSED] - verifyElementPropertyValue(Storeresponse, status, statuscode): Verify element property value successfully

2019-05-16 00:38:10 - [MESSAGE][PASSED] - Verify element property value successfully

2019-05-16 00:38:10 - [TEST_STEP][PASSED] - verifyElementPropertyValue(Storeresponse, message, messagevalue): Verify element property value successfully

2019-05-16 00:38:10 - [MESSAGE][PASSED] - Verify element property value successfully]]></system-out>
         <system-err><![CDATA[]]></system-err>
      </testcase>
      <testcase name="Test Cases/test" classname="Test Cases/test" status="PASSED">
         <system-out><![CDATA[2019-05-16 00:38:10 - [TEST_CASE][PASSED] - Test Cases/test: Test Cases/test

2019-05-16 00:38:10 - [TEST_STEP][PASSED] - if (glnparameter == ""): Verify element property value successfully

2019-05-16 00:38:10 - [TEST_STEP][PASSED] - Storeresponse = sendRequestAndVerify(findTestObject("GLN Approve - EOID", ["url":url, "body":body, "methodforcall":methodforcall])): Send request and verify the response successfully

2019-05-16 00:38:15 - [TEST_CASE][PASSED] - Start Test Case : Verification: Verification accomplished successfully

2019-05-16 00:38:15 - [TEST_STEP][PASSED] - request = getInstance().getCurrentRequest(): null

2019-05-16 00:38:16 - [TEST_STEP][PASSED] - response = getInstance().getCurrentResponse(): null

2019-05-16 00:38:16 - [MESSAGE][PASSED] - Verify response successfully

2019-05-16 00:38:16 - [MESSAGE][PASSED] - Send request and verify the response successfully

2019-05-16 00:38:16 - [TEST_STEP][PASSED] - verifyElementPropertyValue(Storeresponse, status, statuscode): Verify element property value successfully

2019-05-16 00:38:16 - [MESSAGE][PASSED] - Verify element property value successfully

2019-05-16 00:38:16 - [TEST_STEP][PASSED] - verifyElementPropertyValue(Storeresponse, message, messagevalue): Verify element property value successfully

2019-05-16 00:38:16 - [MESSAGE][PASSED] - Verify element property value successfully]]></system-out>
         <system-err><![CDATA[]]></system-err>
      </testcase>
      <system-out><![CDATA[2019-05-16 00:37:45 - [TEST_SUITE][PASSED] - FIt-test suite: Test Cases/test]]></system-out>
      <system-err><![CDATA[]]></system-err>
   </testsuite>
</testsuites>
