<?xml version="1.0" encoding="UTF-8"?>
<testsuites name="FIt-test suite" time="23" tests="6" failures="0" errors="0">
   <testsuite name="FIt-test suite" tests="6" failures="0" errors="0" time="23" timestamp="2019-05-14 15:20:29" hostname="Lavanya_DF - DESKTOP-T5KOPIL" id="Test Suites/FIt-test suite">
      <properties>
         <property name="deviceName" value=""/>
         <property name="devicePlatform" value=""/>
         <property name="logFolder" value="C:\\Users\\Lavanya_DF\\Downloads\\GS1 FIT\\GS1 FIT\\Reports\\FIt-test suite\\20190514_152027"/>
         <property name="logFiles" value="C:\\Users\\Lavanya_DF\\Downloads\\GS1 FIT\\GS1 FIT\\Reports\\FIt-test suite\\20190514_152027\\execution0.log"/>
         <property name="attachments" value=""/>
         <property name="hostName" value="Lavanya_DF - DESKTOP-T5KOPIL"/>
         <property name="hostAddress" value="192.168.0.153"/>
         <property name="os" value="Windows 10 64bit"/>
         <property name="katalonVersion" value="6.1.2.2"/>
      </properties>
      <testcase name="Test Cases/test" classname="Test Cases/test" status="PASSED">
         <system-out><![CDATA[2019-05-14 15:20:29 - [TEST_CASE][PASSED] - Test Cases/test: Test Cases/test

2019-05-14 15:20:29 - [TEST_STEP][PASSED] - if (glnparameter == ""): Send request and verify the response successfully

2019-05-14 15:20:29 - [TEST_STEP][PASSED] - Storerespone = sendRequestAndVerify(findTestObject("GLN Approve - EOID")): Send request and verify the response successfully

2019-05-14 15:20:34 - [TEST_CASE][PASSED] - Start Test Case : Verification: Verification accomplished successfully

2019-05-14 15:20:34 - [TEST_STEP][PASSED] - request = getInstance().getCurrentRequest(): null

2019-05-14 15:20:35 - [TEST_STEP][PASSED] - response = getInstance().getCurrentResponse(): null

2019-05-14 15:20:35 - [MESSAGE][PASSED] - Verify response successfully

2019-05-14 15:20:35 - [MESSAGE][PASSED] - Send request and verify the response successfully]]></system-out>
         <system-err><![CDATA[]]></system-err>
      </testcase>
      <testcase name="Test Cases/test" classname="Test Cases/test" status="PASSED">
         <system-out><![CDATA[2019-05-14 15:20:35 - [TEST_CASE][PASSED] - Test Cases/test: Test Cases/test

2019-05-14 15:20:35 - [TEST_STEP][PASSED] - if (glnparameter == ""): Send request and verify the response successfully

2019-05-14 15:20:35 - [TEST_STEP][PASSED] - Storerespone = sendRequestAndVerify(findTestObject("GLN Approve - EOID")): Send request and verify the response successfully

2019-05-14 15:20:38 - [TEST_CASE][PASSED] - Start Test Case : Verification: Verification accomplished successfully

2019-05-14 15:20:38 - [TEST_STEP][PASSED] - request = getInstance().getCurrentRequest(): null

2019-05-14 15:20:38 - [TEST_STEP][PASSED] - response = getInstance().getCurrentResponse(): null

2019-05-14 15:20:38 - [MESSAGE][PASSED] - Verify response successfully

2019-05-14 15:20:38 - [MESSAGE][PASSED] - Send request and verify the response successfully]]></system-out>
         <system-err><![CDATA[]]></system-err>
      </testcase>
      <testcase name="Test Cases/test" classname="Test Cases/test" status="PASSED">
         <system-out><![CDATA[2019-05-14 15:20:38 - [TEST_CASE][PASSED] - Test Cases/test: Test Cases/test

2019-05-14 15:20:38 - [TEST_STEP][PASSED] - if (glnparameter == ""): Send request and verify the response successfully

2019-05-14 15:20:38 - [TEST_STEP][PASSED] - Storerespone = sendRequestAndVerify(findTestObject("GLN Approve - EOID")): Send request and verify the response successfully

2019-05-14 15:20:42 - [TEST_CASE][PASSED] - Start Test Case : Verification: Verification accomplished successfully

2019-05-14 15:20:42 - [TEST_STEP][PASSED] - request = getInstance().getCurrentRequest(): null

2019-05-14 15:20:42 - [TEST_STEP][PASSED] - response = getInstance().getCurrentResponse(): null

2019-05-14 15:20:42 - [MESSAGE][PASSED] - Verify response successfully

2019-05-14 15:20:42 - [MESSAGE][PASSED] - Send request and verify the response successfully]]></system-out>
         <system-err><![CDATA[]]></system-err>
      </testcase>
      <testcase name="Test Cases/test" classname="Test Cases/test" status="PASSED">
         <system-out><![CDATA[2019-05-14 15:20:42 - [TEST_CASE][PASSED] - Test Cases/test: Test Cases/test

2019-05-14 15:20:42 - [TEST_STEP][PASSED] - if (glnparameter == ""): Send request and verify the response successfully

2019-05-14 15:20:42 - [TEST_STEP][PASSED] - Storerespone = sendRequestAndVerify(findTestObject("GLN Approve - EOID")): Send request and verify the response successfully

2019-05-14 15:20:45 - [TEST_CASE][PASSED] - Start Test Case : Verification: Verification accomplished successfully

2019-05-14 15:20:45 - [TEST_STEP][PASSED] - request = getInstance().getCurrentRequest(): null

2019-05-14 15:20:45 - [TEST_STEP][PASSED] - response = getInstance().getCurrentResponse(): null

2019-05-14 15:20:45 - [MESSAGE][PASSED] - Verify response successfully

2019-05-14 15:20:45 - [MESSAGE][PASSED] - Send request and verify the response successfully]]></system-out>
         <system-err><![CDATA[]]></system-err>
      </testcase>
      <testcase name="Test Cases/test" classname="Test Cases/test" status="PASSED">
         <system-out><![CDATA[2019-05-14 15:20:45 - [TEST_CASE][PASSED] - Test Cases/test: Test Cases/test

2019-05-14 15:20:45 - [TEST_STEP][PASSED] - if (glnparameter == ""): Send request and verify the response successfully

2019-05-14 15:20:45 - [TEST_STEP][PASSED] - Storerespone = sendRequestAndVerify(findTestObject("GLN Approve - EOID")): Send request and verify the response successfully

2019-05-14 15:20:49 - [TEST_CASE][PASSED] - Start Test Case : Verification: Verification accomplished successfully

2019-05-14 15:20:49 - [TEST_STEP][PASSED] - request = getInstance().getCurrentRequest(): null

2019-05-14 15:20:49 - [TEST_STEP][PASSED] - response = getInstance().getCurrentResponse(): null

2019-05-14 15:20:49 - [MESSAGE][PASSED] - Verify response successfully

2019-05-14 15:20:49 - [MESSAGE][PASSED] - Send request and verify the response successfully]]></system-out>
         <system-err><![CDATA[]]></system-err>
      </testcase>
      <testcase name="Test Cases/test" classname="Test Cases/test" status="PASSED">
         <system-out><![CDATA[2019-05-14 15:20:49 - [TEST_CASE][PASSED] - Test Cases/test: Test Cases/test

2019-05-14 15:20:49 - [TEST_STEP][PASSED] - if (glnparameter == ""): Send request and verify the response successfully

2019-05-14 15:20:49 - [TEST_STEP][PASSED] - Storerespone = sendRequestAndVerify(findTestObject("GLN Approve - EOID")): Send request and verify the response successfully

2019-05-14 15:20:52 - [TEST_CASE][PASSED] - Start Test Case : Verification: Verification accomplished successfully

2019-05-14 15:20:52 - [TEST_STEP][PASSED] - request = getInstance().getCurrentRequest(): null

2019-05-14 15:20:52 - [TEST_STEP][PASSED] - response = getInstance().getCurrentResponse(): null

2019-05-14 15:20:52 - [MESSAGE][PASSED] - Verify response successfully

2019-05-14 15:20:52 - [MESSAGE][PASSED] - Send request and verify the response successfully]]></system-out>
         <system-err><![CDATA[]]></system-err>
      </testcase>
      <system-out><![CDATA[2019-05-14 15:20:29 - [TEST_SUITE][PASSED] - FIt-test suite: Test Cases/test]]></system-out>
      <system-err><![CDATA[]]></system-err>
   </testsuite>
</testsuites>
