<?xml version="1.0" encoding="UTF-8"?>
<testsuites name="FIt-test suite" time="126" tests="21" failures="0" errors="0">
   <testsuite name="FIt-test suite" tests="21" failures="0" errors="0" time="126" timestamp="2019-05-09 15:23:48" hostname="Lavanya_DF - DESKTOP-T5KOPIL" id="Test Suites/FIt-test suite">
      <properties>
         <property name="deviceName" value=""/>
         <property name="devicePlatform" value=""/>
         <property name="logFolder" value="C:\\Users\\Lavanya_DF\\Downloads\\GS1 FIT\\GS1 FIT\\Reports\\FIt-test suite\\20190509_152346"/>
         <property name="logFiles" value="C:\\Users\\Lavanya_DF\\Downloads\\GS1 FIT\\GS1 FIT\\Reports\\FIt-test suite\\20190509_152346\\execution0.log"/>
         <property name="attachments" value=""/>
         <property name="hostName" value="Lavanya_DF - DESKTOP-T5KOPIL"/>
         <property name="hostAddress" value="192.168.0.153"/>
         <property name="os" value="Windows 10 64bit"/>
         <property name="katalonVersion" value="6.1.2.2"/>
      </properties>
      <testcase name="Test Cases/test" classname="Test Cases/test" status="PASSED">
         <system-out><![CDATA[2019-05-09 15:23:48 - [TEST_CASE][PASSED] - Test Cases/test: Test Cases/test

2019-05-09 15:23:49 - [TEST_STEP][PASSED] - Storeresponse = sendRequestAndVerify(findTestObject("GLN Check - EOID", ["gln":glnparameter, "urlforcheckeoid":url, "body":body, "methodforcall":methodforcall])): Send request and verify the response successfully

2019-05-09 15:24:03 - [TEST_CASE][PASSED] - Start Test Case : Verification: Verification accomplished successfully

2019-05-09 15:24:03 - [TEST_STEP][PASSED] - request = getInstance().getCurrentRequest(): null

2019-05-09 15:24:03 - [TEST_STEP][PASSED] - response = getInstance().getCurrentResponse(): null

2019-05-09 15:24:03 - [MESSAGE][PASSED] - Verify response successfully

2019-05-09 15:24:03 - [MESSAGE][PASSED] - Send request and verify the response successfully

2019-05-09 15:24:03 - [TEST_STEP][PASSED] - verifyElementPropertyValue(Storeresponse, status, statuscode): Verify element property value successfully

2019-05-09 15:24:03 - [MESSAGE][PASSED] - Verify element property value successfully

2019-05-09 15:24:03 - [TEST_STEP][PASSED] - verifyElementPropertyValue(Storeresponse, messageid, messageidvalue): Verify element property value successfully

2019-05-09 15:24:03 - [MESSAGE][PASSED] - Verify element property value successfully

2019-05-09 15:24:03 - [TEST_STEP][PASSED] - if (statuscode == 200): null

2019-05-09 15:24:03 - [TEST_STEP][PASSED] - else: null]]></system-out>
         <system-err><![CDATA[]]></system-err>
      </testcase>
      <testcase name="Test Cases/test" classname="Test Cases/test" status="PASSED">
         <system-out><![CDATA[2019-05-09 15:24:03 - [TEST_CASE][PASSED] - Test Cases/test: Test Cases/test

2019-05-09 15:24:03 - [TEST_STEP][PASSED] - Storeresponse = sendRequestAndVerify(findTestObject("GLN Check - EOID", ["gln":glnparameter, "urlforcheckeoid":url, "body":body, "methodforcall":methodforcall])): Send request and verify the response successfully

2019-05-09 15:24:07 - [TEST_CASE][PASSED] - Start Test Case : Verification: Verification accomplished successfully

2019-05-09 15:24:08 - [TEST_STEP][PASSED] - request = getInstance().getCurrentRequest(): null

2019-05-09 15:24:08 - [TEST_STEP][PASSED] - response = getInstance().getCurrentResponse(): null

2019-05-09 15:24:08 - [MESSAGE][PASSED] - Verify response successfully

2019-05-09 15:24:08 - [MESSAGE][PASSED] - Send request and verify the response successfully

2019-05-09 15:24:08 - [TEST_STEP][PASSED] - verifyElementPropertyValue(Storeresponse, status, statuscode): Verify element property value successfully

2019-05-09 15:24:08 - [MESSAGE][PASSED] - Verify element property value successfully

2019-05-09 15:24:08 - [TEST_STEP][PASSED] - verifyElementPropertyValue(Storeresponse, messageid, messageidvalue): Verify element property value successfully

2019-05-09 15:24:08 - [MESSAGE][PASSED] - Verify element property value successfully

2019-05-09 15:24:08 - [TEST_STEP][PASSED] - if (statuscode == 200): null

2019-05-09 15:24:08 - [TEST_STEP][PASSED] - else: null]]></system-out>
         <system-err><![CDATA[]]></system-err>
      </testcase>
      <testcase name="Test Cases/test" classname="Test Cases/test" status="PASSED">
         <system-out><![CDATA[2019-05-09 15:24:08 - [TEST_CASE][PASSED] - Test Cases/test: Test Cases/test

2019-05-09 15:24:08 - [TEST_STEP][PASSED] - Storeresponse = sendRequestAndVerify(findTestObject("GLN Check - EOID", ["gln":glnparameter, "urlforcheckeoid":url, "body":body, "methodforcall":methodforcall])): Send request and verify the response successfully

2019-05-09 15:24:12 - [TEST_CASE][PASSED] - Start Test Case : Verification: Verification accomplished successfully

2019-05-09 15:24:12 - [TEST_STEP][PASSED] - request = getInstance().getCurrentRequest(): null

2019-05-09 15:24:12 - [TEST_STEP][PASSED] - response = getInstance().getCurrentResponse(): null

2019-05-09 15:24:12 - [MESSAGE][PASSED] - Verify response successfully

2019-05-09 15:24:12 - [MESSAGE][PASSED] - Send request and verify the response successfully

2019-05-09 15:24:12 - [TEST_STEP][PASSED] - verifyElementPropertyValue(Storeresponse, status, statuscode): Verify element property value successfully

2019-05-09 15:24:12 - [MESSAGE][PASSED] - Verify element property value successfully

2019-05-09 15:24:12 - [TEST_STEP][PASSED] - verifyElementPropertyValue(Storeresponse, messageid, messageidvalue): Verify element property value successfully

2019-05-09 15:24:12 - [MESSAGE][PASSED] - Verify element property value successfully

2019-05-09 15:24:12 - [TEST_STEP][PASSED] - if (statuscode == 200): null

2019-05-09 15:24:12 - [TEST_STEP][PASSED] - else: null]]></system-out>
         <system-err><![CDATA[]]></system-err>
      </testcase>
      <testcase name="Test Cases/test" classname="Test Cases/test" status="PASSED">
         <system-out><![CDATA[2019-05-09 15:24:12 - [TEST_CASE][PASSED] - Test Cases/test: Test Cases/test

2019-05-09 15:24:12 - [TEST_STEP][PASSED] - Storeresponse = sendRequestAndVerify(findTestObject("GLN Check - EOID", ["gln":glnparameter, "urlforcheckeoid":url, "body":body, "methodforcall":methodforcall])): Send request and verify the response successfully

2019-05-09 15:24:17 - [TEST_CASE][PASSED] - Start Test Case : Verification: Verification accomplished successfully

2019-05-09 15:24:17 - [TEST_STEP][PASSED] - request = getInstance().getCurrentRequest(): null

2019-05-09 15:24:17 - [TEST_STEP][PASSED] - response = getInstance().getCurrentResponse(): null

2019-05-09 15:24:17 - [MESSAGE][PASSED] - Verify response successfully

2019-05-09 15:24:17 - [MESSAGE][PASSED] - Send request and verify the response successfully

2019-05-09 15:24:17 - [TEST_STEP][PASSED] - verifyElementPropertyValue(Storeresponse, status, statuscode): Verify element property value successfully

2019-05-09 15:24:17 - [MESSAGE][PASSED] - Verify element property value successfully

2019-05-09 15:24:17 - [TEST_STEP][PASSED] - verifyElementPropertyValue(Storeresponse, messageid, messageidvalue): Verify element property value successfully

2019-05-09 15:24:17 - [MESSAGE][PASSED] - Verify element property value successfully

2019-05-09 15:24:17 - [TEST_STEP][PASSED] - if (statuscode == 200): null

2019-05-09 15:24:17 - [TEST_STEP][PASSED] - else: null]]></system-out>
         <system-err><![CDATA[]]></system-err>
      </testcase>
      <testcase name="Test Cases/test" classname="Test Cases/test" status="PASSED">
         <system-out><![CDATA[2019-05-09 15:24:17 - [TEST_CASE][PASSED] - Test Cases/test: Test Cases/test

2019-05-09 15:24:17 - [TEST_STEP][PASSED] - Storeresponse = sendRequestAndVerify(findTestObject("GLN Check - EOID", ["gln":glnparameter, "urlforcheckeoid":url, "body":body, "methodforcall":methodforcall])): Send request and verify the response successfully

2019-05-09 15:24:21 - [TEST_CASE][PASSED] - Start Test Case : Verification: Verification accomplished successfully

2019-05-09 15:24:21 - [TEST_STEP][PASSED] - request = getInstance().getCurrentRequest(): null

2019-05-09 15:24:21 - [TEST_STEP][PASSED] - response = getInstance().getCurrentResponse(): null

2019-05-09 15:24:21 - [MESSAGE][PASSED] - Verify response successfully

2019-05-09 15:24:21 - [MESSAGE][PASSED] - Send request and verify the response successfully

2019-05-09 15:24:21 - [TEST_STEP][PASSED] - verifyElementPropertyValue(Storeresponse, status, statuscode): Verify element property value successfully

2019-05-09 15:24:21 - [MESSAGE][PASSED] - Verify element property value successfully

2019-05-09 15:24:21 - [TEST_STEP][PASSED] - verifyElementPropertyValue(Storeresponse, messageid, messageidvalue): Verify element property value successfully

2019-05-09 15:24:21 - [MESSAGE][PASSED] - Verify element property value successfully

2019-05-09 15:24:21 - [TEST_STEP][PASSED] - if (statuscode == 200): null

2019-05-09 15:24:21 - [TEST_STEP][PASSED] - else: null]]></system-out>
         <system-err><![CDATA[]]></system-err>
      </testcase>
      <testcase name="Test Cases/test" classname="Test Cases/test" status="PASSED">
         <system-out><![CDATA[2019-05-09 15:24:21 - [TEST_CASE][PASSED] - Test Cases/test: Test Cases/test

2019-05-09 15:24:21 - [TEST_STEP][PASSED] - Storeresponse = sendRequestAndVerify(findTestObject("GLN Check - EOID", ["gln":glnparameter, "urlforcheckeoid":url, "body":body, "methodforcall":methodforcall])): Send request and verify the response successfully

2019-05-09 15:24:25 - [TEST_CASE][PASSED] - Start Test Case : Verification: Verification accomplished successfully

2019-05-09 15:24:25 - [TEST_STEP][PASSED] - request = getInstance().getCurrentRequest(): null

2019-05-09 15:24:25 - [TEST_STEP][PASSED] - response = getInstance().getCurrentResponse(): null

2019-05-09 15:24:25 - [MESSAGE][PASSED] - Verify response successfully

2019-05-09 15:24:25 - [MESSAGE][PASSED] - Send request and verify the response successfully

2019-05-09 15:24:25 - [TEST_STEP][PASSED] - verifyElementPropertyValue(Storeresponse, status, statuscode): Verify element property value successfully

2019-05-09 15:24:25 - [MESSAGE][PASSED] - Verify element property value successfully

2019-05-09 15:24:25 - [TEST_STEP][PASSED] - verifyElementPropertyValue(Storeresponse, messageid, messageidvalue): Verify element property value successfully

2019-05-09 15:24:25 - [MESSAGE][PASSED] - Verify element property value successfully

2019-05-09 15:24:25 - [TEST_STEP][PASSED] - if (statuscode == 200): null

2019-05-09 15:24:25 - [TEST_STEP][PASSED] - else: null]]></system-out>
         <system-err><![CDATA[]]></system-err>
      </testcase>
      <testcase name="Test Cases/test" classname="Test Cases/test" status="PASSED">
         <system-out><![CDATA[2019-05-09 15:24:25 - [TEST_CASE][PASSED] - Test Cases/test: Test Cases/test

2019-05-09 15:24:25 - [TEST_STEP][PASSED] - Storeresponse = sendRequestAndVerify(findTestObject("GLN Check - EOID", ["gln":glnparameter, "urlforcheckeoid":url, "body":body, "methodforcall":methodforcall])): Send request and verify the response successfully

2019-05-09 15:24:29 - [TEST_CASE][PASSED] - Start Test Case : Verification: Verification accomplished successfully

2019-05-09 15:24:29 - [TEST_STEP][PASSED] - request = getInstance().getCurrentRequest(): null

2019-05-09 15:24:29 - [TEST_STEP][PASSED] - response = getInstance().getCurrentResponse(): null

2019-05-09 15:24:29 - [MESSAGE][PASSED] - Verify response successfully

2019-05-09 15:24:29 - [MESSAGE][PASSED] - Send request and verify the response successfully

2019-05-09 15:24:29 - [TEST_STEP][PASSED] - verifyElementPropertyValue(Storeresponse, status, statuscode): Verify element property value successfully

2019-05-09 15:24:29 - [MESSAGE][PASSED] - Verify element property value successfully

2019-05-09 15:24:29 - [TEST_STEP][PASSED] - verifyElementPropertyValue(Storeresponse, messageid, messageidvalue): Verify element property value successfully

2019-05-09 15:24:29 - [MESSAGE][PASSED] - Verify element property value successfully

2019-05-09 15:24:29 - [TEST_STEP][PASSED] - if (statuscode == 200): null

2019-05-09 15:24:29 - [TEST_STEP][PASSED] - else: null]]></system-out>
         <system-err><![CDATA[]]></system-err>
      </testcase>
      <testcase name="Test Cases/test" classname="Test Cases/test" status="PASSED">
         <system-out><![CDATA[2019-05-09 15:24:29 - [TEST_CASE][PASSED] - Test Cases/test: Test Cases/test

2019-05-09 15:24:29 - [TEST_STEP][PASSED] - Storeresponse = sendRequestAndVerify(findTestObject("GLN Check - EOID", ["gln":glnparameter, "urlforcheckeoid":url, "body":body, "methodforcall":methodforcall])): Send request and verify the response successfully

2019-05-09 15:24:34 - [TEST_CASE][PASSED] - Start Test Case : Verification: Verification accomplished successfully

2019-05-09 15:24:34 - [TEST_STEP][PASSED] - request = getInstance().getCurrentRequest(): null

2019-05-09 15:24:34 - [TEST_STEP][PASSED] - response = getInstance().getCurrentResponse(): null

2019-05-09 15:24:34 - [MESSAGE][PASSED] - Verify response successfully

2019-05-09 15:24:34 - [MESSAGE][PASSED] - Send request and verify the response successfully

2019-05-09 15:24:34 - [TEST_STEP][PASSED] - verifyElementPropertyValue(Storeresponse, status, statuscode): Verify element property value successfully

2019-05-09 15:24:34 - [MESSAGE][PASSED] - Verify element property value successfully

2019-05-09 15:24:34 - [TEST_STEP][PASSED] - verifyElementPropertyValue(Storeresponse, messageid, messageidvalue): Verify element property value successfully

2019-05-09 15:24:34 - [MESSAGE][PASSED] - Verify element property value successfully

2019-05-09 15:24:34 - [TEST_STEP][PASSED] - if (statuscode == 200): null

2019-05-09 15:24:34 - [TEST_STEP][PASSED] - else: null]]></system-out>
         <system-err><![CDATA[]]></system-err>
      </testcase>
      <testcase name="Test Cases/test" classname="Test Cases/test" status="PASSED">
         <system-out><![CDATA[2019-05-09 15:24:34 - [TEST_CASE][PASSED] - Test Cases/test: Test Cases/test

2019-05-09 15:24:34 - [TEST_STEP][PASSED] - Storeresponse = sendRequestAndVerify(findTestObject("GLN Check - EOID", ["gln":glnparameter, "urlforcheckeoid":url, "body":body, "methodforcall":methodforcall])): Send request and verify the response successfully

2019-05-09 15:24:38 - [TEST_CASE][PASSED] - Start Test Case : Verification: Verification accomplished successfully

2019-05-09 15:24:38 - [TEST_STEP][PASSED] - request = getInstance().getCurrentRequest(): null

2019-05-09 15:24:38 - [TEST_STEP][PASSED] - response = getInstance().getCurrentResponse(): null

2019-05-09 15:24:38 - [MESSAGE][PASSED] - Verify response successfully

2019-05-09 15:24:38 - [MESSAGE][PASSED] - Send request and verify the response successfully

2019-05-09 15:24:38 - [TEST_STEP][PASSED] - verifyElementPropertyValue(Storeresponse, status, statuscode): Verify element property value successfully

2019-05-09 15:24:38 - [MESSAGE][PASSED] - Verify element property value successfully

2019-05-09 15:24:38 - [TEST_STEP][PASSED] - verifyElementPropertyValue(Storeresponse, messageid, messageidvalue): Verify element property value successfully

2019-05-09 15:24:38 - [MESSAGE][PASSED] - Verify element property value successfully

2019-05-09 15:24:38 - [TEST_STEP][PASSED] - if (statuscode == 200): null

2019-05-09 15:24:38 - [TEST_STEP][PASSED] - else: null]]></system-out>
         <system-err><![CDATA[]]></system-err>
      </testcase>
      <testcase name="Test Cases/test" classname="Test Cases/test" status="PASSED">
         <system-out><![CDATA[2019-05-09 15:24:38 - [TEST_CASE][PASSED] - Test Cases/test: Test Cases/test

2019-05-09 15:24:38 - [TEST_STEP][PASSED] - Storeresponse = sendRequestAndVerify(findTestObject("GLN Check - EOID", ["gln":glnparameter, "urlforcheckeoid":url, "body":body, "methodforcall":methodforcall])): Send request and verify the response successfully

2019-05-09 15:24:42 - [TEST_CASE][PASSED] - Start Test Case : Verification: Verification accomplished successfully

2019-05-09 15:24:42 - [TEST_STEP][PASSED] - request = getInstance().getCurrentRequest(): null

2019-05-09 15:24:42 - [TEST_STEP][PASSED] - response = getInstance().getCurrentResponse(): null

2019-05-09 15:24:42 - [MESSAGE][PASSED] - Verify response successfully

2019-05-09 15:24:42 - [MESSAGE][PASSED] - Send request and verify the response successfully

2019-05-09 15:24:42 - [TEST_STEP][PASSED] - verifyElementPropertyValue(Storeresponse, status, statuscode): Verify element property value successfully

2019-05-09 15:24:43 - [MESSAGE][PASSED] - Verify element property value successfully

2019-05-09 15:24:43 - [TEST_STEP][PASSED] - verifyElementPropertyValue(Storeresponse, messageid, messageidvalue): Verify element property value successfully

2019-05-09 15:24:43 - [MESSAGE][PASSED] - Verify element property value successfully

2019-05-09 15:24:43 - [TEST_STEP][PASSED] - if (statuscode == 200): null

2019-05-09 15:24:43 - [TEST_STEP][PASSED] - else: null]]></system-out>
         <system-err><![CDATA[]]></system-err>
      </testcase>
      <testcase name="Test Cases/test" classname="Test Cases/test" status="PASSED">
         <system-out><![CDATA[2019-05-09 15:24:43 - [TEST_CASE][PASSED] - Test Cases/test: Test Cases/test

2019-05-09 15:24:43 - [TEST_STEP][PASSED] - Storeresponse = sendRequestAndVerify(findTestObject("GLN Check - EOID", ["gln":glnparameter, "urlforcheckeoid":url, "body":body, "methodforcall":methodforcall])): Send request and verify the response successfully

2019-05-09 15:24:49 - [TEST_CASE][PASSED] - Start Test Case : Verification: Verification accomplished successfully

2019-05-09 15:24:49 - [TEST_STEP][PASSED] - request = getInstance().getCurrentRequest(): null

2019-05-09 15:24:49 - [TEST_STEP][PASSED] - response = getInstance().getCurrentResponse(): null

2019-05-09 15:24:49 - [MESSAGE][PASSED] - Verify response successfully

2019-05-09 15:24:49 - [MESSAGE][PASSED] - Send request and verify the response successfully

2019-05-09 15:24:49 - [TEST_STEP][PASSED] - verifyElementPropertyValue(Storeresponse, status, statuscode): Verify element property value successfully

2019-05-09 15:24:49 - [MESSAGE][PASSED] - Verify element property value successfully

2019-05-09 15:24:49 - [TEST_STEP][PASSED] - verifyElementPropertyValue(Storeresponse, messageid, messageidvalue): Verify element property value successfully

2019-05-09 15:24:49 - [MESSAGE][PASSED] - Verify element property value successfully

2019-05-09 15:24:49 - [TEST_STEP][PASSED] - if (statuscode == 200): null

2019-05-09 15:24:49 - [TEST_STEP][PASSED] - else: null]]></system-out>
         <system-err><![CDATA[]]></system-err>
      </testcase>
      <testcase name="Test Cases/test" classname="Test Cases/test" status="PASSED">
         <system-out><![CDATA[2019-05-09 15:24:49 - [TEST_CASE][PASSED] - Test Cases/test: Test Cases/test

2019-05-09 15:24:49 - [TEST_STEP][PASSED] - Storeresponse = sendRequestAndVerify(findTestObject("GLN Check - EOID", ["gln":glnparameter, "urlforcheckeoid":url, "body":body, "methodforcall":methodforcall])): Send request and verify the response successfully

2019-05-09 15:24:57 - [TEST_CASE][PASSED] - Start Test Case : Verification: Verification accomplished successfully

2019-05-09 15:24:57 - [TEST_STEP][PASSED] - request = getInstance().getCurrentRequest(): null

2019-05-09 15:24:57 - [TEST_STEP][PASSED] - response = getInstance().getCurrentResponse(): null

2019-05-09 15:24:57 - [MESSAGE][PASSED] - Verify response successfully

2019-05-09 15:24:57 - [MESSAGE][PASSED] - Send request and verify the response successfully

2019-05-09 15:24:57 - [TEST_STEP][PASSED] - verifyElementPropertyValue(Storeresponse, status, statuscode): Verify element property value successfully

2019-05-09 15:24:57 - [MESSAGE][PASSED] - Verify element property value successfully

2019-05-09 15:24:57 - [TEST_STEP][PASSED] - verifyElementPropertyValue(Storeresponse, messageid, messageidvalue): Verify element property value successfully

2019-05-09 15:24:57 - [MESSAGE][PASSED] - Verify element property value successfully

2019-05-09 15:24:57 - [TEST_STEP][PASSED] - if (statuscode == 200): null

2019-05-09 15:24:57 - [TEST_STEP][PASSED] - else: null]]></system-out>
         <system-err><![CDATA[]]></system-err>
      </testcase>
      <testcase name="Test Cases/test" classname="Test Cases/test" status="PASSED">
         <system-out><![CDATA[2019-05-09 15:24:57 - [TEST_CASE][PASSED] - Test Cases/test: Test Cases/test

2019-05-09 15:24:57 - [TEST_STEP][PASSED] - Storeresponse = sendRequestAndVerify(findTestObject("GLN Check - EOID", ["gln":glnparameter, "urlforcheckeoid":url, "body":body, "methodforcall":methodforcall])): Send request and verify the response successfully

2019-05-09 15:25:05 - [TEST_CASE][PASSED] - Start Test Case : Verification: Verification accomplished successfully

2019-05-09 15:25:05 - [TEST_STEP][PASSED] - request = getInstance().getCurrentRequest(): null

2019-05-09 15:25:05 - [TEST_STEP][PASSED] - response = getInstance().getCurrentResponse(): null

2019-05-09 15:25:05 - [MESSAGE][PASSED] - Verify response successfully

2019-05-09 15:25:05 - [MESSAGE][PASSED] - Send request and verify the response successfully

2019-05-09 15:25:05 - [TEST_STEP][PASSED] - verifyElementPropertyValue(Storeresponse, status, statuscode): Verify element property value successfully

2019-05-09 15:25:05 - [MESSAGE][PASSED] - Verify element property value successfully

2019-05-09 15:25:05 - [TEST_STEP][PASSED] - verifyElementPropertyValue(Storeresponse, messageid, messageidvalue): Verify element property value successfully

2019-05-09 15:25:05 - [MESSAGE][PASSED] - Verify element property value successfully

2019-05-09 15:25:05 - [TEST_STEP][PASSED] - if (statuscode == 200): null

2019-05-09 15:25:05 - [TEST_STEP][PASSED] - else: null]]></system-out>
         <system-err><![CDATA[]]></system-err>
      </testcase>
      <testcase name="Test Cases/test" classname="Test Cases/test" status="PASSED">
         <system-out><![CDATA[2019-05-09 15:25:05 - [TEST_CASE][PASSED] - Test Cases/test: Test Cases/test

2019-05-09 15:25:05 - [TEST_STEP][PASSED] - Storeresponse = sendRequestAndVerify(findTestObject("GLN Check - EOID", ["gln":glnparameter, "urlforcheckeoid":url, "body":body, "methodforcall":methodforcall])): Send request and verify the response successfully

2019-05-09 15:25:11 - [TEST_CASE][PASSED] - Start Test Case : Verification: Verification accomplished successfully

2019-05-09 15:25:11 - [TEST_STEP][PASSED] - request = getInstance().getCurrentRequest(): null

2019-05-09 15:25:11 - [TEST_STEP][PASSED] - response = getInstance().getCurrentResponse(): null

2019-05-09 15:25:11 - [MESSAGE][PASSED] - Verify response successfully

2019-05-09 15:25:11 - [MESSAGE][PASSED] - Send request and verify the response successfully

2019-05-09 15:25:11 - [TEST_STEP][PASSED] - verifyElementPropertyValue(Storeresponse, status, statuscode): Verify element property value successfully

2019-05-09 15:25:11 - [MESSAGE][PASSED] - Verify element property value successfully

2019-05-09 15:25:11 - [TEST_STEP][PASSED] - verifyElementPropertyValue(Storeresponse, messageid, messageidvalue): Verify element property value successfully

2019-05-09 15:25:11 - [MESSAGE][PASSED] - Verify element property value successfully

2019-05-09 15:25:11 - [TEST_STEP][PASSED] - if (statuscode == 200): null

2019-05-09 15:25:11 - [TEST_STEP][PASSED] - else: null]]></system-out>
         <system-err><![CDATA[]]></system-err>
      </testcase>
      <testcase name="Test Cases/test" classname="Test Cases/test" status="PASSED">
         <system-out><![CDATA[2019-05-09 15:25:11 - [TEST_CASE][PASSED] - Test Cases/test: Test Cases/test

2019-05-09 15:25:11 - [TEST_STEP][PASSED] - Storeresponse = sendRequestAndVerify(findTestObject("GLN Check - EOID", ["gln":glnparameter, "urlforcheckeoid":url, "body":body, "methodforcall":methodforcall])): Send request and verify the response successfully

2019-05-09 15:25:18 - [TEST_CASE][PASSED] - Start Test Case : Verification: Verification accomplished successfully

2019-05-09 15:25:18 - [TEST_STEP][PASSED] - request = getInstance().getCurrentRequest(): null

2019-05-09 15:25:18 - [TEST_STEP][PASSED] - response = getInstance().getCurrentResponse(): null

2019-05-09 15:25:18 - [MESSAGE][PASSED] - Verify response successfully

2019-05-09 15:25:18 - [MESSAGE][PASSED] - Send request and verify the response successfully

2019-05-09 15:25:18 - [TEST_STEP][PASSED] - verifyElementPropertyValue(Storeresponse, status, statuscode): Verify element property value successfully

2019-05-09 15:25:18 - [MESSAGE][PASSED] - Verify element property value successfully

2019-05-09 15:25:18 - [TEST_STEP][PASSED] - verifyElementPropertyValue(Storeresponse, messageid, messageidvalue): Verify element property value successfully

2019-05-09 15:25:18 - [MESSAGE][PASSED] - Verify element property value successfully

2019-05-09 15:25:18 - [TEST_STEP][PASSED] - if (statuscode == 200): null

2019-05-09 15:25:18 - [TEST_STEP][PASSED] - else: null]]></system-out>
         <system-err><![CDATA[]]></system-err>
      </testcase>
      <testcase name="Test Cases/test" classname="Test Cases/test" status="PASSED">
         <system-out><![CDATA[2019-05-09 15:25:18 - [TEST_CASE][PASSED] - Test Cases/test: Test Cases/test

2019-05-09 15:25:18 - [TEST_STEP][PASSED] - Storeresponse = sendRequestAndVerify(findTestObject("GLN Check - EOID", ["gln":glnparameter, "urlforcheckeoid":url, "body":body, "methodforcall":methodforcall])): Send request and verify the response successfully

2019-05-09 15:25:26 - [TEST_CASE][PASSED] - Start Test Case : Verification: Verification accomplished successfully

2019-05-09 15:25:26 - [TEST_STEP][PASSED] - request = getInstance().getCurrentRequest(): null

2019-05-09 15:25:27 - [TEST_STEP][PASSED] - response = getInstance().getCurrentResponse(): null

2019-05-09 15:25:27 - [MESSAGE][PASSED] - Verify response successfully

2019-05-09 15:25:27 - [MESSAGE][PASSED] - Send request and verify the response successfully

2019-05-09 15:25:27 - [TEST_STEP][PASSED] - verifyElementPropertyValue(Storeresponse, status, statuscode): Verify element property value successfully

2019-05-09 15:25:27 - [MESSAGE][PASSED] - Verify element property value successfully

2019-05-09 15:25:27 - [TEST_STEP][PASSED] - verifyElementPropertyValue(Storeresponse, messageid, messageidvalue): Verify element property value successfully

2019-05-09 15:25:27 - [MESSAGE][PASSED] - Verify element property value successfully

2019-05-09 15:25:27 - [TEST_STEP][PASSED] - if (statuscode == 200): null

2019-05-09 15:25:27 - [TEST_STEP][PASSED] - else: null]]></system-out>
         <system-err><![CDATA[]]></system-err>
      </testcase>
      <testcase name="Test Cases/test" classname="Test Cases/test" status="PASSED">
         <system-out><![CDATA[2019-05-09 15:25:27 - [TEST_CASE][PASSED] - Test Cases/test: Test Cases/test

2019-05-09 15:25:27 - [TEST_STEP][PASSED] - Storeresponse = sendRequestAndVerify(findTestObject("GLN Check - EOID", ["gln":glnparameter, "urlforcheckeoid":url, "body":body, "methodforcall":methodforcall])): Send request and verify the response successfully

2019-05-09 15:25:34 - [TEST_CASE][PASSED] - Start Test Case : Verification: Verification accomplished successfully

2019-05-09 15:25:34 - [TEST_STEP][PASSED] - request = getInstance().getCurrentRequest(): null

2019-05-09 15:25:34 - [TEST_STEP][PASSED] - response = getInstance().getCurrentResponse(): null

2019-05-09 15:25:34 - [MESSAGE][PASSED] - Verify response successfully

2019-05-09 15:25:34 - [MESSAGE][PASSED] - Send request and verify the response successfully

2019-05-09 15:25:34 - [TEST_STEP][PASSED] - verifyElementPropertyValue(Storeresponse, status, statuscode): Verify element property value successfully

2019-05-09 15:25:34 - [MESSAGE][PASSED] - Verify element property value successfully

2019-05-09 15:25:34 - [TEST_STEP][PASSED] - verifyElementPropertyValue(Storeresponse, messageid, messageidvalue): Verify element property value successfully

2019-05-09 15:25:34 - [MESSAGE][PASSED] - Verify element property value successfully

2019-05-09 15:25:34 - [TEST_STEP][PASSED] - if (statuscode == 200): null

2019-05-09 15:25:34 - [TEST_STEP][PASSED] - else: null]]></system-out>
         <system-err><![CDATA[]]></system-err>
      </testcase>
      <testcase name="Test Cases/test" classname="Test Cases/test" status="PASSED">
         <system-out><![CDATA[2019-05-09 15:25:34 - [TEST_CASE][PASSED] - Test Cases/test: Test Cases/test

2019-05-09 15:25:34 - [TEST_STEP][PASSED] - Storeresponse = sendRequestAndVerify(findTestObject("GLN Check - EOID", ["gln":glnparameter, "urlforcheckeoid":url, "body":body, "methodforcall":methodforcall])): Send request and verify the response successfully

2019-05-09 15:25:38 - [TEST_CASE][PASSED] - Start Test Case : Verification: Verification accomplished successfully

2019-05-09 15:25:38 - [TEST_STEP][PASSED] - request = getInstance().getCurrentRequest(): null

2019-05-09 15:25:38 - [TEST_STEP][PASSED] - response = getInstance().getCurrentResponse(): null

2019-05-09 15:25:38 - [MESSAGE][PASSED] - Verify response successfully

2019-05-09 15:25:38 - [MESSAGE][PASSED] - Send request and verify the response successfully

2019-05-09 15:25:38 - [TEST_STEP][PASSED] - verifyElementPropertyValue(Storeresponse, status, statuscode): Verify element property value successfully

2019-05-09 15:25:38 - [MESSAGE][PASSED] - Verify element property value successfully

2019-05-09 15:25:38 - [TEST_STEP][PASSED] - verifyElementPropertyValue(Storeresponse, messageid, messageidvalue): Verify element property value successfully

2019-05-09 15:25:38 - [MESSAGE][PASSED] - Verify element property value successfully

2019-05-09 15:25:38 - [TEST_STEP][PASSED] - if (statuscode == 200): null

2019-05-09 15:25:38 - [TEST_STEP][PASSED] - else: null]]></system-out>
         <system-err><![CDATA[]]></system-err>
      </testcase>
      <testcase name="Test Cases/test" classname="Test Cases/test" status="PASSED">
         <system-out><![CDATA[2019-05-09 15:25:38 - [TEST_CASE][PASSED] - Test Cases/test: Test Cases/test

2019-05-09 15:25:38 - [TEST_STEP][PASSED] - Storeresponse = sendRequestAndVerify(findTestObject("GLN Check - EOID", ["gln":glnparameter, "urlforcheckeoid":url, "body":body, "methodforcall":methodforcall])): Send request and verify the response successfully

2019-05-09 15:25:42 - [TEST_CASE][PASSED] - Start Test Case : Verification: Verification accomplished successfully

2019-05-09 15:25:42 - [TEST_STEP][PASSED] - request = getInstance().getCurrentRequest(): null

2019-05-09 15:25:42 - [TEST_STEP][PASSED] - response = getInstance().getCurrentResponse(): null

2019-05-09 15:25:42 - [MESSAGE][PASSED] - Verify response successfully

2019-05-09 15:25:42 - [MESSAGE][PASSED] - Send request and verify the response successfully

2019-05-09 15:25:42 - [TEST_STEP][PASSED] - verifyElementPropertyValue(Storeresponse, status, statuscode): Verify element property value successfully

2019-05-09 15:25:42 - [MESSAGE][PASSED] - Verify element property value successfully

2019-05-09 15:25:42 - [TEST_STEP][PASSED] - verifyElementPropertyValue(Storeresponse, messageid, messageidvalue): Verify element property value successfully

2019-05-09 15:25:42 - [MESSAGE][PASSED] - Verify element property value successfully

2019-05-09 15:25:42 - [TEST_STEP][PASSED] - if (statuscode == 200): null

2019-05-09 15:25:42 - [TEST_STEP][PASSED] - else: null]]></system-out>
         <system-err><![CDATA[]]></system-err>
      </testcase>
      <testcase name="Test Cases/test" classname="Test Cases/test" status="PASSED">
         <system-out><![CDATA[2019-05-09 15:25:42 - [TEST_CASE][PASSED] - Test Cases/test: Test Cases/test

2019-05-09 15:25:42 - [TEST_STEP][PASSED] - Storeresponse = sendRequestAndVerify(findTestObject("GLN Check - EOID", ["gln":glnparameter, "urlforcheckeoid":url, "body":body, "methodforcall":methodforcall])): Send request and verify the response successfully

2019-05-09 15:25:47 - [TEST_CASE][PASSED] - Start Test Case : Verification: Verification accomplished successfully

2019-05-09 15:25:47 - [TEST_STEP][PASSED] - request = getInstance().getCurrentRequest(): null

2019-05-09 15:25:47 - [TEST_STEP][PASSED] - response = getInstance().getCurrentResponse(): null

2019-05-09 15:25:47 - [MESSAGE][PASSED] - Verify response successfully

2019-05-09 15:25:47 - [MESSAGE][PASSED] - Send request and verify the response successfully

2019-05-09 15:25:47 - [TEST_STEP][PASSED] - verifyElementPropertyValue(Storeresponse, status, statuscode): Verify element property value successfully

2019-05-09 15:25:47 - [MESSAGE][PASSED] - Verify element property value successfully

2019-05-09 15:25:47 - [TEST_STEP][PASSED] - verifyElementPropertyValue(Storeresponse, messageid, messageidvalue): Verify element property value successfully

2019-05-09 15:25:47 - [MESSAGE][PASSED] - Verify element property value successfully

2019-05-09 15:25:47 - [TEST_STEP][PASSED] - if (statuscode == 200): null

2019-05-09 15:25:47 - [TEST_STEP][PASSED] - else: null]]></system-out>
         <system-err><![CDATA[]]></system-err>
      </testcase>
      <testcase name="Test Cases/test" classname="Test Cases/test" status="PASSED">
         <system-out><![CDATA[2019-05-09 15:25:47 - [TEST_CASE][PASSED] - Test Cases/test: Test Cases/test

2019-05-09 15:25:47 - [TEST_STEP][PASSED] - Storeresponse = sendRequestAndVerify(findTestObject("GLN Check - EOID", ["gln":glnparameter, "urlforcheckeoid":url, "body":body, "methodforcall":methodforcall])): Send request and verify the response successfully

2019-05-09 15:25:55 - [TEST_CASE][PASSED] - Start Test Case : Verification: Verification accomplished successfully

2019-05-09 15:25:55 - [TEST_STEP][PASSED] - request = getInstance().getCurrentRequest(): null

2019-05-09 15:25:55 - [TEST_STEP][PASSED] - response = getInstance().getCurrentResponse(): null

2019-05-09 15:25:55 - [MESSAGE][PASSED] - Verify response successfully

2019-05-09 15:25:55 - [MESSAGE][PASSED] - Send request and verify the response successfully

2019-05-09 15:25:55 - [TEST_STEP][PASSED] - verifyElementPropertyValue(Storeresponse, status, statuscode): Verify element property value successfully

2019-05-09 15:25:55 - [MESSAGE][PASSED] - Verify element property value successfully

2019-05-09 15:25:55 - [TEST_STEP][PASSED] - verifyElementPropertyValue(Storeresponse, messageid, messageidvalue): Verify element property value successfully

2019-05-09 15:25:55 - [MESSAGE][PASSED] - Verify element property value successfully

2019-05-09 15:25:55 - [TEST_STEP][PASSED] - if (statuscode == 200): null

2019-05-09 15:25:55 - [TEST_STEP][PASSED] - else: null]]></system-out>
         <system-err><![CDATA[]]></system-err>
      </testcase>
      <system-out><![CDATA[2019-05-09 15:23:48 - [TEST_SUITE][PASSED] - FIt-test suite: Test Cases/test]]></system-out>
      <system-err><![CDATA[]]></system-err>
   </testsuite>
</testsuites>
