<?xml version="1.0" encoding="UTF-8"?>
<testsuites name="FIt-test suite" time="128" tests="21" failures="0" errors="0">
   <testsuite name="FIt-test suite" tests="21" failures="0" errors="0" time="128" timestamp="2019-05-06 17:23:40" hostname="Lavanya_DF - DESKTOP-T5KOPIL" id="Test Suites/FIt-test suite">
      <properties>
         <property name="deviceName" value=""/>
         <property name="devicePlatform" value=""/>
         <property name="logFolder" value="C:\\Users\\Lavanya_DF\\Downloads\\GS1 FIT\\GS1 FIT\\Reports\\FIt-test suite\\20190506_172337"/>
         <property name="logFiles" value="C:\\Users\\Lavanya_DF\\Downloads\\GS1 FIT\\GS1 FIT\\Reports\\FIt-test suite\\20190506_172337\\execution0.log"/>
         <property name="attachments" value=""/>
         <property name="hostName" value="Lavanya_DF - DESKTOP-T5KOPIL"/>
         <property name="hostAddress" value="192.168.0.153"/>
         <property name="os" value="Windows 10 64bit"/>
         <property name="katalonVersion" value="6.1.2.2"/>
      </properties>
      <testcase name="Test Cases/test" classname="Test Cases/test" status="PASSED">
         <system-out><![CDATA[2019-05-06 17:23:40 - [TEST_CASE][PASSED] - Test Cases/test: Test Cases/test

2019-05-06 17:23:41 - [TEST_STEP][PASSED] - Storeresponse = sendRequestAndVerify(findTestObject("GLN Check - EOID", ["gln":glnparameter, "urlforcheckeoid":url, "body":body, "methodforcall":methodforcall])): Send request and verify the response successfully

2019-05-06 17:23:50 - [TEST_CASE][PASSED] - Start Test Case : Verification: Verification accomplished successfully

2019-05-06 17:23:51 - [TEST_STEP][PASSED] - request = getInstance().getCurrentRequest(): null

2019-05-06 17:23:51 - [TEST_STEP][PASSED] - response = getInstance().getCurrentResponse(): null

2019-05-06 17:23:51 - [MESSAGE][PASSED] - Verify response successfully

2019-05-06 17:23:51 - [MESSAGE][PASSED] - Send request and verify the response successfully

2019-05-06 17:23:51 - [TEST_STEP][PASSED] - verifyElementPropertyValue(Storeresponse, status, statuscode): Verify element property value successfully

2019-05-06 17:23:51 - [MESSAGE][PASSED] - Verify element property value successfully

2019-05-06 17:23:51 - [TEST_STEP][PASSED] - verifyElementPropertyValue(Storeresponse, messageid, messageidvalue): Verify element property value successfully

2019-05-06 17:23:51 - [MESSAGE][PASSED] - Verify element property value successfully

2019-05-06 17:23:51 - [TEST_STEP][PASSED] - if (statuscode == 200): null

2019-05-06 17:23:51 - [TEST_STEP][PASSED] - else: null]]></system-out>
         <system-err><![CDATA[]]></system-err>
      </testcase>
      <testcase name="Test Cases/test" classname="Test Cases/test" status="PASSED">
         <system-out><![CDATA[2019-05-06 17:23:51 - [TEST_CASE][PASSED] - Test Cases/test: Test Cases/test

2019-05-06 17:23:51 - [TEST_STEP][PASSED] - Storeresponse = sendRequestAndVerify(findTestObject("GLN Check - EOID", ["gln":glnparameter, "urlforcheckeoid":url, "body":body, "methodforcall":methodforcall])): Send request and verify the response successfully

2019-05-06 17:23:55 - [TEST_CASE][PASSED] - Start Test Case : Verification: Verification accomplished successfully

2019-05-06 17:23:55 - [TEST_STEP][PASSED] - request = getInstance().getCurrentRequest(): null

2019-05-06 17:23:55 - [TEST_STEP][PASSED] - response = getInstance().getCurrentResponse(): null

2019-05-06 17:23:55 - [MESSAGE][PASSED] - Verify response successfully

2019-05-06 17:23:55 - [MESSAGE][PASSED] - Send request and verify the response successfully

2019-05-06 17:23:55 - [TEST_STEP][PASSED] - verifyElementPropertyValue(Storeresponse, status, statuscode): Verify element property value successfully

2019-05-06 17:23:55 - [MESSAGE][PASSED] - Verify element property value successfully

2019-05-06 17:23:55 - [TEST_STEP][PASSED] - verifyElementPropertyValue(Storeresponse, messageid, messageidvalue): Verify element property value successfully

2019-05-06 17:23:55 - [MESSAGE][PASSED] - Verify element property value successfully

2019-05-06 17:23:55 - [TEST_STEP][PASSED] - if (statuscode == 200): null

2019-05-06 17:23:55 - [TEST_STEP][PASSED] - else: null]]></system-out>
         <system-err><![CDATA[]]></system-err>
      </testcase>
      <testcase name="Test Cases/test" classname="Test Cases/test" status="PASSED">
         <system-out><![CDATA[2019-05-06 17:23:55 - [TEST_CASE][PASSED] - Test Cases/test: Test Cases/test

2019-05-06 17:23:55 - [TEST_STEP][PASSED] - Storeresponse = sendRequestAndVerify(findTestObject("GLN Check - EOID", ["gln":glnparameter, "urlforcheckeoid":url, "body":body, "methodforcall":methodforcall])): Send request and verify the response successfully

2019-05-06 17:24:00 - [TEST_CASE][PASSED] - Start Test Case : Verification: Verification accomplished successfully

2019-05-06 17:24:00 - [TEST_STEP][PASSED] - request = getInstance().getCurrentRequest(): null

2019-05-06 17:24:00 - [TEST_STEP][PASSED] - response = getInstance().getCurrentResponse(): null

2019-05-06 17:24:00 - [MESSAGE][PASSED] - Verify response successfully

2019-05-06 17:24:00 - [MESSAGE][PASSED] - Send request and verify the response successfully

2019-05-06 17:24:00 - [TEST_STEP][PASSED] - verifyElementPropertyValue(Storeresponse, status, statuscode): Verify element property value successfully

2019-05-06 17:24:00 - [MESSAGE][PASSED] - Verify element property value successfully

2019-05-06 17:24:00 - [TEST_STEP][PASSED] - verifyElementPropertyValue(Storeresponse, messageid, messageidvalue): Verify element property value successfully

2019-05-06 17:24:00 - [MESSAGE][PASSED] - Verify element property value successfully

2019-05-06 17:24:00 - [TEST_STEP][PASSED] - if (statuscode == 200): null

2019-05-06 17:24:00 - [TEST_STEP][PASSED] - else: null]]></system-out>
         <system-err><![CDATA[]]></system-err>
      </testcase>
      <testcase name="Test Cases/test" classname="Test Cases/test" status="PASSED">
         <system-out><![CDATA[2019-05-06 17:24:00 - [TEST_CASE][PASSED] - Test Cases/test: Test Cases/test

2019-05-06 17:24:00 - [TEST_STEP][PASSED] - Storeresponse = sendRequestAndVerify(findTestObject("GLN Check - EOID", ["gln":glnparameter, "urlforcheckeoid":url, "body":body, "methodforcall":methodforcall])): Send request and verify the response successfully

2019-05-06 17:24:04 - [TEST_CASE][PASSED] - Start Test Case : Verification: Verification accomplished successfully

2019-05-06 17:24:04 - [TEST_STEP][PASSED] - request = getInstance().getCurrentRequest(): null

2019-05-06 17:24:04 - [TEST_STEP][PASSED] - response = getInstance().getCurrentResponse(): null

2019-05-06 17:24:04 - [MESSAGE][PASSED] - Verify response successfully

2019-05-06 17:24:04 - [MESSAGE][PASSED] - Send request and verify the response successfully

2019-05-06 17:24:04 - [TEST_STEP][PASSED] - verifyElementPropertyValue(Storeresponse, status, statuscode): Verify element property value successfully

2019-05-06 17:24:04 - [MESSAGE][PASSED] - Verify element property value successfully

2019-05-06 17:24:04 - [TEST_STEP][PASSED] - verifyElementPropertyValue(Storeresponse, messageid, messageidvalue): Verify element property value successfully

2019-05-06 17:24:04 - [MESSAGE][PASSED] - Verify element property value successfully

2019-05-06 17:24:04 - [TEST_STEP][PASSED] - if (statuscode == 200): null

2019-05-06 17:24:04 - [TEST_STEP][PASSED] - else: null]]></system-out>
         <system-err><![CDATA[]]></system-err>
      </testcase>
      <testcase name="Test Cases/test" classname="Test Cases/test" status="PASSED">
         <system-out><![CDATA[2019-05-06 17:24:04 - [TEST_CASE][PASSED] - Test Cases/test: Test Cases/test

2019-05-06 17:24:04 - [TEST_STEP][PASSED] - Storeresponse = sendRequestAndVerify(findTestObject("GLN Check - EOID", ["gln":glnparameter, "urlforcheckeoid":url, "body":body, "methodforcall":methodforcall])): Send request and verify the response successfully

2019-05-06 17:24:08 - [TEST_CASE][PASSED] - Start Test Case : Verification: Verification accomplished successfully

2019-05-06 17:24:08 - [TEST_STEP][PASSED] - request = getInstance().getCurrentRequest(): null

2019-05-06 17:24:08 - [TEST_STEP][PASSED] - response = getInstance().getCurrentResponse(): null

2019-05-06 17:24:08 - [MESSAGE][PASSED] - Verify response successfully

2019-05-06 17:24:08 - [MESSAGE][PASSED] - Send request and verify the response successfully

2019-05-06 17:24:08 - [TEST_STEP][PASSED] - verifyElementPropertyValue(Storeresponse, status, statuscode): Verify element property value successfully

2019-05-06 17:24:08 - [MESSAGE][PASSED] - Verify element property value successfully

2019-05-06 17:24:08 - [TEST_STEP][PASSED] - verifyElementPropertyValue(Storeresponse, messageid, messageidvalue): Verify element property value successfully

2019-05-06 17:24:08 - [MESSAGE][PASSED] - Verify element property value successfully

2019-05-06 17:24:08 - [TEST_STEP][PASSED] - if (statuscode == 200): null

2019-05-06 17:24:08 - [TEST_STEP][PASSED] - else: null]]></system-out>
         <system-err><![CDATA[]]></system-err>
      </testcase>
      <testcase name="Test Cases/test" classname="Test Cases/test" status="PASSED">
         <system-out><![CDATA[2019-05-06 17:24:08 - [TEST_CASE][PASSED] - Test Cases/test: Test Cases/test

2019-05-06 17:24:08 - [TEST_STEP][PASSED] - Storeresponse = sendRequestAndVerify(findTestObject("GLN Check - EOID", ["gln":glnparameter, "urlforcheckeoid":url, "body":body, "methodforcall":methodforcall])): Send request and verify the response successfully

2019-05-06 17:24:12 - [TEST_CASE][PASSED] - Start Test Case : Verification: Verification accomplished successfully

2019-05-06 17:24:13 - [TEST_STEP][PASSED] - request = getInstance().getCurrentRequest(): null

2019-05-06 17:24:13 - [TEST_STEP][PASSED] - response = getInstance().getCurrentResponse(): null

2019-05-06 17:24:13 - [MESSAGE][PASSED] - Verify response successfully

2019-05-06 17:24:13 - [MESSAGE][PASSED] - Send request and verify the response successfully

2019-05-06 17:24:13 - [TEST_STEP][PASSED] - verifyElementPropertyValue(Storeresponse, status, statuscode): Verify element property value successfully

2019-05-06 17:24:13 - [MESSAGE][PASSED] - Verify element property value successfully

2019-05-06 17:24:13 - [TEST_STEP][PASSED] - verifyElementPropertyValue(Storeresponse, messageid, messageidvalue): Verify element property value successfully

2019-05-06 17:24:13 - [MESSAGE][PASSED] - Verify element property value successfully

2019-05-06 17:24:13 - [TEST_STEP][PASSED] - if (statuscode == 200): null

2019-05-06 17:24:13 - [TEST_STEP][PASSED] - else: null]]></system-out>
         <system-err><![CDATA[]]></system-err>
      </testcase>
      <testcase name="Test Cases/test" classname="Test Cases/test" status="PASSED">
         <system-out><![CDATA[2019-05-06 17:24:13 - [TEST_CASE][PASSED] - Test Cases/test: Test Cases/test

2019-05-06 17:24:13 - [TEST_STEP][PASSED] - Storeresponse = sendRequestAndVerify(findTestObject("GLN Check - EOID", ["gln":glnparameter, "urlforcheckeoid":url, "body":body, "methodforcall":methodforcall])): Send request and verify the response successfully

2019-05-06 17:24:16 - [TEST_CASE][PASSED] - Start Test Case : Verification: Verification accomplished successfully

2019-05-06 17:24:16 - [TEST_STEP][PASSED] - request = getInstance().getCurrentRequest(): null

2019-05-06 17:24:17 - [TEST_STEP][PASSED] - response = getInstance().getCurrentResponse(): null

2019-05-06 17:24:17 - [MESSAGE][PASSED] - Verify response successfully

2019-05-06 17:24:17 - [MESSAGE][PASSED] - Send request and verify the response successfully

2019-05-06 17:24:17 - [TEST_STEP][PASSED] - verifyElementPropertyValue(Storeresponse, status, statuscode): Verify element property value successfully

2019-05-06 17:24:17 - [MESSAGE][PASSED] - Verify element property value successfully

2019-05-06 17:24:17 - [TEST_STEP][PASSED] - verifyElementPropertyValue(Storeresponse, messageid, messageidvalue): Verify element property value successfully

2019-05-06 17:24:17 - [MESSAGE][PASSED] - Verify element property value successfully

2019-05-06 17:24:17 - [TEST_STEP][PASSED] - if (statuscode == 200): null

2019-05-06 17:24:17 - [TEST_STEP][PASSED] - else: null]]></system-out>
         <system-err><![CDATA[]]></system-err>
      </testcase>
      <testcase name="Test Cases/test" classname="Test Cases/test" status="PASSED">
         <system-out><![CDATA[2019-05-06 17:24:17 - [TEST_CASE][PASSED] - Test Cases/test: Test Cases/test

2019-05-06 17:24:17 - [TEST_STEP][PASSED] - Storeresponse = sendRequestAndVerify(findTestObject("GLN Check - EOID", ["gln":glnparameter, "urlforcheckeoid":url, "body":body, "methodforcall":methodforcall])): Send request and verify the response successfully

2019-05-06 17:24:21 - [TEST_CASE][PASSED] - Start Test Case : Verification: Verification accomplished successfully

2019-05-06 17:24:21 - [TEST_STEP][PASSED] - request = getInstance().getCurrentRequest(): null

2019-05-06 17:24:22 - [TEST_STEP][PASSED] - response = getInstance().getCurrentResponse(): null

2019-05-06 17:24:22 - [MESSAGE][PASSED] - Verify response successfully

2019-05-06 17:24:22 - [MESSAGE][PASSED] - Send request and verify the response successfully

2019-05-06 17:24:22 - [TEST_STEP][PASSED] - verifyElementPropertyValue(Storeresponse, status, statuscode): Verify element property value successfully

2019-05-06 17:24:22 - [MESSAGE][PASSED] - Verify element property value successfully

2019-05-06 17:24:22 - [TEST_STEP][PASSED] - verifyElementPropertyValue(Storeresponse, messageid, messageidvalue): Verify element property value successfully

2019-05-06 17:24:22 - [MESSAGE][PASSED] - Verify element property value successfully

2019-05-06 17:24:22 - [TEST_STEP][PASSED] - if (statuscode == 200): null

2019-05-06 17:24:22 - [TEST_STEP][PASSED] - else: null]]></system-out>
         <system-err><![CDATA[]]></system-err>
      </testcase>
      <testcase name="Test Cases/test" classname="Test Cases/test" status="PASSED">
         <system-out><![CDATA[2019-05-06 17:24:22 - [TEST_CASE][PASSED] - Test Cases/test: Test Cases/test

2019-05-06 17:24:22 - [TEST_STEP][PASSED] - Storeresponse = sendRequestAndVerify(findTestObject("GLN Check - EOID", ["gln":glnparameter, "urlforcheckeoid":url, "body":body, "methodforcall":methodforcall])): Send request and verify the response successfully

2019-05-06 17:24:27 - [TEST_CASE][PASSED] - Start Test Case : Verification: Verification accomplished successfully

2019-05-06 17:24:27 - [TEST_STEP][PASSED] - request = getInstance().getCurrentRequest(): null

2019-05-06 17:24:27 - [TEST_STEP][PASSED] - response = getInstance().getCurrentResponse(): null

2019-05-06 17:24:27 - [MESSAGE][PASSED] - Verify response successfully

2019-05-06 17:24:27 - [MESSAGE][PASSED] - Send request and verify the response successfully

2019-05-06 17:24:27 - [TEST_STEP][PASSED] - verifyElementPropertyValue(Storeresponse, status, statuscode): Verify element property value successfully

2019-05-06 17:24:27 - [MESSAGE][PASSED] - Verify element property value successfully

2019-05-06 17:24:27 - [TEST_STEP][PASSED] - verifyElementPropertyValue(Storeresponse, messageid, messageidvalue): Verify element property value successfully

2019-05-06 17:24:27 - [MESSAGE][PASSED] - Verify element property value successfully

2019-05-06 17:24:27 - [TEST_STEP][PASSED] - if (statuscode == 200): null

2019-05-06 17:24:27 - [TEST_STEP][PASSED] - else: null]]></system-out>
         <system-err><![CDATA[]]></system-err>
      </testcase>
      <testcase name="Test Cases/test" classname="Test Cases/test" status="PASSED">
         <system-out><![CDATA[2019-05-06 17:24:27 - [TEST_CASE][PASSED] - Test Cases/test: Test Cases/test

2019-05-06 17:24:27 - [TEST_STEP][PASSED] - Storeresponse = sendRequestAndVerify(findTestObject("GLN Check - EOID", ["gln":glnparameter, "urlforcheckeoid":url, "body":body, "methodforcall":methodforcall])): Send request and verify the response successfully

2019-05-06 17:24:33 - [TEST_CASE][PASSED] - Start Test Case : Verification: Verification accomplished successfully

2019-05-06 17:24:33 - [TEST_STEP][PASSED] - request = getInstance().getCurrentRequest(): null

2019-05-06 17:24:33 - [TEST_STEP][PASSED] - response = getInstance().getCurrentResponse(): null

2019-05-06 17:24:33 - [MESSAGE][PASSED] - Verify response successfully

2019-05-06 17:24:33 - [MESSAGE][PASSED] - Send request and verify the response successfully

2019-05-06 17:24:33 - [TEST_STEP][PASSED] - verifyElementPropertyValue(Storeresponse, status, statuscode): Verify element property value successfully

2019-05-06 17:24:33 - [MESSAGE][PASSED] - Verify element property value successfully

2019-05-06 17:24:33 - [TEST_STEP][PASSED] - verifyElementPropertyValue(Storeresponse, messageid, messageidvalue): Verify element property value successfully

2019-05-06 17:24:33 - [MESSAGE][PASSED] - Verify element property value successfully

2019-05-06 17:24:33 - [TEST_STEP][PASSED] - if (statuscode == 200): null

2019-05-06 17:24:33 - [TEST_STEP][PASSED] - else: null]]></system-out>
         <system-err><![CDATA[]]></system-err>
      </testcase>
      <testcase name="Test Cases/test" classname="Test Cases/test" status="PASSED">
         <system-out><![CDATA[2019-05-06 17:24:33 - [TEST_CASE][PASSED] - Test Cases/test: Test Cases/test

2019-05-06 17:24:33 - [TEST_STEP][PASSED] - Storeresponse = sendRequestAndVerify(findTestObject("GLN Check - EOID", ["gln":glnparameter, "urlforcheckeoid":url, "body":body, "methodforcall":methodforcall])): Send request and verify the response successfully

2019-05-06 17:24:40 - [TEST_CASE][PASSED] - Start Test Case : Verification: Verification accomplished successfully

2019-05-06 17:24:40 - [TEST_STEP][PASSED] - request = getInstance().getCurrentRequest(): null

2019-05-06 17:24:40 - [TEST_STEP][PASSED] - response = getInstance().getCurrentResponse(): null

2019-05-06 17:24:40 - [MESSAGE][PASSED] - Verify response successfully

2019-05-06 17:24:40 - [MESSAGE][PASSED] - Send request and verify the response successfully

2019-05-06 17:24:40 - [TEST_STEP][PASSED] - verifyElementPropertyValue(Storeresponse, status, statuscode): Verify element property value successfully

2019-05-06 17:24:40 - [MESSAGE][PASSED] - Verify element property value successfully

2019-05-06 17:24:40 - [TEST_STEP][PASSED] - verifyElementPropertyValue(Storeresponse, messageid, messageidvalue): Verify element property value successfully

2019-05-06 17:24:40 - [MESSAGE][PASSED] - Verify element property value successfully

2019-05-06 17:24:40 - [TEST_STEP][PASSED] - if (statuscode == 200): null

2019-05-06 17:24:40 - [TEST_STEP][PASSED] - else: null]]></system-out>
         <system-err><![CDATA[]]></system-err>
      </testcase>
      <testcase name="Test Cases/test" classname="Test Cases/test" status="PASSED">
         <system-out><![CDATA[2019-05-06 17:24:40 - [TEST_CASE][PASSED] - Test Cases/test: Test Cases/test

2019-05-06 17:24:40 - [TEST_STEP][PASSED] - Storeresponse = sendRequestAndVerify(findTestObject("GLN Check - EOID", ["gln":glnparameter, "urlforcheckeoid":url, "body":body, "methodforcall":methodforcall])): Send request and verify the response successfully

2019-05-06 17:24:48 - [TEST_CASE][PASSED] - Start Test Case : Verification: Verification accomplished successfully

2019-05-06 17:24:48 - [TEST_STEP][PASSED] - request = getInstance().getCurrentRequest(): null

2019-05-06 17:24:48 - [TEST_STEP][PASSED] - response = getInstance().getCurrentResponse(): null

2019-05-06 17:24:48 - [MESSAGE][PASSED] - Verify response successfully

2019-05-06 17:24:48 - [MESSAGE][PASSED] - Send request and verify the response successfully

2019-05-06 17:24:48 - [TEST_STEP][PASSED] - verifyElementPropertyValue(Storeresponse, status, statuscode): Verify element property value successfully

2019-05-06 17:24:48 - [MESSAGE][PASSED] - Verify element property value successfully

2019-05-06 17:24:48 - [TEST_STEP][PASSED] - verifyElementPropertyValue(Storeresponse, messageid, messageidvalue): Verify element property value successfully

2019-05-06 17:24:48 - [MESSAGE][PASSED] - Verify element property value successfully

2019-05-06 17:24:48 - [TEST_STEP][PASSED] - if (statuscode == 200): null

2019-05-06 17:24:48 - [TEST_STEP][PASSED] - else: null]]></system-out>
         <system-err><![CDATA[]]></system-err>
      </testcase>
      <testcase name="Test Cases/test" classname="Test Cases/test" status="PASSED">
         <system-out><![CDATA[2019-05-06 17:24:48 - [TEST_CASE][PASSED] - Test Cases/test: Test Cases/test

2019-05-06 17:24:48 - [TEST_STEP][PASSED] - Storeresponse = sendRequestAndVerify(findTestObject("GLN Check - EOID", ["gln":glnparameter, "urlforcheckeoid":url, "body":body, "methodforcall":methodforcall])): Send request and verify the response successfully

2019-05-06 17:24:56 - [TEST_CASE][PASSED] - Start Test Case : Verification: Verification accomplished successfully

2019-05-06 17:24:56 - [TEST_STEP][PASSED] - request = getInstance().getCurrentRequest(): null

2019-05-06 17:24:56 - [TEST_STEP][PASSED] - response = getInstance().getCurrentResponse(): null

2019-05-06 17:24:56 - [MESSAGE][PASSED] - Verify response successfully

2019-05-06 17:24:56 - [MESSAGE][PASSED] - Send request and verify the response successfully

2019-05-06 17:24:56 - [TEST_STEP][PASSED] - verifyElementPropertyValue(Storeresponse, status, statuscode): Verify element property value successfully

2019-05-06 17:24:56 - [MESSAGE][PASSED] - Verify element property value successfully

2019-05-06 17:24:56 - [TEST_STEP][PASSED] - verifyElementPropertyValue(Storeresponse, messageid, messageidvalue): Verify element property value successfully

2019-05-06 17:24:56 - [MESSAGE][PASSED] - Verify element property value successfully

2019-05-06 17:24:56 - [TEST_STEP][PASSED] - if (statuscode == 200): null

2019-05-06 17:24:56 - [TEST_STEP][PASSED] - else: null]]></system-out>
         <system-err><![CDATA[]]></system-err>
      </testcase>
      <testcase name="Test Cases/test" classname="Test Cases/test" status="PASSED">
         <system-out><![CDATA[2019-05-06 17:24:56 - [TEST_CASE][PASSED] - Test Cases/test: Test Cases/test

2019-05-06 17:24:56 - [TEST_STEP][PASSED] - Storeresponse = sendRequestAndVerify(findTestObject("GLN Check - EOID", ["gln":glnparameter, "urlforcheckeoid":url, "body":body, "methodforcall":methodforcall])): Send request and verify the response successfully

2019-05-06 17:25:03 - [TEST_CASE][PASSED] - Start Test Case : Verification: Verification accomplished successfully

2019-05-06 17:25:03 - [TEST_STEP][PASSED] - request = getInstance().getCurrentRequest(): null

2019-05-06 17:25:03 - [TEST_STEP][PASSED] - response = getInstance().getCurrentResponse(): null

2019-05-06 17:25:03 - [MESSAGE][PASSED] - Verify response successfully

2019-05-06 17:25:03 - [MESSAGE][PASSED] - Send request and verify the response successfully

2019-05-06 17:25:03 - [TEST_STEP][PASSED] - verifyElementPropertyValue(Storeresponse, status, statuscode): Verify element property value successfully

2019-05-06 17:25:03 - [MESSAGE][PASSED] - Verify element property value successfully

2019-05-06 17:25:03 - [TEST_STEP][PASSED] - verifyElementPropertyValue(Storeresponse, messageid, messageidvalue): Verify element property value successfully

2019-05-06 17:25:03 - [MESSAGE][PASSED] - Verify element property value successfully

2019-05-06 17:25:03 - [TEST_STEP][PASSED] - if (statuscode == 200): null

2019-05-06 17:25:03 - [TEST_STEP][PASSED] - else: null]]></system-out>
         <system-err><![CDATA[]]></system-err>
      </testcase>
      <testcase name="Test Cases/test" classname="Test Cases/test" status="PASSED">
         <system-out><![CDATA[2019-05-06 17:25:03 - [TEST_CASE][PASSED] - Test Cases/test: Test Cases/test

2019-05-06 17:25:03 - [TEST_STEP][PASSED] - Storeresponse = sendRequestAndVerify(findTestObject("GLN Check - EOID", ["gln":glnparameter, "urlforcheckeoid":url, "body":body, "methodforcall":methodforcall])): Send request and verify the response successfully

2019-05-06 17:25:11 - [TEST_CASE][PASSED] - Start Test Case : Verification: Verification accomplished successfully

2019-05-06 17:25:11 - [TEST_STEP][PASSED] - request = getInstance().getCurrentRequest(): null

2019-05-06 17:25:11 - [TEST_STEP][PASSED] - response = getInstance().getCurrentResponse(): null

2019-05-06 17:25:11 - [MESSAGE][PASSED] - Verify response successfully

2019-05-06 17:25:11 - [MESSAGE][PASSED] - Send request and verify the response successfully

2019-05-06 17:25:11 - [TEST_STEP][PASSED] - verifyElementPropertyValue(Storeresponse, status, statuscode): Verify element property value successfully

2019-05-06 17:25:11 - [MESSAGE][PASSED] - Verify element property value successfully

2019-05-06 17:25:11 - [TEST_STEP][PASSED] - verifyElementPropertyValue(Storeresponse, messageid, messageidvalue): Verify element property value successfully

2019-05-06 17:25:11 - [MESSAGE][PASSED] - Verify element property value successfully

2019-05-06 17:25:11 - [TEST_STEP][PASSED] - if (statuscode == 200): null

2019-05-06 17:25:11 - [TEST_STEP][PASSED] - else: null]]></system-out>
         <system-err><![CDATA[]]></system-err>
      </testcase>
      <testcase name="Test Cases/test" classname="Test Cases/test" status="PASSED">
         <system-out><![CDATA[2019-05-06 17:25:11 - [TEST_CASE][PASSED] - Test Cases/test: Test Cases/test

2019-05-06 17:25:11 - [TEST_STEP][PASSED] - Storeresponse = sendRequestAndVerify(findTestObject("GLN Check - EOID", ["gln":glnparameter, "urlforcheckeoid":url, "body":body, "methodforcall":methodforcall])): Send request and verify the response successfully

2019-05-06 17:25:18 - [TEST_CASE][PASSED] - Start Test Case : Verification: Verification accomplished successfully

2019-05-06 17:25:19 - [TEST_STEP][PASSED] - request = getInstance().getCurrentRequest(): null

2019-05-06 17:25:19 - [TEST_STEP][PASSED] - response = getInstance().getCurrentResponse(): null

2019-05-06 17:25:19 - [MESSAGE][PASSED] - Verify response successfully

2019-05-06 17:25:19 - [MESSAGE][PASSED] - Send request and verify the response successfully

2019-05-06 17:25:19 - [TEST_STEP][PASSED] - verifyElementPropertyValue(Storeresponse, status, statuscode): Verify element property value successfully

2019-05-06 17:25:19 - [MESSAGE][PASSED] - Verify element property value successfully

2019-05-06 17:25:19 - [TEST_STEP][PASSED] - verifyElementPropertyValue(Storeresponse, messageid, messageidvalue): Verify element property value successfully

2019-05-06 17:25:19 - [MESSAGE][PASSED] - Verify element property value successfully

2019-05-06 17:25:19 - [TEST_STEP][PASSED] - if (statuscode == 200): null

2019-05-06 17:25:19 - [TEST_STEP][PASSED] - else: null]]></system-out>
         <system-err><![CDATA[]]></system-err>
      </testcase>
      <testcase name="Test Cases/test" classname="Test Cases/test" status="PASSED">
         <system-out><![CDATA[2019-05-06 17:25:19 - [TEST_CASE][PASSED] - Test Cases/test: Test Cases/test

2019-05-06 17:25:19 - [TEST_STEP][PASSED] - Storeresponse = sendRequestAndVerify(findTestObject("GLN Check - EOID", ["gln":glnparameter, "urlforcheckeoid":url, "body":body, "methodforcall":methodforcall])): Send request and verify the response successfully

2019-05-06 17:25:26 - [TEST_CASE][PASSED] - Start Test Case : Verification: Verification accomplished successfully

2019-05-06 17:25:26 - [TEST_STEP][PASSED] - request = getInstance().getCurrentRequest(): null

2019-05-06 17:25:26 - [TEST_STEP][PASSED] - response = getInstance().getCurrentResponse(): null

2019-05-06 17:25:26 - [MESSAGE][PASSED] - Verify response successfully

2019-05-06 17:25:26 - [MESSAGE][PASSED] - Send request and verify the response successfully

2019-05-06 17:25:26 - [TEST_STEP][PASSED] - verifyElementPropertyValue(Storeresponse, status, statuscode): Verify element property value successfully

2019-05-06 17:25:26 - [MESSAGE][PASSED] - Verify element property value successfully

2019-05-06 17:25:26 - [TEST_STEP][PASSED] - verifyElementPropertyValue(Storeresponse, messageid, messageidvalue): Verify element property value successfully

2019-05-06 17:25:26 - [MESSAGE][PASSED] - Verify element property value successfully

2019-05-06 17:25:26 - [TEST_STEP][PASSED] - if (statuscode == 200): null

2019-05-06 17:25:26 - [TEST_STEP][PASSED] - else: null]]></system-out>
         <system-err><![CDATA[]]></system-err>
      </testcase>
      <testcase name="Test Cases/test" classname="Test Cases/test" status="PASSED">
         <system-out><![CDATA[2019-05-06 17:25:26 - [TEST_CASE][PASSED] - Test Cases/test: Test Cases/test

2019-05-06 17:25:26 - [TEST_STEP][PASSED] - Storeresponse = sendRequestAndVerify(findTestObject("GLN Check - EOID", ["gln":glnparameter, "urlforcheckeoid":url, "body":body, "methodforcall":methodforcall])): Send request and verify the response successfully

2019-05-06 17:25:30 - [TEST_CASE][PASSED] - Start Test Case : Verification: Verification accomplished successfully

2019-05-06 17:25:30 - [TEST_STEP][PASSED] - request = getInstance().getCurrentRequest(): null

2019-05-06 17:25:30 - [TEST_STEP][PASSED] - response = getInstance().getCurrentResponse(): null

2019-05-06 17:25:30 - [MESSAGE][PASSED] - Verify response successfully

2019-05-06 17:25:30 - [MESSAGE][PASSED] - Send request and verify the response successfully

2019-05-06 17:25:30 - [TEST_STEP][PASSED] - verifyElementPropertyValue(Storeresponse, status, statuscode): Verify element property value successfully

2019-05-06 17:25:30 - [MESSAGE][PASSED] - Verify element property value successfully

2019-05-06 17:25:30 - [TEST_STEP][PASSED] - verifyElementPropertyValue(Storeresponse, messageid, messageidvalue): Verify element property value successfully

2019-05-06 17:25:30 - [MESSAGE][PASSED] - Verify element property value successfully

2019-05-06 17:25:30 - [TEST_STEP][PASSED] - if (statuscode == 200): null

2019-05-06 17:25:30 - [TEST_STEP][PASSED] - else: null]]></system-out>
         <system-err><![CDATA[]]></system-err>
      </testcase>
      <testcase name="Test Cases/test" classname="Test Cases/test" status="PASSED">
         <system-out><![CDATA[2019-05-06 17:25:30 - [TEST_CASE][PASSED] - Test Cases/test: Test Cases/test

2019-05-06 17:25:30 - [TEST_STEP][PASSED] - Storeresponse = sendRequestAndVerify(findTestObject("GLN Check - EOID", ["gln":glnparameter, "urlforcheckeoid":url, "body":body, "methodforcall":methodforcall])): Send request and verify the response successfully

2019-05-06 17:25:35 - [TEST_CASE][PASSED] - Start Test Case : Verification: Verification accomplished successfully

2019-05-06 17:25:35 - [TEST_STEP][PASSED] - request = getInstance().getCurrentRequest(): null

2019-05-06 17:25:35 - [TEST_STEP][PASSED] - response = getInstance().getCurrentResponse(): null

2019-05-06 17:25:35 - [MESSAGE][PASSED] - Verify response successfully

2019-05-06 17:25:35 - [MESSAGE][PASSED] - Send request and verify the response successfully

2019-05-06 17:25:35 - [TEST_STEP][PASSED] - verifyElementPropertyValue(Storeresponse, status, statuscode): Verify element property value successfully

2019-05-06 17:25:35 - [MESSAGE][PASSED] - Verify element property value successfully

2019-05-06 17:25:35 - [TEST_STEP][PASSED] - verifyElementPropertyValue(Storeresponse, messageid, messageidvalue): Verify element property value successfully

2019-05-06 17:25:35 - [MESSAGE][PASSED] - Verify element property value successfully

2019-05-06 17:25:35 - [TEST_STEP][PASSED] - if (statuscode == 200): null

2019-05-06 17:25:35 - [TEST_STEP][PASSED] - else: null]]></system-out>
         <system-err><![CDATA[]]></system-err>
      </testcase>
      <testcase name="Test Cases/test" classname="Test Cases/test" status="PASSED">
         <system-out><![CDATA[2019-05-06 17:25:35 - [TEST_CASE][PASSED] - Test Cases/test: Test Cases/test

2019-05-06 17:25:35 - [TEST_STEP][PASSED] - Storeresponse = sendRequestAndVerify(findTestObject("GLN Check - EOID", ["gln":glnparameter, "urlforcheckeoid":url, "body":body, "methodforcall":methodforcall])): Send request and verify the response successfully

2019-05-06 17:25:39 - [TEST_CASE][PASSED] - Start Test Case : Verification: Verification accomplished successfully

2019-05-06 17:25:39 - [TEST_STEP][PASSED] - request = getInstance().getCurrentRequest(): null

2019-05-06 17:25:40 - [TEST_STEP][PASSED] - response = getInstance().getCurrentResponse(): null

2019-05-06 17:25:40 - [MESSAGE][PASSED] - Verify response successfully

2019-05-06 17:25:40 - [MESSAGE][PASSED] - Send request and verify the response successfully

2019-05-06 17:25:40 - [TEST_STEP][PASSED] - verifyElementPropertyValue(Storeresponse, status, statuscode): Verify element property value successfully

2019-05-06 17:25:40 - [MESSAGE][PASSED] - Verify element property value successfully

2019-05-06 17:25:40 - [TEST_STEP][PASSED] - verifyElementPropertyValue(Storeresponse, messageid, messageidvalue): Verify element property value successfully

2019-05-06 17:25:40 - [MESSAGE][PASSED] - Verify element property value successfully

2019-05-06 17:25:40 - [TEST_STEP][PASSED] - if (statuscode == 200): null

2019-05-06 17:25:40 - [TEST_STEP][PASSED] - else: null]]></system-out>
         <system-err><![CDATA[]]></system-err>
      </testcase>
      <testcase name="Test Cases/test" classname="Test Cases/test" status="PASSED">
         <system-out><![CDATA[2019-05-06 17:25:40 - [TEST_CASE][PASSED] - Test Cases/test: Test Cases/test

2019-05-06 17:25:40 - [TEST_STEP][PASSED] - Storeresponse = sendRequestAndVerify(findTestObject("GLN Check - EOID", ["gln":glnparameter, "urlforcheckeoid":url, "body":body, "methodforcall":methodforcall])): Send request and verify the response successfully

2019-05-06 17:25:48 - [TEST_CASE][PASSED] - Start Test Case : Verification: Verification accomplished successfully

2019-05-06 17:25:48 - [TEST_STEP][PASSED] - request = getInstance().getCurrentRequest(): null

2019-05-06 17:25:49 - [TEST_STEP][PASSED] - response = getInstance().getCurrentResponse(): null

2019-05-06 17:25:49 - [MESSAGE][PASSED] - Verify response successfully

2019-05-06 17:25:49 - [MESSAGE][PASSED] - Send request and verify the response successfully

2019-05-06 17:25:49 - [TEST_STEP][PASSED] - verifyElementPropertyValue(Storeresponse, status, statuscode): Verify element property value successfully

2019-05-06 17:25:49 - [MESSAGE][PASSED] - Verify element property value successfully

2019-05-06 17:25:49 - [TEST_STEP][PASSED] - verifyElementPropertyValue(Storeresponse, messageid, messageidvalue): Verify element property value successfully

2019-05-06 17:25:49 - [MESSAGE][PASSED] - Verify element property value successfully

2019-05-06 17:25:49 - [TEST_STEP][PASSED] - if (statuscode == 200): null

2019-05-06 17:25:49 - [TEST_STEP][PASSED] - else: null]]></system-out>
         <system-err><![CDATA[]]></system-err>
      </testcase>
      <system-out><![CDATA[2019-05-06 17:23:40 - [TEST_SUITE][PASSED] - FIt-test suite: Test Cases/test]]></system-out>
      <system-err><![CDATA[]]></system-err>
   </testsuite>
</testsuites>
