<?xml version="1.0" encoding="UTF-8"?>
<testsuites name="FIt-test suite" time="124" tests="21" failures="0" errors="0">
   <testsuite name="FIt-test suite" tests="21" failures="0" errors="0" time="124" timestamp="2019-05-06 17:30:43" hostname="Lavanya_DF - DESKTOP-T5KOPIL" id="Test Suites/FIt-test suite">
      <properties>
         <property name="deviceName" value=""/>
         <property name="devicePlatform" value=""/>
         <property name="logFolder" value="C:\\Users\\Lavanya_DF\\Downloads\\GS1 FIT\\GS1 FIT\\Reports\\FIt-test suite\\20190506_173041"/>
         <property name="logFiles" value="C:\\Users\\Lavanya_DF\\Downloads\\GS1 FIT\\GS1 FIT\\Reports\\FIt-test suite\\20190506_173041\\execution0.log"/>
         <property name="attachments" value=""/>
         <property name="hostName" value="Lavanya_DF - DESKTOP-T5KOPIL"/>
         <property name="hostAddress" value="192.168.0.153"/>
         <property name="os" value="Windows 10 64bit"/>
         <property name="katalonVersion" value="6.1.2.2"/>
      </properties>
      <testcase name="Test Cases/test" classname="Test Cases/test" status="PASSED">
         <system-out><![CDATA[2019-05-06 17:30:44 - [TEST_CASE][PASSED] - Test Cases/test: Test Cases/test

2019-05-06 17:30:44 - [TEST_STEP][PASSED] - Storeresponse = sendRequestAndVerify(findTestObject("GLN Check - EOID", ["gln":glnparameter, "urlforcheckeoid":url, "body":body, "methodforcall":methodforcall])): Send request and verify the response successfully

2019-05-06 17:30:55 - [TEST_CASE][PASSED] - Start Test Case : Verification: Verification accomplished successfully

2019-05-06 17:30:55 - [TEST_STEP][PASSED] - request = getInstance().getCurrentRequest(): null

2019-05-06 17:30:55 - [TEST_STEP][PASSED] - response = getInstance().getCurrentResponse(): null

2019-05-06 17:30:55 - [MESSAGE][PASSED] - Verify response successfully

2019-05-06 17:30:55 - [MESSAGE][PASSED] - Send request and verify the response successfully

2019-05-06 17:30:55 - [TEST_STEP][PASSED] - verifyElementPropertyValue(Storeresponse, status, statuscode): Verify element property value successfully

2019-05-06 17:30:55 - [MESSAGE][PASSED] - Verify element property value successfully

2019-05-06 17:30:55 - [TEST_STEP][PASSED] - verifyElementPropertyValue(Storeresponse, messageid, messageidvalue): Verify element property value successfully

2019-05-06 17:30:55 - [MESSAGE][PASSED] - Verify element property value successfully

2019-05-06 17:30:55 - [TEST_STEP][PASSED] - if (statuscode == 200): null

2019-05-06 17:30:55 - [TEST_STEP][PASSED] - else: null]]></system-out>
         <system-err><![CDATA[]]></system-err>
      </testcase>
      <testcase name="Test Cases/test" classname="Test Cases/test" status="PASSED">
         <system-out><![CDATA[2019-05-06 17:30:55 - [TEST_CASE][PASSED] - Test Cases/test: Test Cases/test

2019-05-06 17:30:55 - [TEST_STEP][PASSED] - Storeresponse = sendRequestAndVerify(findTestObject("GLN Check - EOID", ["gln":glnparameter, "urlforcheckeoid":url, "body":body, "methodforcall":methodforcall])): Send request and verify the response successfully

2019-05-06 17:31:00 - [TEST_CASE][PASSED] - Start Test Case : Verification: Verification accomplished successfully

2019-05-06 17:31:00 - [TEST_STEP][PASSED] - request = getInstance().getCurrentRequest(): null

2019-05-06 17:31:00 - [TEST_STEP][PASSED] - response = getInstance().getCurrentResponse(): null

2019-05-06 17:31:00 - [MESSAGE][PASSED] - Verify response successfully

2019-05-06 17:31:00 - [MESSAGE][PASSED] - Send request and verify the response successfully

2019-05-06 17:31:00 - [TEST_STEP][PASSED] - verifyElementPropertyValue(Storeresponse, status, statuscode): Verify element property value successfully

2019-05-06 17:31:00 - [MESSAGE][PASSED] - Verify element property value successfully

2019-05-06 17:31:00 - [TEST_STEP][PASSED] - verifyElementPropertyValue(Storeresponse, messageid, messageidvalue): Verify element property value successfully

2019-05-06 17:31:01 - [MESSAGE][PASSED] - Verify element property value successfully

2019-05-06 17:31:01 - [TEST_STEP][PASSED] - if (statuscode == 200): null

2019-05-06 17:31:01 - [TEST_STEP][PASSED] - else: null]]></system-out>
         <system-err><![CDATA[]]></system-err>
      </testcase>
      <testcase name="Test Cases/test" classname="Test Cases/test" status="PASSED">
         <system-out><![CDATA[2019-05-06 17:31:01 - [TEST_CASE][PASSED] - Test Cases/test: Test Cases/test

2019-05-06 17:31:01 - [TEST_STEP][PASSED] - Storeresponse = sendRequestAndVerify(findTestObject("GLN Check - EOID", ["gln":glnparameter, "urlforcheckeoid":url, "body":body, "methodforcall":methodforcall])): Send request and verify the response successfully

2019-05-06 17:31:04 - [TEST_CASE][PASSED] - Start Test Case : Verification: Verification accomplished successfully

2019-05-06 17:31:04 - [TEST_STEP][PASSED] - request = getInstance().getCurrentRequest(): null

2019-05-06 17:31:04 - [TEST_STEP][PASSED] - response = getInstance().getCurrentResponse(): null

2019-05-06 17:31:04 - [MESSAGE][PASSED] - Verify response successfully

2019-05-06 17:31:04 - [MESSAGE][PASSED] - Send request and verify the response successfully

2019-05-06 17:31:04 - [TEST_STEP][PASSED] - verifyElementPropertyValue(Storeresponse, status, statuscode): Verify element property value successfully

2019-05-06 17:31:04 - [MESSAGE][PASSED] - Verify element property value successfully

2019-05-06 17:31:04 - [TEST_STEP][PASSED] - verifyElementPropertyValue(Storeresponse, messageid, messageidvalue): Verify element property value successfully

2019-05-06 17:31:04 - [MESSAGE][PASSED] - Verify element property value successfully

2019-05-06 17:31:04 - [TEST_STEP][PASSED] - if (statuscode == 200): null

2019-05-06 17:31:04 - [TEST_STEP][PASSED] - else: null]]></system-out>
         <system-err><![CDATA[]]></system-err>
      </testcase>
      <testcase name="Test Cases/test" classname="Test Cases/test" status="PASSED">
         <system-out><![CDATA[2019-05-06 17:31:04 - [TEST_CASE][PASSED] - Test Cases/test: Test Cases/test

2019-05-06 17:31:04 - [TEST_STEP][PASSED] - Storeresponse = sendRequestAndVerify(findTestObject("GLN Check - EOID", ["gln":glnparameter, "urlforcheckeoid":url, "body":body, "methodforcall":methodforcall])): Send request and verify the response successfully

2019-05-06 17:31:08 - [TEST_CASE][PASSED] - Start Test Case : Verification: Verification accomplished successfully

2019-05-06 17:31:08 - [TEST_STEP][PASSED] - request = getInstance().getCurrentRequest(): null

2019-05-06 17:31:09 - [TEST_STEP][PASSED] - response = getInstance().getCurrentResponse(): null

2019-05-06 17:31:09 - [MESSAGE][PASSED] - Verify response successfully

2019-05-06 17:31:09 - [MESSAGE][PASSED] - Send request and verify the response successfully

2019-05-06 17:31:09 - [TEST_STEP][PASSED] - verifyElementPropertyValue(Storeresponse, status, statuscode): Verify element property value successfully

2019-05-06 17:31:09 - [MESSAGE][PASSED] - Verify element property value successfully

2019-05-06 17:31:09 - [TEST_STEP][PASSED] - verifyElementPropertyValue(Storeresponse, messageid, messageidvalue): Verify element property value successfully

2019-05-06 17:31:09 - [MESSAGE][PASSED] - Verify element property value successfully

2019-05-06 17:31:09 - [TEST_STEP][PASSED] - if (statuscode == 200): null

2019-05-06 17:31:09 - [TEST_STEP][PASSED] - else: null]]></system-out>
         <system-err><![CDATA[]]></system-err>
      </testcase>
      <testcase name="Test Cases/test" classname="Test Cases/test" status="PASSED">
         <system-out><![CDATA[2019-05-06 17:31:09 - [TEST_CASE][PASSED] - Test Cases/test: Test Cases/test

2019-05-06 17:31:09 - [TEST_STEP][PASSED] - Storeresponse = sendRequestAndVerify(findTestObject("GLN Check - EOID", ["gln":glnparameter, "urlforcheckeoid":url, "body":body, "methodforcall":methodforcall])): Send request and verify the response successfully

2019-05-06 17:31:13 - [TEST_CASE][PASSED] - Start Test Case : Verification: Verification accomplished successfully

2019-05-06 17:31:13 - [TEST_STEP][PASSED] - request = getInstance().getCurrentRequest(): null

2019-05-06 17:31:13 - [TEST_STEP][PASSED] - response = getInstance().getCurrentResponse(): null

2019-05-06 17:31:13 - [MESSAGE][PASSED] - Verify response successfully

2019-05-06 17:31:13 - [MESSAGE][PASSED] - Send request and verify the response successfully

2019-05-06 17:31:13 - [TEST_STEP][PASSED] - verifyElementPropertyValue(Storeresponse, status, statuscode): Verify element property value successfully

2019-05-06 17:31:13 - [MESSAGE][PASSED] - Verify element property value successfully

2019-05-06 17:31:13 - [TEST_STEP][PASSED] - verifyElementPropertyValue(Storeresponse, messageid, messageidvalue): Verify element property value successfully

2019-05-06 17:31:13 - [MESSAGE][PASSED] - Verify element property value successfully

2019-05-06 17:31:13 - [TEST_STEP][PASSED] - if (statuscode == 200): null

2019-05-06 17:31:13 - [TEST_STEP][PASSED] - else: null]]></system-out>
         <system-err><![CDATA[]]></system-err>
      </testcase>
      <testcase name="Test Cases/test" classname="Test Cases/test" status="PASSED">
         <system-out><![CDATA[2019-05-06 17:31:13 - [TEST_CASE][PASSED] - Test Cases/test: Test Cases/test

2019-05-06 17:31:13 - [TEST_STEP][PASSED] - Storeresponse = sendRequestAndVerify(findTestObject("GLN Check - EOID", ["gln":glnparameter, "urlforcheckeoid":url, "body":body, "methodforcall":methodforcall])): Send request and verify the response successfully

2019-05-06 17:31:17 - [TEST_CASE][PASSED] - Start Test Case : Verification: Verification accomplished successfully

2019-05-06 17:31:17 - [TEST_STEP][PASSED] - request = getInstance().getCurrentRequest(): null

2019-05-06 17:31:17 - [TEST_STEP][PASSED] - response = getInstance().getCurrentResponse(): null

2019-05-06 17:31:17 - [MESSAGE][PASSED] - Verify response successfully

2019-05-06 17:31:17 - [MESSAGE][PASSED] - Send request and verify the response successfully

2019-05-06 17:31:17 - [TEST_STEP][PASSED] - verifyElementPropertyValue(Storeresponse, status, statuscode): Verify element property value successfully

2019-05-06 17:31:17 - [MESSAGE][PASSED] - Verify element property value successfully

2019-05-06 17:31:17 - [TEST_STEP][PASSED] - verifyElementPropertyValue(Storeresponse, messageid, messageidvalue): Verify element property value successfully

2019-05-06 17:31:17 - [MESSAGE][PASSED] - Verify element property value successfully

2019-05-06 17:31:17 - [TEST_STEP][PASSED] - if (statuscode == 200): null

2019-05-06 17:31:17 - [TEST_STEP][PASSED] - else: null]]></system-out>
         <system-err><![CDATA[]]></system-err>
      </testcase>
      <testcase name="Test Cases/test" classname="Test Cases/test" status="PASSED">
         <system-out><![CDATA[2019-05-06 17:31:17 - [TEST_CASE][PASSED] - Test Cases/test: Test Cases/test

2019-05-06 17:31:18 - [TEST_STEP][PASSED] - Storeresponse = sendRequestAndVerify(findTestObject("GLN Check - EOID", ["gln":glnparameter, "urlforcheckeoid":url, "body":body, "methodforcall":methodforcall])): Send request and verify the response successfully

2019-05-06 17:31:21 - [TEST_CASE][PASSED] - Start Test Case : Verification: Verification accomplished successfully

2019-05-06 17:31:21 - [TEST_STEP][PASSED] - request = getInstance().getCurrentRequest(): null

2019-05-06 17:31:21 - [TEST_STEP][PASSED] - response = getInstance().getCurrentResponse(): null

2019-05-06 17:31:21 - [MESSAGE][PASSED] - Verify response successfully

2019-05-06 17:31:21 - [MESSAGE][PASSED] - Send request and verify the response successfully

2019-05-06 17:31:21 - [TEST_STEP][PASSED] - verifyElementPropertyValue(Storeresponse, status, statuscode): Verify element property value successfully

2019-05-06 17:31:21 - [MESSAGE][PASSED] - Verify element property value successfully

2019-05-06 17:31:21 - [TEST_STEP][PASSED] - verifyElementPropertyValue(Storeresponse, messageid, messageidvalue): Verify element property value successfully

2019-05-06 17:31:21 - [MESSAGE][PASSED] - Verify element property value successfully

2019-05-06 17:31:21 - [TEST_STEP][PASSED] - if (statuscode == 200): null

2019-05-06 17:31:21 - [TEST_STEP][PASSED] - else: null]]></system-out>
         <system-err><![CDATA[]]></system-err>
      </testcase>
      <testcase name="Test Cases/test" classname="Test Cases/test" status="PASSED">
         <system-out><![CDATA[2019-05-06 17:31:21 - [TEST_CASE][PASSED] - Test Cases/test: Test Cases/test

2019-05-06 17:31:21 - [TEST_STEP][PASSED] - Storeresponse = sendRequestAndVerify(findTestObject("GLN Check - EOID", ["gln":glnparameter, "urlforcheckeoid":url, "body":body, "methodforcall":methodforcall])): Send request and verify the response successfully

2019-05-06 17:31:25 - [TEST_CASE][PASSED] - Start Test Case : Verification: Verification accomplished successfully

2019-05-06 17:31:25 - [TEST_STEP][PASSED] - request = getInstance().getCurrentRequest(): null

2019-05-06 17:31:26 - [TEST_STEP][PASSED] - response = getInstance().getCurrentResponse(): null

2019-05-06 17:31:26 - [MESSAGE][PASSED] - Verify response successfully

2019-05-06 17:31:26 - [MESSAGE][PASSED] - Send request and verify the response successfully

2019-05-06 17:31:26 - [TEST_STEP][PASSED] - verifyElementPropertyValue(Storeresponse, status, statuscode): Verify element property value successfully

2019-05-06 17:31:26 - [MESSAGE][PASSED] - Verify element property value successfully

2019-05-06 17:31:26 - [TEST_STEP][PASSED] - verifyElementPropertyValue(Storeresponse, messageid, messageidvalue): Verify element property value successfully

2019-05-06 17:31:26 - [MESSAGE][PASSED] - Verify element property value successfully

2019-05-06 17:31:26 - [TEST_STEP][PASSED] - if (statuscode == 200): null

2019-05-06 17:31:26 - [TEST_STEP][PASSED] - else: null]]></system-out>
         <system-err><![CDATA[]]></system-err>
      </testcase>
      <testcase name="Test Cases/test" classname="Test Cases/test" status="PASSED">
         <system-out><![CDATA[2019-05-06 17:31:26 - [TEST_CASE][PASSED] - Test Cases/test: Test Cases/test

2019-05-06 17:31:26 - [TEST_STEP][PASSED] - Storeresponse = sendRequestAndVerify(findTestObject("GLN Check - EOID", ["gln":glnparameter, "urlforcheckeoid":url, "body":body, "methodforcall":methodforcall])): Send request and verify the response successfully

2019-05-06 17:31:30 - [TEST_CASE][PASSED] - Start Test Case : Verification: Verification accomplished successfully

2019-05-06 17:31:30 - [TEST_STEP][PASSED] - request = getInstance().getCurrentRequest(): null

2019-05-06 17:31:30 - [TEST_STEP][PASSED] - response = getInstance().getCurrentResponse(): null

2019-05-06 17:31:30 - [MESSAGE][PASSED] - Verify response successfully

2019-05-06 17:31:30 - [MESSAGE][PASSED] - Send request and verify the response successfully

2019-05-06 17:31:30 - [TEST_STEP][PASSED] - verifyElementPropertyValue(Storeresponse, status, statuscode): Verify element property value successfully

2019-05-06 17:31:30 - [MESSAGE][PASSED] - Verify element property value successfully

2019-05-06 17:31:30 - [TEST_STEP][PASSED] - verifyElementPropertyValue(Storeresponse, messageid, messageidvalue): Verify element property value successfully

2019-05-06 17:31:30 - [MESSAGE][PASSED] - Verify element property value successfully

2019-05-06 17:31:30 - [TEST_STEP][PASSED] - if (statuscode == 200): null

2019-05-06 17:31:30 - [TEST_STEP][PASSED] - else: null]]></system-out>
         <system-err><![CDATA[]]></system-err>
      </testcase>
      <testcase name="Test Cases/test" classname="Test Cases/test" status="PASSED">
         <system-out><![CDATA[2019-05-06 17:31:30 - [TEST_CASE][PASSED] - Test Cases/test: Test Cases/test

2019-05-06 17:31:30 - [TEST_STEP][PASSED] - Storeresponse = sendRequestAndVerify(findTestObject("GLN Check - EOID", ["gln":glnparameter, "urlforcheckeoid":url, "body":body, "methodforcall":methodforcall])): Send request and verify the response successfully

2019-05-06 17:31:34 - [TEST_CASE][PASSED] - Start Test Case : Verification: Verification accomplished successfully

2019-05-06 17:31:34 - [TEST_STEP][PASSED] - request = getInstance().getCurrentRequest(): null

2019-05-06 17:31:35 - [TEST_STEP][PASSED] - response = getInstance().getCurrentResponse(): null

2019-05-06 17:31:35 - [MESSAGE][PASSED] - Verify response successfully

2019-05-06 17:31:35 - [MESSAGE][PASSED] - Send request and verify the response successfully

2019-05-06 17:31:35 - [TEST_STEP][PASSED] - verifyElementPropertyValue(Storeresponse, status, statuscode): Verify element property value successfully

2019-05-06 17:31:35 - [MESSAGE][PASSED] - Verify element property value successfully

2019-05-06 17:31:35 - [TEST_STEP][PASSED] - verifyElementPropertyValue(Storeresponse, messageid, messageidvalue): Verify element property value successfully

2019-05-06 17:31:35 - [MESSAGE][PASSED] - Verify element property value successfully

2019-05-06 17:31:35 - [TEST_STEP][PASSED] - if (statuscode == 200): null

2019-05-06 17:31:35 - [TEST_STEP][PASSED] - else: null]]></system-out>
         <system-err><![CDATA[]]></system-err>
      </testcase>
      <testcase name="Test Cases/test" classname="Test Cases/test" status="PASSED">
         <system-out><![CDATA[2019-05-06 17:31:35 - [TEST_CASE][PASSED] - Test Cases/test: Test Cases/test

2019-05-06 17:31:35 - [TEST_STEP][PASSED] - Storeresponse = sendRequestAndVerify(findTestObject("GLN Check - EOID", ["gln":glnparameter, "urlforcheckeoid":url, "body":body, "methodforcall":methodforcall])): Send request and verify the response successfully

2019-05-06 17:31:41 - [TEST_CASE][PASSED] - Start Test Case : Verification: Verification accomplished successfully

2019-05-06 17:31:41 - [TEST_STEP][PASSED] - request = getInstance().getCurrentRequest(): null

2019-05-06 17:31:41 - [TEST_STEP][PASSED] - response = getInstance().getCurrentResponse(): null

2019-05-06 17:31:41 - [MESSAGE][PASSED] - Verify response successfully

2019-05-06 17:31:41 - [MESSAGE][PASSED] - Send request and verify the response successfully

2019-05-06 17:31:41 - [TEST_STEP][PASSED] - verifyElementPropertyValue(Storeresponse, status, statuscode): Verify element property value successfully

2019-05-06 17:31:41 - [MESSAGE][PASSED] - Verify element property value successfully

2019-05-06 17:31:41 - [TEST_STEP][PASSED] - verifyElementPropertyValue(Storeresponse, messageid, messageidvalue): Verify element property value successfully

2019-05-06 17:31:41 - [MESSAGE][PASSED] - Verify element property value successfully

2019-05-06 17:31:41 - [TEST_STEP][PASSED] - if (statuscode == 200): null

2019-05-06 17:31:41 - [TEST_STEP][PASSED] - else: null]]></system-out>
         <system-err><![CDATA[]]></system-err>
      </testcase>
      <testcase name="Test Cases/test" classname="Test Cases/test" status="PASSED">
         <system-out><![CDATA[2019-05-06 17:31:41 - [TEST_CASE][PASSED] - Test Cases/test: Test Cases/test

2019-05-06 17:31:41 - [TEST_STEP][PASSED] - Storeresponse = sendRequestAndVerify(findTestObject("GLN Check - EOID", ["gln":glnparameter, "urlforcheckeoid":url, "body":body, "methodforcall":methodforcall])): Send request and verify the response successfully

2019-05-06 17:31:49 - [TEST_CASE][PASSED] - Start Test Case : Verification: Verification accomplished successfully

2019-05-06 17:31:49 - [TEST_STEP][PASSED] - request = getInstance().getCurrentRequest(): null

2019-05-06 17:31:49 - [TEST_STEP][PASSED] - response = getInstance().getCurrentResponse(): null

2019-05-06 17:31:49 - [MESSAGE][PASSED] - Verify response successfully

2019-05-06 17:31:49 - [MESSAGE][PASSED] - Send request and verify the response successfully

2019-05-06 17:31:49 - [TEST_STEP][PASSED] - verifyElementPropertyValue(Storeresponse, status, statuscode): Verify element property value successfully

2019-05-06 17:31:49 - [MESSAGE][PASSED] - Verify element property value successfully

2019-05-06 17:31:49 - [TEST_STEP][PASSED] - verifyElementPropertyValue(Storeresponse, messageid, messageidvalue): Verify element property value successfully

2019-05-06 17:31:49 - [MESSAGE][PASSED] - Verify element property value successfully

2019-05-06 17:31:49 - [TEST_STEP][PASSED] - if (statuscode == 200): null

2019-05-06 17:31:49 - [TEST_STEP][PASSED] - else: null]]></system-out>
         <system-err><![CDATA[]]></system-err>
      </testcase>
      <testcase name="Test Cases/test" classname="Test Cases/test" status="PASSED">
         <system-out><![CDATA[2019-05-06 17:31:49 - [TEST_CASE][PASSED] - Test Cases/test: Test Cases/test

2019-05-06 17:31:49 - [TEST_STEP][PASSED] - Storeresponse = sendRequestAndVerify(findTestObject("GLN Check - EOID", ["gln":glnparameter, "urlforcheckeoid":url, "body":body, "methodforcall":methodforcall])): Send request and verify the response successfully

2019-05-06 17:31:56 - [TEST_CASE][PASSED] - Start Test Case : Verification: Verification accomplished successfully

2019-05-06 17:31:56 - [TEST_STEP][PASSED] - request = getInstance().getCurrentRequest(): null

2019-05-06 17:31:56 - [TEST_STEP][PASSED] - response = getInstance().getCurrentResponse(): null

2019-05-06 17:31:56 - [MESSAGE][PASSED] - Verify response successfully

2019-05-06 17:31:56 - [MESSAGE][PASSED] - Send request and verify the response successfully

2019-05-06 17:31:56 - [TEST_STEP][PASSED] - verifyElementPropertyValue(Storeresponse, status, statuscode): Verify element property value successfully

2019-05-06 17:31:56 - [MESSAGE][PASSED] - Verify element property value successfully

2019-05-06 17:31:56 - [TEST_STEP][PASSED] - verifyElementPropertyValue(Storeresponse, messageid, messageidvalue): Verify element property value successfully

2019-05-06 17:31:56 - [MESSAGE][PASSED] - Verify element property value successfully

2019-05-06 17:31:56 - [TEST_STEP][PASSED] - if (statuscode == 200): null

2019-05-06 17:31:56 - [TEST_STEP][PASSED] - else: null]]></system-out>
         <system-err><![CDATA[]]></system-err>
      </testcase>
      <testcase name="Test Cases/test" classname="Test Cases/test" status="PASSED">
         <system-out><![CDATA[2019-05-06 17:31:56 - [TEST_CASE][PASSED] - Test Cases/test: Test Cases/test

2019-05-06 17:31:57 - [TEST_STEP][PASSED] - Storeresponse = sendRequestAndVerify(findTestObject("GLN Check - EOID", ["gln":glnparameter, "urlforcheckeoid":url, "body":body, "methodforcall":methodforcall])): Send request and verify the response successfully

2019-05-06 17:32:02 - [TEST_CASE][PASSED] - Start Test Case : Verification: Verification accomplished successfully

2019-05-06 17:32:02 - [TEST_STEP][PASSED] - request = getInstance().getCurrentRequest(): null

2019-05-06 17:32:03 - [TEST_STEP][PASSED] - response = getInstance().getCurrentResponse(): null

2019-05-06 17:32:03 - [MESSAGE][PASSED] - Verify response successfully

2019-05-06 17:32:03 - [MESSAGE][PASSED] - Send request and verify the response successfully

2019-05-06 17:32:03 - [TEST_STEP][PASSED] - verifyElementPropertyValue(Storeresponse, status, statuscode): Verify element property value successfully

2019-05-06 17:32:03 - [MESSAGE][PASSED] - Verify element property value successfully

2019-05-06 17:32:03 - [TEST_STEP][PASSED] - verifyElementPropertyValue(Storeresponse, messageid, messageidvalue): Verify element property value successfully

2019-05-06 17:32:03 - [MESSAGE][PASSED] - Verify element property value successfully

2019-05-06 17:32:03 - [TEST_STEP][PASSED] - if (statuscode == 200): null

2019-05-06 17:32:03 - [TEST_STEP][PASSED] - else: null]]></system-out>
         <system-err><![CDATA[]]></system-err>
      </testcase>
      <testcase name="Test Cases/test" classname="Test Cases/test" status="PASSED">
         <system-out><![CDATA[2019-05-06 17:32:03 - [TEST_CASE][PASSED] - Test Cases/test: Test Cases/test

2019-05-06 17:32:03 - [TEST_STEP][PASSED] - Storeresponse = sendRequestAndVerify(findTestObject("GLN Check - EOID", ["gln":glnparameter, "urlforcheckeoid":url, "body":body, "methodforcall":methodforcall])): Send request and verify the response successfully

2019-05-06 17:32:09 - [TEST_CASE][PASSED] - Start Test Case : Verification: Verification accomplished successfully

2019-05-06 17:32:10 - [TEST_STEP][PASSED] - request = getInstance().getCurrentRequest(): null

2019-05-06 17:32:10 - [TEST_STEP][PASSED] - response = getInstance().getCurrentResponse(): null

2019-05-06 17:32:10 - [MESSAGE][PASSED] - Verify response successfully

2019-05-06 17:32:10 - [MESSAGE][PASSED] - Send request and verify the response successfully

2019-05-06 17:32:10 - [TEST_STEP][PASSED] - verifyElementPropertyValue(Storeresponse, status, statuscode): Verify element property value successfully

2019-05-06 17:32:10 - [MESSAGE][PASSED] - Verify element property value successfully

2019-05-06 17:32:10 - [TEST_STEP][PASSED] - verifyElementPropertyValue(Storeresponse, messageid, messageidvalue): Verify element property value successfully

2019-05-06 17:32:10 - [MESSAGE][PASSED] - Verify element property value successfully

2019-05-06 17:32:10 - [TEST_STEP][PASSED] - if (statuscode == 200): null

2019-05-06 17:32:10 - [TEST_STEP][PASSED] - else: null]]></system-out>
         <system-err><![CDATA[]]></system-err>
      </testcase>
      <testcase name="Test Cases/test" classname="Test Cases/test" status="PASSED">
         <system-out><![CDATA[2019-05-06 17:32:10 - [TEST_CASE][PASSED] - Test Cases/test: Test Cases/test

2019-05-06 17:32:10 - [TEST_STEP][PASSED] - Storeresponse = sendRequestAndVerify(findTestObject("GLN Check - EOID", ["gln":glnparameter, "urlforcheckeoid":url, "body":body, "methodforcall":methodforcall])): Send request and verify the response successfully

2019-05-06 17:32:17 - [TEST_CASE][PASSED] - Start Test Case : Verification: Verification accomplished successfully

2019-05-06 17:32:18 - [TEST_STEP][PASSED] - request = getInstance().getCurrentRequest(): null

2019-05-06 17:32:18 - [TEST_STEP][PASSED] - response = getInstance().getCurrentResponse(): null

2019-05-06 17:32:18 - [MESSAGE][PASSED] - Verify response successfully

2019-05-06 17:32:18 - [MESSAGE][PASSED] - Send request and verify the response successfully

2019-05-06 17:32:18 - [TEST_STEP][PASSED] - verifyElementPropertyValue(Storeresponse, status, statuscode): Verify element property value successfully

2019-05-06 17:32:18 - [MESSAGE][PASSED] - Verify element property value successfully

2019-05-06 17:32:18 - [TEST_STEP][PASSED] - verifyElementPropertyValue(Storeresponse, messageid, messageidvalue): Verify element property value successfully

2019-05-06 17:32:18 - [MESSAGE][PASSED] - Verify element property value successfully

2019-05-06 17:32:18 - [TEST_STEP][PASSED] - if (statuscode == 200): null

2019-05-06 17:32:18 - [TEST_STEP][PASSED] - else: null]]></system-out>
         <system-err><![CDATA[]]></system-err>
      </testcase>
      <testcase name="Test Cases/test" classname="Test Cases/test" status="PASSED">
         <system-out><![CDATA[2019-05-06 17:32:18 - [TEST_CASE][PASSED] - Test Cases/test: Test Cases/test

2019-05-06 17:32:18 - [TEST_STEP][PASSED] - Storeresponse = sendRequestAndVerify(findTestObject("GLN Check - EOID", ["gln":glnparameter, "urlforcheckeoid":url, "body":body, "methodforcall":methodforcall])): Send request and verify the response successfully

2019-05-06 17:32:25 - [TEST_CASE][PASSED] - Start Test Case : Verification: Verification accomplished successfully

2019-05-06 17:32:25 - [TEST_STEP][PASSED] - request = getInstance().getCurrentRequest(): null

2019-05-06 17:32:25 - [TEST_STEP][PASSED] - response = getInstance().getCurrentResponse(): null

2019-05-06 17:32:25 - [MESSAGE][PASSED] - Verify response successfully

2019-05-06 17:32:25 - [MESSAGE][PASSED] - Send request and verify the response successfully

2019-05-06 17:32:25 - [TEST_STEP][PASSED] - verifyElementPropertyValue(Storeresponse, status, statuscode): Verify element property value successfully

2019-05-06 17:32:25 - [MESSAGE][PASSED] - Verify element property value successfully

2019-05-06 17:32:25 - [TEST_STEP][PASSED] - verifyElementPropertyValue(Storeresponse, messageid, messageidvalue): Verify element property value successfully

2019-05-06 17:32:25 - [MESSAGE][PASSED] - Verify element property value successfully

2019-05-06 17:32:25 - [TEST_STEP][PASSED] - if (statuscode == 200): null

2019-05-06 17:32:25 - [TEST_STEP][PASSED] - else: null]]></system-out>
         <system-err><![CDATA[]]></system-err>
      </testcase>
      <testcase name="Test Cases/test" classname="Test Cases/test" status="PASSED">
         <system-out><![CDATA[2019-05-06 17:32:25 - [TEST_CASE][PASSED] - Test Cases/test: Test Cases/test

2019-05-06 17:32:25 - [TEST_STEP][PASSED] - Storeresponse = sendRequestAndVerify(findTestObject("GLN Check - EOID", ["gln":glnparameter, "urlforcheckeoid":url, "body":body, "methodforcall":methodforcall])): Send request and verify the response successfully

2019-05-06 17:32:29 - [TEST_CASE][PASSED] - Start Test Case : Verification: Verification accomplished successfully

2019-05-06 17:32:30 - [TEST_STEP][PASSED] - request = getInstance().getCurrentRequest(): null

2019-05-06 17:32:30 - [TEST_STEP][PASSED] - response = getInstance().getCurrentResponse(): null

2019-05-06 17:32:30 - [MESSAGE][PASSED] - Verify response successfully

2019-05-06 17:32:30 - [MESSAGE][PASSED] - Send request and verify the response successfully

2019-05-06 17:32:30 - [TEST_STEP][PASSED] - verifyElementPropertyValue(Storeresponse, status, statuscode): Verify element property value successfully

2019-05-06 17:32:30 - [MESSAGE][PASSED] - Verify element property value successfully

2019-05-06 17:32:30 - [TEST_STEP][PASSED] - verifyElementPropertyValue(Storeresponse, messageid, messageidvalue): Verify element property value successfully

2019-05-06 17:32:30 - [MESSAGE][PASSED] - Verify element property value successfully

2019-05-06 17:32:30 - [TEST_STEP][PASSED] - if (statuscode == 200): null

2019-05-06 17:32:30 - [TEST_STEP][PASSED] - else: null]]></system-out>
         <system-err><![CDATA[]]></system-err>
      </testcase>
      <testcase name="Test Cases/test" classname="Test Cases/test" status="PASSED">
         <system-out><![CDATA[2019-05-06 17:32:30 - [TEST_CASE][PASSED] - Test Cases/test: Test Cases/test

2019-05-06 17:32:30 - [TEST_STEP][PASSED] - Storeresponse = sendRequestAndVerify(findTestObject("GLN Check - EOID", ["gln":glnparameter, "urlforcheckeoid":url, "body":body, "methodforcall":methodforcall])): Send request and verify the response successfully

2019-05-06 17:32:34 - [TEST_CASE][PASSED] - Start Test Case : Verification: Verification accomplished successfully

2019-05-06 17:32:34 - [TEST_STEP][PASSED] - request = getInstance().getCurrentRequest(): null

2019-05-06 17:32:34 - [TEST_STEP][PASSED] - response = getInstance().getCurrentResponse(): null

2019-05-06 17:32:34 - [MESSAGE][PASSED] - Verify response successfully

2019-05-06 17:32:34 - [MESSAGE][PASSED] - Send request and verify the response successfully

2019-05-06 17:32:34 - [TEST_STEP][PASSED] - verifyElementPropertyValue(Storeresponse, status, statuscode): Verify element property value successfully

2019-05-06 17:32:34 - [MESSAGE][PASSED] - Verify element property value successfully

2019-05-06 17:32:34 - [TEST_STEP][PASSED] - verifyElementPropertyValue(Storeresponse, messageid, messageidvalue): Verify element property value successfully

2019-05-06 17:32:34 - [MESSAGE][PASSED] - Verify element property value successfully

2019-05-06 17:32:34 - [TEST_STEP][PASSED] - if (statuscode == 200): null

2019-05-06 17:32:34 - [TEST_STEP][PASSED] - else: null]]></system-out>
         <system-err><![CDATA[]]></system-err>
      </testcase>
      <testcase name="Test Cases/test" classname="Test Cases/test" status="PASSED">
         <system-out><![CDATA[2019-05-06 17:32:34 - [TEST_CASE][PASSED] - Test Cases/test: Test Cases/test

2019-05-06 17:32:34 - [TEST_STEP][PASSED] - Storeresponse = sendRequestAndVerify(findTestObject("GLN Check - EOID", ["gln":glnparameter, "urlforcheckeoid":url, "body":body, "methodforcall":methodforcall])): Send request and verify the response successfully

2019-05-06 17:32:39 - [TEST_CASE][PASSED] - Start Test Case : Verification: Verification accomplished successfully

2019-05-06 17:32:39 - [TEST_STEP][PASSED] - request = getInstance().getCurrentRequest(): null

2019-05-06 17:32:39 - [TEST_STEP][PASSED] - response = getInstance().getCurrentResponse(): null

2019-05-06 17:32:39 - [MESSAGE][PASSED] - Verify response successfully

2019-05-06 17:32:39 - [MESSAGE][PASSED] - Send request and verify the response successfully

2019-05-06 17:32:39 - [TEST_STEP][PASSED] - verifyElementPropertyValue(Storeresponse, status, statuscode): Verify element property value successfully

2019-05-06 17:32:39 - [MESSAGE][PASSED] - Verify element property value successfully

2019-05-06 17:32:39 - [TEST_STEP][PASSED] - verifyElementPropertyValue(Storeresponse, messageid, messageidvalue): Verify element property value successfully

2019-05-06 17:32:39 - [MESSAGE][PASSED] - Verify element property value successfully

2019-05-06 17:32:39 - [TEST_STEP][PASSED] - if (statuscode == 200): null

2019-05-06 17:32:39 - [TEST_STEP][PASSED] - else: null]]></system-out>
         <system-err><![CDATA[]]></system-err>
      </testcase>
      <testcase name="Test Cases/test" classname="Test Cases/test" status="PASSED">
         <system-out><![CDATA[2019-05-06 17:32:39 - [TEST_CASE][PASSED] - Test Cases/test: Test Cases/test

2019-05-06 17:32:39 - [TEST_STEP][PASSED] - Storeresponse = sendRequestAndVerify(findTestObject("GLN Check - EOID", ["gln":glnparameter, "urlforcheckeoid":url, "body":body, "methodforcall":methodforcall])): Send request and verify the response successfully

2019-05-06 17:32:48 - [TEST_CASE][PASSED] - Start Test Case : Verification: Verification accomplished successfully

2019-05-06 17:32:48 - [TEST_STEP][PASSED] - request = getInstance().getCurrentRequest(): null

2019-05-06 17:32:48 - [TEST_STEP][PASSED] - response = getInstance().getCurrentResponse(): null

2019-05-06 17:32:48 - [MESSAGE][PASSED] - Verify response successfully

2019-05-06 17:32:48 - [MESSAGE][PASSED] - Send request and verify the response successfully

2019-05-06 17:32:48 - [TEST_STEP][PASSED] - verifyElementPropertyValue(Storeresponse, status, statuscode): Verify element property value successfully

2019-05-06 17:32:48 - [MESSAGE][PASSED] - Verify element property value successfully

2019-05-06 17:32:48 - [TEST_STEP][PASSED] - verifyElementPropertyValue(Storeresponse, messageid, messageidvalue): Verify element property value successfully

2019-05-06 17:32:48 - [MESSAGE][PASSED] - Verify element property value successfully

2019-05-06 17:32:48 - [TEST_STEP][PASSED] - if (statuscode == 200): null

2019-05-06 17:32:48 - [TEST_STEP][PASSED] - else: null]]></system-out>
         <system-err><![CDATA[]]></system-err>
      </testcase>
      <system-out><![CDATA[2019-05-06 17:30:43 - [TEST_SUITE][PASSED] - FIt-test suite: Test Cases/test]]></system-out>
      <system-err><![CDATA[]]></system-err>
   </testsuite>
</testsuites>
