<?xml version="1.0" encoding="UTF-8"?>
<testsuites name="FIt-test suite" time="107" tests="41" failures="0" errors="0">
   <testsuite name="FIt-test suite" tests="41" failures="0" errors="0" time="107" timestamp="2019-05-28 15:52:21" hostname="Lavanya_DF - DESKTOP-T5KOPIL" id="Test Suites/FIt-test suite">
      <properties>
         <property name="deviceName" value=""/>
         <property name="devicePlatform" value=""/>
         <property name="logFolder" value="C:\\Users\\Lavanya_DF\\Downloads\\GS1 FIT\\GS1 FIT\\Reports\\FIt-test suite\\20190528_155218"/>
         <property name="logFiles" value="C:\\Users\\Lavanya_DF\\Downloads\\GS1 FIT\\GS1 FIT\\Reports\\FIt-test suite\\20190528_155218\\execution0.log"/>
         <property name="attachments" value=""/>
         <property name="hostName" value="Lavanya_DF - DESKTOP-T5KOPIL"/>
         <property name="hostAddress" value="192.168.0.153"/>
         <property name="os" value="Windows 10 64bit"/>
         <property name="katalonVersion" value="6.1.2.2"/>
      </properties>
      <testcase name="Test Cases/test" classname="Test Cases/test" status="PASSED">
         <system-out><![CDATA[2019-05-28 15:52:21 - [TEST_CASE][PASSED] - Test Cases/test: Test Cases/test

2019-05-28 15:52:21 - [TEST_STEP][PASSED] - if (methodforcall == "PUT"): Send request and verify the response successfully

2019-05-28 15:52:21 - [TEST_STEP][PASSED] - Storeresponse2 = sendRequestAndVerify(findTestObject("GLN deregister - EOID", ["url":url, "methodforcall":methodforcall, "status":status, "statuscode":statuscode, "message":message, "messagevalue":messagevalue])): Send request and verify the response successfully

2019-05-28 15:52:26 - [TEST_CASE][PASSED] - Start Test Case : Verification: Verification accomplished successfully

2019-05-28 15:52:26 - [TEST_STEP][PASSED] - return null: null

2019-05-28 15:52:26 - [MESSAGE][PASSED] - Verify response successfully

2019-05-28 15:52:26 - [MESSAGE][PASSED] - Send request and verify the response successfully]]></system-out>
         <system-err><![CDATA[]]></system-err>
      </testcase>
      <testcase name="Test Cases/test" classname="Test Cases/test" status="PASSED">
         <system-out><![CDATA[2019-05-28 15:52:26 - [TEST_CASE][PASSED] - Test Cases/test: Test Cases/test

2019-05-28 15:52:26 - [TEST_STEP][PASSED] - if (methodforcall == "PUT"): Send request and verify the response successfully

2019-05-28 15:52:26 - [TEST_STEP][PASSED] - Storeresponse2 = sendRequestAndVerify(findTestObject("GLN deregister - EOID", ["url":url, "methodforcall":methodforcall, "status":status, "statuscode":statuscode, "message":message, "messagevalue":messagevalue])): Send request and verify the response successfully

2019-05-28 15:52:30 - [TEST_CASE][PASSED] - Start Test Case : Verification: Verification accomplished successfully

2019-05-28 15:52:30 - [TEST_STEP][PASSED] - return null: null

2019-05-28 15:52:30 - [MESSAGE][PASSED] - Verify response successfully

2019-05-28 15:52:30 - [MESSAGE][PASSED] - Send request and verify the response successfully]]></system-out>
         <system-err><![CDATA[]]></system-err>
      </testcase>
      <testcase name="Test Cases/test" classname="Test Cases/test" status="PASSED">
         <system-out><![CDATA[2019-05-28 15:52:30 - [TEST_CASE][PASSED] - Test Cases/test: Test Cases/test

2019-05-28 15:52:30 - [TEST_STEP][PASSED] - if (methodforcall == "PUT"): Send request and verify the response successfully

2019-05-28 15:52:30 - [TEST_STEP][PASSED] - Storeresponse2 = sendRequestAndVerify(findTestObject("GLN deregister - EOID", ["url":url, "methodforcall":methodforcall, "status":status, "statuscode":statuscode, "message":message, "messagevalue":messagevalue])): Send request and verify the response successfully

2019-05-28 15:52:34 - [TEST_CASE][PASSED] - Start Test Case : Verification: Verification accomplished successfully

2019-05-28 15:52:34 - [TEST_STEP][PASSED] - return null: null

2019-05-28 15:52:34 - [MESSAGE][PASSED] - Verify response successfully

2019-05-28 15:52:34 - [MESSAGE][PASSED] - Send request and verify the response successfully]]></system-out>
         <system-err><![CDATA[]]></system-err>
      </testcase>
      <testcase name="Test Cases/test" classname="Test Cases/test" status="PASSED">
         <system-out><![CDATA[2019-05-28 15:52:34 - [TEST_CASE][PASSED] - Test Cases/test: Test Cases/test

2019-05-28 15:52:34 - [TEST_STEP][PASSED] - if (methodforcall == "PUT"): Send request and verify the response successfully

2019-05-28 15:52:34 - [TEST_STEP][PASSED] - Storeresponse2 = sendRequestAndVerify(findTestObject("GLN deregister - EOID", ["url":url, "methodforcall":methodforcall, "status":status, "statuscode":statuscode, "message":message, "messagevalue":messagevalue])): Send request and verify the response successfully

2019-05-28 15:52:37 - [TEST_CASE][PASSED] - Start Test Case : Verification: Verification accomplished successfully

2019-05-28 15:52:37 - [TEST_STEP][PASSED] - return null: null

2019-05-28 15:52:37 - [MESSAGE][PASSED] - Verify response successfully

2019-05-28 15:52:37 - [MESSAGE][PASSED] - Send request and verify the response successfully]]></system-out>
         <system-err><![CDATA[]]></system-err>
      </testcase>
      <testcase name="Test Cases/test" classname="Test Cases/test" status="PASSED">
         <system-out><![CDATA[2019-05-28 15:52:37 - [TEST_CASE][PASSED] - Test Cases/test: Test Cases/test

2019-05-28 15:52:37 - [TEST_STEP][PASSED] - if (methodforcall == "PUT"): Send request and verify the response successfully

2019-05-28 15:52:37 - [TEST_STEP][PASSED] - Storeresponse2 = sendRequestAndVerify(findTestObject("GLN deregister - EOID", ["url":url, "methodforcall":methodforcall, "status":status, "statuscode":statuscode, "message":message, "messagevalue":messagevalue])): Send request and verify the response successfully

2019-05-28 15:52:40 - [TEST_CASE][PASSED] - Start Test Case : Verification: Verification accomplished successfully

2019-05-28 15:52:40 - [TEST_STEP][PASSED] - return null: null

2019-05-28 15:52:40 - [MESSAGE][PASSED] - Verify response successfully

2019-05-28 15:52:40 - [MESSAGE][PASSED] - Send request and verify the response successfully]]></system-out>
         <system-err><![CDATA[]]></system-err>
      </testcase>
      <testcase name="Test Cases/test" classname="Test Cases/test" status="PASSED">
         <system-out><![CDATA[2019-05-28 15:52:40 - [TEST_CASE][PASSED] - Test Cases/test: Test Cases/test

2019-05-28 15:52:41 - [TEST_STEP][PASSED] - if (methodforcall == "PUT"): Send request and verify the response successfully

2019-05-28 15:52:41 - [TEST_STEP][PASSED] - Storeresponse2 = sendRequestAndVerify(findTestObject("GLN deregister - EOID", ["url":url, "methodforcall":methodforcall, "status":status, "statuscode":statuscode, "message":message, "messagevalue":messagevalue])): Send request and verify the response successfully

2019-05-28 15:52:45 - [TEST_CASE][PASSED] - Start Test Case : Verification: Verification accomplished successfully

2019-05-28 15:52:45 - [TEST_STEP][PASSED] - return null: null

2019-05-28 15:52:45 - [MESSAGE][PASSED] - Verify response successfully

2019-05-28 15:52:45 - [MESSAGE][PASSED] - Send request and verify the response successfully]]></system-out>
         <system-err><![CDATA[]]></system-err>
      </testcase>
      <testcase name="Test Cases/test" classname="Test Cases/test" status="PASSED">
         <system-out><![CDATA[2019-05-28 15:52:45 - [TEST_CASE][PASSED] - Test Cases/test: Test Cases/test

2019-05-28 15:52:45 - [TEST_STEP][PASSED] - if (methodforcall == "PUT"): Send request and verify the response successfully

2019-05-28 15:52:45 - [TEST_STEP][PASSED] - Storeresponse2 = sendRequestAndVerify(findTestObject("GLN deregister - EOID", ["url":url, "methodforcall":methodforcall, "status":status, "statuscode":statuscode, "message":message, "messagevalue":messagevalue])): Send request and verify the response successfully

2019-05-28 15:52:48 - [TEST_CASE][PASSED] - Start Test Case : Verification: Verification accomplished successfully

2019-05-28 15:52:48 - [TEST_STEP][PASSED] - return null: null

2019-05-28 15:52:48 - [MESSAGE][PASSED] - Verify response successfully

2019-05-28 15:52:48 - [MESSAGE][PASSED] - Send request and verify the response successfully]]></system-out>
         <system-err><![CDATA[]]></system-err>
      </testcase>
      <testcase name="Test Cases/test" classname="Test Cases/test" status="PASSED">
         <system-out><![CDATA[2019-05-28 15:52:48 - [TEST_CASE][PASSED] - Test Cases/test: Test Cases/test

2019-05-28 15:52:48 - [TEST_STEP][PASSED] - if (methodforcall == "PUT"): Send request and verify the response successfully

2019-05-28 15:52:48 - [TEST_STEP][PASSED] - Storeresponse2 = sendRequestAndVerify(findTestObject("GLN deregister - EOID", ["url":url, "methodforcall":methodforcall, "status":status, "statuscode":statuscode, "message":message, "messagevalue":messagevalue])): Send request and verify the response successfully

2019-05-28 15:52:51 - [TEST_CASE][PASSED] - Start Test Case : Verification: Verification accomplished successfully

2019-05-28 15:52:51 - [TEST_STEP][PASSED] - return null: null

2019-05-28 15:52:51 - [MESSAGE][PASSED] - Verify response successfully

2019-05-28 15:52:51 - [MESSAGE][PASSED] - Send request and verify the response successfully]]></system-out>
         <system-err><![CDATA[]]></system-err>
      </testcase>
      <testcase name="Test Cases/test" classname="Test Cases/test" status="PASSED">
         <system-out><![CDATA[2019-05-28 15:52:51 - [TEST_CASE][PASSED] - Test Cases/test: Test Cases/test

2019-05-28 15:52:51 - [TEST_STEP][PASSED] - if (methodforcall == "PUT"): Send request and verify the response successfully

2019-05-28 15:52:51 - [TEST_STEP][PASSED] - Storeresponse2 = sendRequestAndVerify(findTestObject("GLN deregister - EOID", ["url":url, "methodforcall":methodforcall, "status":status, "statuscode":statuscode, "message":message, "messagevalue":messagevalue])): Send request and verify the response successfully

2019-05-28 15:52:55 - [TEST_CASE][PASSED] - Start Test Case : Verification: Verification accomplished successfully

2019-05-28 15:52:55 - [TEST_STEP][PASSED] - return null: null

2019-05-28 15:52:55 - [MESSAGE][PASSED] - Verify response successfully

2019-05-28 15:52:55 - [MESSAGE][PASSED] - Send request and verify the response successfully]]></system-out>
         <system-err><![CDATA[]]></system-err>
      </testcase>
      <testcase name="Test Cases/test" classname="Test Cases/test" status="PASSED">
         <system-out><![CDATA[2019-05-28 15:52:55 - [TEST_CASE][PASSED] - Test Cases/test: Test Cases/test

2019-05-28 15:52:55 - [TEST_STEP][PASSED] - if (methodforcall == "PUT"): Send request and verify the response successfully

2019-05-28 15:52:55 - [TEST_STEP][PASSED] - Storeresponse2 = sendRequestAndVerify(findTestObject("GLN deregister - EOID", ["url":url, "methodforcall":methodforcall, "status":status, "statuscode":statuscode, "message":message, "messagevalue":messagevalue])): Send request and verify the response successfully

2019-05-28 15:52:57 - [TEST_CASE][PASSED] - Start Test Case : Verification: Verification accomplished successfully

2019-05-28 15:52:57 - [TEST_STEP][PASSED] - return null: null

2019-05-28 15:52:57 - [MESSAGE][PASSED] - Verify response successfully

2019-05-28 15:52:57 - [MESSAGE][PASSED] - Send request and verify the response successfully]]></system-out>
         <system-err><![CDATA[]]></system-err>
      </testcase>
      <testcase name="Test Cases/test" classname="Test Cases/test" status="PASSED">
         <system-out><![CDATA[2019-05-28 15:52:57 - [TEST_CASE][PASSED] - Test Cases/test: Test Cases/test

2019-05-28 15:52:57 - [TEST_STEP][PASSED] - if (methodforcall == "PUT"): Send request and verify the response successfully

2019-05-28 15:52:57 - [TEST_STEP][PASSED] - Storeresponse2 = sendRequestAndVerify(findTestObject("GLN deregister - EOID", ["url":url, "methodforcall":methodforcall, "status":status, "statuscode":statuscode, "message":message, "messagevalue":messagevalue])): Send request and verify the response successfully

2019-05-28 15:52:59 - [TEST_CASE][PASSED] - Start Test Case : Verification: Verification accomplished successfully

2019-05-28 15:52:59 - [TEST_STEP][PASSED] - return null: null

2019-05-28 15:52:59 - [MESSAGE][PASSED] - Verify response successfully

2019-05-28 15:52:59 - [MESSAGE][PASSED] - Send request and verify the response successfully]]></system-out>
         <system-err><![CDATA[]]></system-err>
      </testcase>
      <testcase name="Test Cases/test" classname="Test Cases/test" status="PASSED">
         <system-out><![CDATA[2019-05-28 15:52:59 - [TEST_CASE][PASSED] - Test Cases/test: Test Cases/test

2019-05-28 15:52:59 - [TEST_STEP][PASSED] - if (methodforcall == "PUT"): Send request and verify the response successfully

2019-05-28 15:52:59 - [TEST_STEP][PASSED] - Storeresponse2 = sendRequestAndVerify(findTestObject("GLN deregister - EOID", ["url":url, "methodforcall":methodforcall, "status":status, "statuscode":statuscode, "message":message, "messagevalue":messagevalue])): Send request and verify the response successfully

2019-05-28 15:53:01 - [TEST_CASE][PASSED] - Start Test Case : Verification: Verification accomplished successfully

2019-05-28 15:53:01 - [TEST_STEP][PASSED] - return null: null

2019-05-28 15:53:01 - [MESSAGE][PASSED] - Verify response successfully

2019-05-28 15:53:01 - [MESSAGE][PASSED] - Send request and verify the response successfully]]></system-out>
         <system-err><![CDATA[]]></system-err>
      </testcase>
      <testcase name="Test Cases/test" classname="Test Cases/test" status="PASSED">
         <system-out><![CDATA[2019-05-28 15:53:01 - [TEST_CASE][PASSED] - Test Cases/test: Test Cases/test

2019-05-28 15:53:01 - [TEST_STEP][PASSED] - if (methodforcall == "PUT"): Send request and verify the response successfully

2019-05-28 15:53:01 - [TEST_STEP][PASSED] - Storeresponse2 = sendRequestAndVerify(findTestObject("GLN deregister - EOID", ["url":url, "methodforcall":methodforcall, "status":status, "statuscode":statuscode, "message":message, "messagevalue":messagevalue])): Send request and verify the response successfully

2019-05-28 15:53:04 - [TEST_CASE][PASSED] - Start Test Case : Verification: Verification accomplished successfully

2019-05-28 15:53:04 - [TEST_STEP][PASSED] - return null: null

2019-05-28 15:53:04 - [MESSAGE][PASSED] - Verify response successfully

2019-05-28 15:53:04 - [MESSAGE][PASSED] - Send request and verify the response successfully]]></system-out>
         <system-err><![CDATA[]]></system-err>
      </testcase>
      <testcase name="Test Cases/test" classname="Test Cases/test" status="PASSED">
         <system-out><![CDATA[2019-05-28 15:53:04 - [TEST_CASE][PASSED] - Test Cases/test: Test Cases/test

2019-05-28 15:53:04 - [TEST_STEP][PASSED] - if (methodforcall == "PUT"): Send request and verify the response successfully

2019-05-28 15:53:04 - [TEST_STEP][PASSED] - Storeresponse2 = sendRequestAndVerify(findTestObject("GLN deregister - EOID", ["url":url, "methodforcall":methodforcall, "status":status, "statuscode":statuscode, "message":message, "messagevalue":messagevalue])): Send request and verify the response successfully

2019-05-28 15:53:06 - [TEST_CASE][PASSED] - Start Test Case : Verification: Verification accomplished successfully

2019-05-28 15:53:06 - [TEST_STEP][PASSED] - return null: null

2019-05-28 15:53:06 - [MESSAGE][PASSED] - Verify response successfully

2019-05-28 15:53:06 - [MESSAGE][PASSED] - Send request and verify the response successfully]]></system-out>
         <system-err><![CDATA[]]></system-err>
      </testcase>
      <testcase name="Test Cases/test" classname="Test Cases/test" status="PASSED">
         <system-out><![CDATA[2019-05-28 15:53:06 - [TEST_CASE][PASSED] - Test Cases/test: Test Cases/test

2019-05-28 15:53:06 - [TEST_STEP][PASSED] - if (methodforcall == "PUT"): Send request and verify the response successfully

2019-05-28 15:53:06 - [TEST_STEP][PASSED] - Storeresponse2 = sendRequestAndVerify(findTestObject("GLN deregister - EOID", ["url":url, "methodforcall":methodforcall, "status":status, "statuscode":statuscode, "message":message, "messagevalue":messagevalue])): Send request and verify the response successfully

2019-05-28 15:53:09 - [TEST_CASE][PASSED] - Start Test Case : Verification: Verification accomplished successfully

2019-05-28 15:53:09 - [TEST_STEP][PASSED] - return null: null

2019-05-28 15:53:09 - [MESSAGE][PASSED] - Verify response successfully

2019-05-28 15:53:09 - [MESSAGE][PASSED] - Send request and verify the response successfully]]></system-out>
         <system-err><![CDATA[]]></system-err>
      </testcase>
      <testcase name="Test Cases/test" classname="Test Cases/test" status="PASSED">
         <system-out><![CDATA[2019-05-28 15:53:09 - [TEST_CASE][PASSED] - Test Cases/test: Test Cases/test

2019-05-28 15:53:09 - [TEST_STEP][PASSED] - if (methodforcall == "PUT"): Send request and verify the response successfully

2019-05-28 15:53:09 - [TEST_STEP][PASSED] - Storeresponse2 = sendRequestAndVerify(findTestObject("GLN deregister - EOID", ["url":url, "methodforcall":methodforcall, "status":status, "statuscode":statuscode, "message":message, "messagevalue":messagevalue])): Send request and verify the response successfully

2019-05-28 15:53:11 - [TEST_CASE][PASSED] - Start Test Case : Verification: Verification accomplished successfully

2019-05-28 15:53:11 - [TEST_STEP][PASSED] - return null: null

2019-05-28 15:53:11 - [MESSAGE][PASSED] - Verify response successfully

2019-05-28 15:53:11 - [MESSAGE][PASSED] - Send request and verify the response successfully]]></system-out>
         <system-err><![CDATA[]]></system-err>
      </testcase>
      <testcase name="Test Cases/test" classname="Test Cases/test" status="PASSED">
         <system-out><![CDATA[2019-05-28 15:53:11 - [TEST_CASE][PASSED] - Test Cases/test: Test Cases/test

2019-05-28 15:53:11 - [TEST_STEP][PASSED] - if (methodforcall == "PUT"): Send request and verify the response successfully

2019-05-28 15:53:11 - [TEST_STEP][PASSED] - Storeresponse2 = sendRequestAndVerify(findTestObject("GLN deregister - EOID", ["url":url, "methodforcall":methodforcall, "status":status, "statuscode":statuscode, "message":message, "messagevalue":messagevalue])): Send request and verify the response successfully

2019-05-28 15:53:13 - [TEST_CASE][PASSED] - Start Test Case : Verification: Verification accomplished successfully

2019-05-28 15:53:13 - [TEST_STEP][PASSED] - return null: null

2019-05-28 15:53:13 - [MESSAGE][PASSED] - Verify response successfully

2019-05-28 15:53:13 - [MESSAGE][PASSED] - Send request and verify the response successfully]]></system-out>
         <system-err><![CDATA[]]></system-err>
      </testcase>
      <testcase name="Test Cases/test" classname="Test Cases/test" status="PASSED">
         <system-out><![CDATA[2019-05-28 15:53:13 - [TEST_CASE][PASSED] - Test Cases/test: Test Cases/test

2019-05-28 15:53:13 - [TEST_STEP][PASSED] - if (methodforcall == "PUT"): Send request and verify the response successfully

2019-05-28 15:53:13 - [TEST_STEP][PASSED] - Storeresponse2 = sendRequestAndVerify(findTestObject("GLN deregister - EOID", ["url":url, "methodforcall":methodforcall, "status":status, "statuscode":statuscode, "message":message, "messagevalue":messagevalue])): Send request and verify the response successfully

2019-05-28 15:53:15 - [TEST_CASE][PASSED] - Start Test Case : Verification: Verification accomplished successfully

2019-05-28 15:53:15 - [TEST_STEP][PASSED] - return null: null

2019-05-28 15:53:15 - [MESSAGE][PASSED] - Verify response successfully

2019-05-28 15:53:15 - [MESSAGE][PASSED] - Send request and verify the response successfully]]></system-out>
         <system-err><![CDATA[]]></system-err>
      </testcase>
      <testcase name="Test Cases/test" classname="Test Cases/test" status="PASSED">
         <system-out><![CDATA[2019-05-28 15:53:15 - [TEST_CASE][PASSED] - Test Cases/test: Test Cases/test

2019-05-28 15:53:15 - [TEST_STEP][PASSED] - if (methodforcall == "PUT"): Send request and verify the response successfully

2019-05-28 15:53:15 - [TEST_STEP][PASSED] - Storeresponse2 = sendRequestAndVerify(findTestObject("GLN deregister - EOID", ["url":url, "methodforcall":methodforcall, "status":status, "statuscode":statuscode, "message":message, "messagevalue":messagevalue])): Send request and verify the response successfully

2019-05-28 15:53:17 - [TEST_CASE][PASSED] - Start Test Case : Verification: Verification accomplished successfully

2019-05-28 15:53:17 - [TEST_STEP][PASSED] - return null: null

2019-05-28 15:53:17 - [MESSAGE][PASSED] - Verify response successfully

2019-05-28 15:53:17 - [MESSAGE][PASSED] - Send request and verify the response successfully]]></system-out>
         <system-err><![CDATA[]]></system-err>
      </testcase>
      <testcase name="Test Cases/test" classname="Test Cases/test" status="PASSED">
         <system-out><![CDATA[2019-05-28 15:53:17 - [TEST_CASE][PASSED] - Test Cases/test: Test Cases/test

2019-05-28 15:53:17 - [TEST_STEP][PASSED] - if (methodforcall == "PUT"): Send request and verify the response successfully

2019-05-28 15:53:17 - [TEST_STEP][PASSED] - Storeresponse2 = sendRequestAndVerify(findTestObject("GLN deregister - EOID", ["url":url, "methodforcall":methodforcall, "status":status, "statuscode":statuscode, "message":message, "messagevalue":messagevalue])): Send request and verify the response successfully

2019-05-28 15:53:19 - [TEST_CASE][PASSED] - Start Test Case : Verification: Verification accomplished successfully

2019-05-28 15:53:19 - [TEST_STEP][PASSED] - return null: null

2019-05-28 15:53:19 - [MESSAGE][PASSED] - Verify response successfully

2019-05-28 15:53:19 - [MESSAGE][PASSED] - Send request and verify the response successfully]]></system-out>
         <system-err><![CDATA[]]></system-err>
      </testcase>
      <testcase name="Test Cases/test" classname="Test Cases/test" status="PASSED">
         <system-out><![CDATA[2019-05-28 15:53:19 - [TEST_CASE][PASSED] - Test Cases/test: Test Cases/test

2019-05-28 15:53:19 - [TEST_STEP][PASSED] - if (methodforcall == "PUT"): Send request and verify the response successfully

2019-05-28 15:53:19 - [TEST_STEP][PASSED] - Storeresponse2 = sendRequestAndVerify(findTestObject("GLN deregister - EOID", ["url":url, "methodforcall":methodforcall, "status":status, "statuscode":statuscode, "message":message, "messagevalue":messagevalue])): Send request and verify the response successfully

2019-05-28 15:53:21 - [TEST_CASE][PASSED] - Start Test Case : Verification: Verification accomplished successfully

2019-05-28 15:53:21 - [TEST_STEP][PASSED] - return null: null

2019-05-28 15:53:21 - [MESSAGE][PASSED] - Verify response successfully

2019-05-28 15:53:21 - [MESSAGE][PASSED] - Send request and verify the response successfully]]></system-out>
         <system-err><![CDATA[]]></system-err>
      </testcase>
      <testcase name="Test Cases/test" classname="Test Cases/test" status="PASSED">
         <system-out><![CDATA[2019-05-28 15:53:21 - [TEST_CASE][PASSED] - Test Cases/test: Test Cases/test

2019-05-28 15:53:21 - [TEST_STEP][PASSED] - if (methodforcall == "PUT"): Send request and verify the response successfully

2019-05-28 15:53:21 - [TEST_STEP][PASSED] - Storeresponse2 = sendRequestAndVerify(findTestObject("GLN deregister - EOID", ["url":url, "methodforcall":methodforcall, "status":status, "statuscode":statuscode, "message":message, "messagevalue":messagevalue])): Send request and verify the response successfully

2019-05-28 15:53:24 - [TEST_CASE][PASSED] - Start Test Case : Verification: Verification accomplished successfully

2019-05-28 15:53:24 - [TEST_STEP][PASSED] - return null: null

2019-05-28 15:53:24 - [MESSAGE][PASSED] - Verify response successfully

2019-05-28 15:53:24 - [MESSAGE][PASSED] - Send request and verify the response successfully]]></system-out>
         <system-err><![CDATA[]]></system-err>
      </testcase>
      <testcase name="Test Cases/test" classname="Test Cases/test" status="PASSED">
         <system-out><![CDATA[2019-05-28 15:53:24 - [TEST_CASE][PASSED] - Test Cases/test: Test Cases/test

2019-05-28 15:53:24 - [TEST_STEP][PASSED] - if (methodforcall == "PUT"): Send request and verify the response successfully

2019-05-28 15:53:24 - [TEST_STEP][PASSED] - Storeresponse2 = sendRequestAndVerify(findTestObject("GLN deregister - EOID", ["url":url, "methodforcall":methodforcall, "status":status, "statuscode":statuscode, "message":message, "messagevalue":messagevalue])): Send request and verify the response successfully

2019-05-28 15:53:26 - [TEST_CASE][PASSED] - Start Test Case : Verification: Verification accomplished successfully

2019-05-28 15:53:26 - [TEST_STEP][PASSED] - return null: null

2019-05-28 15:53:26 - [MESSAGE][PASSED] - Verify response successfully

2019-05-28 15:53:26 - [MESSAGE][PASSED] - Send request and verify the response successfully]]></system-out>
         <system-err><![CDATA[]]></system-err>
      </testcase>
      <testcase name="Test Cases/test" classname="Test Cases/test" status="PASSED">
         <system-out><![CDATA[2019-05-28 15:53:26 - [TEST_CASE][PASSED] - Test Cases/test: Test Cases/test

2019-05-28 15:53:26 - [TEST_STEP][PASSED] - if (methodforcall == "PUT"): Send request and verify the response successfully

2019-05-28 15:53:26 - [TEST_STEP][PASSED] - Storeresponse2 = sendRequestAndVerify(findTestObject("GLN deregister - EOID", ["url":url, "methodforcall":methodforcall, "status":status, "statuscode":statuscode, "message":message, "messagevalue":messagevalue])): Send request and verify the response successfully

2019-05-28 15:53:28 - [TEST_CASE][PASSED] - Start Test Case : Verification: Verification accomplished successfully

2019-05-28 15:53:28 - [TEST_STEP][PASSED] - return null: null

2019-05-28 15:53:28 - [MESSAGE][PASSED] - Verify response successfully

2019-05-28 15:53:28 - [MESSAGE][PASSED] - Send request and verify the response successfully]]></system-out>
         <system-err><![CDATA[]]></system-err>
      </testcase>
      <testcase name="Test Cases/test" classname="Test Cases/test" status="PASSED">
         <system-out><![CDATA[2019-05-28 15:53:28 - [TEST_CASE][PASSED] - Test Cases/test: Test Cases/test

2019-05-28 15:53:28 - [TEST_STEP][PASSED] - if (methodforcall == "PUT"): Send request and verify the response successfully

2019-05-28 15:53:28 - [TEST_STEP][PASSED] - Storeresponse2 = sendRequestAndVerify(findTestObject("GLN deregister - EOID", ["url":url, "methodforcall":methodforcall, "status":status, "statuscode":statuscode, "message":message, "messagevalue":messagevalue])): Send request and verify the response successfully

2019-05-28 15:53:30 - [TEST_CASE][PASSED] - Start Test Case : Verification: Verification accomplished successfully

2019-05-28 15:53:30 - [TEST_STEP][PASSED] - return null: null

2019-05-28 15:53:30 - [MESSAGE][PASSED] - Verify response successfully

2019-05-28 15:53:30 - [MESSAGE][PASSED] - Send request and verify the response successfully]]></system-out>
         <system-err><![CDATA[]]></system-err>
      </testcase>
      <testcase name="Test Cases/test" classname="Test Cases/test" status="PASSED">
         <system-out><![CDATA[2019-05-28 15:53:30 - [TEST_CASE][PASSED] - Test Cases/test: Test Cases/test

2019-05-28 15:53:30 - [TEST_STEP][PASSED] - if (methodforcall == "PUT"): Send request and verify the response successfully

2019-05-28 15:53:30 - [TEST_STEP][PASSED] - Storeresponse2 = sendRequestAndVerify(findTestObject("GLN deregister - EOID", ["url":url, "methodforcall":methodforcall, "status":status, "statuscode":statuscode, "message":message, "messagevalue":messagevalue])): Send request and verify the response successfully

2019-05-28 15:53:32 - [TEST_CASE][PASSED] - Start Test Case : Verification: Verification accomplished successfully

2019-05-28 15:53:32 - [TEST_STEP][PASSED] - return null: null

2019-05-28 15:53:32 - [MESSAGE][PASSED] - Verify response successfully

2019-05-28 15:53:32 - [MESSAGE][PASSED] - Send request and verify the response successfully]]></system-out>
         <system-err><![CDATA[]]></system-err>
      </testcase>
      <testcase name="Test Cases/test" classname="Test Cases/test" status="PASSED">
         <system-out><![CDATA[2019-05-28 15:53:32 - [TEST_CASE][PASSED] - Test Cases/test: Test Cases/test

2019-05-28 15:53:32 - [TEST_STEP][PASSED] - if (methodforcall == "PUT"): Send request and verify the response successfully

2019-05-28 15:53:32 - [TEST_STEP][PASSED] - Storeresponse2 = sendRequestAndVerify(findTestObject("GLN deregister - EOID", ["url":url, "methodforcall":methodforcall, "status":status, "statuscode":statuscode, "message":message, "messagevalue":messagevalue])): Send request and verify the response successfully

2019-05-28 15:53:34 - [TEST_CASE][PASSED] - Start Test Case : Verification: Verification accomplished successfully

2019-05-28 15:53:34 - [TEST_STEP][PASSED] - return null: null

2019-05-28 15:53:34 - [MESSAGE][PASSED] - Verify response successfully

2019-05-28 15:53:34 - [MESSAGE][PASSED] - Send request and verify the response successfully]]></system-out>
         <system-err><![CDATA[]]></system-err>
      </testcase>
      <testcase name="Test Cases/test" classname="Test Cases/test" status="PASSED">
         <system-out><![CDATA[2019-05-28 15:53:34 - [TEST_CASE][PASSED] - Test Cases/test: Test Cases/test

2019-05-28 15:53:34 - [TEST_STEP][PASSED] - if (methodforcall == "PUT"): Send request and verify the response successfully

2019-05-28 15:53:34 - [TEST_STEP][PASSED] - Storeresponse2 = sendRequestAndVerify(findTestObject("GLN deregister - EOID", ["url":url, "methodforcall":methodforcall, "status":status, "statuscode":statuscode, "message":message, "messagevalue":messagevalue])): Send request and verify the response successfully

2019-05-28 15:53:36 - [TEST_CASE][PASSED] - Start Test Case : Verification: Verification accomplished successfully

2019-05-28 15:53:37 - [TEST_STEP][PASSED] - return null: null

2019-05-28 15:53:37 - [MESSAGE][PASSED] - Verify response successfully

2019-05-28 15:53:37 - [MESSAGE][PASSED] - Send request and verify the response successfully]]></system-out>
         <system-err><![CDATA[]]></system-err>
      </testcase>
      <testcase name="Test Cases/test" classname="Test Cases/test" status="PASSED">
         <system-out><![CDATA[2019-05-28 15:53:37 - [TEST_CASE][PASSED] - Test Cases/test: Test Cases/test

2019-05-28 15:53:37 - [TEST_STEP][PASSED] - if (methodforcall == "PUT"): Send request and verify the response successfully

2019-05-28 15:53:37 - [TEST_STEP][PASSED] - Storeresponse2 = sendRequestAndVerify(findTestObject("GLN deregister - EOID", ["url":url, "methodforcall":methodforcall, "status":status, "statuscode":statuscode, "message":message, "messagevalue":messagevalue])): Send request and verify the response successfully

2019-05-28 15:53:39 - [TEST_CASE][PASSED] - Start Test Case : Verification: Verification accomplished successfully

2019-05-28 15:53:39 - [TEST_STEP][PASSED] - return null: null

2019-05-28 15:53:39 - [MESSAGE][PASSED] - Verify response successfully

2019-05-28 15:53:39 - [MESSAGE][PASSED] - Send request and verify the response successfully]]></system-out>
         <system-err><![CDATA[]]></system-err>
      </testcase>
      <testcase name="Test Cases/test" classname="Test Cases/test" status="PASSED">
         <system-out><![CDATA[2019-05-28 15:53:39 - [TEST_CASE][PASSED] - Test Cases/test: Test Cases/test

2019-05-28 15:53:39 - [TEST_STEP][PASSED] - if (methodforcall == "PUT"): Send request and verify the response successfully

2019-05-28 15:53:39 - [TEST_STEP][PASSED] - Storeresponse2 = sendRequestAndVerify(findTestObject("GLN deregister - EOID", ["url":url, "methodforcall":methodforcall, "status":status, "statuscode":statuscode, "message":message, "messagevalue":messagevalue])): Send request and verify the response successfully

2019-05-28 15:53:41 - [TEST_CASE][PASSED] - Start Test Case : Verification: Verification accomplished successfully

2019-05-28 15:53:41 - [TEST_STEP][PASSED] - return null: null

2019-05-28 15:53:41 - [MESSAGE][PASSED] - Verify response successfully

2019-05-28 15:53:41 - [MESSAGE][PASSED] - Send request and verify the response successfully]]></system-out>
         <system-err><![CDATA[]]></system-err>
      </testcase>
      <testcase name="Test Cases/test" classname="Test Cases/test" status="PASSED">
         <system-out><![CDATA[2019-05-28 15:53:41 - [TEST_CASE][PASSED] - Test Cases/test: Test Cases/test

2019-05-28 15:53:41 - [TEST_STEP][PASSED] - if (methodforcall == "PUT"): Send request and verify the response successfully

2019-05-28 15:53:41 - [TEST_STEP][PASSED] - Storeresponse2 = sendRequestAndVerify(findTestObject("GLN deregister - EOID", ["url":url, "methodforcall":methodforcall, "status":status, "statuscode":statuscode, "message":message, "messagevalue":messagevalue])): Send request and verify the response successfully

2019-05-28 15:53:43 - [TEST_CASE][PASSED] - Start Test Case : Verification: Verification accomplished successfully

2019-05-28 15:53:43 - [TEST_STEP][PASSED] - return null: null

2019-05-28 15:53:43 - [MESSAGE][PASSED] - Verify response successfully

2019-05-28 15:53:43 - [MESSAGE][PASSED] - Send request and verify the response successfully]]></system-out>
         <system-err><![CDATA[]]></system-err>
      </testcase>
      <testcase name="Test Cases/test" classname="Test Cases/test" status="PASSED">
         <system-out><![CDATA[2019-05-28 15:53:43 - [TEST_CASE][PASSED] - Test Cases/test: Test Cases/test

2019-05-28 15:53:43 - [TEST_STEP][PASSED] - if (methodforcall == "PUT"): Send request and verify the response successfully

2019-05-28 15:53:43 - [TEST_STEP][PASSED] - Storeresponse2 = sendRequestAndVerify(findTestObject("GLN deregister - EOID", ["url":url, "methodforcall":methodforcall, "status":status, "statuscode":statuscode, "message":message, "messagevalue":messagevalue])): Send request and verify the response successfully

2019-05-28 15:53:46 - [TEST_CASE][PASSED] - Start Test Case : Verification: Verification accomplished successfully

2019-05-28 15:53:46 - [TEST_STEP][PASSED] - return null: null

2019-05-28 15:53:46 - [MESSAGE][PASSED] - Verify response successfully

2019-05-28 15:53:46 - [MESSAGE][PASSED] - Send request and verify the response successfully]]></system-out>
         <system-err><![CDATA[]]></system-err>
      </testcase>
      <testcase name="Test Cases/test" classname="Test Cases/test" status="PASSED">
         <system-out><![CDATA[2019-05-28 15:53:46 - [TEST_CASE][PASSED] - Test Cases/test: Test Cases/test

2019-05-28 15:53:46 - [TEST_STEP][PASSED] - if (methodforcall == "PUT"): Send request and verify the response successfully

2019-05-28 15:53:46 - [TEST_STEP][PASSED] - Storeresponse2 = sendRequestAndVerify(findTestObject("GLN deregister - EOID", ["url":url, "methodforcall":methodforcall, "status":status, "statuscode":statuscode, "message":message, "messagevalue":messagevalue])): Send request and verify the response successfully

2019-05-28 15:53:49 - [TEST_CASE][PASSED] - Start Test Case : Verification: Verification accomplished successfully

2019-05-28 15:53:49 - [TEST_STEP][PASSED] - return null: null

2019-05-28 15:53:49 - [MESSAGE][PASSED] - Verify response successfully

2019-05-28 15:53:49 - [MESSAGE][PASSED] - Send request and verify the response successfully]]></system-out>
         <system-err><![CDATA[]]></system-err>
      </testcase>
      <testcase name="Test Cases/test" classname="Test Cases/test" status="PASSED">
         <system-out><![CDATA[2019-05-28 15:53:49 - [TEST_CASE][PASSED] - Test Cases/test: Test Cases/test

2019-05-28 15:53:49 - [TEST_STEP][PASSED] - if (methodforcall == "PUT"): Send request and verify the response successfully

2019-05-28 15:53:49 - [TEST_STEP][PASSED] - Storeresponse2 = sendRequestAndVerify(findTestObject("GLN deregister - EOID", ["url":url, "methodforcall":methodforcall, "status":status, "statuscode":statuscode, "message":message, "messagevalue":messagevalue])): Send request and verify the response successfully

2019-05-28 15:53:52 - [TEST_CASE][PASSED] - Start Test Case : Verification: Verification accomplished successfully

2019-05-28 15:53:52 - [TEST_STEP][PASSED] - return null: null

2019-05-28 15:53:52 - [MESSAGE][PASSED] - Verify response successfully

2019-05-28 15:53:52 - [MESSAGE][PASSED] - Send request and verify the response successfully]]></system-out>
         <system-err><![CDATA[]]></system-err>
      </testcase>
      <testcase name="Test Cases/test" classname="Test Cases/test" status="PASSED">
         <system-out><![CDATA[2019-05-28 15:53:52 - [TEST_CASE][PASSED] - Test Cases/test: Test Cases/test

2019-05-28 15:53:52 - [TEST_STEP][PASSED] - if (methodforcall == "PUT"): Send request and verify the response successfully

2019-05-28 15:53:52 - [TEST_STEP][PASSED] - Storeresponse2 = sendRequestAndVerify(findTestObject("GLN deregister - EOID", ["url":url, "methodforcall":methodforcall, "status":status, "statuscode":statuscode, "message":message, "messagevalue":messagevalue])): Send request and verify the response successfully

2019-05-28 15:53:54 - [TEST_CASE][PASSED] - Start Test Case : Verification: Verification accomplished successfully

2019-05-28 15:53:54 - [TEST_STEP][PASSED] - return null: null

2019-05-28 15:53:54 - [MESSAGE][PASSED] - Verify response successfully

2019-05-28 15:53:54 - [MESSAGE][PASSED] - Send request and verify the response successfully]]></system-out>
         <system-err><![CDATA[]]></system-err>
      </testcase>
      <testcase name="Test Cases/test" classname="Test Cases/test" status="PASSED">
         <system-out><![CDATA[2019-05-28 15:53:54 - [TEST_CASE][PASSED] - Test Cases/test: Test Cases/test

2019-05-28 15:53:54 - [TEST_STEP][PASSED] - if (methodforcall == "PUT"): Send request and verify the response successfully

2019-05-28 15:53:54 - [TEST_STEP][PASSED] - Storeresponse2 = sendRequestAndVerify(findTestObject("GLN deregister - EOID", ["url":url, "methodforcall":methodforcall, "status":status, "statuscode":statuscode, "message":message, "messagevalue":messagevalue])): Send request and verify the response successfully

2019-05-28 15:53:56 - [TEST_CASE][PASSED] - Start Test Case : Verification: Verification accomplished successfully

2019-05-28 15:53:56 - [TEST_STEP][PASSED] - return null: null

2019-05-28 15:53:56 - [MESSAGE][PASSED] - Verify response successfully

2019-05-28 15:53:56 - [MESSAGE][PASSED] - Send request and verify the response successfully]]></system-out>
         <system-err><![CDATA[]]></system-err>
      </testcase>
      <testcase name="Test Cases/test" classname="Test Cases/test" status="PASSED">
         <system-out><![CDATA[2019-05-28 15:53:56 - [TEST_CASE][PASSED] - Test Cases/test: Test Cases/test

2019-05-28 15:53:56 - [TEST_STEP][PASSED] - if (methodforcall == "PUT"): Send request and verify the response successfully

2019-05-28 15:53:56 - [TEST_STEP][PASSED] - Storeresponse2 = sendRequestAndVerify(findTestObject("GLN deregister - EOID", ["url":url, "methodforcall":methodforcall, "status":status, "statuscode":statuscode, "message":message, "messagevalue":messagevalue])): Send request and verify the response successfully

2019-05-28 15:53:58 - [TEST_CASE][PASSED] - Start Test Case : Verification: Verification accomplished successfully

2019-05-28 15:53:58 - [TEST_STEP][PASSED] - return null: null

2019-05-28 15:53:58 - [MESSAGE][PASSED] - Verify response successfully

2019-05-28 15:53:58 - [MESSAGE][PASSED] - Send request and verify the response successfully]]></system-out>
         <system-err><![CDATA[]]></system-err>
      </testcase>
      <testcase name="Test Cases/test" classname="Test Cases/test" status="PASSED">
         <system-out><![CDATA[2019-05-28 15:53:58 - [TEST_CASE][PASSED] - Test Cases/test: Test Cases/test

2019-05-28 15:53:58 - [TEST_STEP][PASSED] - if (methodforcall == "PUT"): Send request and verify the response successfully

2019-05-28 15:53:58 - [TEST_STEP][PASSED] - Storeresponse2 = sendRequestAndVerify(findTestObject("GLN deregister - EOID", ["url":url, "methodforcall":methodforcall, "status":status, "statuscode":statuscode, "message":message, "messagevalue":messagevalue])): Send request and verify the response successfully

2019-05-28 15:54:00 - [TEST_CASE][PASSED] - Start Test Case : Verification: Verification accomplished successfully

2019-05-28 15:54:01 - [TEST_STEP][PASSED] - return null: null

2019-05-28 15:54:01 - [MESSAGE][PASSED] - Verify response successfully

2019-05-28 15:54:01 - [MESSAGE][PASSED] - Send request and verify the response successfully]]></system-out>
         <system-err><![CDATA[]]></system-err>
      </testcase>
      <testcase name="Test Cases/test" classname="Test Cases/test" status="PASSED">
         <system-out><![CDATA[2019-05-28 15:54:01 - [TEST_CASE][PASSED] - Test Cases/test: Test Cases/test

2019-05-28 15:54:01 - [TEST_STEP][PASSED] - if (methodforcall == "PUT"): Send request and verify the response successfully

2019-05-28 15:54:01 - [TEST_STEP][PASSED] - Storeresponse2 = sendRequestAndVerify(findTestObject("GLN deregister - EOID", ["url":url, "methodforcall":methodforcall, "status":status, "statuscode":statuscode, "message":message, "messagevalue":messagevalue])): Send request and verify the response successfully

2019-05-28 15:54:03 - [TEST_CASE][PASSED] - Start Test Case : Verification: Verification accomplished successfully

2019-05-28 15:54:04 - [TEST_STEP][PASSED] - return null: null

2019-05-28 15:54:04 - [MESSAGE][PASSED] - Verify response successfully

2019-05-28 15:54:04 - [MESSAGE][PASSED] - Send request and verify the response successfully]]></system-out>
         <system-err><![CDATA[]]></system-err>
      </testcase>
      <testcase name="Test Cases/test" classname="Test Cases/test" status="PASSED">
         <system-out><![CDATA[2019-05-28 15:54:04 - [TEST_CASE][PASSED] - Test Cases/test: Test Cases/test

2019-05-28 15:54:04 - [TEST_STEP][PASSED] - if (methodforcall == "PUT"): Send request and verify the response successfully

2019-05-28 15:54:04 - [TEST_STEP][PASSED] - Storeresponse2 = sendRequestAndVerify(findTestObject("GLN deregister - EOID", ["url":url, "methodforcall":methodforcall, "status":status, "statuscode":statuscode, "message":message, "messagevalue":messagevalue])): Send request and verify the response successfully

2019-05-28 15:54:06 - [TEST_CASE][PASSED] - Start Test Case : Verification: Verification accomplished successfully

2019-05-28 15:54:06 - [TEST_STEP][PASSED] - return null: null

2019-05-28 15:54:06 - [MESSAGE][PASSED] - Verify response successfully

2019-05-28 15:54:06 - [MESSAGE][PASSED] - Send request and verify the response successfully]]></system-out>
         <system-err><![CDATA[]]></system-err>
      </testcase>
      <testcase name="Test Cases/test" classname="Test Cases/test" status="PASSED">
         <system-out><![CDATA[2019-05-28 15:54:06 - [TEST_CASE][PASSED] - Test Cases/test: Test Cases/test

2019-05-28 15:54:06 - [TEST_STEP][PASSED] - if (methodforcall == "PUT"): Send request and verify the response successfully

2019-05-28 15:54:06 - [TEST_STEP][PASSED] - Storeresponse2 = sendRequestAndVerify(findTestObject("GLN deregister - EOID", ["url":url, "methodforcall":methodforcall, "status":status, "statuscode":statuscode, "message":message, "messagevalue":messagevalue])): Send request and verify the response successfully

2019-05-28 15:54:07 - [TEST_CASE][PASSED] - Start Test Case : Verification: Verification accomplished successfully

2019-05-28 15:54:08 - [TEST_STEP][PASSED] - return null: null

2019-05-28 15:54:08 - [MESSAGE][PASSED] - Verify response successfully

2019-05-28 15:54:08 - [MESSAGE][PASSED] - Send request and verify the response successfully]]></system-out>
         <system-err><![CDATA[]]></system-err>
      </testcase>
      <system-out><![CDATA[2019-05-28 15:52:21 - [TEST_SUITE][PASSED] - FIt-test suite: Test Cases/test]]></system-out>
      <system-err><![CDATA[]]></system-err>
   </testsuite>
</testsuites>
