<?xml version="1.0" encoding="UTF-8"?>
<testsuites name="FIt-test suite" time="132" tests="21" failures="0" errors="0">
   <testsuite name="FIt-test suite" tests="21" failures="0" errors="0" time="132" timestamp="2019-05-06 12:51:03" hostname="Lavanya_DF - DESKTOP-T5KOPIL" id="Test Suites/FIt-test suite">
      <properties>
         <property name="deviceName" value=""/>
         <property name="devicePlatform" value=""/>
         <property name="logFolder" value="C:\\Users\\Lavanya_DF\\Downloads\\GS1 FIT\\GS1 FIT\\Reports\\FIt-test suite\\20190506_125101"/>
         <property name="logFiles" value="C:\\Users\\Lavanya_DF\\Downloads\\GS1 FIT\\GS1 FIT\\Reports\\FIt-test suite\\20190506_125101\\execution0.log"/>
         <property name="attachments" value=""/>
         <property name="hostName" value="Lavanya_DF - DESKTOP-T5KOPIL"/>
         <property name="hostAddress" value="192.168.0.153"/>
         <property name="os" value="Windows 10 64bit"/>
         <property name="katalonVersion" value="6.1.2.2"/>
      </properties>
      <testcase name="Test Cases/test" classname="Test Cases/test" status="PASSED">
         <system-out><![CDATA[2019-05-06 12:51:03 - [TEST_CASE][PASSED] - Test Cases/test: Test Cases/test

2019-05-06 12:51:04 - [TEST_STEP][PASSED] - Storeresponse = sendRequestAndVerify(findTestObject("GLN Check - EOID", ["gln":glnparameter, "urlforcheckeoid":url, "body":body, "methodforcall":methodforcall])): Send request and verify the response successfully

2019-05-06 12:51:14 - [TEST_CASE][PASSED] - Start Test Case : Verification: Verification accomplished successfully

2019-05-06 12:51:14 - [TEST_STEP][PASSED] - request = getInstance().getCurrentRequest(): null

2019-05-06 12:51:14 - [TEST_STEP][PASSED] - response = getInstance().getCurrentResponse(): null

2019-05-06 12:51:14 - [MESSAGE][PASSED] - Verify response successfully

2019-05-06 12:51:14 - [MESSAGE][PASSED] - Send request and verify the response successfully

2019-05-06 12:51:14 - [TEST_STEP][PASSED] - verifyElementPropertyValue(Storeresponse, status, statuscode): Verify element property value successfully

2019-05-06 12:51:14 - [MESSAGE][PASSED] - Verify element property value successfully

2019-05-06 12:51:14 - [TEST_STEP][PASSED] - verifyElementPropertyValue(Storeresponse, messageid, messageidvalue): Verify element property value successfully

2019-05-06 12:51:14 - [MESSAGE][PASSED] - Verify element property value successfully

2019-05-06 12:51:14 - [TEST_STEP][PASSED] - if (statuscode == 200): null

2019-05-06 12:51:14 - [TEST_STEP][PASSED] - else: null]]></system-out>
         <system-err><![CDATA[]]></system-err>
      </testcase>
      <testcase name="Test Cases/test" classname="Test Cases/test" status="PASSED">
         <system-out><![CDATA[2019-05-06 12:51:14 - [TEST_CASE][PASSED] - Test Cases/test: Test Cases/test

2019-05-06 12:51:14 - [TEST_STEP][PASSED] - Storeresponse = sendRequestAndVerify(findTestObject("GLN Check - EOID", ["gln":glnparameter, "urlforcheckeoid":url, "body":body, "methodforcall":methodforcall])): Send request and verify the response successfully

2019-05-06 12:51:19 - [TEST_CASE][PASSED] - Start Test Case : Verification: Verification accomplished successfully

2019-05-06 12:51:20 - [TEST_STEP][PASSED] - request = getInstance().getCurrentRequest(): null

2019-05-06 12:51:20 - [TEST_STEP][PASSED] - response = getInstance().getCurrentResponse(): null

2019-05-06 12:51:20 - [MESSAGE][PASSED] - Verify response successfully

2019-05-06 12:51:20 - [MESSAGE][PASSED] - Send request and verify the response successfully

2019-05-06 12:51:20 - [TEST_STEP][PASSED] - verifyElementPropertyValue(Storeresponse, status, statuscode): Verify element property value successfully

2019-05-06 12:51:20 - [MESSAGE][PASSED] - Verify element property value successfully

2019-05-06 12:51:20 - [TEST_STEP][PASSED] - verifyElementPropertyValue(Storeresponse, messageid, messageidvalue): Verify element property value successfully

2019-05-06 12:51:20 - [MESSAGE][PASSED] - Verify element property value successfully

2019-05-06 12:51:20 - [TEST_STEP][PASSED] - if (statuscode == 200): null

2019-05-06 12:51:20 - [TEST_STEP][PASSED] - else: null]]></system-out>
         <system-err><![CDATA[]]></system-err>
      </testcase>
      <testcase name="Test Cases/test" classname="Test Cases/test" status="PASSED">
         <system-out><![CDATA[2019-05-06 12:51:20 - [TEST_CASE][PASSED] - Test Cases/test: Test Cases/test

2019-05-06 12:51:20 - [TEST_STEP][PASSED] - Storeresponse = sendRequestAndVerify(findTestObject("GLN Check - EOID", ["gln":glnparameter, "urlforcheckeoid":url, "body":body, "methodforcall":methodforcall])): Send request and verify the response successfully

2019-05-06 12:51:24 - [TEST_CASE][PASSED] - Start Test Case : Verification: Verification accomplished successfully

2019-05-06 12:51:24 - [TEST_STEP][PASSED] - request = getInstance().getCurrentRequest(): null

2019-05-06 12:51:24 - [TEST_STEP][PASSED] - response = getInstance().getCurrentResponse(): null

2019-05-06 12:51:24 - [MESSAGE][PASSED] - Verify response successfully

2019-05-06 12:51:24 - [MESSAGE][PASSED] - Send request and verify the response successfully

2019-05-06 12:51:24 - [TEST_STEP][PASSED] - verifyElementPropertyValue(Storeresponse, status, statuscode): Verify element property value successfully

2019-05-06 12:51:24 - [MESSAGE][PASSED] - Verify element property value successfully

2019-05-06 12:51:24 - [TEST_STEP][PASSED] - verifyElementPropertyValue(Storeresponse, messageid, messageidvalue): Verify element property value successfully

2019-05-06 12:51:24 - [MESSAGE][PASSED] - Verify element property value successfully

2019-05-06 12:51:24 - [TEST_STEP][PASSED] - if (statuscode == 200): null

2019-05-06 12:51:24 - [TEST_STEP][PASSED] - else: null]]></system-out>
         <system-err><![CDATA[]]></system-err>
      </testcase>
      <testcase name="Test Cases/test" classname="Test Cases/test" status="PASSED">
         <system-out><![CDATA[2019-05-06 12:51:24 - [TEST_CASE][PASSED] - Test Cases/test: Test Cases/test

2019-05-06 12:51:24 - [TEST_STEP][PASSED] - Storeresponse = sendRequestAndVerify(findTestObject("GLN Check - EOID", ["gln":glnparameter, "urlforcheckeoid":url, "body":body, "methodforcall":methodforcall])): Send request and verify the response successfully

2019-05-06 12:51:28 - [TEST_CASE][PASSED] - Start Test Case : Verification: Verification accomplished successfully

2019-05-06 12:51:28 - [TEST_STEP][PASSED] - request = getInstance().getCurrentRequest(): null

2019-05-06 12:51:28 - [TEST_STEP][PASSED] - response = getInstance().getCurrentResponse(): null

2019-05-06 12:51:28 - [MESSAGE][PASSED] - Verify response successfully

2019-05-06 12:51:28 - [MESSAGE][PASSED] - Send request and verify the response successfully

2019-05-06 12:51:28 - [TEST_STEP][PASSED] - verifyElementPropertyValue(Storeresponse, status, statuscode): Verify element property value successfully

2019-05-06 12:51:28 - [MESSAGE][PASSED] - Verify element property value successfully

2019-05-06 12:51:28 - [TEST_STEP][PASSED] - verifyElementPropertyValue(Storeresponse, messageid, messageidvalue): Verify element property value successfully

2019-05-06 12:51:28 - [MESSAGE][PASSED] - Verify element property value successfully

2019-05-06 12:51:28 - [TEST_STEP][PASSED] - if (statuscode == 200): null

2019-05-06 12:51:28 - [TEST_STEP][PASSED] - else: null]]></system-out>
         <system-err><![CDATA[]]></system-err>
      </testcase>
      <testcase name="Test Cases/test" classname="Test Cases/test" status="PASSED">
         <system-out><![CDATA[2019-05-06 12:51:28 - [TEST_CASE][PASSED] - Test Cases/test: Test Cases/test

2019-05-06 12:51:28 - [TEST_STEP][PASSED] - Storeresponse = sendRequestAndVerify(findTestObject("GLN Check - EOID", ["gln":glnparameter, "urlforcheckeoid":url, "body":body, "methodforcall":methodforcall])): Send request and verify the response successfully

2019-05-06 12:51:32 - [TEST_CASE][PASSED] - Start Test Case : Verification: Verification accomplished successfully

2019-05-06 12:51:32 - [TEST_STEP][PASSED] - request = getInstance().getCurrentRequest(): null

2019-05-06 12:51:32 - [TEST_STEP][PASSED] - response = getInstance().getCurrentResponse(): null

2019-05-06 12:51:32 - [MESSAGE][PASSED] - Verify response successfully

2019-05-06 12:51:32 - [MESSAGE][PASSED] - Send request and verify the response successfully

2019-05-06 12:51:32 - [TEST_STEP][PASSED] - verifyElementPropertyValue(Storeresponse, status, statuscode): Verify element property value successfully

2019-05-06 12:51:32 - [MESSAGE][PASSED] - Verify element property value successfully

2019-05-06 12:51:32 - [TEST_STEP][PASSED] - verifyElementPropertyValue(Storeresponse, messageid, messageidvalue): Verify element property value successfully

2019-05-06 12:51:32 - [MESSAGE][PASSED] - Verify element property value successfully

2019-05-06 12:51:32 - [TEST_STEP][PASSED] - if (statuscode == 200): null

2019-05-06 12:51:32 - [TEST_STEP][PASSED] - else: null]]></system-out>
         <system-err><![CDATA[]]></system-err>
      </testcase>
      <testcase name="Test Cases/test" classname="Test Cases/test" status="PASSED">
         <system-out><![CDATA[2019-05-06 12:51:32 - [TEST_CASE][PASSED] - Test Cases/test: Test Cases/test

2019-05-06 12:51:32 - [TEST_STEP][PASSED] - Storeresponse = sendRequestAndVerify(findTestObject("GLN Check - EOID", ["gln":glnparameter, "urlforcheckeoid":url, "body":body, "methodforcall":methodforcall])): Send request and verify the response successfully

2019-05-06 12:51:37 - [TEST_CASE][PASSED] - Start Test Case : Verification: Verification accomplished successfully

2019-05-06 12:51:37 - [TEST_STEP][PASSED] - request = getInstance().getCurrentRequest(): null

2019-05-06 12:51:37 - [TEST_STEP][PASSED] - response = getInstance().getCurrentResponse(): null

2019-05-06 12:51:37 - [MESSAGE][PASSED] - Verify response successfully

2019-05-06 12:51:37 - [MESSAGE][PASSED] - Send request and verify the response successfully

2019-05-06 12:51:37 - [TEST_STEP][PASSED] - verifyElementPropertyValue(Storeresponse, status, statuscode): Verify element property value successfully

2019-05-06 12:51:37 - [MESSAGE][PASSED] - Verify element property value successfully

2019-05-06 12:51:37 - [TEST_STEP][PASSED] - verifyElementPropertyValue(Storeresponse, messageid, messageidvalue): Verify element property value successfully

2019-05-06 12:51:37 - [MESSAGE][PASSED] - Verify element property value successfully

2019-05-06 12:51:37 - [TEST_STEP][PASSED] - if (statuscode == 200): null

2019-05-06 12:51:37 - [TEST_STEP][PASSED] - else: null]]></system-out>
         <system-err><![CDATA[]]></system-err>
      </testcase>
      <testcase name="Test Cases/test" classname="Test Cases/test" status="PASSED">
         <system-out><![CDATA[2019-05-06 12:51:37 - [TEST_CASE][PASSED] - Test Cases/test: Test Cases/test

2019-05-06 12:51:37 - [TEST_STEP][PASSED] - Storeresponse = sendRequestAndVerify(findTestObject("GLN Check - EOID", ["gln":glnparameter, "urlforcheckeoid":url, "body":body, "methodforcall":methodforcall])): Send request and verify the response successfully

2019-05-06 12:51:41 - [TEST_CASE][PASSED] - Start Test Case : Verification: Verification accomplished successfully

2019-05-06 12:51:41 - [TEST_STEP][PASSED] - request = getInstance().getCurrentRequest(): null

2019-05-06 12:51:41 - [TEST_STEP][PASSED] - response = getInstance().getCurrentResponse(): null

2019-05-06 12:51:41 - [MESSAGE][PASSED] - Verify response successfully

2019-05-06 12:51:41 - [MESSAGE][PASSED] - Send request and verify the response successfully

2019-05-06 12:51:41 - [TEST_STEP][PASSED] - verifyElementPropertyValue(Storeresponse, status, statuscode): Verify element property value successfully

2019-05-06 12:51:41 - [MESSAGE][PASSED] - Verify element property value successfully

2019-05-06 12:51:41 - [TEST_STEP][PASSED] - verifyElementPropertyValue(Storeresponse, messageid, messageidvalue): Verify element property value successfully

2019-05-06 12:51:41 - [MESSAGE][PASSED] - Verify element property value successfully

2019-05-06 12:51:41 - [TEST_STEP][PASSED] - if (statuscode == 200): null

2019-05-06 12:51:41 - [TEST_STEP][PASSED] - else: null]]></system-out>
         <system-err><![CDATA[]]></system-err>
      </testcase>
      <testcase name="Test Cases/test" classname="Test Cases/test" status="PASSED">
         <system-out><![CDATA[2019-05-06 12:51:41 - [TEST_CASE][PASSED] - Test Cases/test: Test Cases/test

2019-05-06 12:51:41 - [TEST_STEP][PASSED] - Storeresponse = sendRequestAndVerify(findTestObject("GLN Check - EOID", ["gln":glnparameter, "urlforcheckeoid":url, "body":body, "methodforcall":methodforcall])): Send request and verify the response successfully

2019-05-06 12:51:46 - [TEST_CASE][PASSED] - Start Test Case : Verification: Verification accomplished successfully

2019-05-06 12:51:46 - [TEST_STEP][PASSED] - request = getInstance().getCurrentRequest(): null

2019-05-06 12:51:46 - [TEST_STEP][PASSED] - response = getInstance().getCurrentResponse(): null

2019-05-06 12:51:46 - [MESSAGE][PASSED] - Verify response successfully

2019-05-06 12:51:46 - [MESSAGE][PASSED] - Send request and verify the response successfully

2019-05-06 12:51:46 - [TEST_STEP][PASSED] - verifyElementPropertyValue(Storeresponse, status, statuscode): Verify element property value successfully

2019-05-06 12:51:46 - [MESSAGE][PASSED] - Verify element property value successfully

2019-05-06 12:51:46 - [TEST_STEP][PASSED] - verifyElementPropertyValue(Storeresponse, messageid, messageidvalue): Verify element property value successfully

2019-05-06 12:51:46 - [MESSAGE][PASSED] - Verify element property value successfully

2019-05-06 12:51:46 - [TEST_STEP][PASSED] - if (statuscode == 200): null

2019-05-06 12:51:46 - [TEST_STEP][PASSED] - else: null]]></system-out>
         <system-err><![CDATA[]]></system-err>
      </testcase>
      <testcase name="Test Cases/test" classname="Test Cases/test" status="PASSED">
         <system-out><![CDATA[2019-05-06 12:51:46 - [TEST_CASE][PASSED] - Test Cases/test: Test Cases/test

2019-05-06 12:51:46 - [TEST_STEP][PASSED] - Storeresponse = sendRequestAndVerify(findTestObject("GLN Check - EOID", ["gln":glnparameter, "urlforcheckeoid":url, "body":body, "methodforcall":methodforcall])): Send request and verify the response successfully

2019-05-06 12:51:50 - [TEST_CASE][PASSED] - Start Test Case : Verification: Verification accomplished successfully

2019-05-06 12:51:50 - [TEST_STEP][PASSED] - request = getInstance().getCurrentRequest(): null

2019-05-06 12:51:50 - [TEST_STEP][PASSED] - response = getInstance().getCurrentResponse(): null

2019-05-06 12:51:50 - [MESSAGE][PASSED] - Verify response successfully

2019-05-06 12:51:50 - [MESSAGE][PASSED] - Send request and verify the response successfully

2019-05-06 12:51:50 - [TEST_STEP][PASSED] - verifyElementPropertyValue(Storeresponse, status, statuscode): Verify element property value successfully

2019-05-06 12:51:50 - [MESSAGE][PASSED] - Verify element property value successfully

2019-05-06 12:51:50 - [TEST_STEP][PASSED] - verifyElementPropertyValue(Storeresponse, messageid, messageidvalue): Verify element property value successfully

2019-05-06 12:51:51 - [MESSAGE][PASSED] - Verify element property value successfully

2019-05-06 12:51:51 - [TEST_STEP][PASSED] - if (statuscode == 200): null

2019-05-06 12:51:51 - [TEST_STEP][PASSED] - else: null]]></system-out>
         <system-err><![CDATA[]]></system-err>
      </testcase>
      <testcase name="Test Cases/test" classname="Test Cases/test" status="PASSED">
         <system-out><![CDATA[2019-05-06 12:51:51 - [TEST_CASE][PASSED] - Test Cases/test: Test Cases/test

2019-05-06 12:51:51 - [TEST_STEP][PASSED] - Storeresponse = sendRequestAndVerify(findTestObject("GLN Check - EOID", ["gln":glnparameter, "urlforcheckeoid":url, "body":body, "methodforcall":methodforcall])): Send request and verify the response successfully

2019-05-06 12:51:55 - [TEST_CASE][PASSED] - Start Test Case : Verification: Verification accomplished successfully

2019-05-06 12:51:55 - [TEST_STEP][PASSED] - request = getInstance().getCurrentRequest(): null

2019-05-06 12:51:55 - [TEST_STEP][PASSED] - response = getInstance().getCurrentResponse(): null

2019-05-06 12:51:55 - [MESSAGE][PASSED] - Verify response successfully

2019-05-06 12:51:55 - [MESSAGE][PASSED] - Send request and verify the response successfully

2019-05-06 12:51:55 - [TEST_STEP][PASSED] - verifyElementPropertyValue(Storeresponse, status, statuscode): Verify element property value successfully

2019-05-06 12:51:55 - [MESSAGE][PASSED] - Verify element property value successfully

2019-05-06 12:51:55 - [TEST_STEP][PASSED] - verifyElementPropertyValue(Storeresponse, messageid, messageidvalue): Verify element property value successfully

2019-05-06 12:51:55 - [MESSAGE][PASSED] - Verify element property value successfully

2019-05-06 12:51:55 - [TEST_STEP][PASSED] - if (statuscode == 200): null

2019-05-06 12:51:55 - [TEST_STEP][PASSED] - else: null]]></system-out>
         <system-err><![CDATA[]]></system-err>
      </testcase>
      <testcase name="Test Cases/test" classname="Test Cases/test" status="PASSED">
         <system-out><![CDATA[2019-05-06 12:51:55 - [TEST_CASE][PASSED] - Test Cases/test: Test Cases/test

2019-05-06 12:51:55 - [TEST_STEP][PASSED] - Storeresponse = sendRequestAndVerify(findTestObject("GLN Check - EOID", ["gln":glnparameter, "urlforcheckeoid":url, "body":body, "methodforcall":methodforcall])): Send request and verify the response successfully

2019-05-06 12:52:02 - [TEST_CASE][PASSED] - Start Test Case : Verification: Verification accomplished successfully

2019-05-06 12:52:02 - [TEST_STEP][PASSED] - request = getInstance().getCurrentRequest(): null

2019-05-06 12:52:02 - [TEST_STEP][PASSED] - response = getInstance().getCurrentResponse(): null

2019-05-06 12:52:02 - [MESSAGE][PASSED] - Verify response successfully

2019-05-06 12:52:02 - [MESSAGE][PASSED] - Send request and verify the response successfully

2019-05-06 12:52:02 - [TEST_STEP][PASSED] - verifyElementPropertyValue(Storeresponse, status, statuscode): Verify element property value successfully

2019-05-06 12:52:02 - [MESSAGE][PASSED] - Verify element property value successfully

2019-05-06 12:52:02 - [TEST_STEP][PASSED] - verifyElementPropertyValue(Storeresponse, messageid, messageidvalue): Verify element property value successfully

2019-05-06 12:52:02 - [MESSAGE][PASSED] - Verify element property value successfully

2019-05-06 12:52:02 - [TEST_STEP][PASSED] - if (statuscode == 200): null

2019-05-06 12:52:02 - [TEST_STEP][PASSED] - else: null]]></system-out>
         <system-err><![CDATA[]]></system-err>
      </testcase>
      <testcase name="Test Cases/test" classname="Test Cases/test" status="PASSED">
         <system-out><![CDATA[2019-05-06 12:52:02 - [TEST_CASE][PASSED] - Test Cases/test: Test Cases/test

2019-05-06 12:52:02 - [TEST_STEP][PASSED] - Storeresponse = sendRequestAndVerify(findTestObject("GLN Check - EOID", ["gln":glnparameter, "urlforcheckeoid":url, "body":body, "methodforcall":methodforcall])): Send request and verify the response successfully

2019-05-06 12:52:11 - [TEST_CASE][PASSED] - Start Test Case : Verification: Verification accomplished successfully

2019-05-06 12:52:11 - [TEST_STEP][PASSED] - request = getInstance().getCurrentRequest(): null

2019-05-06 12:52:11 - [TEST_STEP][PASSED] - response = getInstance().getCurrentResponse(): null

2019-05-06 12:52:11 - [MESSAGE][PASSED] - Verify response successfully

2019-05-06 12:52:11 - [MESSAGE][PASSED] - Send request and verify the response successfully

2019-05-06 12:52:11 - [TEST_STEP][PASSED] - verifyElementPropertyValue(Storeresponse, status, statuscode): Verify element property value successfully

2019-05-06 12:52:11 - [MESSAGE][PASSED] - Verify element property value successfully

2019-05-06 12:52:11 - [TEST_STEP][PASSED] - verifyElementPropertyValue(Storeresponse, messageid, messageidvalue): Verify element property value successfully

2019-05-06 12:52:11 - [MESSAGE][PASSED] - Verify element property value successfully

2019-05-06 12:52:11 - [TEST_STEP][PASSED] - if (statuscode == 200): null

2019-05-06 12:52:11 - [TEST_STEP][PASSED] - else: null]]></system-out>
         <system-err><![CDATA[]]></system-err>
      </testcase>
      <testcase name="Test Cases/test" classname="Test Cases/test" status="PASSED">
         <system-out><![CDATA[2019-05-06 12:52:11 - [TEST_CASE][PASSED] - Test Cases/test: Test Cases/test

2019-05-06 12:52:11 - [TEST_STEP][PASSED] - Storeresponse = sendRequestAndVerify(findTestObject("GLN Check - EOID", ["gln":glnparameter, "urlforcheckeoid":url, "body":body, "methodforcall":methodforcall])): Send request and verify the response successfully

2019-05-06 12:52:19 - [TEST_CASE][PASSED] - Start Test Case : Verification: Verification accomplished successfully

2019-05-06 12:52:19 - [TEST_STEP][PASSED] - request = getInstance().getCurrentRequest(): null

2019-05-06 12:52:19 - [TEST_STEP][PASSED] - response = getInstance().getCurrentResponse(): null

2019-05-06 12:52:19 - [MESSAGE][PASSED] - Verify response successfully

2019-05-06 12:52:19 - [MESSAGE][PASSED] - Send request and verify the response successfully

2019-05-06 12:52:19 - [TEST_STEP][PASSED] - verifyElementPropertyValue(Storeresponse, status, statuscode): Verify element property value successfully

2019-05-06 12:52:19 - [MESSAGE][PASSED] - Verify element property value successfully

2019-05-06 12:52:19 - [TEST_STEP][PASSED] - verifyElementPropertyValue(Storeresponse, messageid, messageidvalue): Verify element property value successfully

2019-05-06 12:52:19 - [MESSAGE][PASSED] - Verify element property value successfully

2019-05-06 12:52:19 - [TEST_STEP][PASSED] - if (statuscode == 200): null

2019-05-06 12:52:19 - [TEST_STEP][PASSED] - else: null]]></system-out>
         <system-err><![CDATA[]]></system-err>
      </testcase>
      <testcase name="Test Cases/test" classname="Test Cases/test" status="PASSED">
         <system-out><![CDATA[2019-05-06 12:52:19 - [TEST_CASE][PASSED] - Test Cases/test: Test Cases/test

2019-05-06 12:52:19 - [TEST_STEP][PASSED] - Storeresponse = sendRequestAndVerify(findTestObject("GLN Check - EOID", ["gln":glnparameter, "urlforcheckeoid":url, "body":body, "methodforcall":methodforcall])): Send request and verify the response successfully

2019-05-06 12:52:25 - [TEST_CASE][PASSED] - Start Test Case : Verification: Verification accomplished successfully

2019-05-06 12:52:25 - [TEST_STEP][PASSED] - request = getInstance().getCurrentRequest(): null

2019-05-06 12:52:25 - [TEST_STEP][PASSED] - response = getInstance().getCurrentResponse(): null

2019-05-06 12:52:25 - [MESSAGE][PASSED] - Verify response successfully

2019-05-06 12:52:25 - [MESSAGE][PASSED] - Send request and verify the response successfully

2019-05-06 12:52:25 - [TEST_STEP][PASSED] - verifyElementPropertyValue(Storeresponse, status, statuscode): Verify element property value successfully

2019-05-06 12:52:25 - [MESSAGE][PASSED] - Verify element property value successfully

2019-05-06 12:52:25 - [TEST_STEP][PASSED] - verifyElementPropertyValue(Storeresponse, messageid, messageidvalue): Verify element property value successfully

2019-05-06 12:52:26 - [MESSAGE][PASSED] - Verify element property value successfully

2019-05-06 12:52:26 - [TEST_STEP][PASSED] - if (statuscode == 200): null

2019-05-06 12:52:26 - [TEST_STEP][PASSED] - else: null]]></system-out>
         <system-err><![CDATA[]]></system-err>
      </testcase>
      <testcase name="Test Cases/test" classname="Test Cases/test" status="PASSED">
         <system-out><![CDATA[2019-05-06 12:52:26 - [TEST_CASE][PASSED] - Test Cases/test: Test Cases/test

2019-05-06 12:52:26 - [TEST_STEP][PASSED] - Storeresponse = sendRequestAndVerify(findTestObject("GLN Check - EOID", ["gln":glnparameter, "urlforcheckeoid":url, "body":body, "methodforcall":methodforcall])): Send request and verify the response successfully

2019-05-06 12:52:33 - [TEST_CASE][PASSED] - Start Test Case : Verification: Verification accomplished successfully

2019-05-06 12:52:33 - [TEST_STEP][PASSED] - request = getInstance().getCurrentRequest(): null

2019-05-06 12:52:33 - [TEST_STEP][PASSED] - response = getInstance().getCurrentResponse(): null

2019-05-06 12:52:33 - [MESSAGE][PASSED] - Verify response successfully

2019-05-06 12:52:33 - [MESSAGE][PASSED] - Send request and verify the response successfully

2019-05-06 12:52:33 - [TEST_STEP][PASSED] - verifyElementPropertyValue(Storeresponse, status, statuscode): Verify element property value successfully

2019-05-06 12:52:33 - [MESSAGE][PASSED] - Verify element property value successfully

2019-05-06 12:52:33 - [TEST_STEP][PASSED] - verifyElementPropertyValue(Storeresponse, messageid, messageidvalue): Verify element property value successfully

2019-05-06 12:52:33 - [MESSAGE][PASSED] - Verify element property value successfully

2019-05-06 12:52:33 - [TEST_STEP][PASSED] - if (statuscode == 200): null

2019-05-06 12:52:33 - [TEST_STEP][PASSED] - else: null]]></system-out>
         <system-err><![CDATA[]]></system-err>
      </testcase>
      <testcase name="Test Cases/test" classname="Test Cases/test" status="PASSED">
         <system-out><![CDATA[2019-05-06 12:52:33 - [TEST_CASE][PASSED] - Test Cases/test: Test Cases/test

2019-05-06 12:52:33 - [TEST_STEP][PASSED] - Storeresponse = sendRequestAndVerify(findTestObject("GLN Check - EOID", ["gln":glnparameter, "urlforcheckeoid":url, "body":body, "methodforcall":methodforcall])): Send request and verify the response successfully

2019-05-06 12:52:42 - [TEST_CASE][PASSED] - Start Test Case : Verification: Verification accomplished successfully

2019-05-06 12:52:42 - [TEST_STEP][PASSED] - request = getInstance().getCurrentRequest(): null

2019-05-06 12:52:42 - [TEST_STEP][PASSED] - response = getInstance().getCurrentResponse(): null

2019-05-06 12:52:42 - [MESSAGE][PASSED] - Verify response successfully

2019-05-06 12:52:42 - [MESSAGE][PASSED] - Send request and verify the response successfully

2019-05-06 12:52:42 - [TEST_STEP][PASSED] - verifyElementPropertyValue(Storeresponse, status, statuscode): Verify element property value successfully

2019-05-06 12:52:42 - [MESSAGE][PASSED] - Verify element property value successfully

2019-05-06 12:52:42 - [TEST_STEP][PASSED] - verifyElementPropertyValue(Storeresponse, messageid, messageidvalue): Verify element property value successfully

2019-05-06 12:52:42 - [MESSAGE][PASSED] - Verify element property value successfully

2019-05-06 12:52:42 - [TEST_STEP][PASSED] - if (statuscode == 200): null

2019-05-06 12:52:42 - [TEST_STEP][PASSED] - else: null]]></system-out>
         <system-err><![CDATA[]]></system-err>
      </testcase>
      <testcase name="Test Cases/test" classname="Test Cases/test" status="PASSED">
         <system-out><![CDATA[2019-05-06 12:52:42 - [TEST_CASE][PASSED] - Test Cases/test: Test Cases/test

2019-05-06 12:52:43 - [TEST_STEP][PASSED] - Storeresponse = sendRequestAndVerify(findTestObject("GLN Check - EOID", ["gln":glnparameter, "urlforcheckeoid":url, "body":body, "methodforcall":methodforcall])): Send request and verify the response successfully

2019-05-06 12:52:50 - [TEST_CASE][PASSED] - Start Test Case : Verification: Verification accomplished successfully

2019-05-06 12:52:50 - [TEST_STEP][PASSED] - request = getInstance().getCurrentRequest(): null

2019-05-06 12:52:50 - [TEST_STEP][PASSED] - response = getInstance().getCurrentResponse(): null

2019-05-06 12:52:50 - [MESSAGE][PASSED] - Verify response successfully

2019-05-06 12:52:50 - [MESSAGE][PASSED] - Send request and verify the response successfully

2019-05-06 12:52:50 - [TEST_STEP][PASSED] - verifyElementPropertyValue(Storeresponse, status, statuscode): Verify element property value successfully

2019-05-06 12:52:50 - [MESSAGE][PASSED] - Verify element property value successfully

2019-05-06 12:52:50 - [TEST_STEP][PASSED] - verifyElementPropertyValue(Storeresponse, messageid, messageidvalue): Verify element property value successfully

2019-05-06 12:52:50 - [MESSAGE][PASSED] - Verify element property value successfully

2019-05-06 12:52:50 - [TEST_STEP][PASSED] - if (statuscode == 200): null

2019-05-06 12:52:50 - [TEST_STEP][PASSED] - else: null]]></system-out>
         <system-err><![CDATA[]]></system-err>
      </testcase>
      <testcase name="Test Cases/test" classname="Test Cases/test" status="PASSED">
         <system-out><![CDATA[2019-05-06 12:52:50 - [TEST_CASE][PASSED] - Test Cases/test: Test Cases/test

2019-05-06 12:52:50 - [TEST_STEP][PASSED] - Storeresponse = sendRequestAndVerify(findTestObject("GLN Check - EOID", ["gln":glnparameter, "urlforcheckeoid":url, "body":body, "methodforcall":methodforcall])): Send request and verify the response successfully

2019-05-06 12:52:56 - [TEST_CASE][PASSED] - Start Test Case : Verification: Verification accomplished successfully

2019-05-06 12:52:56 - [TEST_STEP][PASSED] - request = getInstance().getCurrentRequest(): null

2019-05-06 12:52:56 - [TEST_STEP][PASSED] - response = getInstance().getCurrentResponse(): null

2019-05-06 12:52:56 - [MESSAGE][PASSED] - Verify response successfully

2019-05-06 12:52:56 - [MESSAGE][PASSED] - Send request and verify the response successfully

2019-05-06 12:52:56 - [TEST_STEP][PASSED] - verifyElementPropertyValue(Storeresponse, status, statuscode): Verify element property value successfully

2019-05-06 12:52:56 - [MESSAGE][PASSED] - Verify element property value successfully

2019-05-06 12:52:56 - [TEST_STEP][PASSED] - verifyElementPropertyValue(Storeresponse, messageid, messageidvalue): Verify element property value successfully

2019-05-06 12:52:56 - [MESSAGE][PASSED] - Verify element property value successfully

2019-05-06 12:52:56 - [TEST_STEP][PASSED] - if (statuscode == 200): null

2019-05-06 12:52:56 - [TEST_STEP][PASSED] - else: null]]></system-out>
         <system-err><![CDATA[]]></system-err>
      </testcase>
      <testcase name="Test Cases/test" classname="Test Cases/test" status="PASSED">
         <system-out><![CDATA[2019-05-06 12:52:56 - [TEST_CASE][PASSED] - Test Cases/test: Test Cases/test

2019-05-06 12:52:56 - [TEST_STEP][PASSED] - Storeresponse = sendRequestAndVerify(findTestObject("GLN Check - EOID", ["gln":glnparameter, "urlforcheckeoid":url, "body":body, "methodforcall":methodforcall])): Send request and verify the response successfully

2019-05-06 12:53:01 - [TEST_CASE][PASSED] - Start Test Case : Verification: Verification accomplished successfully

2019-05-06 12:53:01 - [TEST_STEP][PASSED] - request = getInstance().getCurrentRequest(): null

2019-05-06 12:53:01 - [TEST_STEP][PASSED] - response = getInstance().getCurrentResponse(): null

2019-05-06 12:53:01 - [MESSAGE][PASSED] - Verify response successfully

2019-05-06 12:53:01 - [MESSAGE][PASSED] - Send request and verify the response successfully

2019-05-06 12:53:01 - [TEST_STEP][PASSED] - verifyElementPropertyValue(Storeresponse, status, statuscode): Verify element property value successfully

2019-05-06 12:53:01 - [MESSAGE][PASSED] - Verify element property value successfully

2019-05-06 12:53:01 - [TEST_STEP][PASSED] - verifyElementPropertyValue(Storeresponse, messageid, messageidvalue): Verify element property value successfully

2019-05-06 12:53:01 - [MESSAGE][PASSED] - Verify element property value successfully

2019-05-06 12:53:01 - [TEST_STEP][PASSED] - if (statuscode == 200): null

2019-05-06 12:53:01 - [TEST_STEP][PASSED] - else: null]]></system-out>
         <system-err><![CDATA[]]></system-err>
      </testcase>
      <testcase name="Test Cases/test" classname="Test Cases/test" status="PASSED">
         <system-out><![CDATA[2019-05-06 12:53:01 - [TEST_CASE][PASSED] - Test Cases/test: Test Cases/test

2019-05-06 12:53:01 - [TEST_STEP][PASSED] - Storeresponse = sendRequestAndVerify(findTestObject("GLN Check - EOID", ["gln":glnparameter, "urlforcheckeoid":url, "body":body, "methodforcall":methodforcall])): Send request and verify the response successfully

2019-05-06 12:53:06 - [TEST_CASE][PASSED] - Start Test Case : Verification: Verification accomplished successfully

2019-05-06 12:53:06 - [TEST_STEP][PASSED] - request = getInstance().getCurrentRequest(): null

2019-05-06 12:53:06 - [TEST_STEP][PASSED] - response = getInstance().getCurrentResponse(): null

2019-05-06 12:53:06 - [MESSAGE][PASSED] - Verify response successfully

2019-05-06 12:53:06 - [MESSAGE][PASSED] - Send request and verify the response successfully

2019-05-06 12:53:06 - [TEST_STEP][PASSED] - verifyElementPropertyValue(Storeresponse, status, statuscode): Verify element property value successfully

2019-05-06 12:53:07 - [MESSAGE][PASSED] - Verify element property value successfully

2019-05-06 12:53:07 - [TEST_STEP][PASSED] - verifyElementPropertyValue(Storeresponse, messageid, messageidvalue): Verify element property value successfully

2019-05-06 12:53:07 - [MESSAGE][PASSED] - Verify element property value successfully

2019-05-06 12:53:07 - [TEST_STEP][PASSED] - if (statuscode == 200): null

2019-05-06 12:53:07 - [TEST_STEP][PASSED] - else: null]]></system-out>
         <system-err><![CDATA[]]></system-err>
      </testcase>
      <testcase name="Test Cases/test" classname="Test Cases/test" status="PASSED">
         <system-out><![CDATA[2019-05-06 12:53:07 - [TEST_CASE][PASSED] - Test Cases/test: Test Cases/test

2019-05-06 12:53:07 - [TEST_STEP][PASSED] - Storeresponse = sendRequestAndVerify(findTestObject("GLN Check - EOID", ["gln":glnparameter, "urlforcheckeoid":url, "body":body, "methodforcall":methodforcall])): Send request and verify the response successfully

2019-05-06 12:53:16 - [TEST_CASE][PASSED] - Start Test Case : Verification: Verification accomplished successfully

2019-05-06 12:53:16 - [TEST_STEP][PASSED] - request = getInstance().getCurrentRequest(): null

2019-05-06 12:53:16 - [TEST_STEP][PASSED] - response = getInstance().getCurrentResponse(): null

2019-05-06 12:53:16 - [MESSAGE][PASSED] - Verify response successfully

2019-05-06 12:53:16 - [MESSAGE][PASSED] - Send request and verify the response successfully

2019-05-06 12:53:16 - [TEST_STEP][PASSED] - verifyElementPropertyValue(Storeresponse, status, statuscode): Verify element property value successfully

2019-05-06 12:53:16 - [MESSAGE][PASSED] - Verify element property value successfully

2019-05-06 12:53:16 - [TEST_STEP][PASSED] - verifyElementPropertyValue(Storeresponse, messageid, messageidvalue): Verify element property value successfully

2019-05-06 12:53:16 - [MESSAGE][PASSED] - Verify element property value successfully

2019-05-06 12:53:16 - [TEST_STEP][PASSED] - if (statuscode == 200): null

2019-05-06 12:53:16 - [TEST_STEP][PASSED] - else: null]]></system-out>
         <system-err><![CDATA[]]></system-err>
      </testcase>
      <system-out><![CDATA[2019-05-06 12:51:03 - [TEST_SUITE][PASSED] - FIt-test suite: Test Cases/test]]></system-out>
      <system-err><![CDATA[]]></system-err>
   </testsuite>
</testsuites>
