<?xml version="1.0" encoding="UTF-8"?>
<testsuites name="FIt-test suite" time="116" tests="41" failures="0" errors="0">
   <testsuite name="FIt-test suite" tests="41" failures="0" errors="0" time="116" timestamp="2019-05-28 15:58:42" hostname="Lavanya_DF - DESKTOP-T5KOPIL" id="Test Suites/FIt-test suite">
      <properties>
         <property name="deviceName" value=""/>
         <property name="devicePlatform" value=""/>
         <property name="logFolder" value="C:\\Users\\Lavanya_DF\\Downloads\\GS1 FIT\\GS1 FIT\\Reports\\FIt-test suite\\20190528_155840"/>
         <property name="logFiles" value="C:\\Users\\Lavanya_DF\\Downloads\\GS1 FIT\\GS1 FIT\\Reports\\FIt-test suite\\20190528_155840\\execution0.log"/>
         <property name="attachments" value=""/>
         <property name="hostName" value="Lavanya_DF - DESKTOP-T5KOPIL"/>
         <property name="hostAddress" value="192.168.0.153"/>
         <property name="os" value="Windows 10 64bit"/>
         <property name="katalonVersion" value="6.1.2.2"/>
      </properties>
      <testcase name="Test Cases/test" classname="Test Cases/test" status="PASSED">
         <system-out><![CDATA[2019-05-28 15:58:42 - [TEST_CASE][PASSED] - Test Cases/test: Test Cases/test

2019-05-28 15:58:43 - [TEST_STEP][PASSED] - if (methodforcall == "PUT"): Send request and verify the response successfully

2019-05-28 15:58:43 - [TEST_STEP][PASSED] - Storeresponse2 = sendRequestAndVerify(findTestObject("GLN deregister - EOID", ["url":url, "methodforcall":methodforcall, "status":status, "statuscode":statuscode, "message":message, "messagevalue":messagevalue])): Send request and verify the response successfully

2019-05-28 15:58:48 - [TEST_CASE][PASSED] - Start Test Case : Verification: Verification accomplished successfully

2019-05-28 15:58:48 - [TEST_STEP][PASSED] - return null: null

2019-05-28 15:58:48 - [MESSAGE][PASSED] - Verify response successfully

2019-05-28 15:58:48 - [MESSAGE][PASSED] - Send request and verify the response successfully]]></system-out>
         <system-err><![CDATA[]]></system-err>
      </testcase>
      <testcase name="Test Cases/test" classname="Test Cases/test" status="PASSED">
         <system-out><![CDATA[2019-05-28 15:58:48 - [TEST_CASE][PASSED] - Test Cases/test: Test Cases/test

2019-05-28 15:58:48 - [TEST_STEP][PASSED] - if (methodforcall == "PUT"): Send request and verify the response successfully

2019-05-28 15:58:48 - [TEST_STEP][PASSED] - Storeresponse2 = sendRequestAndVerify(findTestObject("GLN deregister - EOID", ["url":url, "methodforcall":methodforcall, "status":status, "statuscode":statuscode, "message":message, "messagevalue":messagevalue])): Send request and verify the response successfully

2019-05-28 15:58:52 - [TEST_CASE][PASSED] - Start Test Case : Verification: Verification accomplished successfully

2019-05-28 15:58:52 - [TEST_STEP][PASSED] - return null: null

2019-05-28 15:58:52 - [MESSAGE][PASSED] - Verify response successfully

2019-05-28 15:58:52 - [MESSAGE][PASSED] - Send request and verify the response successfully]]></system-out>
         <system-err><![CDATA[]]></system-err>
      </testcase>
      <testcase name="Test Cases/test" classname="Test Cases/test" status="PASSED">
         <system-out><![CDATA[2019-05-28 15:58:52 - [TEST_CASE][PASSED] - Test Cases/test: Test Cases/test

2019-05-28 15:58:52 - [TEST_STEP][PASSED] - if (methodforcall == "PUT"): Send request and verify the response successfully

2019-05-28 15:58:52 - [TEST_STEP][PASSED] - Storeresponse2 = sendRequestAndVerify(findTestObject("GLN deregister - EOID", ["url":url, "methodforcall":methodforcall, "status":status, "statuscode":statuscode, "message":message, "messagevalue":messagevalue])): Send request and verify the response successfully

2019-05-28 15:58:56 - [TEST_CASE][PASSED] - Start Test Case : Verification: Verification accomplished successfully

2019-05-28 15:58:56 - [TEST_STEP][PASSED] - return null: null

2019-05-28 15:58:56 - [MESSAGE][PASSED] - Verify response successfully

2019-05-28 15:58:56 - [MESSAGE][PASSED] - Send request and verify the response successfully]]></system-out>
         <system-err><![CDATA[]]></system-err>
      </testcase>
      <testcase name="Test Cases/test" classname="Test Cases/test" status="PASSED">
         <system-out><![CDATA[2019-05-28 15:58:56 - [TEST_CASE][PASSED] - Test Cases/test: Test Cases/test

2019-05-28 15:58:56 - [TEST_STEP][PASSED] - if (methodforcall == "PUT"): Send request and verify the response successfully

2019-05-28 15:58:56 - [TEST_STEP][PASSED] - Storeresponse2 = sendRequestAndVerify(findTestObject("GLN deregister - EOID", ["url":url, "methodforcall":methodforcall, "status":status, "statuscode":statuscode, "message":message, "messagevalue":messagevalue])): Send request and verify the response successfully

2019-05-28 15:59:00 - [TEST_CASE][PASSED] - Start Test Case : Verification: Verification accomplished successfully

2019-05-28 15:59:00 - [TEST_STEP][PASSED] - return null: null

2019-05-28 15:59:00 - [MESSAGE][PASSED] - Verify response successfully

2019-05-28 15:59:00 - [MESSAGE][PASSED] - Send request and verify the response successfully]]></system-out>
         <system-err><![CDATA[]]></system-err>
      </testcase>
      <testcase name="Test Cases/test" classname="Test Cases/test" status="PASSED">
         <system-out><![CDATA[2019-05-28 15:59:00 - [TEST_CASE][PASSED] - Test Cases/test: Test Cases/test

2019-05-28 15:59:00 - [TEST_STEP][PASSED] - if (methodforcall == "PUT"): Send request and verify the response successfully

2019-05-28 15:59:00 - [TEST_STEP][PASSED] - Storeresponse2 = sendRequestAndVerify(findTestObject("GLN deregister - EOID", ["url":url, "methodforcall":methodforcall, "status":status, "statuscode":statuscode, "message":message, "messagevalue":messagevalue])): Send request and verify the response successfully

2019-05-28 15:59:04 - [TEST_CASE][PASSED] - Start Test Case : Verification: Verification accomplished successfully

2019-05-28 15:59:04 - [TEST_STEP][PASSED] - return null: null

2019-05-28 15:59:04 - [MESSAGE][PASSED] - Verify response successfully

2019-05-28 15:59:04 - [MESSAGE][PASSED] - Send request and verify the response successfully]]></system-out>
         <system-err><![CDATA[]]></system-err>
      </testcase>
      <testcase name="Test Cases/test" classname="Test Cases/test" status="PASSED">
         <system-out><![CDATA[2019-05-28 15:59:04 - [TEST_CASE][PASSED] - Test Cases/test: Test Cases/test

2019-05-28 15:59:04 - [TEST_STEP][PASSED] - if (methodforcall == "PUT"): Send request and verify the response successfully

2019-05-28 15:59:04 - [TEST_STEP][PASSED] - Storeresponse2 = sendRequestAndVerify(findTestObject("GLN deregister - EOID", ["url":url, "methodforcall":methodforcall, "status":status, "statuscode":statuscode, "message":message, "messagevalue":messagevalue])): Send request and verify the response successfully

2019-05-28 15:59:07 - [TEST_CASE][PASSED] - Start Test Case : Verification: Verification accomplished successfully

2019-05-28 15:59:07 - [TEST_STEP][PASSED] - return null: null

2019-05-28 15:59:07 - [MESSAGE][PASSED] - Verify response successfully

2019-05-28 15:59:07 - [MESSAGE][PASSED] - Send request and verify the response successfully]]></system-out>
         <system-err><![CDATA[]]></system-err>
      </testcase>
      <testcase name="Test Cases/test" classname="Test Cases/test" status="PASSED">
         <system-out><![CDATA[2019-05-28 15:59:07 - [TEST_CASE][PASSED] - Test Cases/test: Test Cases/test

2019-05-28 15:59:07 - [TEST_STEP][PASSED] - if (methodforcall == "PUT"): Send request and verify the response successfully

2019-05-28 15:59:07 - [TEST_STEP][PASSED] - Storeresponse2 = sendRequestAndVerify(findTestObject("GLN deregister - EOID", ["url":url, "methodforcall":methodforcall, "status":status, "statuscode":statuscode, "message":message, "messagevalue":messagevalue])): Send request and verify the response successfully

2019-05-28 15:59:10 - [TEST_CASE][PASSED] - Start Test Case : Verification: Verification accomplished successfully

2019-05-28 15:59:10 - [TEST_STEP][PASSED] - return null: null

2019-05-28 15:59:10 - [MESSAGE][PASSED] - Verify response successfully

2019-05-28 15:59:10 - [MESSAGE][PASSED] - Send request and verify the response successfully]]></system-out>
         <system-err><![CDATA[]]></system-err>
      </testcase>
      <testcase name="Test Cases/test" classname="Test Cases/test" status="PASSED">
         <system-out><![CDATA[2019-05-28 15:59:10 - [TEST_CASE][PASSED] - Test Cases/test: Test Cases/test

2019-05-28 15:59:11 - [TEST_STEP][PASSED] - if (methodforcall == "PUT"): Send request and verify the response successfully

2019-05-28 15:59:11 - [TEST_STEP][PASSED] - Storeresponse2 = sendRequestAndVerify(findTestObject("GLN deregister - EOID", ["url":url, "methodforcall":methodforcall, "status":status, "statuscode":statuscode, "message":message, "messagevalue":messagevalue])): Send request and verify the response successfully

2019-05-28 15:59:14 - [TEST_CASE][PASSED] - Start Test Case : Verification: Verification accomplished successfully

2019-05-28 15:59:14 - [TEST_STEP][PASSED] - return null: null

2019-05-28 15:59:14 - [MESSAGE][PASSED] - Verify response successfully

2019-05-28 15:59:14 - [MESSAGE][PASSED] - Send request and verify the response successfully]]></system-out>
         <system-err><![CDATA[]]></system-err>
      </testcase>
      <testcase name="Test Cases/test" classname="Test Cases/test" status="PASSED">
         <system-out><![CDATA[2019-05-28 15:59:14 - [TEST_CASE][PASSED] - Test Cases/test: Test Cases/test

2019-05-28 15:59:14 - [TEST_STEP][PASSED] - if (methodforcall == "PUT"): Send request and verify the response successfully

2019-05-28 15:59:14 - [TEST_STEP][PASSED] - Storeresponse2 = sendRequestAndVerify(findTestObject("GLN deregister - EOID", ["url":url, "methodforcall":methodforcall, "status":status, "statuscode":statuscode, "message":message, "messagevalue":messagevalue])): Send request and verify the response successfully

2019-05-28 15:59:18 - [TEST_CASE][PASSED] - Start Test Case : Verification: Verification accomplished successfully

2019-05-28 15:59:18 - [TEST_STEP][PASSED] - return null: null

2019-05-28 15:59:18 - [MESSAGE][PASSED] - Verify response successfully

2019-05-28 15:59:18 - [MESSAGE][PASSED] - Send request and verify the response successfully]]></system-out>
         <system-err><![CDATA[]]></system-err>
      </testcase>
      <testcase name="Test Cases/test" classname="Test Cases/test" status="PASSED">
         <system-out><![CDATA[2019-05-28 15:59:18 - [TEST_CASE][PASSED] - Test Cases/test: Test Cases/test

2019-05-28 15:59:18 - [TEST_STEP][PASSED] - if (methodforcall == "PUT"): Send request and verify the response successfully

2019-05-28 15:59:18 - [TEST_STEP][PASSED] - Storeresponse2 = sendRequestAndVerify(findTestObject("GLN deregister - EOID", ["url":url, "methodforcall":methodforcall, "status":status, "statuscode":statuscode, "message":message, "messagevalue":messagevalue])): Send request and verify the response successfully

2019-05-28 15:59:20 - [TEST_CASE][PASSED] - Start Test Case : Verification: Verification accomplished successfully

2019-05-28 15:59:20 - [TEST_STEP][PASSED] - return null: null

2019-05-28 15:59:20 - [MESSAGE][PASSED] - Verify response successfully

2019-05-28 15:59:20 - [MESSAGE][PASSED] - Send request and verify the response successfully]]></system-out>
         <system-err><![CDATA[]]></system-err>
      </testcase>
      <testcase name="Test Cases/test" classname="Test Cases/test" status="PASSED">
         <system-out><![CDATA[2019-05-28 15:59:20 - [TEST_CASE][PASSED] - Test Cases/test: Test Cases/test

2019-05-28 15:59:20 - [TEST_STEP][PASSED] - if (methodforcall == "PUT"): Send request and verify the response successfully

2019-05-28 15:59:20 - [TEST_STEP][PASSED] - Storeresponse2 = sendRequestAndVerify(findTestObject("GLN deregister - EOID", ["url":url, "methodforcall":methodforcall, "status":status, "statuscode":statuscode, "message":message, "messagevalue":messagevalue])): Send request and verify the response successfully

2019-05-28 15:59:22 - [TEST_CASE][PASSED] - Start Test Case : Verification: Verification accomplished successfully

2019-05-28 15:59:22 - [TEST_STEP][PASSED] - return null: null

2019-05-28 15:59:22 - [MESSAGE][PASSED] - Verify response successfully

2019-05-28 15:59:22 - [MESSAGE][PASSED] - Send request and verify the response successfully]]></system-out>
         <system-err><![CDATA[]]></system-err>
      </testcase>
      <testcase name="Test Cases/test" classname="Test Cases/test" status="PASSED">
         <system-out><![CDATA[2019-05-28 15:59:22 - [TEST_CASE][PASSED] - Test Cases/test: Test Cases/test

2019-05-28 15:59:22 - [TEST_STEP][PASSED] - if (methodforcall == "PUT"): Send request and verify the response successfully

2019-05-28 15:59:22 - [TEST_STEP][PASSED] - Storeresponse2 = sendRequestAndVerify(findTestObject("GLN deregister - EOID", ["url":url, "methodforcall":methodforcall, "status":status, "statuscode":statuscode, "message":message, "messagevalue":messagevalue])): Send request and verify the response successfully

2019-05-28 15:59:24 - [TEST_CASE][PASSED] - Start Test Case : Verification: Verification accomplished successfully

2019-05-28 15:59:25 - [TEST_STEP][PASSED] - return null: null

2019-05-28 15:59:25 - [MESSAGE][PASSED] - Verify response successfully

2019-05-28 15:59:25 - [MESSAGE][PASSED] - Send request and verify the response successfully]]></system-out>
         <system-err><![CDATA[]]></system-err>
      </testcase>
      <testcase name="Test Cases/test" classname="Test Cases/test" status="PASSED">
         <system-out><![CDATA[2019-05-28 15:59:25 - [TEST_CASE][PASSED] - Test Cases/test: Test Cases/test

2019-05-28 15:59:25 - [TEST_STEP][PASSED] - if (methodforcall == "PUT"): Send request and verify the response successfully

2019-05-28 15:59:25 - [TEST_STEP][PASSED] - Storeresponse2 = sendRequestAndVerify(findTestObject("GLN deregister - EOID", ["url":url, "methodforcall":methodforcall, "status":status, "statuscode":statuscode, "message":message, "messagevalue":messagevalue])): Send request and verify the response successfully

2019-05-28 15:59:28 - [TEST_CASE][PASSED] - Start Test Case : Verification: Verification accomplished successfully

2019-05-28 15:59:28 - [TEST_STEP][PASSED] - return null: null

2019-05-28 15:59:28 - [MESSAGE][PASSED] - Verify response successfully

2019-05-28 15:59:28 - [MESSAGE][PASSED] - Send request and verify the response successfully]]></system-out>
         <system-err><![CDATA[]]></system-err>
      </testcase>
      <testcase name="Test Cases/test" classname="Test Cases/test" status="PASSED">
         <system-out><![CDATA[2019-05-28 15:59:28 - [TEST_CASE][PASSED] - Test Cases/test: Test Cases/test

2019-05-28 15:59:28 - [TEST_STEP][PASSED] - if (methodforcall == "PUT"): Send request and verify the response successfully

2019-05-28 15:59:28 - [TEST_STEP][PASSED] - Storeresponse2 = sendRequestAndVerify(findTestObject("GLN deregister - EOID", ["url":url, "methodforcall":methodforcall, "status":status, "statuscode":statuscode, "message":message, "messagevalue":messagevalue])): Send request and verify the response successfully

2019-05-28 15:59:30 - [TEST_CASE][PASSED] - Start Test Case : Verification: Verification accomplished successfully

2019-05-28 15:59:30 - [TEST_STEP][PASSED] - return null: null

2019-05-28 15:59:30 - [MESSAGE][PASSED] - Verify response successfully

2019-05-28 15:59:30 - [MESSAGE][PASSED] - Send request and verify the response successfully]]></system-out>
         <system-err><![CDATA[]]></system-err>
      </testcase>
      <testcase name="Test Cases/test" classname="Test Cases/test" status="PASSED">
         <system-out><![CDATA[2019-05-28 15:59:30 - [TEST_CASE][PASSED] - Test Cases/test: Test Cases/test

2019-05-28 15:59:30 - [TEST_STEP][PASSED] - if (methodforcall == "PUT"): Send request and verify the response successfully

2019-05-28 15:59:30 - [TEST_STEP][PASSED] - Storeresponse2 = sendRequestAndVerify(findTestObject("GLN deregister - EOID", ["url":url, "methodforcall":methodforcall, "status":status, "statuscode":statuscode, "message":message, "messagevalue":messagevalue])): Send request and verify the response successfully

2019-05-28 15:59:33 - [TEST_CASE][PASSED] - Start Test Case : Verification: Verification accomplished successfully

2019-05-28 15:59:33 - [TEST_STEP][PASSED] - return null: null

2019-05-28 15:59:33 - [MESSAGE][PASSED] - Verify response successfully

2019-05-28 15:59:33 - [MESSAGE][PASSED] - Send request and verify the response successfully]]></system-out>
         <system-err><![CDATA[]]></system-err>
      </testcase>
      <testcase name="Test Cases/test" classname="Test Cases/test" status="PASSED">
         <system-out><![CDATA[2019-05-28 15:59:33 - [TEST_CASE][PASSED] - Test Cases/test: Test Cases/test

2019-05-28 15:59:33 - [TEST_STEP][PASSED] - if (methodforcall == "PUT"): Send request and verify the response successfully

2019-05-28 15:59:33 - [TEST_STEP][PASSED] - Storeresponse2 = sendRequestAndVerify(findTestObject("GLN deregister - EOID", ["url":url, "methodforcall":methodforcall, "status":status, "statuscode":statuscode, "message":message, "messagevalue":messagevalue])): Send request and verify the response successfully

2019-05-28 15:59:35 - [TEST_CASE][PASSED] - Start Test Case : Verification: Verification accomplished successfully

2019-05-28 15:59:35 - [TEST_STEP][PASSED] - return null: null

2019-05-28 15:59:35 - [MESSAGE][PASSED] - Verify response successfully

2019-05-28 15:59:35 - [MESSAGE][PASSED] - Send request and verify the response successfully]]></system-out>
         <system-err><![CDATA[]]></system-err>
      </testcase>
      <testcase name="Test Cases/test" classname="Test Cases/test" status="PASSED">
         <system-out><![CDATA[2019-05-28 15:59:35 - [TEST_CASE][PASSED] - Test Cases/test: Test Cases/test

2019-05-28 15:59:35 - [TEST_STEP][PASSED] - if (methodforcall == "PUT"): Send request and verify the response successfully

2019-05-28 15:59:35 - [TEST_STEP][PASSED] - Storeresponse2 = sendRequestAndVerify(findTestObject("GLN deregister - EOID", ["url":url, "methodforcall":methodforcall, "status":status, "statuscode":statuscode, "message":message, "messagevalue":messagevalue])): Send request and verify the response successfully

2019-05-28 15:59:38 - [TEST_CASE][PASSED] - Start Test Case : Verification: Verification accomplished successfully

2019-05-28 15:59:38 - [TEST_STEP][PASSED] - return null: null

2019-05-28 15:59:38 - [MESSAGE][PASSED] - Verify response successfully

2019-05-28 15:59:38 - [MESSAGE][PASSED] - Send request and verify the response successfully]]></system-out>
         <system-err><![CDATA[]]></system-err>
      </testcase>
      <testcase name="Test Cases/test" classname="Test Cases/test" status="PASSED">
         <system-out><![CDATA[2019-05-28 15:59:38 - [TEST_CASE][PASSED] - Test Cases/test: Test Cases/test

2019-05-28 15:59:38 - [TEST_STEP][PASSED] - if (methodforcall == "PUT"): Send request and verify the response successfully

2019-05-28 15:59:38 - [TEST_STEP][PASSED] - Storeresponse2 = sendRequestAndVerify(findTestObject("GLN deregister - EOID", ["url":url, "methodforcall":methodforcall, "status":status, "statuscode":statuscode, "message":message, "messagevalue":messagevalue])): Send request and verify the response successfully

2019-05-28 15:59:41 - [TEST_CASE][PASSED] - Start Test Case : Verification: Verification accomplished successfully

2019-05-28 15:59:41 - [TEST_STEP][PASSED] - return null: null

2019-05-28 15:59:41 - [MESSAGE][PASSED] - Verify response successfully

2019-05-28 15:59:41 - [MESSAGE][PASSED] - Send request and verify the response successfully]]></system-out>
         <system-err><![CDATA[]]></system-err>
      </testcase>
      <testcase name="Test Cases/test" classname="Test Cases/test" status="PASSED">
         <system-out><![CDATA[2019-05-28 15:59:41 - [TEST_CASE][PASSED] - Test Cases/test: Test Cases/test

2019-05-28 15:59:41 - [TEST_STEP][PASSED] - if (methodforcall == "PUT"): Send request and verify the response successfully

2019-05-28 15:59:41 - [TEST_STEP][PASSED] - Storeresponse2 = sendRequestAndVerify(findTestObject("GLN deregister - EOID", ["url":url, "methodforcall":methodforcall, "status":status, "statuscode":statuscode, "message":message, "messagevalue":messagevalue])): Send request and verify the response successfully

2019-05-28 15:59:44 - [TEST_CASE][PASSED] - Start Test Case : Verification: Verification accomplished successfully

2019-05-28 15:59:44 - [TEST_STEP][PASSED] - return null: null

2019-05-28 15:59:44 - [MESSAGE][PASSED] - Verify response successfully

2019-05-28 15:59:44 - [MESSAGE][PASSED] - Send request and verify the response successfully]]></system-out>
         <system-err><![CDATA[]]></system-err>
      </testcase>
      <testcase name="Test Cases/test" classname="Test Cases/test" status="PASSED">
         <system-out><![CDATA[2019-05-28 15:59:44 - [TEST_CASE][PASSED] - Test Cases/test: Test Cases/test

2019-05-28 15:59:44 - [TEST_STEP][PASSED] - if (methodforcall == "PUT"): Send request and verify the response successfully

2019-05-28 15:59:44 - [TEST_STEP][PASSED] - Storeresponse2 = sendRequestAndVerify(findTestObject("GLN deregister - EOID", ["url":url, "methodforcall":methodforcall, "status":status, "statuscode":statuscode, "message":message, "messagevalue":messagevalue])): Send request and verify the response successfully

2019-05-28 15:59:46 - [TEST_CASE][PASSED] - Start Test Case : Verification: Verification accomplished successfully

2019-05-28 15:59:46 - [TEST_STEP][PASSED] - return null: null

2019-05-28 15:59:46 - [MESSAGE][PASSED] - Verify response successfully

2019-05-28 15:59:46 - [MESSAGE][PASSED] - Send request and verify the response successfully]]></system-out>
         <system-err><![CDATA[]]></system-err>
      </testcase>
      <testcase name="Test Cases/test" classname="Test Cases/test" status="PASSED">
         <system-out><![CDATA[2019-05-28 15:59:46 - [TEST_CASE][PASSED] - Test Cases/test: Test Cases/test

2019-05-28 15:59:46 - [TEST_STEP][PASSED] - if (methodforcall == "PUT"): Send request and verify the response successfully

2019-05-28 15:59:46 - [TEST_STEP][PASSED] - Storeresponse2 = sendRequestAndVerify(findTestObject("GLN deregister - EOID", ["url":url, "methodforcall":methodforcall, "status":status, "statuscode":statuscode, "message":message, "messagevalue":messagevalue])): Send request and verify the response successfully

2019-05-28 15:59:48 - [TEST_CASE][PASSED] - Start Test Case : Verification: Verification accomplished successfully

2019-05-28 15:59:48 - [TEST_STEP][PASSED] - return null: null

2019-05-28 15:59:48 - [MESSAGE][PASSED] - Verify response successfully

2019-05-28 15:59:48 - [MESSAGE][PASSED] - Send request and verify the response successfully]]></system-out>
         <system-err><![CDATA[]]></system-err>
      </testcase>
      <testcase name="Test Cases/test" classname="Test Cases/test" status="PASSED">
         <system-out><![CDATA[2019-05-28 15:59:48 - [TEST_CASE][PASSED] - Test Cases/test: Test Cases/test

2019-05-28 15:59:48 - [TEST_STEP][PASSED] - if (methodforcall == "PUT"): Send request and verify the response successfully

2019-05-28 15:59:48 - [TEST_STEP][PASSED] - Storeresponse2 = sendRequestAndVerify(findTestObject("GLN deregister - EOID", ["url":url, "methodforcall":methodforcall, "status":status, "statuscode":statuscode, "message":message, "messagevalue":messagevalue])): Send request and verify the response successfully

2019-05-28 15:59:51 - [TEST_CASE][PASSED] - Start Test Case : Verification: Verification accomplished successfully

2019-05-28 15:59:51 - [TEST_STEP][PASSED] - return null: null

2019-05-28 15:59:51 - [MESSAGE][PASSED] - Verify response successfully

2019-05-28 15:59:51 - [MESSAGE][PASSED] - Send request and verify the response successfully]]></system-out>
         <system-err><![CDATA[]]></system-err>
      </testcase>
      <testcase name="Test Cases/test" classname="Test Cases/test" status="PASSED">
         <system-out><![CDATA[2019-05-28 15:59:51 - [TEST_CASE][PASSED] - Test Cases/test: Test Cases/test

2019-05-28 15:59:51 - [TEST_STEP][PASSED] - if (methodforcall == "PUT"): Send request and verify the response successfully

2019-05-28 15:59:51 - [TEST_STEP][PASSED] - Storeresponse2 = sendRequestAndVerify(findTestObject("GLN deregister - EOID", ["url":url, "methodforcall":methodforcall, "status":status, "statuscode":statuscode, "message":message, "messagevalue":messagevalue])): Send request and verify the response successfully

2019-05-28 15:59:54 - [TEST_CASE][PASSED] - Start Test Case : Verification: Verification accomplished successfully

2019-05-28 15:59:54 - [TEST_STEP][PASSED] - return null: null

2019-05-28 15:59:54 - [MESSAGE][PASSED] - Verify response successfully

2019-05-28 15:59:54 - [MESSAGE][PASSED] - Send request and verify the response successfully]]></system-out>
         <system-err><![CDATA[]]></system-err>
      </testcase>
      <testcase name="Test Cases/test" classname="Test Cases/test" status="PASSED">
         <system-out><![CDATA[2019-05-28 15:59:54 - [TEST_CASE][PASSED] - Test Cases/test: Test Cases/test

2019-05-28 15:59:54 - [TEST_STEP][PASSED] - if (methodforcall == "PUT"): Send request and verify the response successfully

2019-05-28 15:59:54 - [TEST_STEP][PASSED] - Storeresponse2 = sendRequestAndVerify(findTestObject("GLN deregister - EOID", ["url":url, "methodforcall":methodforcall, "status":status, "statuscode":statuscode, "message":message, "messagevalue":messagevalue])): Send request and verify the response successfully

2019-05-28 15:59:56 - [TEST_CASE][PASSED] - Start Test Case : Verification: Verification accomplished successfully

2019-05-28 15:59:56 - [TEST_STEP][PASSED] - return null: null

2019-05-28 15:59:56 - [MESSAGE][PASSED] - Verify response successfully

2019-05-28 15:59:56 - [MESSAGE][PASSED] - Send request and verify the response successfully]]></system-out>
         <system-err><![CDATA[]]></system-err>
      </testcase>
      <testcase name="Test Cases/test" classname="Test Cases/test" status="PASSED">
         <system-out><![CDATA[2019-05-28 15:59:56 - [TEST_CASE][PASSED] - Test Cases/test: Test Cases/test

2019-05-28 15:59:56 - [TEST_STEP][PASSED] - if (methodforcall == "PUT"): Send request and verify the response successfully

2019-05-28 15:59:56 - [TEST_STEP][PASSED] - Storeresponse2 = sendRequestAndVerify(findTestObject("GLN deregister - EOID", ["url":url, "methodforcall":methodforcall, "status":status, "statuscode":statuscode, "message":message, "messagevalue":messagevalue])): Send request and verify the response successfully

2019-05-28 15:59:58 - [TEST_CASE][PASSED] - Start Test Case : Verification: Verification accomplished successfully

2019-05-28 15:59:58 - [TEST_STEP][PASSED] - return null: null

2019-05-28 15:59:58 - [MESSAGE][PASSED] - Verify response successfully

2019-05-28 15:59:58 - [MESSAGE][PASSED] - Send request and verify the response successfully]]></system-out>
         <system-err><![CDATA[]]></system-err>
      </testcase>
      <testcase name="Test Cases/test" classname="Test Cases/test" status="PASSED">
         <system-out><![CDATA[2019-05-28 15:59:58 - [TEST_CASE][PASSED] - Test Cases/test: Test Cases/test

2019-05-28 15:59:58 - [TEST_STEP][PASSED] - if (methodforcall == "PUT"): Send request and verify the response successfully

2019-05-28 15:59:58 - [TEST_STEP][PASSED] - Storeresponse2 = sendRequestAndVerify(findTestObject("GLN deregister - EOID", ["url":url, "methodforcall":methodforcall, "status":status, "statuscode":statuscode, "message":message, "messagevalue":messagevalue])): Send request and verify the response successfully

2019-05-28 16:00:00 - [TEST_CASE][PASSED] - Start Test Case : Verification: Verification accomplished successfully

2019-05-28 16:00:00 - [TEST_STEP][PASSED] - return null: null

2019-05-28 16:00:00 - [MESSAGE][PASSED] - Verify response successfully

2019-05-28 16:00:00 - [MESSAGE][PASSED] - Send request and verify the response successfully]]></system-out>
         <system-err><![CDATA[]]></system-err>
      </testcase>
      <testcase name="Test Cases/test" classname="Test Cases/test" status="PASSED">
         <system-out><![CDATA[2019-05-28 16:00:00 - [TEST_CASE][PASSED] - Test Cases/test: Test Cases/test

2019-05-28 16:00:00 - [TEST_STEP][PASSED] - if (methodforcall == "PUT"): Send request and verify the response successfully

2019-05-28 16:00:00 - [TEST_STEP][PASSED] - Storeresponse2 = sendRequestAndVerify(findTestObject("GLN deregister - EOID", ["url":url, "methodforcall":methodforcall, "status":status, "statuscode":statuscode, "message":message, "messagevalue":messagevalue])): Send request and verify the response successfully

2019-05-28 16:00:04 - [TEST_CASE][PASSED] - Start Test Case : Verification: Verification accomplished successfully

2019-05-28 16:00:04 - [TEST_STEP][PASSED] - return null: null

2019-05-28 16:00:04 - [MESSAGE][PASSED] - Verify response successfully

2019-05-28 16:00:04 - [MESSAGE][PASSED] - Send request and verify the response successfully]]></system-out>
         <system-err><![CDATA[]]></system-err>
      </testcase>
      <testcase name="Test Cases/test" classname="Test Cases/test" status="PASSED">
         <system-out><![CDATA[2019-05-28 16:00:04 - [TEST_CASE][PASSED] - Test Cases/test: Test Cases/test

2019-05-28 16:00:04 - [TEST_STEP][PASSED] - if (methodforcall == "PUT"): Send request and verify the response successfully

2019-05-28 16:00:04 - [TEST_STEP][PASSED] - Storeresponse2 = sendRequestAndVerify(findTestObject("GLN deregister - EOID", ["url":url, "methodforcall":methodforcall, "status":status, "statuscode":statuscode, "message":message, "messagevalue":messagevalue])): Send request and verify the response successfully

2019-05-28 16:00:06 - [TEST_CASE][PASSED] - Start Test Case : Verification: Verification accomplished successfully

2019-05-28 16:00:06 - [TEST_STEP][PASSED] - return null: null

2019-05-28 16:00:06 - [MESSAGE][PASSED] - Verify response successfully

2019-05-28 16:00:06 - [MESSAGE][PASSED] - Send request and verify the response successfully]]></system-out>
         <system-err><![CDATA[]]></system-err>
      </testcase>
      <testcase name="Test Cases/test" classname="Test Cases/test" status="PASSED">
         <system-out><![CDATA[2019-05-28 16:00:06 - [TEST_CASE][PASSED] - Test Cases/test: Test Cases/test

2019-05-28 16:00:06 - [TEST_STEP][PASSED] - if (methodforcall == "PUT"): Send request and verify the response successfully

2019-05-28 16:00:06 - [TEST_STEP][PASSED] - Storeresponse2 = sendRequestAndVerify(findTestObject("GLN deregister - EOID", ["url":url, "methodforcall":methodforcall, "status":status, "statuscode":statuscode, "message":message, "messagevalue":messagevalue])): Send request and verify the response successfully

2019-05-28 16:00:09 - [TEST_CASE][PASSED] - Start Test Case : Verification: Verification accomplished successfully

2019-05-28 16:00:09 - [TEST_STEP][PASSED] - return null: null

2019-05-28 16:00:09 - [MESSAGE][PASSED] - Verify response successfully

2019-05-28 16:00:09 - [MESSAGE][PASSED] - Send request and verify the response successfully]]></system-out>
         <system-err><![CDATA[]]></system-err>
      </testcase>
      <testcase name="Test Cases/test" classname="Test Cases/test" status="PASSED">
         <system-out><![CDATA[2019-05-28 16:00:09 - [TEST_CASE][PASSED] - Test Cases/test: Test Cases/test

2019-05-28 16:00:09 - [TEST_STEP][PASSED] - if (methodforcall == "PUT"): Send request and verify the response successfully

2019-05-28 16:00:09 - [TEST_STEP][PASSED] - Storeresponse2 = sendRequestAndVerify(findTestObject("GLN deregister - EOID", ["url":url, "methodforcall":methodforcall, "status":status, "statuscode":statuscode, "message":message, "messagevalue":messagevalue])): Send request and verify the response successfully

2019-05-28 16:00:11 - [TEST_CASE][PASSED] - Start Test Case : Verification: Verification accomplished successfully

2019-05-28 16:00:11 - [TEST_STEP][PASSED] - return null: null

2019-05-28 16:00:11 - [MESSAGE][PASSED] - Verify response successfully

2019-05-28 16:00:11 - [MESSAGE][PASSED] - Send request and verify the response successfully]]></system-out>
         <system-err><![CDATA[]]></system-err>
      </testcase>
      <testcase name="Test Cases/test" classname="Test Cases/test" status="PASSED">
         <system-out><![CDATA[2019-05-28 16:00:11 - [TEST_CASE][PASSED] - Test Cases/test: Test Cases/test

2019-05-28 16:00:11 - [TEST_STEP][PASSED] - if (methodforcall == "PUT"): Send request and verify the response successfully

2019-05-28 16:00:11 - [TEST_STEP][PASSED] - Storeresponse2 = sendRequestAndVerify(findTestObject("GLN deregister - EOID", ["url":url, "methodforcall":methodforcall, "status":status, "statuscode":statuscode, "message":message, "messagevalue":messagevalue])): Send request and verify the response successfully

2019-05-28 16:00:14 - [TEST_CASE][PASSED] - Start Test Case : Verification: Verification accomplished successfully

2019-05-28 16:00:14 - [TEST_STEP][PASSED] - return null: null

2019-05-28 16:00:14 - [MESSAGE][PASSED] - Verify response successfully

2019-05-28 16:00:14 - [MESSAGE][PASSED] - Send request and verify the response successfully]]></system-out>
         <system-err><![CDATA[]]></system-err>
      </testcase>
      <testcase name="Test Cases/test" classname="Test Cases/test" status="PASSED">
         <system-out><![CDATA[2019-05-28 16:00:14 - [TEST_CASE][PASSED] - Test Cases/test: Test Cases/test

2019-05-28 16:00:14 - [TEST_STEP][PASSED] - if (methodforcall == "PUT"): Send request and verify the response successfully

2019-05-28 16:00:14 - [TEST_STEP][PASSED] - Storeresponse2 = sendRequestAndVerify(findTestObject("GLN deregister - EOID", ["url":url, "methodforcall":methodforcall, "status":status, "statuscode":statuscode, "message":message, "messagevalue":messagevalue])): Send request and verify the response successfully

2019-05-28 16:00:17 - [TEST_CASE][PASSED] - Start Test Case : Verification: Verification accomplished successfully

2019-05-28 16:00:17 - [TEST_STEP][PASSED] - return null: null

2019-05-28 16:00:17 - [MESSAGE][PASSED] - Verify response successfully

2019-05-28 16:00:17 - [MESSAGE][PASSED] - Send request and verify the response successfully]]></system-out>
         <system-err><![CDATA[]]></system-err>
      </testcase>
      <testcase name="Test Cases/test" classname="Test Cases/test" status="PASSED">
         <system-out><![CDATA[2019-05-28 16:00:17 - [TEST_CASE][PASSED] - Test Cases/test: Test Cases/test

2019-05-28 16:00:17 - [TEST_STEP][PASSED] - if (methodforcall == "PUT"): Send request and verify the response successfully

2019-05-28 16:00:17 - [TEST_STEP][PASSED] - Storeresponse2 = sendRequestAndVerify(findTestObject("GLN deregister - EOID", ["url":url, "methodforcall":methodforcall, "status":status, "statuscode":statuscode, "message":message, "messagevalue":messagevalue])): Send request and verify the response successfully

2019-05-28 16:00:19 - [TEST_CASE][PASSED] - Start Test Case : Verification: Verification accomplished successfully

2019-05-28 16:00:19 - [TEST_STEP][PASSED] - return null: null

2019-05-28 16:00:19 - [MESSAGE][PASSED] - Verify response successfully

2019-05-28 16:00:19 - [MESSAGE][PASSED] - Send request and verify the response successfully]]></system-out>
         <system-err><![CDATA[]]></system-err>
      </testcase>
      <testcase name="Test Cases/test" classname="Test Cases/test" status="PASSED">
         <system-out><![CDATA[2019-05-28 16:00:19 - [TEST_CASE][PASSED] - Test Cases/test: Test Cases/test

2019-05-28 16:00:19 - [TEST_STEP][PASSED] - if (methodforcall == "PUT"): Send request and verify the response successfully

2019-05-28 16:00:19 - [TEST_STEP][PASSED] - Storeresponse2 = sendRequestAndVerify(findTestObject("GLN deregister - EOID", ["url":url, "methodforcall":methodforcall, "status":status, "statuscode":statuscode, "message":message, "messagevalue":messagevalue])): Send request and verify the response successfully

2019-05-28 16:00:22 - [TEST_CASE][PASSED] - Start Test Case : Verification: Verification accomplished successfully

2019-05-28 16:00:22 - [TEST_STEP][PASSED] - return null: null

2019-05-28 16:00:22 - [MESSAGE][PASSED] - Verify response successfully

2019-05-28 16:00:22 - [MESSAGE][PASSED] - Send request and verify the response successfully]]></system-out>
         <system-err><![CDATA[]]></system-err>
      </testcase>
      <testcase name="Test Cases/test" classname="Test Cases/test" status="PASSED">
         <system-out><![CDATA[2019-05-28 16:00:22 - [TEST_CASE][PASSED] - Test Cases/test: Test Cases/test

2019-05-28 16:00:22 - [TEST_STEP][PASSED] - if (methodforcall == "PUT"): Send request and verify the response successfully

2019-05-28 16:00:22 - [TEST_STEP][PASSED] - Storeresponse2 = sendRequestAndVerify(findTestObject("GLN deregister - EOID", ["url":url, "methodforcall":methodforcall, "status":status, "statuscode":statuscode, "message":message, "messagevalue":messagevalue])): Send request and verify the response successfully

2019-05-28 16:00:25 - [TEST_CASE][PASSED] - Start Test Case : Verification: Verification accomplished successfully

2019-05-28 16:00:25 - [TEST_STEP][PASSED] - return null: null

2019-05-28 16:00:25 - [MESSAGE][PASSED] - Verify response successfully

2019-05-28 16:00:25 - [MESSAGE][PASSED] - Send request and verify the response successfully]]></system-out>
         <system-err><![CDATA[]]></system-err>
      </testcase>
      <testcase name="Test Cases/test" classname="Test Cases/test" status="PASSED">
         <system-out><![CDATA[2019-05-28 16:00:25 - [TEST_CASE][PASSED] - Test Cases/test: Test Cases/test

2019-05-28 16:00:25 - [TEST_STEP][PASSED] - if (methodforcall == "PUT"): Send request and verify the response successfully

2019-05-28 16:00:25 - [TEST_STEP][PASSED] - Storeresponse2 = sendRequestAndVerify(findTestObject("GLN deregister - EOID", ["url":url, "methodforcall":methodforcall, "status":status, "statuscode":statuscode, "message":message, "messagevalue":messagevalue])): Send request and verify the response successfully

2019-05-28 16:00:27 - [TEST_CASE][PASSED] - Start Test Case : Verification: Verification accomplished successfully

2019-05-28 16:00:27 - [TEST_STEP][PASSED] - return null: null

2019-05-28 16:00:27 - [MESSAGE][PASSED] - Verify response successfully

2019-05-28 16:00:27 - [MESSAGE][PASSED] - Send request and verify the response successfully]]></system-out>
         <system-err><![CDATA[]]></system-err>
      </testcase>
      <testcase name="Test Cases/test" classname="Test Cases/test" status="PASSED">
         <system-out><![CDATA[2019-05-28 16:00:27 - [TEST_CASE][PASSED] - Test Cases/test: Test Cases/test

2019-05-28 16:00:27 - [TEST_STEP][PASSED] - if (methodforcall == "PUT"): Send request and verify the response successfully

2019-05-28 16:00:27 - [TEST_STEP][PASSED] - Storeresponse2 = sendRequestAndVerify(findTestObject("GLN deregister - EOID", ["url":url, "methodforcall":methodforcall, "status":status, "statuscode":statuscode, "message":message, "messagevalue":messagevalue])): Send request and verify the response successfully

2019-05-28 16:00:29 - [TEST_CASE][PASSED] - Start Test Case : Verification: Verification accomplished successfully

2019-05-28 16:00:29 - [TEST_STEP][PASSED] - return null: null

2019-05-28 16:00:29 - [MESSAGE][PASSED] - Verify response successfully

2019-05-28 16:00:29 - [MESSAGE][PASSED] - Send request and verify the response successfully]]></system-out>
         <system-err><![CDATA[]]></system-err>
      </testcase>
      <testcase name="Test Cases/test" classname="Test Cases/test" status="PASSED">
         <system-out><![CDATA[2019-05-28 16:00:29 - [TEST_CASE][PASSED] - Test Cases/test: Test Cases/test

2019-05-28 16:00:29 - [TEST_STEP][PASSED] - if (methodforcall == "PUT"): Send request and verify the response successfully

2019-05-28 16:00:29 - [TEST_STEP][PASSED] - Storeresponse2 = sendRequestAndVerify(findTestObject("GLN deregister - EOID", ["url":url, "methodforcall":methodforcall, "status":status, "statuscode":statuscode, "message":message, "messagevalue":messagevalue])): Send request and verify the response successfully

2019-05-28 16:00:32 - [TEST_CASE][PASSED] - Start Test Case : Verification: Verification accomplished successfully

2019-05-28 16:00:32 - [TEST_STEP][PASSED] - return null: null

2019-05-28 16:00:32 - [MESSAGE][PASSED] - Verify response successfully

2019-05-28 16:00:32 - [MESSAGE][PASSED] - Send request and verify the response successfully]]></system-out>
         <system-err><![CDATA[]]></system-err>
      </testcase>
      <testcase name="Test Cases/test" classname="Test Cases/test" status="PASSED">
         <system-out><![CDATA[2019-05-28 16:00:32 - [TEST_CASE][PASSED] - Test Cases/test: Test Cases/test

2019-05-28 16:00:32 - [TEST_STEP][PASSED] - if (methodforcall == "PUT"): Send request and verify the response successfully

2019-05-28 16:00:32 - [TEST_STEP][PASSED] - Storeresponse2 = sendRequestAndVerify(findTestObject("GLN deregister - EOID", ["url":url, "methodforcall":methodforcall, "status":status, "statuscode":statuscode, "message":message, "messagevalue":messagevalue])): Send request and verify the response successfully

2019-05-28 16:00:34 - [TEST_CASE][PASSED] - Start Test Case : Verification: Verification accomplished successfully

2019-05-28 16:00:34 - [TEST_STEP][PASSED] - return null: null

2019-05-28 16:00:34 - [MESSAGE][PASSED] - Verify response successfully

2019-05-28 16:00:34 - [MESSAGE][PASSED] - Send request and verify the response successfully]]></system-out>
         <system-err><![CDATA[]]></system-err>
      </testcase>
      <testcase name="Test Cases/test" classname="Test Cases/test" status="PASSED">
         <system-out><![CDATA[2019-05-28 16:00:34 - [TEST_CASE][PASSED] - Test Cases/test: Test Cases/test

2019-05-28 16:00:34 - [TEST_STEP][PASSED] - if (methodforcall == "PUT"): Send request and verify the response successfully

2019-05-28 16:00:34 - [TEST_STEP][PASSED] - Storeresponse2 = sendRequestAndVerify(findTestObject("GLN deregister - EOID", ["url":url, "methodforcall":methodforcall, "status":status, "statuscode":statuscode, "message":message, "messagevalue":messagevalue])): Send request and verify the response successfully

2019-05-28 16:00:36 - [TEST_CASE][PASSED] - Start Test Case : Verification: Verification accomplished successfully

2019-05-28 16:00:36 - [TEST_STEP][PASSED] - return null: null

2019-05-28 16:00:36 - [MESSAGE][PASSED] - Verify response successfully

2019-05-28 16:00:36 - [MESSAGE][PASSED] - Send request and verify the response successfully]]></system-out>
         <system-err><![CDATA[]]></system-err>
      </testcase>
      <testcase name="Test Cases/test" classname="Test Cases/test" status="PASSED">
         <system-out><![CDATA[2019-05-28 16:00:36 - [TEST_CASE][PASSED] - Test Cases/test: Test Cases/test

2019-05-28 16:00:36 - [TEST_STEP][PASSED] - if (methodforcall == "PUT"): Send request and verify the response successfully

2019-05-28 16:00:36 - [TEST_STEP][PASSED] - Storeresponse2 = sendRequestAndVerify(findTestObject("GLN deregister - EOID", ["url":url, "methodforcall":methodforcall, "status":status, "statuscode":statuscode, "message":message, "messagevalue":messagevalue])): Send request and verify the response successfully

2019-05-28 16:00:39 - [TEST_CASE][PASSED] - Start Test Case : Verification: Verification accomplished successfully

2019-05-28 16:00:39 - [TEST_STEP][PASSED] - return null: null

2019-05-28 16:00:39 - [MESSAGE][PASSED] - Verify response successfully

2019-05-28 16:00:39 - [MESSAGE][PASSED] - Send request and verify the response successfully]]></system-out>
         <system-err><![CDATA[]]></system-err>
      </testcase>
      <system-out><![CDATA[2019-05-28 15:58:42 - [TEST_SUITE][PASSED] - FIt-test suite: Test Cases/test]]></system-out>
      <system-err><![CDATA[]]></system-err>
   </testsuite>
</testsuites>
