<?xml version="1.0" encoding="UTF-8"?>
<testsuites name="FIt-test suite" time="220" tests="22" failures="20" errors="0">
   <testsuite name="FIt-test suite" tests="22" failures="20" errors="0" time="220" timestamp="2019-05-15 23:07:49" hostname="Lavanya_DF - DESKTOP-T5KOPIL" id="Test Suites/FIt-test suite">
      <properties>
         <property name="deviceName" value=""/>
         <property name="devicePlatform" value=""/>
         <property name="logFolder" value="C:\\Users\\Lavanya_DF\\Downloads\\GS1 FIT\\GS1 FIT\\Reports\\FIt-test suite\\20190515_230747"/>
         <property name="logFiles" value="C:\\Users\\Lavanya_DF\\Downloads\\GS1 FIT\\GS1 FIT\\Reports\\FIt-test suite\\20190515_230747\\execution0.log"/>
         <property name="attachments" value=""/>
         <property name="hostName" value="Lavanya_DF - DESKTOP-T5KOPIL"/>
         <property name="hostAddress" value="192.168.43.238"/>
         <property name="os" value="Windows 10 64bit"/>
         <property name="katalonVersion" value="6.1.2.2"/>
      </properties>
      <testcase name="Test Cases/test" classname="Test Cases/test" status="PASSED">
         <system-out><![CDATA[2019-05-15 23:07:50 - [TEST_CASE][PASSED] - Test Cases/test: Test Cases/test

2019-05-15 23:07:50 - [TEST_STEP][PASSED] - if (glnparameter == ""): null

2019-05-15 23:07:50 - [TEST_STEP][PASSED] - else: null

2019-05-15 23:07:50 - [TEST_STEP][PASSED] - storeresponse1 = sendRequestAndVerify(findTestObject("GLN Check - EOID", ["gln":glnparameter, "url":url, "body":body, "methodforcall":methodforcall])): Send request and verify the response successfully

2019-05-15 23:07:59 - [TEST_CASE][PASSED] - Start Test Case : Verification: Verification accomplished successfully

2019-05-15 23:07:59 - [TEST_STEP][PASSED] - request = getInstance().getCurrentRequest(): null

2019-05-15 23:07:59 - [TEST_STEP][PASSED] - response = getInstance().getCurrentResponse(): null

2019-05-15 23:07:59 - [MESSAGE][PASSED] - Verify response successfully

2019-05-15 23:07:59 - [MESSAGE][PASSED] - Send request and verify the response successfully

2019-05-15 23:07:59 - [TEST_STEP][PASSED] - verifyElementPropertyValue(storeresponse1, status, statuscode): Verify element property value successfully

2019-05-15 23:07:59 - [MESSAGE][PASSED] - Verify element property value successfully

2019-05-15 23:07:59 - [TEST_STEP][PASSED] - verifyElementPropertyValue(storeresponse1, messageid, messageidvalue): Verify element property value successfully

2019-05-15 23:07:59 - [MESSAGE][PASSED] - Verify element property value successfully

2019-05-15 23:07:59 - [TEST_STEP][PASSED] - if (statuscode == 200): null

2019-05-15 23:07:59 - [TEST_STEP][PASSED] - else: null]]></system-out>
         <system-err><![CDATA[]]></system-err>
      </testcase>
      <testcase name="Test Cases/test" classname="Test Cases/test" status="PASSED">
         <system-out><![CDATA[2019-05-15 23:07:59 - [TEST_CASE][PASSED] - Test Cases/test: Test Cases/test

2019-05-15 23:08:00 - [TEST_STEP][PASSED] - if (glnparameter == ""): null

2019-05-15 23:08:00 - [TEST_STEP][PASSED] - else: null

2019-05-15 23:08:00 - [TEST_STEP][PASSED] - storeresponse1 = sendRequestAndVerify(findTestObject("GLN Check - EOID", ["gln":glnparameter, "url":url, "body":body, "methodforcall":methodforcall])): Send request and verify the response successfully

2019-05-15 23:08:04 - [TEST_CASE][PASSED] - Start Test Case : Verification: Verification accomplished successfully

2019-05-15 23:08:04 - [TEST_STEP][PASSED] - request = getInstance().getCurrentRequest(): null

2019-05-15 23:08:04 - [TEST_STEP][PASSED] - response = getInstance().getCurrentResponse(): null

2019-05-15 23:08:04 - [MESSAGE][PASSED] - Verify response successfully

2019-05-15 23:08:04 - [MESSAGE][PASSED] - Send request and verify the response successfully

2019-05-15 23:08:04 - [TEST_STEP][PASSED] - verifyElementPropertyValue(storeresponse1, status, statuscode): Verify element property value successfully

2019-05-15 23:08:04 - [MESSAGE][PASSED] - Verify element property value successfully

2019-05-15 23:08:04 - [TEST_STEP][PASSED] - verifyElementPropertyValue(storeresponse1, messageid, messageidvalue): Verify element property value successfully

2019-05-15 23:08:04 - [MESSAGE][PASSED] - Verify element property value successfully

2019-05-15 23:08:04 - [TEST_STEP][PASSED] - if (statuscode == 200): null

2019-05-15 23:08:04 - [TEST_STEP][PASSED] - else: null]]></system-out>
         <system-err><![CDATA[]]></system-err>
      </testcase>
      <testcase name="Test Cases/test" classname="Test Cases/test" status="PASSED">
         <system-out><![CDATA[2019-05-15 23:08:04 - [TEST_CASE][PASSED] - Test Cases/test: Test Cases/test

2019-05-15 23:08:04 - [TEST_STEP][PASSED] - if (glnparameter == ""): null

2019-05-15 23:08:04 - [TEST_STEP][PASSED] - else: null

2019-05-15 23:08:04 - [TEST_STEP][PASSED] - storeresponse1 = sendRequestAndVerify(findTestObject("GLN Check - EOID", ["gln":glnparameter, "url":url, "body":body, "methodforcall":methodforcall])): Send request and verify the response successfully

2019-05-15 23:08:08 - [TEST_CASE][PASSED] - Start Test Case : Verification: Verification accomplished successfully

2019-05-15 23:08:08 - [TEST_STEP][PASSED] - request = getInstance().getCurrentRequest(): null

2019-05-15 23:08:08 - [TEST_STEP][PASSED] - response = getInstance().getCurrentResponse(): null

2019-05-15 23:08:08 - [MESSAGE][PASSED] - Verify response successfully

2019-05-15 23:08:08 - [MESSAGE][PASSED] - Send request and verify the response successfully

2019-05-15 23:08:08 - [TEST_STEP][PASSED] - verifyElementPropertyValue(storeresponse1, status, statuscode): Verify element property value successfully

2019-05-15 23:08:08 - [MESSAGE][PASSED] - Verify element property value successfully

2019-05-15 23:08:08 - [TEST_STEP][PASSED] - verifyElementPropertyValue(storeresponse1, messageid, messageidvalue): Verify element property value successfully

2019-05-15 23:08:08 - [MESSAGE][PASSED] - Verify element property value successfully

2019-05-15 23:08:08 - [TEST_STEP][PASSED] - if (statuscode == 200): null

2019-05-15 23:08:08 - [TEST_STEP][PASSED] - else: null]]></system-out>
         <system-err><![CDATA[]]></system-err>
      </testcase>
      <testcase name="Test Cases/test" classname="Test Cases/test" status="PASSED">
         <system-out><![CDATA[2019-05-15 23:08:08 - [TEST_CASE][PASSED] - Test Cases/test: Test Cases/test

2019-05-15 23:08:08 - [TEST_STEP][PASSED] - if (glnparameter == ""): null

2019-05-15 23:08:08 - [TEST_STEP][PASSED] - else: null

2019-05-15 23:08:08 - [TEST_STEP][PASSED] - storeresponse1 = sendRequestAndVerify(findTestObject("GLN Check - EOID", ["gln":glnparameter, "url":url, "body":body, "methodforcall":methodforcall])): Send request and verify the response successfully

2019-05-15 23:08:13 - [TEST_CASE][PASSED] - Start Test Case : Verification: Verification accomplished successfully

2019-05-15 23:08:13 - [TEST_STEP][PASSED] - request = getInstance().getCurrentRequest(): null

2019-05-15 23:08:13 - [TEST_STEP][PASSED] - response = getInstance().getCurrentResponse(): null

2019-05-15 23:08:13 - [MESSAGE][PASSED] - Verify response successfully

2019-05-15 23:08:13 - [MESSAGE][PASSED] - Send request and verify the response successfully

2019-05-15 23:08:13 - [TEST_STEP][PASSED] - verifyElementPropertyValue(storeresponse1, status, statuscode): Verify element property value successfully

2019-05-15 23:08:13 - [MESSAGE][PASSED] - Verify element property value successfully

2019-05-15 23:08:13 - [TEST_STEP][PASSED] - verifyElementPropertyValue(storeresponse1, messageid, messageidvalue): Verify element property value successfully

2019-05-15 23:08:13 - [MESSAGE][PASSED] - Verify element property value successfully

2019-05-15 23:08:13 - [TEST_STEP][PASSED] - if (statuscode == 200): null

2019-05-15 23:08:13 - [TEST_STEP][PASSED] - else: null]]></system-out>
         <system-err><![CDATA[]]></system-err>
      </testcase>
      <testcase name="Test Cases/test" classname="Test Cases/test" status="PASSED">
         <system-out><![CDATA[2019-05-15 23:08:13 - [TEST_CASE][PASSED] - Test Cases/test: Test Cases/test

2019-05-15 23:08:13 - [TEST_STEP][PASSED] - if (glnparameter == ""): null

2019-05-15 23:08:13 - [TEST_STEP][PASSED] - else: null

2019-05-15 23:08:13 - [TEST_STEP][PASSED] - storeresponse1 = sendRequestAndVerify(findTestObject("GLN Check - EOID", ["gln":glnparameter, "url":url, "body":body, "methodforcall":methodforcall])): Send request and verify the response successfully

2019-05-15 23:08:17 - [TEST_CASE][PASSED] - Start Test Case : Verification: Verification accomplished successfully

2019-05-15 23:08:17 - [TEST_STEP][PASSED] - request = getInstance().getCurrentRequest(): null

2019-05-15 23:08:17 - [TEST_STEP][PASSED] - response = getInstance().getCurrentResponse(): null

2019-05-15 23:08:17 - [MESSAGE][PASSED] - Verify response successfully

2019-05-15 23:08:17 - [MESSAGE][PASSED] - Send request and verify the response successfully

2019-05-15 23:08:17 - [TEST_STEP][PASSED] - verifyElementPropertyValue(storeresponse1, status, statuscode): Verify element property value successfully

2019-05-15 23:08:17 - [MESSAGE][PASSED] - Verify element property value successfully

2019-05-15 23:08:17 - [TEST_STEP][PASSED] - verifyElementPropertyValue(storeresponse1, messageid, messageidvalue): Verify element property value successfully

2019-05-15 23:08:17 - [MESSAGE][PASSED] - Verify element property value successfully

2019-05-15 23:08:17 - [TEST_STEP][PASSED] - if (statuscode == 200): null

2019-05-15 23:08:17 - [TEST_STEP][PASSED] - else: null]]></system-out>
         <system-err><![CDATA[]]></system-err>
      </testcase>
      <testcase name="Test Cases/test" classname="Test Cases/test" status="PASSED">
         <system-out><![CDATA[2019-05-15 23:08:17 - [TEST_CASE][PASSED] - Test Cases/test: Test Cases/test

2019-05-15 23:08:17 - [TEST_STEP][PASSED] - if (glnparameter == ""): null

2019-05-15 23:08:17 - [TEST_STEP][PASSED] - else: null

2019-05-15 23:08:17 - [TEST_STEP][PASSED] - storeresponse1 = sendRequestAndVerify(findTestObject("GLN Check - EOID", ["gln":glnparameter, "url":url, "body":body, "methodforcall":methodforcall])): Send request and verify the response successfully

2019-05-15 23:08:23 - [TEST_CASE][PASSED] - Start Test Case : Verification: Verification accomplished successfully

2019-05-15 23:08:23 - [TEST_STEP][PASSED] - request = getInstance().getCurrentRequest(): null

2019-05-15 23:08:23 - [TEST_STEP][PASSED] - response = getInstance().getCurrentResponse(): null

2019-05-15 23:08:23 - [MESSAGE][PASSED] - Verify response successfully

2019-05-15 23:08:23 - [MESSAGE][PASSED] - Send request and verify the response successfully

2019-05-15 23:08:23 - [TEST_STEP][PASSED] - verifyElementPropertyValue(storeresponse1, status, statuscode): Verify element property value successfully

2019-05-15 23:08:23 - [MESSAGE][PASSED] - Verify element property value successfully

2019-05-15 23:08:23 - [TEST_STEP][PASSED] - verifyElementPropertyValue(storeresponse1, messageid, messageidvalue): Verify element property value successfully

2019-05-15 23:08:23 - [MESSAGE][PASSED] - Verify element property value successfully

2019-05-15 23:08:23 - [TEST_STEP][PASSED] - if (statuscode == 200): null

2019-05-15 23:08:23 - [TEST_STEP][PASSED] - else: null]]></system-out>
         <system-err><![CDATA[]]></system-err>
      </testcase>
      <testcase name="Test Cases/test" classname="Test Cases/test" status="PASSED">
         <system-out><![CDATA[2019-05-15 23:08:23 - [TEST_CASE][PASSED] - Test Cases/test: Test Cases/test

2019-05-15 23:08:23 - [TEST_STEP][PASSED] - if (glnparameter == ""): null

2019-05-15 23:08:23 - [TEST_STEP][PASSED] - else: null

2019-05-15 23:08:23 - [TEST_STEP][PASSED] - storeresponse1 = sendRequestAndVerify(findTestObject("GLN Check - EOID", ["gln":glnparameter, "url":url, "body":body, "methodforcall":methodforcall])): Send request and verify the response successfully

2019-05-15 23:08:28 - [TEST_CASE][PASSED] - Start Test Case : Verification: Verification accomplished successfully

2019-05-15 23:08:28 - [TEST_STEP][PASSED] - request = getInstance().getCurrentRequest(): null

2019-05-15 23:08:28 - [TEST_STEP][PASSED] - response = getInstance().getCurrentResponse(): null

2019-05-15 23:08:28 - [MESSAGE][PASSED] - Verify response successfully

2019-05-15 23:08:28 - [MESSAGE][PASSED] - Send request and verify the response successfully

2019-05-15 23:08:28 - [TEST_STEP][PASSED] - verifyElementPropertyValue(storeresponse1, status, statuscode): Verify element property value successfully

2019-05-15 23:08:28 - [MESSAGE][PASSED] - Verify element property value successfully

2019-05-15 23:08:28 - [TEST_STEP][PASSED] - verifyElementPropertyValue(storeresponse1, messageid, messageidvalue): Verify element property value successfully

2019-05-15 23:08:28 - [MESSAGE][PASSED] - Verify element property value successfully

2019-05-15 23:08:28 - [TEST_STEP][PASSED] - if (statuscode == 200): null

2019-05-15 23:08:28 - [TEST_STEP][PASSED] - else: null]]></system-out>
         <system-err><![CDATA[]]></system-err>
      </testcase>
      <testcase name="Test Cases/test" classname="Test Cases/test" status="PASSED">
         <system-out><![CDATA[2019-05-15 23:08:28 - [TEST_CASE][PASSED] - Test Cases/test: Test Cases/test

2019-05-15 23:08:28 - [TEST_STEP][PASSED] - if (glnparameter == ""): null

2019-05-15 23:08:28 - [TEST_STEP][PASSED] - else: null

2019-05-15 23:08:28 - [TEST_STEP][PASSED] - storeresponse1 = sendRequestAndVerify(findTestObject("GLN Check - EOID", ["gln":glnparameter, "url":url, "body":body, "methodforcall":methodforcall])): Send request and verify the response successfully

2019-05-15 23:08:32 - [TEST_CASE][PASSED] - Start Test Case : Verification: Verification accomplished successfully

2019-05-15 23:08:32 - [TEST_STEP][PASSED] - request = getInstance().getCurrentRequest(): null

2019-05-15 23:08:32 - [TEST_STEP][PASSED] - response = getInstance().getCurrentResponse(): null

2019-05-15 23:08:32 - [MESSAGE][PASSED] - Verify response successfully

2019-05-15 23:08:32 - [MESSAGE][PASSED] - Send request and verify the response successfully

2019-05-15 23:08:32 - [TEST_STEP][PASSED] - verifyElementPropertyValue(storeresponse1, status, statuscode): Verify element property value successfully

2019-05-15 23:08:32 - [MESSAGE][PASSED] - Verify element property value successfully

2019-05-15 23:08:32 - [TEST_STEP][PASSED] - verifyElementPropertyValue(storeresponse1, messageid, messageidvalue): Verify element property value successfully

2019-05-15 23:08:32 - [MESSAGE][PASSED] - Verify element property value successfully

2019-05-15 23:08:32 - [TEST_STEP][PASSED] - if (statuscode == 200): null

2019-05-15 23:08:32 - [TEST_STEP][PASSED] - else: null]]></system-out>
         <system-err><![CDATA[]]></system-err>
      </testcase>
      <testcase name="Test Cases/test" classname="Test Cases/test" status="PASSED">
         <system-out><![CDATA[2019-05-15 23:08:32 - [TEST_CASE][PASSED] - Test Cases/test: Test Cases/test

2019-05-15 23:08:32 - [TEST_STEP][PASSED] - if (glnparameter == ""): null

2019-05-15 23:08:32 - [TEST_STEP][PASSED] - else: null

2019-05-15 23:08:32 - [TEST_STEP][PASSED] - storeresponse1 = sendRequestAndVerify(findTestObject("GLN Check - EOID", ["gln":glnparameter, "url":url, "body":body, "methodforcall":methodforcall])): Send request and verify the response successfully

2019-05-15 23:08:36 - [TEST_CASE][PASSED] - Start Test Case : Verification: Verification accomplished successfully

2019-05-15 23:08:36 - [TEST_STEP][PASSED] - request = getInstance().getCurrentRequest(): null

2019-05-15 23:08:36 - [TEST_STEP][PASSED] - response = getInstance().getCurrentResponse(): null

2019-05-15 23:08:36 - [MESSAGE][PASSED] - Verify response successfully

2019-05-15 23:08:36 - [MESSAGE][PASSED] - Send request and verify the response successfully

2019-05-15 23:08:36 - [TEST_STEP][PASSED] - verifyElementPropertyValue(storeresponse1, status, statuscode): Verify element property value successfully

2019-05-15 23:08:36 - [MESSAGE][PASSED] - Verify element property value successfully

2019-05-15 23:08:36 - [TEST_STEP][PASSED] - verifyElementPropertyValue(storeresponse1, messageid, messageidvalue): Verify element property value successfully

2019-05-15 23:08:36 - [MESSAGE][PASSED] - Verify element property value successfully

2019-05-15 23:08:36 - [TEST_STEP][PASSED] - if (statuscode == 200): null

2019-05-15 23:08:36 - [TEST_STEP][PASSED] - else: null]]></system-out>
         <system-err><![CDATA[]]></system-err>
      </testcase>
      <testcase name="Test Cases/test" classname="Test Cases/test" status="FAILED">
         <failure type="FAILED" message="Test Cases/test FAILED.
Reason:
com.kms.katalon.core.exception.StepFailedException: Expected element property value '400' is not equal with actual property value '200'
	at com.kms.katalon.core.keyword.internal.KeywordMain.stepFailed(KeywordMain.groovy:48)
	at com.kms.katalon.core.webservice.keyword.builtin.VerifyElementPropertyValueKeyword$_verifyElementPropertyValue_closure1.doCall(VerifyElementPropertyValueKeyword.groovy:56)
	at com.kms.katalon.core.webservice.keyword.builtin.VerifyElementPropertyValueKeyword$_verifyElementPropertyValue_closure1.call(VerifyElementPropertyValueKeyword.groovy)
	at com.kms.katalon.core.keyword.internal.KeywordMain.runKeyword(KeywordMain.groovy:66)
	at com.kms.katalon.core.webservice.keyword.builtin.VerifyElementPropertyValueKeyword.verifyElementPropertyValue(VerifyElementPropertyValueKeyword.groovy:48)
	at com.kms.katalon.core.webservice.keyword.builtin.VerifyElementPropertyValueKeyword.execute(VerifyElementPropertyValueKeyword.groovy:43)
	at com.kms.katalon.core.keyword.internal.KeywordExecutor.executeKeywordForPlatform(KeywordExecutor.groovy:56)
	at com.kms.katalon.core.webservice.keyword.WSBuiltInKeywords.verifyElementPropertyValue(WSBuiltInKeywords.groovy:123)
	at com.kms.katalon.core.webservice.keyword.WSBuiltInKeywords$verifyElementPropertyValue$0.call(Unknown Source)
	at test.run(test:26)
	at com.kms.katalon.core.main.ScriptEngine.run(ScriptEngine.java:194)
	at com.kms.katalon.core.main.ScriptEngine.runScriptAsRawText(ScriptEngine.java:119)
	at com.kms.katalon.core.main.TestCaseExecutor.runScript(TestCaseExecutor.java:336)
	at com.kms.katalon.core.main.TestCaseExecutor.doExecute(TestCaseExecutor.java:327)
	at com.kms.katalon.core.main.TestCaseExecutor.processExecutionPhase(TestCaseExecutor.java:306)
	at com.kms.katalon.core.main.TestCaseExecutor.accessMainPhase(TestCaseExecutor.java:298)
	at com.kms.katalon.core.main.TestCaseExecutor.execute(TestCaseExecutor.java:232)
	at com.kms.katalon.core.main.TestSuiteExecutor.accessTestCaseMainPhase(TestSuiteExecutor.java:129)
	at com.kms.katalon.core.main.TestSuiteExecutor.accessTestSuiteMainPhase(TestSuiteExecutor.java:112)
	at com.kms.katalon.core.main.TestSuiteExecutor.execute(TestSuiteExecutor.java:81)
	at com.kms.katalon.core.main.TestCaseMain.startTestSuite(TestCaseMain.java:157)
	at com.kms.katalon.core.main.TestCaseMain$startTestSuite$0.call(Unknown Source)
	at TempTestSuite1557941867715.run(TempTestSuite1557941867715.groovy:35)
"/>
         <system-out><![CDATA[2019-05-15 23:08:36 - [TEST_CASE][FAILED] - Test Cases/test: Test Cases/test FAILED.
Reason:
com.kms.katalon.core.exception.StepFailedException: Expected element property value '400' is not equal with actual property value '200'
	at com.kms.katalon.core.keyword.internal.KeywordMain.stepFailed(KeywordMain.groovy:48)
	at com.kms.katalon.core.webservice.keyword.builtin.VerifyElementPropertyValueKeyword$_verifyElementPropertyValue_closure1.doCall(VerifyElementPropertyValueKeyword.groovy:56)
	at com.kms.katalon.core.webservice.keyword.builtin.VerifyElementPropertyValueKeyword$_verifyElementPropertyValue_closure1.call(VerifyElementPropertyValueKeyword.groovy)
	at com.kms.katalon.core.keyword.internal.KeywordMain.runKeyword(KeywordMain.groovy:66)
	at com.kms.katalon.core.webservice.keyword.builtin.VerifyElementPropertyValueKeyword.verifyElementPropertyValue(VerifyElementPropertyValueKeyword.groovy:48)
	at com.kms.katalon.core.webservice.keyword.builtin.VerifyElementPropertyValueKeyword.execute(VerifyElementPropertyValueKeyword.groovy:43)
	at com.kms.katalon.core.keyword.internal.KeywordExecutor.executeKeywordForPlatform(KeywordExecutor.groovy:56)
	at com.kms.katalon.core.webservice.keyword.WSBuiltInKeywords.verifyElementPropertyValue(WSBuiltInKeywords.groovy:123)
	at com.kms.katalon.core.webservice.keyword.WSBuiltInKeywords$verifyElementPropertyValue$0.call(Unknown Source)
	at test.run(test:26)
	at com.kms.katalon.core.main.ScriptEngine.run(ScriptEngine.java:194)
	at com.kms.katalon.core.main.ScriptEngine.runScriptAsRawText(ScriptEngine.java:119)
	at com.kms.katalon.core.main.TestCaseExecutor.runScript(TestCaseExecutor.java:336)
	at com.kms.katalon.core.main.TestCaseExecutor.doExecute(TestCaseExecutor.java:327)
	at com.kms.katalon.core.main.TestCaseExecutor.processExecutionPhase(TestCaseExecutor.java:306)
	at com.kms.katalon.core.main.TestCaseExecutor.accessMainPhase(TestCaseExecutor.java:298)
	at com.kms.katalon.core.main.TestCaseExecutor.execute(TestCaseExecutor.java:232)
	at com.kms.katalon.core.main.TestSuiteExecutor.accessTestCaseMainPhase(TestSuiteExecutor.java:129)
	at com.kms.katalon.core.main.TestSuiteExecutor.accessTestSuiteMainPhase(TestSuiteExecutor.java:112)
	at com.kms.katalon.core.main.TestSuiteExecutor.execute(TestSuiteExecutor.java:81)
	at com.kms.katalon.core.main.TestCaseMain.startTestSuite(TestCaseMain.java:157)
	at com.kms.katalon.core.main.TestCaseMain$startTestSuite$0.call(Unknown Source)
	at TempTestSuite1557941867715.run(TempTestSuite1557941867715.groovy:35)


2019-05-15 23:08:36 - [TEST_STEP][PASSED] - if (glnparameter == ""): null

2019-05-15 23:08:36 - [TEST_STEP][FAILED] - else: Unable to verify element property value (Root cause: com.kms.katalon.core.exception.StepFailedException: Expected element property value '400' is not equal with actual property value '200'
	at com.kms.katalon.core.keyword.internal.KeywordMain.stepFailed(KeywordMain.groovy:48)
	at com.kms.katalon.core.webservice.keyword.builtin.VerifyElementPropertyValueKeyword$_verifyElementPropertyValue_closure1.doCall(VerifyElementPropertyValueKeyword.groovy:56)
	at com.kms.katalon.core.webservice.keyword.builtin.VerifyElementPropertyValueKeyword$_verifyElementPropertyValue_closure1.call(VerifyElementPropertyValueKeyword.groovy)
	at com.kms.katalon.core.keyword.internal.KeywordMain.runKeyword(KeywordMain.groovy:66)
	at com.kms.katalon.core.webservice.keyword.builtin.VerifyElementPropertyValueKeyword.verifyElementPropertyValue(VerifyElementPropertyValueKeyword.groovy:48)
	at com.kms.katalon.core.webservice.keyword.builtin.VerifyElementPropertyValueKeyword.execute(VerifyElementPropertyValueKeyword.groovy:43)
	at com.kms.katalon.core.keyword.internal.KeywordExecutor.executeKeywordForPlatform(KeywordExecutor.groovy:56)
	at com.kms.katalon.core.webservice.keyword.WSBuiltInKeywords.verifyElementPropertyValue(WSBuiltInKeywords.groovy:123)
	at com.kms.katalon.core.webservice.keyword.WSBuiltInKeywords$verifyElementPropertyValue$0.call(Unknown Source)
	at test.run(test:26)
	at com.kms.katalon.core.main.ScriptEngine.run(ScriptEngine.java:194)
	at com.kms.katalon.core.main.ScriptEngine.runScriptAsRawText(ScriptEngine.java:119)
	at com.kms.katalon.core.main.TestCaseExecutor.runScript(TestCaseExecutor.java:336)
	at com.kms.katalon.core.main.TestCaseExecutor.doExecute(TestCaseExecutor.java:327)
	at com.kms.katalon.core.main.TestCaseExecutor.processExecutionPhase(TestCaseExecutor.java:306)
	at com.kms.katalon.core.main.TestCaseExecutor.accessMainPhase(TestCaseExecutor.java:298)
	at com.kms.katalon.core.main.TestCaseExecutor.execute(TestCaseExecutor.java:232)
	at com.kms.katalon.core.main.TestSuiteExecutor.accessTestCaseMainPhase(TestSuiteExecutor.java:129)
	at com.kms.katalon.core.main.TestSuiteExecutor.accessTestSuiteMainPhase(TestSuiteExecutor.java:112)
	at com.kms.katalon.core.main.TestSuiteExecutor.execute(TestSuiteExecutor.java:81)
	at com.kms.katalon.core.main.TestCaseMain.startTestSuite(TestCaseMain.java:157)
	at com.kms.katalon.core.main.TestCaseMain$startTestSuite$0.call(Unknown Source)
	at TempTestSuite1557941867715.run(TempTestSuite1557941867715.groovy:35)
)

2019-05-15 23:08:36 - [TEST_STEP][PASSED] - storeresponse1 = sendRequestAndVerify(findTestObject("GLN Check - EOID", ["gln":glnparameter, "url":url, "body":body, "methodforcall":methodforcall])): Send request and verify the response successfully

2019-05-15 23:08:44 - [TEST_CASE][PASSED] - Start Test Case : Verification: Verification accomplished successfully

2019-05-15 23:08:44 - [TEST_STEP][PASSED] - request = getInstance().getCurrentRequest(): null

2019-05-15 23:08:44 - [TEST_STEP][PASSED] - response = getInstance().getCurrentResponse(): null

2019-05-15 23:08:44 - [MESSAGE][PASSED] - Verify response successfully

2019-05-15 23:08:44 - [MESSAGE][PASSED] - Send request and verify the response successfully

2019-05-15 23:08:44 - [TEST_STEP][FAILED] - verifyElementPropertyValue(storeresponse1, status, statuscode): Unable to verify element property value (Root cause: com.kms.katalon.core.exception.StepFailedException: Expected element property value '400' is not equal with actual property value '200'
	at com.kms.katalon.core.keyword.internal.KeywordMain.stepFailed(KeywordMain.groovy:48)
	at com.kms.katalon.core.webservice.keyword.builtin.VerifyElementPropertyValueKeyword$_verifyElementPropertyValue_closure1.doCall(VerifyElementPropertyValueKeyword.groovy:56)
	at com.kms.katalon.core.webservice.keyword.builtin.VerifyElementPropertyValueKeyword$_verifyElementPropertyValue_closure1.call(VerifyElementPropertyValueKeyword.groovy)
	at com.kms.katalon.core.keyword.internal.KeywordMain.runKeyword(KeywordMain.groovy:66)
	at com.kms.katalon.core.webservice.keyword.builtin.VerifyElementPropertyValueKeyword.verifyElementPropertyValue(VerifyElementPropertyValueKeyword.groovy:48)
	at com.kms.katalon.core.webservice.keyword.builtin.VerifyElementPropertyValueKeyword.execute(VerifyElementPropertyValueKeyword.groovy:43)
	at com.kms.katalon.core.keyword.internal.KeywordExecutor.executeKeywordForPlatform(KeywordExecutor.groovy:56)
	at com.kms.katalon.core.webservice.keyword.WSBuiltInKeywords.verifyElementPropertyValue(WSBuiltInKeywords.groovy:123)
	at com.kms.katalon.core.webservice.keyword.WSBuiltInKeywords$verifyElementPropertyValue$0.call(Unknown Source)
	at test.run(test:26)
	at com.kms.katalon.core.main.ScriptEngine.run(ScriptEngine.java:194)
	at com.kms.katalon.core.main.ScriptEngine.runScriptAsRawText(ScriptEngine.java:119)
	at com.kms.katalon.core.main.TestCaseExecutor.runScript(TestCaseExecutor.java:336)
	at com.kms.katalon.core.main.TestCaseExecutor.doExecute(TestCaseExecutor.java:327)
	at com.kms.katalon.core.main.TestCaseExecutor.processExecutionPhase(TestCaseExecutor.java:306)
	at com.kms.katalon.core.main.TestCaseExecutor.accessMainPhase(TestCaseExecutor.java:298)
	at com.kms.katalon.core.main.TestCaseExecutor.execute(TestCaseExecutor.java:232)
	at com.kms.katalon.core.main.TestSuiteExecutor.accessTestCaseMainPhase(TestSuiteExecutor.java:129)
	at com.kms.katalon.core.main.TestSuiteExecutor.accessTestSuiteMainPhase(TestSuiteExecutor.java:112)
	at com.kms.katalon.core.main.TestSuiteExecutor.execute(TestSuiteExecutor.java:81)
	at com.kms.katalon.core.main.TestCaseMain.startTestSuite(TestCaseMain.java:157)
	at com.kms.katalon.core.main.TestCaseMain$startTestSuite$0.call(Unknown Source)
	at TempTestSuite1557941867715.run(TempTestSuite1557941867715.groovy:35)
)

2019-05-15 23:08:44 - [MESSAGE][FAILED] - Expected element property value '400' is not equal with actual property value '200'

2019-05-15 23:08:44 - [MESSAGE][FAILED] - Unable to verify element property value (Root cause: com.kms.katalon.core.exception.StepFailedException: Expected element property value '400' is not equal with actual property value '200'
	at com.kms.katalon.core.keyword.internal.KeywordMain.stepFailed(KeywordMain.groovy:48)
	at com.kms.katalon.core.webservice.keyword.builtin.VerifyElementPropertyValueKeyword$_verifyElementPropertyValue_closure1.doCall(VerifyElementPropertyValueKeyword.groovy:56)
	at com.kms.katalon.core.webservice.keyword.builtin.VerifyElementPropertyValueKeyword$_verifyElementPropertyValue_closure1.call(VerifyElementPropertyValueKeyword.groovy)
	at com.kms.katalon.core.keyword.internal.KeywordMain.runKeyword(KeywordMain.groovy:66)
	at com.kms.katalon.core.webservice.keyword.builtin.VerifyElementPropertyValueKeyword.verifyElementPropertyValue(VerifyElementPropertyValueKeyword.groovy:48)
	at com.kms.katalon.core.webservice.keyword.builtin.VerifyElementPropertyValueKeyword.execute(VerifyElementPropertyValueKeyword.groovy:43)
	at com.kms.katalon.core.keyword.internal.KeywordExecutor.executeKeywordForPlatform(KeywordExecutor.groovy:56)
	at com.kms.katalon.core.webservice.keyword.WSBuiltInKeywords.verifyElementPropertyValue(WSBuiltInKeywords.groovy:123)
	at com.kms.katalon.core.webservice.keyword.WSBuiltInKeywords$verifyElementPropertyValue$0.call(Unknown Source)
	at test.run(test:26)
	at com.kms.katalon.core.main.ScriptEngine.run(ScriptEngine.java:194)
	at com.kms.katalon.core.main.ScriptEngine.runScriptAsRawText(ScriptEngine.java:119)
	at com.kms.katalon.core.main.TestCaseExecutor.runScript(TestCaseExecutor.java:336)
	at com.kms.katalon.core.main.TestCaseExecutor.doExecute(TestCaseExecutor.java:327)
	at com.kms.katalon.core.main.TestCaseExecutor.processExecutionPhase(TestCaseExecutor.java:306)
	at com.kms.katalon.core.main.TestCaseExecutor.accessMainPhase(TestCaseExecutor.java:298)
	at com.kms.katalon.core.main.TestCaseExecutor.execute(TestCaseExecutor.java:232)
	at com.kms.katalon.core.main.TestSuiteExecutor.accessTestCaseMainPhase(TestSuiteExecutor.java:129)
	at com.kms.katalon.core.main.TestSuiteExecutor.accessTestSuiteMainPhase(TestSuiteExecutor.java:112)
	at com.kms.katalon.core.main.TestSuiteExecutor.execute(TestSuiteExecutor.java:81)
	at com.kms.katalon.core.main.TestCaseMain.startTestSuite(TestCaseMain.java:157)
	at com.kms.katalon.core.main.TestCaseMain$startTestSuite$0.call(Unknown Source)
	at TempTestSuite1557941867715.run(TempTestSuite1557941867715.groovy:35)
)]]></system-out>
         <system-err><![CDATA[2019-05-15 23:08:36 - [TEST_CASE][FAILED] - Test Cases/test: Test Cases/test FAILED.
Reason:
com.kms.katalon.core.exception.StepFailedException: Expected element property value '400' is not equal with actual property value '200'
	at com.kms.katalon.core.keyword.internal.KeywordMain.stepFailed(KeywordMain.groovy:48)
	at com.kms.katalon.core.webservice.keyword.builtin.VerifyElementPropertyValueKeyword$_verifyElementPropertyValue_closure1.doCall(VerifyElementPropertyValueKeyword.groovy:56)
	at com.kms.katalon.core.webservice.keyword.builtin.VerifyElementPropertyValueKeyword$_verifyElementPropertyValue_closure1.call(VerifyElementPropertyValueKeyword.groovy)
	at com.kms.katalon.core.keyword.internal.KeywordMain.runKeyword(KeywordMain.groovy:66)
	at com.kms.katalon.core.webservice.keyword.builtin.VerifyElementPropertyValueKeyword.verifyElementPropertyValue(VerifyElementPropertyValueKeyword.groovy:48)
	at com.kms.katalon.core.webservice.keyword.builtin.VerifyElementPropertyValueKeyword.execute(VerifyElementPropertyValueKeyword.groovy:43)
	at com.kms.katalon.core.keyword.internal.KeywordExecutor.executeKeywordForPlatform(KeywordExecutor.groovy:56)
	at com.kms.katalon.core.webservice.keyword.WSBuiltInKeywords.verifyElementPropertyValue(WSBuiltInKeywords.groovy:123)
	at com.kms.katalon.core.webservice.keyword.WSBuiltInKeywords$verifyElementPropertyValue$0.call(Unknown Source)
	at test.run(test:26)
	at com.kms.katalon.core.main.ScriptEngine.run(ScriptEngine.java:194)
	at com.kms.katalon.core.main.ScriptEngine.runScriptAsRawText(ScriptEngine.java:119)
	at com.kms.katalon.core.main.TestCaseExecutor.runScript(TestCaseExecutor.java:336)
	at com.kms.katalon.core.main.TestCaseExecutor.doExecute(TestCaseExecutor.java:327)
	at com.kms.katalon.core.main.TestCaseExecutor.processExecutionPhase(TestCaseExecutor.java:306)
	at com.kms.katalon.core.main.TestCaseExecutor.accessMainPhase(TestCaseExecutor.java:298)
	at com.kms.katalon.core.main.TestCaseExecutor.execute(TestCaseExecutor.java:232)
	at com.kms.katalon.core.main.TestSuiteExecutor.accessTestCaseMainPhase(TestSuiteExecutor.java:129)
	at com.kms.katalon.core.main.TestSuiteExecutor.accessTestSuiteMainPhase(TestSuiteExecutor.java:112)
	at com.kms.katalon.core.main.TestSuiteExecutor.execute(TestSuiteExecutor.java:81)
	at com.kms.katalon.core.main.TestCaseMain.startTestSuite(TestCaseMain.java:157)
	at com.kms.katalon.core.main.TestCaseMain$startTestSuite$0.call(Unknown Source)
	at TempTestSuite1557941867715.run(TempTestSuite1557941867715.groovy:35)]]></system-err>
      </testcase>
      <testcase name="Test Cases/test" classname="Test Cases/test" status="PASSED">
         <system-out><![CDATA[2019-05-15 23:08:44 - [TEST_CASE][PASSED] - Test Cases/test: Test Cases/test

2019-05-15 23:08:44 - [TEST_STEP][PASSED] - if (glnparameter == ""): null

2019-05-15 23:08:44 - [TEST_STEP][PASSED] - else: null

2019-05-15 23:08:44 - [TEST_STEP][PASSED] - storeresponse1 = sendRequestAndVerify(findTestObject("GLN Check - EOID", ["gln":glnparameter, "url":url, "body":body, "methodforcall":methodforcall])): Send request and verify the response successfully

2019-05-15 23:08:50 - [TEST_CASE][PASSED] - Start Test Case : Verification: Verification accomplished successfully

2019-05-15 23:08:50 - [TEST_STEP][PASSED] - request = getInstance().getCurrentRequest(): null

2019-05-15 23:08:51 - [TEST_STEP][PASSED] - response = getInstance().getCurrentResponse(): null

2019-05-15 23:08:51 - [MESSAGE][PASSED] - Verify response successfully

2019-05-15 23:08:51 - [MESSAGE][PASSED] - Send request and verify the response successfully

2019-05-15 23:08:51 - [TEST_STEP][PASSED] - verifyElementPropertyValue(storeresponse1, status, statuscode): Verify element property value successfully

2019-05-15 23:08:51 - [MESSAGE][PASSED] - Verify element property value successfully

2019-05-15 23:08:51 - [TEST_STEP][PASSED] - verifyElementPropertyValue(storeresponse1, messageid, messageidvalue): Verify element property value successfully

2019-05-15 23:08:51 - [MESSAGE][PASSED] - Verify element property value successfully

2019-05-15 23:08:51 - [TEST_STEP][PASSED] - if (statuscode == 200): null

2019-05-15 23:08:51 - [TEST_STEP][PASSED] - else: null]]></system-out>
         <system-err><![CDATA[]]></system-err>
      </testcase>
      <testcase name="Test Cases/test" classname="Test Cases/test" status="PASSED">
         <system-out><![CDATA[2019-05-15 23:08:51 - [TEST_CASE][PASSED] - Test Cases/test: Test Cases/test

2019-05-15 23:08:51 - [TEST_STEP][PASSED] - if (glnparameter == ""): null

2019-05-15 23:08:51 - [TEST_STEP][PASSED] - else: null

2019-05-15 23:08:51 - [TEST_STEP][PASSED] - storeresponse1 = sendRequestAndVerify(findTestObject("GLN Check - EOID", ["gln":glnparameter, "url":url, "body":body, "methodforcall":methodforcall])): Send request and verify the response successfully

2019-05-15 23:08:58 - [TEST_CASE][PASSED] - Start Test Case : Verification: Verification accomplished successfully

2019-05-15 23:08:58 - [TEST_STEP][PASSED] - request = getInstance().getCurrentRequest(): null

2019-05-15 23:08:58 - [TEST_STEP][PASSED] - response = getInstance().getCurrentResponse(): null

2019-05-15 23:08:58 - [MESSAGE][PASSED] - Verify response successfully

2019-05-15 23:08:58 - [MESSAGE][PASSED] - Send request and verify the response successfully

2019-05-15 23:08:58 - [TEST_STEP][PASSED] - verifyElementPropertyValue(storeresponse1, status, statuscode): Verify element property value successfully

2019-05-15 23:08:58 - [MESSAGE][PASSED] - Verify element property value successfully

2019-05-15 23:08:58 - [TEST_STEP][PASSED] - verifyElementPropertyValue(storeresponse1, messageid, messageidvalue): Verify element property value successfully

2019-05-15 23:08:58 - [MESSAGE][PASSED] - Verify element property value successfully

2019-05-15 23:08:58 - [TEST_STEP][PASSED] - if (statuscode == 200): null

2019-05-15 23:08:58 - [TEST_STEP][PASSED] - else: null]]></system-out>
         <system-err><![CDATA[]]></system-err>
      </testcase>
      <testcase name="Test Cases/test" classname="Test Cases/test" status="PASSED">
         <system-out><![CDATA[2019-05-15 23:08:58 - [TEST_CASE][PASSED] - Test Cases/test: Test Cases/test

2019-05-15 23:08:58 - [TEST_STEP][PASSED] - if (glnparameter == ""): null

2019-05-15 23:08:58 - [TEST_STEP][PASSED] - else: null

2019-05-15 23:08:58 - [TEST_STEP][PASSED] - storeresponse1 = sendRequestAndVerify(findTestObject("GLN Check - EOID", ["gln":glnparameter, "url":url, "body":body, "methodforcall":methodforcall])): Send request and verify the response successfully

2019-05-15 23:09:05 - [TEST_CASE][PASSED] - Start Test Case : Verification: Verification accomplished successfully

2019-05-15 23:09:06 - [TEST_STEP][PASSED] - request = getInstance().getCurrentRequest(): null

2019-05-15 23:09:06 - [TEST_STEP][PASSED] - response = getInstance().getCurrentResponse(): null

2019-05-15 23:09:06 - [MESSAGE][PASSED] - Verify response successfully

2019-05-15 23:09:06 - [MESSAGE][PASSED] - Send request and verify the response successfully

2019-05-15 23:09:06 - [TEST_STEP][PASSED] - verifyElementPropertyValue(storeresponse1, status, statuscode): Verify element property value successfully

2019-05-15 23:09:06 - [MESSAGE][PASSED] - Verify element property value successfully

2019-05-15 23:09:06 - [TEST_STEP][PASSED] - verifyElementPropertyValue(storeresponse1, messageid, messageidvalue): Verify element property value successfully

2019-05-15 23:09:06 - [MESSAGE][PASSED] - Verify element property value successfully

2019-05-15 23:09:06 - [TEST_STEP][PASSED] - if (statuscode == 200): null

2019-05-15 23:09:06 - [TEST_STEP][PASSED] - else: null]]></system-out>
         <system-err><![CDATA[]]></system-err>
      </testcase>
      <testcase name="Test Cases/test" classname="Test Cases/test" status="PASSED">
         <system-out><![CDATA[2019-05-15 23:09:06 - [TEST_CASE][PASSED] - Test Cases/test: Test Cases/test

2019-05-15 23:09:06 - [TEST_STEP][PASSED] - if (glnparameter == ""): null

2019-05-15 23:09:06 - [TEST_STEP][PASSED] - else: null

2019-05-15 23:09:06 - [TEST_STEP][PASSED] - storeresponse1 = sendRequestAndVerify(findTestObject("GLN Check - EOID", ["gln":glnparameter, "url":url, "body":body, "methodforcall":methodforcall])): Send request and verify the response successfully

2019-05-15 23:09:13 - [TEST_CASE][PASSED] - Start Test Case : Verification: Verification accomplished successfully

2019-05-15 23:09:14 - [TEST_STEP][PASSED] - request = getInstance().getCurrentRequest(): null

2019-05-15 23:09:14 - [TEST_STEP][PASSED] - response = getInstance().getCurrentResponse(): null

2019-05-15 23:09:14 - [MESSAGE][PASSED] - Verify response successfully

2019-05-15 23:09:14 - [MESSAGE][PASSED] - Send request and verify the response successfully

2019-05-15 23:09:14 - [TEST_STEP][PASSED] - verifyElementPropertyValue(storeresponse1, status, statuscode): Verify element property value successfully

2019-05-15 23:09:14 - [MESSAGE][PASSED] - Verify element property value successfully

2019-05-15 23:09:14 - [TEST_STEP][PASSED] - verifyElementPropertyValue(storeresponse1, messageid, messageidvalue): Verify element property value successfully

2019-05-15 23:09:14 - [MESSAGE][PASSED] - Verify element property value successfully

2019-05-15 23:09:14 - [TEST_STEP][PASSED] - if (statuscode == 200): null

2019-05-15 23:09:14 - [TEST_STEP][PASSED] - else: null]]></system-out>
         <system-err><![CDATA[]]></system-err>
      </testcase>
      <testcase name="Test Cases/test" classname="Test Cases/test" status="PASSED">
         <system-out><![CDATA[2019-05-15 23:09:14 - [TEST_CASE][PASSED] - Test Cases/test: Test Cases/test

2019-05-15 23:09:14 - [TEST_STEP][PASSED] - if (glnparameter == ""): null

2019-05-15 23:09:14 - [TEST_STEP][PASSED] - else: null

2019-05-15 23:09:14 - [TEST_STEP][PASSED] - storeresponse1 = sendRequestAndVerify(findTestObject("GLN Check - EOID", ["gln":glnparameter, "url":url, "body":body, "methodforcall":methodforcall])): Send request and verify the response successfully

2019-05-15 23:09:21 - [TEST_CASE][PASSED] - Start Test Case : Verification: Verification accomplished successfully

2019-05-15 23:09:21 - [TEST_STEP][PASSED] - request = getInstance().getCurrentRequest(): null

2019-05-15 23:09:21 - [TEST_STEP][PASSED] - response = getInstance().getCurrentResponse(): null

2019-05-15 23:09:21 - [MESSAGE][PASSED] - Verify response successfully

2019-05-15 23:09:21 - [MESSAGE][PASSED] - Send request and verify the response successfully

2019-05-15 23:09:21 - [TEST_STEP][PASSED] - verifyElementPropertyValue(storeresponse1, status, statuscode): Verify element property value successfully

2019-05-15 23:09:21 - [MESSAGE][PASSED] - Verify element property value successfully

2019-05-15 23:09:21 - [TEST_STEP][PASSED] - verifyElementPropertyValue(storeresponse1, messageid, messageidvalue): Verify element property value successfully

2019-05-15 23:09:21 - [MESSAGE][PASSED] - Verify element property value successfully

2019-05-15 23:09:21 - [TEST_STEP][PASSED] - if (statuscode == 200): null

2019-05-15 23:09:21 - [TEST_STEP][PASSED] - else: null]]></system-out>
         <system-err><![CDATA[]]></system-err>
      </testcase>
      <testcase name="Test Cases/test" classname="Test Cases/test" status="PASSED">
         <system-out><![CDATA[2019-05-15 23:09:21 - [TEST_CASE][PASSED] - Test Cases/test: Test Cases/test

2019-05-15 23:09:21 - [TEST_STEP][PASSED] - if (glnparameter == ""): null

2019-05-15 23:09:21 - [TEST_STEP][PASSED] - else: null

2019-05-15 23:09:21 - [TEST_STEP][PASSED] - storeresponse1 = sendRequestAndVerify(findTestObject("GLN Check - EOID", ["gln":glnparameter, "url":url, "body":body, "methodforcall":methodforcall])): Send request and verify the response successfully

2019-05-15 23:09:28 - [TEST_CASE][PASSED] - Start Test Case : Verification: Verification accomplished successfully

2019-05-15 23:09:28 - [TEST_STEP][PASSED] - request = getInstance().getCurrentRequest(): null

2019-05-15 23:09:28 - [TEST_STEP][PASSED] - response = getInstance().getCurrentResponse(): null

2019-05-15 23:09:28 - [MESSAGE][PASSED] - Verify response successfully

2019-05-15 23:09:28 - [MESSAGE][PASSED] - Send request and verify the response successfully

2019-05-15 23:09:28 - [TEST_STEP][PASSED] - verifyElementPropertyValue(storeresponse1, status, statuscode): Verify element property value successfully

2019-05-15 23:09:28 - [MESSAGE][PASSED] - Verify element property value successfully

2019-05-15 23:09:28 - [TEST_STEP][PASSED] - verifyElementPropertyValue(storeresponse1, messageid, messageidvalue): Verify element property value successfully

2019-05-15 23:09:28 - [MESSAGE][PASSED] - Verify element property value successfully

2019-05-15 23:09:28 - [TEST_STEP][PASSED] - if (statuscode == 200): null

2019-05-15 23:09:28 - [TEST_STEP][PASSED] - else: null]]></system-out>
         <system-err><![CDATA[]]></system-err>
      </testcase>
      <testcase name="Test Cases/test" classname="Test Cases/test" status="PASSED">
         <system-out><![CDATA[2019-05-15 23:09:28 - [TEST_CASE][PASSED] - Test Cases/test: Test Cases/test

2019-05-15 23:09:28 - [TEST_STEP][PASSED] - if (glnparameter == ""): null

2019-05-15 23:09:28 - [TEST_STEP][PASSED] - else: null

2019-05-15 23:09:28 - [TEST_STEP][PASSED] - storeresponse1 = sendRequestAndVerify(findTestObject("GLN Check - EOID", ["gln":glnparameter, "url":url, "body":body, "methodforcall":methodforcall])): Send request and verify the response successfully

2019-05-15 23:09:36 - [TEST_CASE][PASSED] - Start Test Case : Verification: Verification accomplished successfully

2019-05-15 23:09:36 - [TEST_STEP][PASSED] - request = getInstance().getCurrentRequest(): null

2019-05-15 23:09:36 - [TEST_STEP][PASSED] - response = getInstance().getCurrentResponse(): null

2019-05-15 23:09:36 - [MESSAGE][PASSED] - Verify response successfully

2019-05-15 23:09:36 - [MESSAGE][PASSED] - Send request and verify the response successfully

2019-05-15 23:09:36 - [TEST_STEP][PASSED] - verifyElementPropertyValue(storeresponse1, status, statuscode): Verify element property value successfully

2019-05-15 23:09:36 - [MESSAGE][PASSED] - Verify element property value successfully

2019-05-15 23:09:36 - [TEST_STEP][PASSED] - verifyElementPropertyValue(storeresponse1, messageid, messageidvalue): Verify element property value successfully

2019-05-15 23:09:36 - [MESSAGE][PASSED] - Verify element property value successfully

2019-05-15 23:09:36 - [TEST_STEP][PASSED] - if (statuscode == 200): null

2019-05-15 23:09:36 - [TEST_STEP][PASSED] - else: null]]></system-out>
         <system-err><![CDATA[]]></system-err>
      </testcase>
      <testcase name="Test Cases/test" classname="Test Cases/test" status="FAILED">
         <failure type="FAILED" message="Test Cases/test FAILED.
Reason:
com.kms.katalon.core.exception.StepFailedException: Expected element property value '400' is not equal with actual property value 'null'
	at com.kms.katalon.core.keyword.internal.KeywordMain.stepFailed(KeywordMain.groovy:48)
	at com.kms.katalon.core.webservice.keyword.builtin.VerifyElementPropertyValueKeyword$_verifyElementPropertyValue_closure1.doCall(VerifyElementPropertyValueKeyword.groovy:56)
	at com.kms.katalon.core.webservice.keyword.builtin.VerifyElementPropertyValueKeyword$_verifyElementPropertyValue_closure1.call(VerifyElementPropertyValueKeyword.groovy)
	at com.kms.katalon.core.keyword.internal.KeywordMain.runKeyword(KeywordMain.groovy:66)
	at com.kms.katalon.core.webservice.keyword.builtin.VerifyElementPropertyValueKeyword.verifyElementPropertyValue(VerifyElementPropertyValueKeyword.groovy:48)
	at com.kms.katalon.core.webservice.keyword.builtin.VerifyElementPropertyValueKeyword.execute(VerifyElementPropertyValueKeyword.groovy:43)
	at com.kms.katalon.core.keyword.internal.KeywordExecutor.executeKeywordForPlatform(KeywordExecutor.groovy:56)
	at com.kms.katalon.core.webservice.keyword.WSBuiltInKeywords.verifyElementPropertyValue(WSBuiltInKeywords.groovy:123)
	at com.kms.katalon.core.webservice.keyword.WSBuiltInKeywords$verifyElementPropertyValue$0.call(Unknown Source)
	at test.run(test:19)
	at com.kms.katalon.core.main.ScriptEngine.run(ScriptEngine.java:194)
	at com.kms.katalon.core.main.ScriptEngine.runScriptAsRawText(ScriptEngine.java:119)
	at com.kms.katalon.core.main.TestCaseExecutor.runScript(TestCaseExecutor.java:336)
	at com.kms.katalon.core.main.TestCaseExecutor.doExecute(TestCaseExecutor.java:327)
	at com.kms.katalon.core.main.TestCaseExecutor.processExecutionPhase(TestCaseExecutor.java:306)
	at com.kms.katalon.core.main.TestCaseExecutor.accessMainPhase(TestCaseExecutor.java:298)
	at com.kms.katalon.core.main.TestCaseExecutor.execute(TestCaseExecutor.java:232)
	at com.kms.katalon.core.main.TestSuiteExecutor.accessTestCaseMainPhase(TestSuiteExecutor.java:129)
	at com.kms.katalon.core.main.TestSuiteExecutor.accessTestSuiteMainPhase(TestSuiteExecutor.java:112)
	at com.kms.katalon.core.main.TestSuiteExecutor.execute(TestSuiteExecutor.java:81)
	at com.kms.katalon.core.main.TestCaseMain.startTestSuite(TestCaseMain.java:157)
	at com.kms.katalon.core.main.TestCaseMain$startTestSuite$0.call(Unknown Source)
	at TempTestSuite1557941867715.run(TempTestSuite1557941867715.groovy:35)
"/>
         <system-out><![CDATA[2019-05-15 23:09:36 - [TEST_CASE][FAILED] - Test Cases/test: Test Cases/test FAILED.
Reason:
com.kms.katalon.core.exception.StepFailedException: Expected element property value '400' is not equal with actual property value 'null'
	at com.kms.katalon.core.keyword.internal.KeywordMain.stepFailed(KeywordMain.groovy:48)
	at com.kms.katalon.core.webservice.keyword.builtin.VerifyElementPropertyValueKeyword$_verifyElementPropertyValue_closure1.doCall(VerifyElementPropertyValueKeyword.groovy:56)
	at com.kms.katalon.core.webservice.keyword.builtin.VerifyElementPropertyValueKeyword$_verifyElementPropertyValue_closure1.call(VerifyElementPropertyValueKeyword.groovy)
	at com.kms.katalon.core.keyword.internal.KeywordMain.runKeyword(KeywordMain.groovy:66)
	at com.kms.katalon.core.webservice.keyword.builtin.VerifyElementPropertyValueKeyword.verifyElementPropertyValue(VerifyElementPropertyValueKeyword.groovy:48)
	at com.kms.katalon.core.webservice.keyword.builtin.VerifyElementPropertyValueKeyword.execute(VerifyElementPropertyValueKeyword.groovy:43)
	at com.kms.katalon.core.keyword.internal.KeywordExecutor.executeKeywordForPlatform(KeywordExecutor.groovy:56)
	at com.kms.katalon.core.webservice.keyword.WSBuiltInKeywords.verifyElementPropertyValue(WSBuiltInKeywords.groovy:123)
	at com.kms.katalon.core.webservice.keyword.WSBuiltInKeywords$verifyElementPropertyValue$0.call(Unknown Source)
	at test.run(test:19)
	at com.kms.katalon.core.main.ScriptEngine.run(ScriptEngine.java:194)
	at com.kms.katalon.core.main.ScriptEngine.runScriptAsRawText(ScriptEngine.java:119)
	at com.kms.katalon.core.main.TestCaseExecutor.runScript(TestCaseExecutor.java:336)
	at com.kms.katalon.core.main.TestCaseExecutor.doExecute(TestCaseExecutor.java:327)
	at com.kms.katalon.core.main.TestCaseExecutor.processExecutionPhase(TestCaseExecutor.java:306)
	at com.kms.katalon.core.main.TestCaseExecutor.accessMainPhase(TestCaseExecutor.java:298)
	at com.kms.katalon.core.main.TestCaseExecutor.execute(TestCaseExecutor.java:232)
	at com.kms.katalon.core.main.TestSuiteExecutor.accessTestCaseMainPhase(TestSuiteExecutor.java:129)
	at com.kms.katalon.core.main.TestSuiteExecutor.accessTestSuiteMainPhase(TestSuiteExecutor.java:112)
	at com.kms.katalon.core.main.TestSuiteExecutor.execute(TestSuiteExecutor.java:81)
	at com.kms.katalon.core.main.TestCaseMain.startTestSuite(TestCaseMain.java:157)
	at com.kms.katalon.core.main.TestCaseMain$startTestSuite$0.call(Unknown Source)
	at TempTestSuite1557941867715.run(TempTestSuite1557941867715.groovy:35)


2019-05-15 23:09:36 - [TEST_STEP][FAILED] - if (glnparameter == ""): Unable to verify element property value (Root cause: com.kms.katalon.core.exception.StepFailedException: Expected element property value '400' is not equal with actual property value 'null'
	at com.kms.katalon.core.keyword.internal.KeywordMain.stepFailed(KeywordMain.groovy:48)
	at com.kms.katalon.core.webservice.keyword.builtin.VerifyElementPropertyValueKeyword$_verifyElementPropertyValue_closure1.doCall(VerifyElementPropertyValueKeyword.groovy:56)
	at com.kms.katalon.core.webservice.keyword.builtin.VerifyElementPropertyValueKeyword$_verifyElementPropertyValue_closure1.call(VerifyElementPropertyValueKeyword.groovy)
	at com.kms.katalon.core.keyword.internal.KeywordMain.runKeyword(KeywordMain.groovy:66)
	at com.kms.katalon.core.webservice.keyword.builtin.VerifyElementPropertyValueKeyword.verifyElementPropertyValue(VerifyElementPropertyValueKeyword.groovy:48)
	at com.kms.katalon.core.webservice.keyword.builtin.VerifyElementPropertyValueKeyword.execute(VerifyElementPropertyValueKeyword.groovy:43)
	at com.kms.katalon.core.keyword.internal.KeywordExecutor.executeKeywordForPlatform(KeywordExecutor.groovy:56)
	at com.kms.katalon.core.webservice.keyword.WSBuiltInKeywords.verifyElementPropertyValue(WSBuiltInKeywords.groovy:123)
	at com.kms.katalon.core.webservice.keyword.WSBuiltInKeywords$verifyElementPropertyValue$0.call(Unknown Source)
	at test.run(test:19)
	at com.kms.katalon.core.main.ScriptEngine.run(ScriptEngine.java:194)
	at com.kms.katalon.core.main.ScriptEngine.runScriptAsRawText(ScriptEngine.java:119)
	at com.kms.katalon.core.main.TestCaseExecutor.runScript(TestCaseExecutor.java:336)
	at com.kms.katalon.core.main.TestCaseExecutor.doExecute(TestCaseExecutor.java:327)
	at com.kms.katalon.core.main.TestCaseExecutor.processExecutionPhase(TestCaseExecutor.java:306)
	at com.kms.katalon.core.main.TestCaseExecutor.accessMainPhase(TestCaseExecutor.java:298)
	at com.kms.katalon.core.main.TestCaseExecutor.execute(TestCaseExecutor.java:232)
	at com.kms.katalon.core.main.TestSuiteExecutor.accessTestCaseMainPhase(TestSuiteExecutor.java:129)
	at com.kms.katalon.core.main.TestSuiteExecutor.accessTestSuiteMainPhase(TestSuiteExecutor.java:112)
	at com.kms.katalon.core.main.TestSuiteExecutor.execute(TestSuiteExecutor.java:81)
	at com.kms.katalon.core.main.TestCaseMain.startTestSuite(TestCaseMain.java:157)
	at com.kms.katalon.core.main.TestCaseMain$startTestSuite$0.call(Unknown Source)
	at TempTestSuite1557941867715.run(TempTestSuite1557941867715.groovy:35)
)

2019-05-15 23:09:36 - [TEST_STEP][PASSED] - Storeresponse = sendRequestAndVerify(findTestObject("GLN Approve - EOID", ["url":url, "body":body, "methodforcall":methodforcall])): Send request and verify the response successfully

2019-05-15 23:09:37 - [TEST_CASE][PASSED] - Start Test Case : Verification: Verification accomplished successfully

2019-05-15 23:09:37 - [TEST_STEP][PASSED] - request = getInstance().getCurrentRequest(): null

2019-05-15 23:09:37 - [TEST_STEP][PASSED] - response = getInstance().getCurrentResponse(): null

2019-05-15 23:09:37 - [MESSAGE][PASSED] - Verify response successfully

2019-05-15 23:09:37 - [MESSAGE][PASSED] - Send request and verify the response successfully

2019-05-15 23:09:37 - [TEST_STEP][FAILED] - verifyElementPropertyValue(Storeresponse, status, statuscode): Unable to verify element property value (Root cause: com.kms.katalon.core.exception.StepFailedException: Expected element property value '400' is not equal with actual property value 'null'
	at com.kms.katalon.core.keyword.internal.KeywordMain.stepFailed(KeywordMain.groovy:48)
	at com.kms.katalon.core.webservice.keyword.builtin.VerifyElementPropertyValueKeyword$_verifyElementPropertyValue_closure1.doCall(VerifyElementPropertyValueKeyword.groovy:56)
	at com.kms.katalon.core.webservice.keyword.builtin.VerifyElementPropertyValueKeyword$_verifyElementPropertyValue_closure1.call(VerifyElementPropertyValueKeyword.groovy)
	at com.kms.katalon.core.keyword.internal.KeywordMain.runKeyword(KeywordMain.groovy:66)
	at com.kms.katalon.core.webservice.keyword.builtin.VerifyElementPropertyValueKeyword.verifyElementPropertyValue(VerifyElementPropertyValueKeyword.groovy:48)
	at com.kms.katalon.core.webservice.keyword.builtin.VerifyElementPropertyValueKeyword.execute(VerifyElementPropertyValueKeyword.groovy:43)
	at com.kms.katalon.core.keyword.internal.KeywordExecutor.executeKeywordForPlatform(KeywordExecutor.groovy:56)
	at com.kms.katalon.core.webservice.keyword.WSBuiltInKeywords.verifyElementPropertyValue(WSBuiltInKeywords.groovy:123)
	at com.kms.katalon.core.webservice.keyword.WSBuiltInKeywords$verifyElementPropertyValue$0.call(Unknown Source)
	at test.run(test:19)
	at com.kms.katalon.core.main.ScriptEngine.run(ScriptEngine.java:194)
	at com.kms.katalon.core.main.ScriptEngine.runScriptAsRawText(ScriptEngine.java:119)
	at com.kms.katalon.core.main.TestCaseExecutor.runScript(TestCaseExecutor.java:336)
	at com.kms.katalon.core.main.TestCaseExecutor.doExecute(TestCaseExecutor.java:327)
	at com.kms.katalon.core.main.TestCaseExecutor.processExecutionPhase(TestCaseExecutor.java:306)
	at com.kms.katalon.core.main.TestCaseExecutor.accessMainPhase(TestCaseExecutor.java:298)
	at com.kms.katalon.core.main.TestCaseExecutor.execute(TestCaseExecutor.java:232)
	at com.kms.katalon.core.main.TestSuiteExecutor.accessTestCaseMainPhase(TestSuiteExecutor.java:129)
	at com.kms.katalon.core.main.TestSuiteExecutor.accessTestSuiteMainPhase(TestSuiteExecutor.java:112)
	at com.kms.katalon.core.main.TestSuiteExecutor.execute(TestSuiteExecutor.java:81)
	at com.kms.katalon.core.main.TestCaseMain.startTestSuite(TestCaseMain.java:157)
	at com.kms.katalon.core.main.TestCaseMain$startTestSuite$0.call(Unknown Source)
	at TempTestSuite1557941867715.run(TempTestSuite1557941867715.groovy:35)
)

2019-05-15 23:09:37 - [MESSAGE][FAILED] - Expected element property value '400' is not equal with actual property value 'null'

2019-05-15 23:09:37 - [MESSAGE][FAILED] - Unable to verify element property value (Root cause: com.kms.katalon.core.exception.StepFailedException: Expected element property value '400' is not equal with actual property value 'null'
	at com.kms.katalon.core.keyword.internal.KeywordMain.stepFailed(KeywordMain.groovy:48)
	at com.kms.katalon.core.webservice.keyword.builtin.VerifyElementPropertyValueKeyword$_verifyElementPropertyValue_closure1.doCall(VerifyElementPropertyValueKeyword.groovy:56)
	at com.kms.katalon.core.webservice.keyword.builtin.VerifyElementPropertyValueKeyword$_verifyElementPropertyValue_closure1.call(VerifyElementPropertyValueKeyword.groovy)
	at com.kms.katalon.core.keyword.internal.KeywordMain.runKeyword(KeywordMain.groovy:66)
	at com.kms.katalon.core.webservice.keyword.builtin.VerifyElementPropertyValueKeyword.verifyElementPropertyValue(VerifyElementPropertyValueKeyword.groovy:48)
	at com.kms.katalon.core.webservice.keyword.builtin.VerifyElementPropertyValueKeyword.execute(VerifyElementPropertyValueKeyword.groovy:43)
	at com.kms.katalon.core.keyword.internal.KeywordExecutor.executeKeywordForPlatform(KeywordExecutor.groovy:56)
	at com.kms.katalon.core.webservice.keyword.WSBuiltInKeywords.verifyElementPropertyValue(WSBuiltInKeywords.groovy:123)
	at com.kms.katalon.core.webservice.keyword.WSBuiltInKeywords$verifyElementPropertyValue$0.call(Unknown Source)
	at test.run(test:19)
	at com.kms.katalon.core.main.ScriptEngine.run(ScriptEngine.java:194)
	at com.kms.katalon.core.main.ScriptEngine.runScriptAsRawText(ScriptEngine.java:119)
	at com.kms.katalon.core.main.TestCaseExecutor.runScript(TestCaseExecutor.java:336)
	at com.kms.katalon.core.main.TestCaseExecutor.doExecute(TestCaseExecutor.java:327)
	at com.kms.katalon.core.main.TestCaseExecutor.processExecutionPhase(TestCaseExecutor.java:306)
	at com.kms.katalon.core.main.TestCaseExecutor.accessMainPhase(TestCaseExecutor.java:298)
	at com.kms.katalon.core.main.TestCaseExecutor.execute(TestCaseExecutor.java:232)
	at com.kms.katalon.core.main.TestSuiteExecutor.accessTestCaseMainPhase(TestSuiteExecutor.java:129)
	at com.kms.katalon.core.main.TestSuiteExecutor.accessTestSuiteMainPhase(TestSuiteExecutor.java:112)
	at com.kms.katalon.core.main.TestSuiteExecutor.execute(TestSuiteExecutor.java:81)
	at com.kms.katalon.core.main.TestCaseMain.startTestSuite(TestCaseMain.java:157)
	at com.kms.katalon.core.main.TestCaseMain$startTestSuite$0.call(Unknown Source)
	at TempTestSuite1557941867715.run(TempTestSuite1557941867715.groovy:35)
)]]></system-out>
         <system-err><![CDATA[2019-05-15 23:09:36 - [TEST_CASE][FAILED] - Test Cases/test: Test Cases/test FAILED.
Reason:
com.kms.katalon.core.exception.StepFailedException: Expected element property value '400' is not equal with actual property value 'null'
	at com.kms.katalon.core.keyword.internal.KeywordMain.stepFailed(KeywordMain.groovy:48)
	at com.kms.katalon.core.webservice.keyword.builtin.VerifyElementPropertyValueKeyword$_verifyElementPropertyValue_closure1.doCall(VerifyElementPropertyValueKeyword.groovy:56)
	at com.kms.katalon.core.webservice.keyword.builtin.VerifyElementPropertyValueKeyword$_verifyElementPropertyValue_closure1.call(VerifyElementPropertyValueKeyword.groovy)
	at com.kms.katalon.core.keyword.internal.KeywordMain.runKeyword(KeywordMain.groovy:66)
	at com.kms.katalon.core.webservice.keyword.builtin.VerifyElementPropertyValueKeyword.verifyElementPropertyValue(VerifyElementPropertyValueKeyword.groovy:48)
	at com.kms.katalon.core.webservice.keyword.builtin.VerifyElementPropertyValueKeyword.execute(VerifyElementPropertyValueKeyword.groovy:43)
	at com.kms.katalon.core.keyword.internal.KeywordExecutor.executeKeywordForPlatform(KeywordExecutor.groovy:56)
	at com.kms.katalon.core.webservice.keyword.WSBuiltInKeywords.verifyElementPropertyValue(WSBuiltInKeywords.groovy:123)
	at com.kms.katalon.core.webservice.keyword.WSBuiltInKeywords$verifyElementPropertyValue$0.call(Unknown Source)
	at test.run(test:19)
	at com.kms.katalon.core.main.ScriptEngine.run(ScriptEngine.java:194)
	at com.kms.katalon.core.main.ScriptEngine.runScriptAsRawText(ScriptEngine.java:119)
	at com.kms.katalon.core.main.TestCaseExecutor.runScript(TestCaseExecutor.java:336)
	at com.kms.katalon.core.main.TestCaseExecutor.doExecute(TestCaseExecutor.java:327)
	at com.kms.katalon.core.main.TestCaseExecutor.processExecutionPhase(TestCaseExecutor.java:306)
	at com.kms.katalon.core.main.TestCaseExecutor.accessMainPhase(TestCaseExecutor.java:298)
	at com.kms.katalon.core.main.TestCaseExecutor.execute(TestCaseExecutor.java:232)
	at com.kms.katalon.core.main.TestSuiteExecutor.accessTestCaseMainPhase(TestSuiteExecutor.java:129)
	at com.kms.katalon.core.main.TestSuiteExecutor.accessTestSuiteMainPhase(TestSuiteExecutor.java:112)
	at com.kms.katalon.core.main.TestSuiteExecutor.execute(TestSuiteExecutor.java:81)
	at com.kms.katalon.core.main.TestCaseMain.startTestSuite(TestCaseMain.java:157)
	at com.kms.katalon.core.main.TestCaseMain$startTestSuite$0.call(Unknown Source)
	at TempTestSuite1557941867715.run(TempTestSuite1557941867715.groovy:35)]]></system-err>
      </testcase>
      <testcase name="Test Cases/test" classname="Test Cases/test" status="FAILED">
         <failure type="FAILED" message="Test Cases/test FAILED.
Reason:
com.kms.katalon.core.exception.StepFailedException: Expected element property value '400' is not equal with actual property value '200'
	at com.kms.katalon.core.keyword.internal.KeywordMain.stepFailed(KeywordMain.groovy:48)
	at com.kms.katalon.core.webservice.keyword.builtin.VerifyElementPropertyValueKeyword$_verifyElementPropertyValue_closure1.doCall(VerifyElementPropertyValueKeyword.groovy:56)
	at com.kms.katalon.core.webservice.keyword.builtin.VerifyElementPropertyValueKeyword$_verifyElementPropertyValue_closure1.call(VerifyElementPropertyValueKeyword.groovy)
	at com.kms.katalon.core.keyword.internal.KeywordMain.runKeyword(KeywordMain.groovy:66)
	at com.kms.katalon.core.webservice.keyword.builtin.VerifyElementPropertyValueKeyword.verifyElementPropertyValue(VerifyElementPropertyValueKeyword.groovy:48)
	at com.kms.katalon.core.webservice.keyword.builtin.VerifyElementPropertyValueKeyword.execute(VerifyElementPropertyValueKeyword.groovy:43)
	at com.kms.katalon.core.keyword.internal.KeywordExecutor.executeKeywordForPlatform(KeywordExecutor.groovy:56)
	at com.kms.katalon.core.webservice.keyword.WSBuiltInKeywords.verifyElementPropertyValue(WSBuiltInKeywords.groovy:123)
	at com.kms.katalon.core.webservice.keyword.WSBuiltInKeywords$verifyElementPropertyValue$0.call(Unknown Source)
	at test.run(test:26)
	at com.kms.katalon.core.main.ScriptEngine.run(ScriptEngine.java:194)
	at com.kms.katalon.core.main.ScriptEngine.runScriptAsRawText(ScriptEngine.java:119)
	at com.kms.katalon.core.main.TestCaseExecutor.runScript(TestCaseExecutor.java:336)
	at com.kms.katalon.core.main.TestCaseExecutor.doExecute(TestCaseExecutor.java:327)
	at com.kms.katalon.core.main.TestCaseExecutor.processExecutionPhase(TestCaseExecutor.java:306)
	at com.kms.katalon.core.main.TestCaseExecutor.accessMainPhase(TestCaseExecutor.java:298)
	at com.kms.katalon.core.main.TestCaseExecutor.execute(TestCaseExecutor.java:232)
	at com.kms.katalon.core.main.TestSuiteExecutor.accessTestCaseMainPhase(TestSuiteExecutor.java:129)
	at com.kms.katalon.core.main.TestSuiteExecutor.accessTestSuiteMainPhase(TestSuiteExecutor.java:112)
	at com.kms.katalon.core.main.TestSuiteExecutor.execute(TestSuiteExecutor.java:81)
	at com.kms.katalon.core.main.TestCaseMain.startTestSuite(TestCaseMain.java:157)
	at com.kms.katalon.core.main.TestCaseMain$startTestSuite$0.call(Unknown Source)
	at TempTestSuite1557941867715.run(TempTestSuite1557941867715.groovy:35)
"/>
         <system-out><![CDATA[2019-05-15 23:09:37 - [TEST_CASE][FAILED] - Test Cases/test: Test Cases/test FAILED.
Reason:
com.kms.katalon.core.exception.StepFailedException: Expected element property value '400' is not equal with actual property value '200'
	at com.kms.katalon.core.keyword.internal.KeywordMain.stepFailed(KeywordMain.groovy:48)
	at com.kms.katalon.core.webservice.keyword.builtin.VerifyElementPropertyValueKeyword$_verifyElementPropertyValue_closure1.doCall(VerifyElementPropertyValueKeyword.groovy:56)
	at com.kms.katalon.core.webservice.keyword.builtin.VerifyElementPropertyValueKeyword$_verifyElementPropertyValue_closure1.call(VerifyElementPropertyValueKeyword.groovy)
	at com.kms.katalon.core.keyword.internal.KeywordMain.runKeyword(KeywordMain.groovy:66)
	at com.kms.katalon.core.webservice.keyword.builtin.VerifyElementPropertyValueKeyword.verifyElementPropertyValue(VerifyElementPropertyValueKeyword.groovy:48)
	at com.kms.katalon.core.webservice.keyword.builtin.VerifyElementPropertyValueKeyword.execute(VerifyElementPropertyValueKeyword.groovy:43)
	at com.kms.katalon.core.keyword.internal.KeywordExecutor.executeKeywordForPlatform(KeywordExecutor.groovy:56)
	at com.kms.katalon.core.webservice.keyword.WSBuiltInKeywords.verifyElementPropertyValue(WSBuiltInKeywords.groovy:123)
	at com.kms.katalon.core.webservice.keyword.WSBuiltInKeywords$verifyElementPropertyValue$0.call(Unknown Source)
	at test.run(test:26)
	at com.kms.katalon.core.main.ScriptEngine.run(ScriptEngine.java:194)
	at com.kms.katalon.core.main.ScriptEngine.runScriptAsRawText(ScriptEngine.java:119)
	at com.kms.katalon.core.main.TestCaseExecutor.runScript(TestCaseExecutor.java:336)
	at com.kms.katalon.core.main.TestCaseExecutor.doExecute(TestCaseExecutor.java:327)
	at com.kms.katalon.core.main.TestCaseExecutor.processExecutionPhase(TestCaseExecutor.java:306)
	at com.kms.katalon.core.main.TestCaseExecutor.accessMainPhase(TestCaseExecutor.java:298)
	at com.kms.katalon.core.main.TestCaseExecutor.execute(TestCaseExecutor.java:232)
	at com.kms.katalon.core.main.TestSuiteExecutor.accessTestCaseMainPhase(TestSuiteExecutor.java:129)
	at com.kms.katalon.core.main.TestSuiteExecutor.accessTestSuiteMainPhase(TestSuiteExecutor.java:112)
	at com.kms.katalon.core.main.TestSuiteExecutor.execute(TestSuiteExecutor.java:81)
	at com.kms.katalon.core.main.TestCaseMain.startTestSuite(TestCaseMain.java:157)
	at com.kms.katalon.core.main.TestCaseMain$startTestSuite$0.call(Unknown Source)
	at TempTestSuite1557941867715.run(TempTestSuite1557941867715.groovy:35)


2019-05-15 23:09:37 - [TEST_STEP][PASSED] - if (glnparameter == ""): null

2019-05-15 23:09:37 - [TEST_STEP][FAILED] - else: Unable to verify element property value (Root cause: com.kms.katalon.core.exception.StepFailedException: Expected element property value '400' is not equal with actual property value '200'
	at com.kms.katalon.core.keyword.internal.KeywordMain.stepFailed(KeywordMain.groovy:48)
	at com.kms.katalon.core.webservice.keyword.builtin.VerifyElementPropertyValueKeyword$_verifyElementPropertyValue_closure1.doCall(VerifyElementPropertyValueKeyword.groovy:56)
	at com.kms.katalon.core.webservice.keyword.builtin.VerifyElementPropertyValueKeyword$_verifyElementPropertyValue_closure1.call(VerifyElementPropertyValueKeyword.groovy)
	at com.kms.katalon.core.keyword.internal.KeywordMain.runKeyword(KeywordMain.groovy:66)
	at com.kms.katalon.core.webservice.keyword.builtin.VerifyElementPropertyValueKeyword.verifyElementPropertyValue(VerifyElementPropertyValueKeyword.groovy:48)
	at com.kms.katalon.core.webservice.keyword.builtin.VerifyElementPropertyValueKeyword.execute(VerifyElementPropertyValueKeyword.groovy:43)
	at com.kms.katalon.core.keyword.internal.KeywordExecutor.executeKeywordForPlatform(KeywordExecutor.groovy:56)
	at com.kms.katalon.core.webservice.keyword.WSBuiltInKeywords.verifyElementPropertyValue(WSBuiltInKeywords.groovy:123)
	at com.kms.katalon.core.webservice.keyword.WSBuiltInKeywords$verifyElementPropertyValue$0.call(Unknown Source)
	at test.run(test:26)
	at com.kms.katalon.core.main.ScriptEngine.run(ScriptEngine.java:194)
	at com.kms.katalon.core.main.ScriptEngine.runScriptAsRawText(ScriptEngine.java:119)
	at com.kms.katalon.core.main.TestCaseExecutor.runScript(TestCaseExecutor.java:336)
	at com.kms.katalon.core.main.TestCaseExecutor.doExecute(TestCaseExecutor.java:327)
	at com.kms.katalon.core.main.TestCaseExecutor.processExecutionPhase(TestCaseExecutor.java:306)
	at com.kms.katalon.core.main.TestCaseExecutor.accessMainPhase(TestCaseExecutor.java:298)
	at com.kms.katalon.core.main.TestCaseExecutor.execute(TestCaseExecutor.java:232)
	at com.kms.katalon.core.main.TestSuiteExecutor.accessTestCaseMainPhase(TestSuiteExecutor.java:129)
	at com.kms.katalon.core.main.TestSuiteExecutor.accessTestSuiteMainPhase(TestSuiteExecutor.java:112)
	at com.kms.katalon.core.main.TestSuiteExecutor.execute(TestSuiteExecutor.java:81)
	at com.kms.katalon.core.main.TestCaseMain.startTestSuite(TestCaseMain.java:157)
	at com.kms.katalon.core.main.TestCaseMain$startTestSuite$0.call(Unknown Source)
	at TempTestSuite1557941867715.run(TempTestSuite1557941867715.groovy:35)
)

2019-05-15 23:09:37 - [TEST_STEP][PASSED] - storeresponse1 = sendRequestAndVerify(findTestObject("GLN Check - EOID", ["gln":glnparameter, "url":url, "body":body, "methodforcall":methodforcall])): Send request and verify the response successfully

2019-05-15 23:09:45 - [TEST_CASE][PASSED] - Start Test Case : Verification: Verification accomplished successfully

2019-05-15 23:09:45 - [TEST_STEP][PASSED] - request = getInstance().getCurrentRequest(): null

2019-05-15 23:09:45 - [TEST_STEP][PASSED] - response = getInstance().getCurrentResponse(): null

2019-05-15 23:09:45 - [MESSAGE][PASSED] - Verify response successfully

2019-05-15 23:09:45 - [MESSAGE][PASSED] - Send request and verify the response successfully

2019-05-15 23:09:45 - [TEST_STEP][FAILED] - verifyElementPropertyValue(storeresponse1, status, statuscode): Unable to verify element property value (Root cause: com.kms.katalon.core.exception.StepFailedException: Expected element property value '400' is not equal with actual property value '200'
	at com.kms.katalon.core.keyword.internal.KeywordMain.stepFailed(KeywordMain.groovy:48)
	at com.kms.katalon.core.webservice.keyword.builtin.VerifyElementPropertyValueKeyword$_verifyElementPropertyValue_closure1.doCall(VerifyElementPropertyValueKeyword.groovy:56)
	at com.kms.katalon.core.webservice.keyword.builtin.VerifyElementPropertyValueKeyword$_verifyElementPropertyValue_closure1.call(VerifyElementPropertyValueKeyword.groovy)
	at com.kms.katalon.core.keyword.internal.KeywordMain.runKeyword(KeywordMain.groovy:66)
	at com.kms.katalon.core.webservice.keyword.builtin.VerifyElementPropertyValueKeyword.verifyElementPropertyValue(VerifyElementPropertyValueKeyword.groovy:48)
	at com.kms.katalon.core.webservice.keyword.builtin.VerifyElementPropertyValueKeyword.execute(VerifyElementPropertyValueKeyword.groovy:43)
	at com.kms.katalon.core.keyword.internal.KeywordExecutor.executeKeywordForPlatform(KeywordExecutor.groovy:56)
	at com.kms.katalon.core.webservice.keyword.WSBuiltInKeywords.verifyElementPropertyValue(WSBuiltInKeywords.groovy:123)
	at com.kms.katalon.core.webservice.keyword.WSBuiltInKeywords$verifyElementPropertyValue$0.call(Unknown Source)
	at test.run(test:26)
	at com.kms.katalon.core.main.ScriptEngine.run(ScriptEngine.java:194)
	at com.kms.katalon.core.main.ScriptEngine.runScriptAsRawText(ScriptEngine.java:119)
	at com.kms.katalon.core.main.TestCaseExecutor.runScript(TestCaseExecutor.java:336)
	at com.kms.katalon.core.main.TestCaseExecutor.doExecute(TestCaseExecutor.java:327)
	at com.kms.katalon.core.main.TestCaseExecutor.processExecutionPhase(TestCaseExecutor.java:306)
	at com.kms.katalon.core.main.TestCaseExecutor.accessMainPhase(TestCaseExecutor.java:298)
	at com.kms.katalon.core.main.TestCaseExecutor.execute(TestCaseExecutor.java:232)
	at com.kms.katalon.core.main.TestSuiteExecutor.accessTestCaseMainPhase(TestSuiteExecutor.java:129)
	at com.kms.katalon.core.main.TestSuiteExecutor.accessTestSuiteMainPhase(TestSuiteExecutor.java:112)
	at com.kms.katalon.core.main.TestSuiteExecutor.execute(TestSuiteExecutor.java:81)
	at com.kms.katalon.core.main.TestCaseMain.startTestSuite(TestCaseMain.java:157)
	at com.kms.katalon.core.main.TestCaseMain$startTestSuite$0.call(Unknown Source)
	at TempTestSuite1557941867715.run(TempTestSuite1557941867715.groovy:35)
)

2019-05-15 23:09:45 - [MESSAGE][FAILED] - Expected element property value '400' is not equal with actual property value '200'

2019-05-15 23:09:45 - [MESSAGE][FAILED] - Unable to verify element property value (Root cause: com.kms.katalon.core.exception.StepFailedException: Expected element property value '400' is not equal with actual property value '200'
	at com.kms.katalon.core.keyword.internal.KeywordMain.stepFailed(KeywordMain.groovy:48)
	at com.kms.katalon.core.webservice.keyword.builtin.VerifyElementPropertyValueKeyword$_verifyElementPropertyValue_closure1.doCall(VerifyElementPropertyValueKeyword.groovy:56)
	at com.kms.katalon.core.webservice.keyword.builtin.VerifyElementPropertyValueKeyword$_verifyElementPropertyValue_closure1.call(VerifyElementPropertyValueKeyword.groovy)
	at com.kms.katalon.core.keyword.internal.KeywordMain.runKeyword(KeywordMain.groovy:66)
	at com.kms.katalon.core.webservice.keyword.builtin.VerifyElementPropertyValueKeyword.verifyElementPropertyValue(VerifyElementPropertyValueKeyword.groovy:48)
	at com.kms.katalon.core.webservice.keyword.builtin.VerifyElementPropertyValueKeyword.execute(VerifyElementPropertyValueKeyword.groovy:43)
	at com.kms.katalon.core.keyword.internal.KeywordExecutor.executeKeywordForPlatform(KeywordExecutor.groovy:56)
	at com.kms.katalon.core.webservice.keyword.WSBuiltInKeywords.verifyElementPropertyValue(WSBuiltInKeywords.groovy:123)
	at com.kms.katalon.core.webservice.keyword.WSBuiltInKeywords$verifyElementPropertyValue$0.call(Unknown Source)
	at test.run(test:26)
	at com.kms.katalon.core.main.ScriptEngine.run(ScriptEngine.java:194)
	at com.kms.katalon.core.main.ScriptEngine.runScriptAsRawText(ScriptEngine.java:119)
	at com.kms.katalon.core.main.TestCaseExecutor.runScript(TestCaseExecutor.java:336)
	at com.kms.katalon.core.main.TestCaseExecutor.doExecute(TestCaseExecutor.java:327)
	at com.kms.katalon.core.main.TestCaseExecutor.processExecutionPhase(TestCaseExecutor.java:306)
	at com.kms.katalon.core.main.TestCaseExecutor.accessMainPhase(TestCaseExecutor.java:298)
	at com.kms.katalon.core.main.TestCaseExecutor.execute(TestCaseExecutor.java:232)
	at com.kms.katalon.core.main.TestSuiteExecutor.accessTestCaseMainPhase(TestSuiteExecutor.java:129)
	at com.kms.katalon.core.main.TestSuiteExecutor.accessTestSuiteMainPhase(TestSuiteExecutor.java:112)
	at com.kms.katalon.core.main.TestSuiteExecutor.execute(TestSuiteExecutor.java:81)
	at com.kms.katalon.core.main.TestCaseMain.startTestSuite(TestCaseMain.java:157)
	at com.kms.katalon.core.main.TestCaseMain$startTestSuite$0.call(Unknown Source)
	at TempTestSuite1557941867715.run(TempTestSuite1557941867715.groovy:35)
)]]></system-out>
         <system-err><![CDATA[2019-05-15 23:09:37 - [TEST_CASE][FAILED] - Test Cases/test: Test Cases/test FAILED.
Reason:
com.kms.katalon.core.exception.StepFailedException: Expected element property value '400' is not equal with actual property value '200'
	at com.kms.katalon.core.keyword.internal.KeywordMain.stepFailed(KeywordMain.groovy:48)
	at com.kms.katalon.core.webservice.keyword.builtin.VerifyElementPropertyValueKeyword$_verifyElementPropertyValue_closure1.doCall(VerifyElementPropertyValueKeyword.groovy:56)
	at com.kms.katalon.core.webservice.keyword.builtin.VerifyElementPropertyValueKeyword$_verifyElementPropertyValue_closure1.call(VerifyElementPropertyValueKeyword.groovy)
	at com.kms.katalon.core.keyword.internal.KeywordMain.runKeyword(KeywordMain.groovy:66)
	at com.kms.katalon.core.webservice.keyword.builtin.VerifyElementPropertyValueKeyword.verifyElementPropertyValue(VerifyElementPropertyValueKeyword.groovy:48)
	at com.kms.katalon.core.webservice.keyword.builtin.VerifyElementPropertyValueKeyword.execute(VerifyElementPropertyValueKeyword.groovy:43)
	at com.kms.katalon.core.keyword.internal.KeywordExecutor.executeKeywordForPlatform(KeywordExecutor.groovy:56)
	at com.kms.katalon.core.webservice.keyword.WSBuiltInKeywords.verifyElementPropertyValue(WSBuiltInKeywords.groovy:123)
	at com.kms.katalon.core.webservice.keyword.WSBuiltInKeywords$verifyElementPropertyValue$0.call(Unknown Source)
	at test.run(test:26)
	at com.kms.katalon.core.main.ScriptEngine.run(ScriptEngine.java:194)
	at com.kms.katalon.core.main.ScriptEngine.runScriptAsRawText(ScriptEngine.java:119)
	at com.kms.katalon.core.main.TestCaseExecutor.runScript(TestCaseExecutor.java:336)
	at com.kms.katalon.core.main.TestCaseExecutor.doExecute(TestCaseExecutor.java:327)
	at com.kms.katalon.core.main.TestCaseExecutor.processExecutionPhase(TestCaseExecutor.java:306)
	at com.kms.katalon.core.main.TestCaseExecutor.accessMainPhase(TestCaseExecutor.java:298)
	at com.kms.katalon.core.main.TestCaseExecutor.execute(TestCaseExecutor.java:232)
	at com.kms.katalon.core.main.TestSuiteExecutor.accessTestCaseMainPhase(TestSuiteExecutor.java:129)
	at com.kms.katalon.core.main.TestSuiteExecutor.accessTestSuiteMainPhase(TestSuiteExecutor.java:112)
	at com.kms.katalon.core.main.TestSuiteExecutor.execute(TestSuiteExecutor.java:81)
	at com.kms.katalon.core.main.TestCaseMain.startTestSuite(TestCaseMain.java:157)
	at com.kms.katalon.core.main.TestCaseMain$startTestSuite$0.call(Unknown Source)
	at TempTestSuite1557941867715.run(TempTestSuite1557941867715.groovy:35)]]></system-err>
      </testcase>
      <testcase name="Test Cases/test" classname="Test Cases/test" status="FAILED">
         <failure type="FAILED" message="Test Cases/test FAILED.
Reason:
com.kms.katalon.core.exception.StepFailedException: Expected element property value '400' is not equal with actual property value '200'
	at com.kms.katalon.core.keyword.internal.KeywordMain.stepFailed(KeywordMain.groovy:48)
	at com.kms.katalon.core.webservice.keyword.builtin.VerifyElementPropertyValueKeyword$_verifyElementPropertyValue_closure1.doCall(VerifyElementPropertyValueKeyword.groovy:56)
	at com.kms.katalon.core.webservice.keyword.builtin.VerifyElementPropertyValueKeyword$_verifyElementPropertyValue_closure1.call(VerifyElementPropertyValueKeyword.groovy)
	at com.kms.katalon.core.keyword.internal.KeywordMain.runKeyword(KeywordMain.groovy:66)
	at com.kms.katalon.core.webservice.keyword.builtin.VerifyElementPropertyValueKeyword.verifyElementPropertyValue(VerifyElementPropertyValueKeyword.groovy:48)
	at com.kms.katalon.core.webservice.keyword.builtin.VerifyElementPropertyValueKeyword.execute(VerifyElementPropertyValueKeyword.groovy:43)
	at com.kms.katalon.core.keyword.internal.KeywordExecutor.executeKeywordForPlatform(KeywordExecutor.groovy:56)
	at com.kms.katalon.core.webservice.keyword.WSBuiltInKeywords.verifyElementPropertyValue(WSBuiltInKeywords.groovy:123)
	at com.kms.katalon.core.webservice.keyword.WSBuiltInKeywords$verifyElementPropertyValue$0.call(Unknown Source)
	at test.run(test:26)
	at com.kms.katalon.core.main.ScriptEngine.run(ScriptEngine.java:194)
	at com.kms.katalon.core.main.ScriptEngine.runScriptAsRawText(ScriptEngine.java:119)
	at com.kms.katalon.core.main.TestCaseExecutor.runScript(TestCaseExecutor.java:336)
	at com.kms.katalon.core.main.TestCaseExecutor.doExecute(TestCaseExecutor.java:327)
	at com.kms.katalon.core.main.TestCaseExecutor.processExecutionPhase(TestCaseExecutor.java:306)
	at com.kms.katalon.core.main.TestCaseExecutor.accessMainPhase(TestCaseExecutor.java:298)
	at com.kms.katalon.core.main.TestCaseExecutor.execute(TestCaseExecutor.java:232)
	at com.kms.katalon.core.main.TestSuiteExecutor.accessTestCaseMainPhase(TestSuiteExecutor.java:129)
	at com.kms.katalon.core.main.TestSuiteExecutor.accessTestSuiteMainPhase(TestSuiteExecutor.java:112)
	at com.kms.katalon.core.main.TestSuiteExecutor.execute(TestSuiteExecutor.java:81)
	at com.kms.katalon.core.main.TestCaseMain.startTestSuite(TestCaseMain.java:157)
	at com.kms.katalon.core.main.TestCaseMain$startTestSuite$0.call(Unknown Source)
	at TempTestSuite1557941867715.run(TempTestSuite1557941867715.groovy:35)
"/>
         <system-out><![CDATA[2019-05-15 23:09:45 - [TEST_CASE][FAILED] - Test Cases/test: Test Cases/test FAILED.
Reason:
com.kms.katalon.core.exception.StepFailedException: Expected element property value '400' is not equal with actual property value '200'
	at com.kms.katalon.core.keyword.internal.KeywordMain.stepFailed(KeywordMain.groovy:48)
	at com.kms.katalon.core.webservice.keyword.builtin.VerifyElementPropertyValueKeyword$_verifyElementPropertyValue_closure1.doCall(VerifyElementPropertyValueKeyword.groovy:56)
	at com.kms.katalon.core.webservice.keyword.builtin.VerifyElementPropertyValueKeyword$_verifyElementPropertyValue_closure1.call(VerifyElementPropertyValueKeyword.groovy)
	at com.kms.katalon.core.keyword.internal.KeywordMain.runKeyword(KeywordMain.groovy:66)
	at com.kms.katalon.core.webservice.keyword.builtin.VerifyElementPropertyValueKeyword.verifyElementPropertyValue(VerifyElementPropertyValueKeyword.groovy:48)
	at com.kms.katalon.core.webservice.keyword.builtin.VerifyElementPropertyValueKeyword.execute(VerifyElementPropertyValueKeyword.groovy:43)
	at com.kms.katalon.core.keyword.internal.KeywordExecutor.executeKeywordForPlatform(KeywordExecutor.groovy:56)
	at com.kms.katalon.core.webservice.keyword.WSBuiltInKeywords.verifyElementPropertyValue(WSBuiltInKeywords.groovy:123)
	at com.kms.katalon.core.webservice.keyword.WSBuiltInKeywords$verifyElementPropertyValue$0.call(Unknown Source)
	at test.run(test:26)
	at com.kms.katalon.core.main.ScriptEngine.run(ScriptEngine.java:194)
	at com.kms.katalon.core.main.ScriptEngine.runScriptAsRawText(ScriptEngine.java:119)
	at com.kms.katalon.core.main.TestCaseExecutor.runScript(TestCaseExecutor.java:336)
	at com.kms.katalon.core.main.TestCaseExecutor.doExecute(TestCaseExecutor.java:327)
	at com.kms.katalon.core.main.TestCaseExecutor.processExecutionPhase(TestCaseExecutor.java:306)
	at com.kms.katalon.core.main.TestCaseExecutor.accessMainPhase(TestCaseExecutor.java:298)
	at com.kms.katalon.core.main.TestCaseExecutor.execute(TestCaseExecutor.java:232)
	at com.kms.katalon.core.main.TestSuiteExecutor.accessTestCaseMainPhase(TestSuiteExecutor.java:129)
	at com.kms.katalon.core.main.TestSuiteExecutor.accessTestSuiteMainPhase(TestSuiteExecutor.java:112)
	at com.kms.katalon.core.main.TestSuiteExecutor.execute(TestSuiteExecutor.java:81)
	at com.kms.katalon.core.main.TestCaseMain.startTestSuite(TestCaseMain.java:157)
	at com.kms.katalon.core.main.TestCaseMain$startTestSuite$0.call(Unknown Source)
	at TempTestSuite1557941867715.run(TempTestSuite1557941867715.groovy:35)


2019-05-15 23:09:45 - [TEST_STEP][PASSED] - if (glnparameter == ""): null

2019-05-15 23:09:45 - [TEST_STEP][FAILED] - else: Unable to verify element property value (Root cause: com.kms.katalon.core.exception.StepFailedException: Expected element property value '400' is not equal with actual property value '200'
	at com.kms.katalon.core.keyword.internal.KeywordMain.stepFailed(KeywordMain.groovy:48)
	at com.kms.katalon.core.webservice.keyword.builtin.VerifyElementPropertyValueKeyword$_verifyElementPropertyValue_closure1.doCall(VerifyElementPropertyValueKeyword.groovy:56)
	at com.kms.katalon.core.webservice.keyword.builtin.VerifyElementPropertyValueKeyword$_verifyElementPropertyValue_closure1.call(VerifyElementPropertyValueKeyword.groovy)
	at com.kms.katalon.core.keyword.internal.KeywordMain.runKeyword(KeywordMain.groovy:66)
	at com.kms.katalon.core.webservice.keyword.builtin.VerifyElementPropertyValueKeyword.verifyElementPropertyValue(VerifyElementPropertyValueKeyword.groovy:48)
	at com.kms.katalon.core.webservice.keyword.builtin.VerifyElementPropertyValueKeyword.execute(VerifyElementPropertyValueKeyword.groovy:43)
	at com.kms.katalon.core.keyword.internal.KeywordExecutor.executeKeywordForPlatform(KeywordExecutor.groovy:56)
	at com.kms.katalon.core.webservice.keyword.WSBuiltInKeywords.verifyElementPropertyValue(WSBuiltInKeywords.groovy:123)
	at com.kms.katalon.core.webservice.keyword.WSBuiltInKeywords$verifyElementPropertyValue$0.call(Unknown Source)
	at test.run(test:26)
	at com.kms.katalon.core.main.ScriptEngine.run(ScriptEngine.java:194)
	at com.kms.katalon.core.main.ScriptEngine.runScriptAsRawText(ScriptEngine.java:119)
	at com.kms.katalon.core.main.TestCaseExecutor.runScript(TestCaseExecutor.java:336)
	at com.kms.katalon.core.main.TestCaseExecutor.doExecute(TestCaseExecutor.java:327)
	at com.kms.katalon.core.main.TestCaseExecutor.processExecutionPhase(TestCaseExecutor.java:306)
	at com.kms.katalon.core.main.TestCaseExecutor.accessMainPhase(TestCaseExecutor.java:298)
	at com.kms.katalon.core.main.TestCaseExecutor.execute(TestCaseExecutor.java:232)
	at com.kms.katalon.core.main.TestSuiteExecutor.accessTestCaseMainPhase(TestSuiteExecutor.java:129)
	at com.kms.katalon.core.main.TestSuiteExecutor.accessTestSuiteMainPhase(TestSuiteExecutor.java:112)
	at com.kms.katalon.core.main.TestSuiteExecutor.execute(TestSuiteExecutor.java:81)
	at com.kms.katalon.core.main.TestCaseMain.startTestSuite(TestCaseMain.java:157)
	at com.kms.katalon.core.main.TestCaseMain$startTestSuite$0.call(Unknown Source)
	at TempTestSuite1557941867715.run(TempTestSuite1557941867715.groovy:35)
)

2019-05-15 23:09:45 - [TEST_STEP][PASSED] - storeresponse1 = sendRequestAndVerify(findTestObject("GLN Check - EOID", ["gln":glnparameter, "url":url, "body":body, "methodforcall":methodforcall])): Send request and verify the response successfully

2019-05-15 23:09:53 - [TEST_CASE][PASSED] - Start Test Case : Verification: Verification accomplished successfully

2019-05-15 23:09:53 - [TEST_STEP][PASSED] - request = getInstance().getCurrentRequest(): null

2019-05-15 23:09:53 - [TEST_STEP][PASSED] - response = getInstance().getCurrentResponse(): null

2019-05-15 23:09:53 - [MESSAGE][PASSED] - Verify response successfully

2019-05-15 23:09:53 - [MESSAGE][PASSED] - Send request and verify the response successfully

2019-05-15 23:09:53 - [TEST_STEP][FAILED] - verifyElementPropertyValue(storeresponse1, status, statuscode): Unable to verify element property value (Root cause: com.kms.katalon.core.exception.StepFailedException: Expected element property value '400' is not equal with actual property value '200'
	at com.kms.katalon.core.keyword.internal.KeywordMain.stepFailed(KeywordMain.groovy:48)
	at com.kms.katalon.core.webservice.keyword.builtin.VerifyElementPropertyValueKeyword$_verifyElementPropertyValue_closure1.doCall(VerifyElementPropertyValueKeyword.groovy:56)
	at com.kms.katalon.core.webservice.keyword.builtin.VerifyElementPropertyValueKeyword$_verifyElementPropertyValue_closure1.call(VerifyElementPropertyValueKeyword.groovy)
	at com.kms.katalon.core.keyword.internal.KeywordMain.runKeyword(KeywordMain.groovy:66)
	at com.kms.katalon.core.webservice.keyword.builtin.VerifyElementPropertyValueKeyword.verifyElementPropertyValue(VerifyElementPropertyValueKeyword.groovy:48)
	at com.kms.katalon.core.webservice.keyword.builtin.VerifyElementPropertyValueKeyword.execute(VerifyElementPropertyValueKeyword.groovy:43)
	at com.kms.katalon.core.keyword.internal.KeywordExecutor.executeKeywordForPlatform(KeywordExecutor.groovy:56)
	at com.kms.katalon.core.webservice.keyword.WSBuiltInKeywords.verifyElementPropertyValue(WSBuiltInKeywords.groovy:123)
	at com.kms.katalon.core.webservice.keyword.WSBuiltInKeywords$verifyElementPropertyValue$0.call(Unknown Source)
	at test.run(test:26)
	at com.kms.katalon.core.main.ScriptEngine.run(ScriptEngine.java:194)
	at com.kms.katalon.core.main.ScriptEngine.runScriptAsRawText(ScriptEngine.java:119)
	at com.kms.katalon.core.main.TestCaseExecutor.runScript(TestCaseExecutor.java:336)
	at com.kms.katalon.core.main.TestCaseExecutor.doExecute(TestCaseExecutor.java:327)
	at com.kms.katalon.core.main.TestCaseExecutor.processExecutionPhase(TestCaseExecutor.java:306)
	at com.kms.katalon.core.main.TestCaseExecutor.accessMainPhase(TestCaseExecutor.java:298)
	at com.kms.katalon.core.main.TestCaseExecutor.execute(TestCaseExecutor.java:232)
	at com.kms.katalon.core.main.TestSuiteExecutor.accessTestCaseMainPhase(TestSuiteExecutor.java:129)
	at com.kms.katalon.core.main.TestSuiteExecutor.accessTestSuiteMainPhase(TestSuiteExecutor.java:112)
	at com.kms.katalon.core.main.TestSuiteExecutor.execute(TestSuiteExecutor.java:81)
	at com.kms.katalon.core.main.TestCaseMain.startTestSuite(TestCaseMain.java:157)
	at com.kms.katalon.core.main.TestCaseMain$startTestSuite$0.call(Unknown Source)
	at TempTestSuite1557941867715.run(TempTestSuite1557941867715.groovy:35)
)

2019-05-15 23:09:53 - [MESSAGE][FAILED] - Expected element property value '400' is not equal with actual property value '200'

2019-05-15 23:09:53 - [MESSAGE][FAILED] - Unable to verify element property value (Root cause: com.kms.katalon.core.exception.StepFailedException: Expected element property value '400' is not equal with actual property value '200'
	at com.kms.katalon.core.keyword.internal.KeywordMain.stepFailed(KeywordMain.groovy:48)
	at com.kms.katalon.core.webservice.keyword.builtin.VerifyElementPropertyValueKeyword$_verifyElementPropertyValue_closure1.doCall(VerifyElementPropertyValueKeyword.groovy:56)
	at com.kms.katalon.core.webservice.keyword.builtin.VerifyElementPropertyValueKeyword$_verifyElementPropertyValue_closure1.call(VerifyElementPropertyValueKeyword.groovy)
	at com.kms.katalon.core.keyword.internal.KeywordMain.runKeyword(KeywordMain.groovy:66)
	at com.kms.katalon.core.webservice.keyword.builtin.VerifyElementPropertyValueKeyword.verifyElementPropertyValue(VerifyElementPropertyValueKeyword.groovy:48)
	at com.kms.katalon.core.webservice.keyword.builtin.VerifyElementPropertyValueKeyword.execute(VerifyElementPropertyValueKeyword.groovy:43)
	at com.kms.katalon.core.keyword.internal.KeywordExecutor.executeKeywordForPlatform(KeywordExecutor.groovy:56)
	at com.kms.katalon.core.webservice.keyword.WSBuiltInKeywords.verifyElementPropertyValue(WSBuiltInKeywords.groovy:123)
	at com.kms.katalon.core.webservice.keyword.WSBuiltInKeywords$verifyElementPropertyValue$0.call(Unknown Source)
	at test.run(test:26)
	at com.kms.katalon.core.main.ScriptEngine.run(ScriptEngine.java:194)
	at com.kms.katalon.core.main.ScriptEngine.runScriptAsRawText(ScriptEngine.java:119)
	at com.kms.katalon.core.main.TestCaseExecutor.runScript(TestCaseExecutor.java:336)
	at com.kms.katalon.core.main.TestCaseExecutor.doExecute(TestCaseExecutor.java:327)
	at com.kms.katalon.core.main.TestCaseExecutor.processExecutionPhase(TestCaseExecutor.java:306)
	at com.kms.katalon.core.main.TestCaseExecutor.accessMainPhase(TestCaseExecutor.java:298)
	at com.kms.katalon.core.main.TestCaseExecutor.execute(TestCaseExecutor.java:232)
	at com.kms.katalon.core.main.TestSuiteExecutor.accessTestCaseMainPhase(TestSuiteExecutor.java:129)
	at com.kms.katalon.core.main.TestSuiteExecutor.accessTestSuiteMainPhase(TestSuiteExecutor.java:112)
	at com.kms.katalon.core.main.TestSuiteExecutor.execute(TestSuiteExecutor.java:81)
	at com.kms.katalon.core.main.TestCaseMain.startTestSuite(TestCaseMain.java:157)
	at com.kms.katalon.core.main.TestCaseMain$startTestSuite$0.call(Unknown Source)
	at TempTestSuite1557941867715.run(TempTestSuite1557941867715.groovy:35)
)]]></system-out>
         <system-err><![CDATA[2019-05-15 23:09:45 - [TEST_CASE][FAILED] - Test Cases/test: Test Cases/test FAILED.
Reason:
com.kms.katalon.core.exception.StepFailedException: Expected element property value '400' is not equal with actual property value '200'
	at com.kms.katalon.core.keyword.internal.KeywordMain.stepFailed(KeywordMain.groovy:48)
	at com.kms.katalon.core.webservice.keyword.builtin.VerifyElementPropertyValueKeyword$_verifyElementPropertyValue_closure1.doCall(VerifyElementPropertyValueKeyword.groovy:56)
	at com.kms.katalon.core.webservice.keyword.builtin.VerifyElementPropertyValueKeyword$_verifyElementPropertyValue_closure1.call(VerifyElementPropertyValueKeyword.groovy)
	at com.kms.katalon.core.keyword.internal.KeywordMain.runKeyword(KeywordMain.groovy:66)
	at com.kms.katalon.core.webservice.keyword.builtin.VerifyElementPropertyValueKeyword.verifyElementPropertyValue(VerifyElementPropertyValueKeyword.groovy:48)
	at com.kms.katalon.core.webservice.keyword.builtin.VerifyElementPropertyValueKeyword.execute(VerifyElementPropertyValueKeyword.groovy:43)
	at com.kms.katalon.core.keyword.internal.KeywordExecutor.executeKeywordForPlatform(KeywordExecutor.groovy:56)
	at com.kms.katalon.core.webservice.keyword.WSBuiltInKeywords.verifyElementPropertyValue(WSBuiltInKeywords.groovy:123)
	at com.kms.katalon.core.webservice.keyword.WSBuiltInKeywords$verifyElementPropertyValue$0.call(Unknown Source)
	at test.run(test:26)
	at com.kms.katalon.core.main.ScriptEngine.run(ScriptEngine.java:194)
	at com.kms.katalon.core.main.ScriptEngine.runScriptAsRawText(ScriptEngine.java:119)
	at com.kms.katalon.core.main.TestCaseExecutor.runScript(TestCaseExecutor.java:336)
	at com.kms.katalon.core.main.TestCaseExecutor.doExecute(TestCaseExecutor.java:327)
	at com.kms.katalon.core.main.TestCaseExecutor.processExecutionPhase(TestCaseExecutor.java:306)
	at com.kms.katalon.core.main.TestCaseExecutor.accessMainPhase(TestCaseExecutor.java:298)
	at com.kms.katalon.core.main.TestCaseExecutor.execute(TestCaseExecutor.java:232)
	at com.kms.katalon.core.main.TestSuiteExecutor.accessTestCaseMainPhase(TestSuiteExecutor.java:129)
	at com.kms.katalon.core.main.TestSuiteExecutor.accessTestSuiteMainPhase(TestSuiteExecutor.java:112)
	at com.kms.katalon.core.main.TestSuiteExecutor.execute(TestSuiteExecutor.java:81)
	at com.kms.katalon.core.main.TestCaseMain.startTestSuite(TestCaseMain.java:157)
	at com.kms.katalon.core.main.TestCaseMain$startTestSuite$0.call(Unknown Source)
	at TempTestSuite1557941867715.run(TempTestSuite1557941867715.groovy:35)]]></system-err>
      </testcase>
      <testcase name="Test Cases/test" classname="Test Cases/test" status="FAILED">
         <failure type="FAILED" message="Test Cases/test FAILED.
Reason:
com.kms.katalon.core.exception.StepFailedException: Expected element property value '200' is not equal with actual property value '404'
	at com.kms.katalon.core.keyword.internal.KeywordMain.stepFailed(KeywordMain.groovy:48)
	at com.kms.katalon.core.webservice.keyword.builtin.VerifyElementPropertyValueKeyword$_verifyElementPropertyValue_closure1.doCall(VerifyElementPropertyValueKeyword.groovy:56)
	at com.kms.katalon.core.webservice.keyword.builtin.VerifyElementPropertyValueKeyword$_verifyElementPropertyValue_closure1.call(VerifyElementPropertyValueKeyword.groovy)
	at com.kms.katalon.core.keyword.internal.KeywordMain.runKeyword(KeywordMain.groovy:66)
	at com.kms.katalon.core.webservice.keyword.builtin.VerifyElementPropertyValueKeyword.verifyElementPropertyValue(VerifyElementPropertyValueKeyword.groovy:48)
	at com.kms.katalon.core.webservice.keyword.builtin.VerifyElementPropertyValueKeyword.execute(VerifyElementPropertyValueKeyword.groovy:43)
	at com.kms.katalon.core.keyword.internal.KeywordExecutor.executeKeywordForPlatform(KeywordExecutor.groovy:56)
	at com.kms.katalon.core.webservice.keyword.WSBuiltInKeywords.verifyElementPropertyValue(WSBuiltInKeywords.groovy:123)
	at com.kms.katalon.core.webservice.keyword.WSBuiltInKeywords$verifyElementPropertyValue$0.call(Unknown Source)
	at test.run(test:26)
	at com.kms.katalon.core.main.ScriptEngine.run(ScriptEngine.java:194)
	at com.kms.katalon.core.main.ScriptEngine.runScriptAsRawText(ScriptEngine.java:119)
	at com.kms.katalon.core.main.TestCaseExecutor.runScript(TestCaseExecutor.java:336)
	at com.kms.katalon.core.main.TestCaseExecutor.doExecute(TestCaseExecutor.java:327)
	at com.kms.katalon.core.main.TestCaseExecutor.processExecutionPhase(TestCaseExecutor.java:306)
	at com.kms.katalon.core.main.TestCaseExecutor.accessMainPhase(TestCaseExecutor.java:298)
	at com.kms.katalon.core.main.TestCaseExecutor.execute(TestCaseExecutor.java:232)
	at com.kms.katalon.core.main.TestSuiteExecutor.accessTestCaseMainPhase(TestSuiteExecutor.java:129)
	at com.kms.katalon.core.main.TestSuiteExecutor.accessTestSuiteMainPhase(TestSuiteExecutor.java:112)
	at com.kms.katalon.core.main.TestSuiteExecutor.execute(TestSuiteExecutor.java:81)
	at com.kms.katalon.core.main.TestCaseMain.startTestSuite(TestCaseMain.java:157)
	at com.kms.katalon.core.main.TestCaseMain$startTestSuite$0.call(Unknown Source)
	at TempTestSuite1557941867715.run(TempTestSuite1557941867715.groovy:35)
"/>
         <system-out><![CDATA[2019-05-15 23:09:53 - [TEST_CASE][FAILED] - Test Cases/test: Test Cases/test FAILED.
Reason:
com.kms.katalon.core.exception.StepFailedException: Expected element property value '200' is not equal with actual property value '404'
	at com.kms.katalon.core.keyword.internal.KeywordMain.stepFailed(KeywordMain.groovy:48)
	at com.kms.katalon.core.webservice.keyword.builtin.VerifyElementPropertyValueKeyword$_verifyElementPropertyValue_closure1.doCall(VerifyElementPropertyValueKeyword.groovy:56)
	at com.kms.katalon.core.webservice.keyword.builtin.VerifyElementPropertyValueKeyword$_verifyElementPropertyValue_closure1.call(VerifyElementPropertyValueKeyword.groovy)
	at com.kms.katalon.core.keyword.internal.KeywordMain.runKeyword(KeywordMain.groovy:66)
	at com.kms.katalon.core.webservice.keyword.builtin.VerifyElementPropertyValueKeyword.verifyElementPropertyValue(VerifyElementPropertyValueKeyword.groovy:48)
	at com.kms.katalon.core.webservice.keyword.builtin.VerifyElementPropertyValueKeyword.execute(VerifyElementPropertyValueKeyword.groovy:43)
	at com.kms.katalon.core.keyword.internal.KeywordExecutor.executeKeywordForPlatform(KeywordExecutor.groovy:56)
	at com.kms.katalon.core.webservice.keyword.WSBuiltInKeywords.verifyElementPropertyValue(WSBuiltInKeywords.groovy:123)
	at com.kms.katalon.core.webservice.keyword.WSBuiltInKeywords$verifyElementPropertyValue$0.call(Unknown Source)
	at test.run(test:26)
	at com.kms.katalon.core.main.ScriptEngine.run(ScriptEngine.java:194)
	at com.kms.katalon.core.main.ScriptEngine.runScriptAsRawText(ScriptEngine.java:119)
	at com.kms.katalon.core.main.TestCaseExecutor.runScript(TestCaseExecutor.java:336)
	at com.kms.katalon.core.main.TestCaseExecutor.doExecute(TestCaseExecutor.java:327)
	at com.kms.katalon.core.main.TestCaseExecutor.processExecutionPhase(TestCaseExecutor.java:306)
	at com.kms.katalon.core.main.TestCaseExecutor.accessMainPhase(TestCaseExecutor.java:298)
	at com.kms.katalon.core.main.TestCaseExecutor.execute(TestCaseExecutor.java:232)
	at com.kms.katalon.core.main.TestSuiteExecutor.accessTestCaseMainPhase(TestSuiteExecutor.java:129)
	at com.kms.katalon.core.main.TestSuiteExecutor.accessTestSuiteMainPhase(TestSuiteExecutor.java:112)
	at com.kms.katalon.core.main.TestSuiteExecutor.execute(TestSuiteExecutor.java:81)
	at com.kms.katalon.core.main.TestCaseMain.startTestSuite(TestCaseMain.java:157)
	at com.kms.katalon.core.main.TestCaseMain$startTestSuite$0.call(Unknown Source)
	at TempTestSuite1557941867715.run(TempTestSuite1557941867715.groovy:35)


2019-05-15 23:09:53 - [TEST_STEP][PASSED] - if (glnparameter == ""): null

2019-05-15 23:09:53 - [TEST_STEP][FAILED] - else: Unable to verify element property value (Root cause: com.kms.katalon.core.exception.StepFailedException: Expected element property value '200' is not equal with actual property value '404'
	at com.kms.katalon.core.keyword.internal.KeywordMain.stepFailed(KeywordMain.groovy:48)
	at com.kms.katalon.core.webservice.keyword.builtin.VerifyElementPropertyValueKeyword$_verifyElementPropertyValue_closure1.doCall(VerifyElementPropertyValueKeyword.groovy:56)
	at com.kms.katalon.core.webservice.keyword.builtin.VerifyElementPropertyValueKeyword$_verifyElementPropertyValue_closure1.call(VerifyElementPropertyValueKeyword.groovy)
	at com.kms.katalon.core.keyword.internal.KeywordMain.runKeyword(KeywordMain.groovy:66)
	at com.kms.katalon.core.webservice.keyword.builtin.VerifyElementPropertyValueKeyword.verifyElementPropertyValue(VerifyElementPropertyValueKeyword.groovy:48)
	at com.kms.katalon.core.webservice.keyword.builtin.VerifyElementPropertyValueKeyword.execute(VerifyElementPropertyValueKeyword.groovy:43)
	at com.kms.katalon.core.keyword.internal.KeywordExecutor.executeKeywordForPlatform(KeywordExecutor.groovy:56)
	at com.kms.katalon.core.webservice.keyword.WSBuiltInKeywords.verifyElementPropertyValue(WSBuiltInKeywords.groovy:123)
	at com.kms.katalon.core.webservice.keyword.WSBuiltInKeywords$verifyElementPropertyValue$0.call(Unknown Source)
	at test.run(test:26)
	at com.kms.katalon.core.main.ScriptEngine.run(ScriptEngine.java:194)
	at com.kms.katalon.core.main.ScriptEngine.runScriptAsRawText(ScriptEngine.java:119)
	at com.kms.katalon.core.main.TestCaseExecutor.runScript(TestCaseExecutor.java:336)
	at com.kms.katalon.core.main.TestCaseExecutor.doExecute(TestCaseExecutor.java:327)
	at com.kms.katalon.core.main.TestCaseExecutor.processExecutionPhase(TestCaseExecutor.java:306)
	at com.kms.katalon.core.main.TestCaseExecutor.accessMainPhase(TestCaseExecutor.java:298)
	at com.kms.katalon.core.main.TestCaseExecutor.execute(TestCaseExecutor.java:232)
	at com.kms.katalon.core.main.TestSuiteExecutor.accessTestCaseMainPhase(TestSuiteExecutor.java:129)
	at com.kms.katalon.core.main.TestSuiteExecutor.accessTestSuiteMainPhase(TestSuiteExecutor.java:112)
	at com.kms.katalon.core.main.TestSuiteExecutor.execute(TestSuiteExecutor.java:81)
	at com.kms.katalon.core.main.TestCaseMain.startTestSuite(TestCaseMain.java:157)
	at com.kms.katalon.core.main.TestCaseMain$startTestSuite$0.call(Unknown Source)
	at TempTestSuite1557941867715.run(TempTestSuite1557941867715.groovy:35)
)

2019-05-15 23:09:53 - [TEST_STEP][PASSED] - storeresponse1 = sendRequestAndVerify(findTestObject("GLN Check - EOID", ["gln":glnparameter, "url":url, "body":body, "methodforcall":methodforcall])): Send request and verify the response successfully

2019-05-15 23:09:56 - [TEST_CASE][PASSED] - Start Test Case : Verification: Verification accomplished successfully

2019-05-15 23:09:56 - [TEST_STEP][PASSED] - request = getInstance().getCurrentRequest(): null

2019-05-15 23:09:57 - [TEST_STEP][PASSED] - response = getInstance().getCurrentResponse(): null

2019-05-15 23:09:57 - [MESSAGE][PASSED] - Verify response successfully

2019-05-15 23:09:57 - [MESSAGE][PASSED] - Send request and verify the response successfully

2019-05-15 23:09:57 - [TEST_STEP][FAILED] - verifyElementPropertyValue(storeresponse1, status, statuscode): Unable to verify element property value (Root cause: com.kms.katalon.core.exception.StepFailedException: Expected element property value '200' is not equal with actual property value '404'
	at com.kms.katalon.core.keyword.internal.KeywordMain.stepFailed(KeywordMain.groovy:48)
	at com.kms.katalon.core.webservice.keyword.builtin.VerifyElementPropertyValueKeyword$_verifyElementPropertyValue_closure1.doCall(VerifyElementPropertyValueKeyword.groovy:56)
	at com.kms.katalon.core.webservice.keyword.builtin.VerifyElementPropertyValueKeyword$_verifyElementPropertyValue_closure1.call(VerifyElementPropertyValueKeyword.groovy)
	at com.kms.katalon.core.keyword.internal.KeywordMain.runKeyword(KeywordMain.groovy:66)
	at com.kms.katalon.core.webservice.keyword.builtin.VerifyElementPropertyValueKeyword.verifyElementPropertyValue(VerifyElementPropertyValueKeyword.groovy:48)
	at com.kms.katalon.core.webservice.keyword.builtin.VerifyElementPropertyValueKeyword.execute(VerifyElementPropertyValueKeyword.groovy:43)
	at com.kms.katalon.core.keyword.internal.KeywordExecutor.executeKeywordForPlatform(KeywordExecutor.groovy:56)
	at com.kms.katalon.core.webservice.keyword.WSBuiltInKeywords.verifyElementPropertyValue(WSBuiltInKeywords.groovy:123)
	at com.kms.katalon.core.webservice.keyword.WSBuiltInKeywords$verifyElementPropertyValue$0.call(Unknown Source)
	at test.run(test:26)
	at com.kms.katalon.core.main.ScriptEngine.run(ScriptEngine.java:194)
	at com.kms.katalon.core.main.ScriptEngine.runScriptAsRawText(ScriptEngine.java:119)
	at com.kms.katalon.core.main.TestCaseExecutor.runScript(TestCaseExecutor.java:336)
	at com.kms.katalon.core.main.TestCaseExecutor.doExecute(TestCaseExecutor.java:327)
	at com.kms.katalon.core.main.TestCaseExecutor.processExecutionPhase(TestCaseExecutor.java:306)
	at com.kms.katalon.core.main.TestCaseExecutor.accessMainPhase(TestCaseExecutor.java:298)
	at com.kms.katalon.core.main.TestCaseExecutor.execute(TestCaseExecutor.java:232)
	at com.kms.katalon.core.main.TestSuiteExecutor.accessTestCaseMainPhase(TestSuiteExecutor.java:129)
	at com.kms.katalon.core.main.TestSuiteExecutor.accessTestSuiteMainPhase(TestSuiteExecutor.java:112)
	at com.kms.katalon.core.main.TestSuiteExecutor.execute(TestSuiteExecutor.java:81)
	at com.kms.katalon.core.main.TestCaseMain.startTestSuite(TestCaseMain.java:157)
	at com.kms.katalon.core.main.TestCaseMain$startTestSuite$0.call(Unknown Source)
	at TempTestSuite1557941867715.run(TempTestSuite1557941867715.groovy:35)
)

2019-05-15 23:09:57 - [MESSAGE][FAILED] - Expected element property value '200' is not equal with actual property value '404'

2019-05-15 23:09:57 - [MESSAGE][FAILED] - Unable to verify element property value (Root cause: com.kms.katalon.core.exception.StepFailedException: Expected element property value '200' is not equal with actual property value '404'
	at com.kms.katalon.core.keyword.internal.KeywordMain.stepFailed(KeywordMain.groovy:48)
	at com.kms.katalon.core.webservice.keyword.builtin.VerifyElementPropertyValueKeyword$_verifyElementPropertyValue_closure1.doCall(VerifyElementPropertyValueKeyword.groovy:56)
	at com.kms.katalon.core.webservice.keyword.builtin.VerifyElementPropertyValueKeyword$_verifyElementPropertyValue_closure1.call(VerifyElementPropertyValueKeyword.groovy)
	at com.kms.katalon.core.keyword.internal.KeywordMain.runKeyword(KeywordMain.groovy:66)
	at com.kms.katalon.core.webservice.keyword.builtin.VerifyElementPropertyValueKeyword.verifyElementPropertyValue(VerifyElementPropertyValueKeyword.groovy:48)
	at com.kms.katalon.core.webservice.keyword.builtin.VerifyElementPropertyValueKeyword.execute(VerifyElementPropertyValueKeyword.groovy:43)
	at com.kms.katalon.core.keyword.internal.KeywordExecutor.executeKeywordForPlatform(KeywordExecutor.groovy:56)
	at com.kms.katalon.core.webservice.keyword.WSBuiltInKeywords.verifyElementPropertyValue(WSBuiltInKeywords.groovy:123)
	at com.kms.katalon.core.webservice.keyword.WSBuiltInKeywords$verifyElementPropertyValue$0.call(Unknown Source)
	at test.run(test:26)
	at com.kms.katalon.core.main.ScriptEngine.run(ScriptEngine.java:194)
	at com.kms.katalon.core.main.ScriptEngine.runScriptAsRawText(ScriptEngine.java:119)
	at com.kms.katalon.core.main.TestCaseExecutor.runScript(TestCaseExecutor.java:336)
	at com.kms.katalon.core.main.TestCaseExecutor.doExecute(TestCaseExecutor.java:327)
	at com.kms.katalon.core.main.TestCaseExecutor.processExecutionPhase(TestCaseExecutor.java:306)
	at com.kms.katalon.core.main.TestCaseExecutor.accessMainPhase(TestCaseExecutor.java:298)
	at com.kms.katalon.core.main.TestCaseExecutor.execute(TestCaseExecutor.java:232)
	at com.kms.katalon.core.main.TestSuiteExecutor.accessTestCaseMainPhase(TestSuiteExecutor.java:129)
	at com.kms.katalon.core.main.TestSuiteExecutor.accessTestSuiteMainPhase(TestSuiteExecutor.java:112)
	at com.kms.katalon.core.main.TestSuiteExecutor.execute(TestSuiteExecutor.java:81)
	at com.kms.katalon.core.main.TestCaseMain.startTestSuite(TestCaseMain.java:157)
	at com.kms.katalon.core.main.TestCaseMain$startTestSuite$0.call(Unknown Source)
	at TempTestSuite1557941867715.run(TempTestSuite1557941867715.groovy:35)
)]]></system-out>
         <system-err><![CDATA[2019-05-15 23:09:53 - [TEST_CASE][FAILED] - Test Cases/test: Test Cases/test FAILED.
Reason:
com.kms.katalon.core.exception.StepFailedException: Expected element property value '200' is not equal with actual property value '404'
	at com.kms.katalon.core.keyword.internal.KeywordMain.stepFailed(KeywordMain.groovy:48)
	at com.kms.katalon.core.webservice.keyword.builtin.VerifyElementPropertyValueKeyword$_verifyElementPropertyValue_closure1.doCall(VerifyElementPropertyValueKeyword.groovy:56)
	at com.kms.katalon.core.webservice.keyword.builtin.VerifyElementPropertyValueKeyword$_verifyElementPropertyValue_closure1.call(VerifyElementPropertyValueKeyword.groovy)
	at com.kms.katalon.core.keyword.internal.KeywordMain.runKeyword(KeywordMain.groovy:66)
	at com.kms.katalon.core.webservice.keyword.builtin.VerifyElementPropertyValueKeyword.verifyElementPropertyValue(VerifyElementPropertyValueKeyword.groovy:48)
	at com.kms.katalon.core.webservice.keyword.builtin.VerifyElementPropertyValueKeyword.execute(VerifyElementPropertyValueKeyword.groovy:43)
	at com.kms.katalon.core.keyword.internal.KeywordExecutor.executeKeywordForPlatform(KeywordExecutor.groovy:56)
	at com.kms.katalon.core.webservice.keyword.WSBuiltInKeywords.verifyElementPropertyValue(WSBuiltInKeywords.groovy:123)
	at com.kms.katalon.core.webservice.keyword.WSBuiltInKeywords$verifyElementPropertyValue$0.call(Unknown Source)
	at test.run(test:26)
	at com.kms.katalon.core.main.ScriptEngine.run(ScriptEngine.java:194)
	at com.kms.katalon.core.main.ScriptEngine.runScriptAsRawText(ScriptEngine.java:119)
	at com.kms.katalon.core.main.TestCaseExecutor.runScript(TestCaseExecutor.java:336)
	at com.kms.katalon.core.main.TestCaseExecutor.doExecute(TestCaseExecutor.java:327)
	at com.kms.katalon.core.main.TestCaseExecutor.processExecutionPhase(TestCaseExecutor.java:306)
	at com.kms.katalon.core.main.TestCaseExecutor.accessMainPhase(TestCaseExecutor.java:298)
	at com.kms.katalon.core.main.TestCaseExecutor.execute(TestCaseExecutor.java:232)
	at com.kms.katalon.core.main.TestSuiteExecutor.accessTestCaseMainPhase(TestSuiteExecutor.java:129)
	at com.kms.katalon.core.main.TestSuiteExecutor.accessTestSuiteMainPhase(TestSuiteExecutor.java:112)
	at com.kms.katalon.core.main.TestSuiteExecutor.execute(TestSuiteExecutor.java:81)
	at com.kms.katalon.core.main.TestCaseMain.startTestSuite(TestCaseMain.java:157)
	at com.kms.katalon.core.main.TestCaseMain$startTestSuite$0.call(Unknown Source)
	at TempTestSuite1557941867715.run(TempTestSuite1557941867715.groovy:35)]]></system-err>
      </testcase>
      <testcase name="Test Cases/test" classname="Test Cases/test" status="PASSED">
         <system-out><![CDATA[2019-05-15 23:09:57 - [TEST_CASE][PASSED] - Test Cases/test: Test Cases/test

2019-05-15 23:09:57 - [TEST_STEP][PASSED] - if (glnparameter == ""): null

2019-05-15 23:09:57 - [TEST_STEP][PASSED] - else: null

2019-05-15 23:09:57 - [TEST_STEP][PASSED] - storeresponse1 = sendRequestAndVerify(findTestObject("GLN Check - EOID", ["gln":glnparameter, "url":url, "body":body, "methodforcall":methodforcall])): Send request and verify the response successfully

2019-05-15 23:10:01 - [TEST_CASE][PASSED] - Start Test Case : Verification: Verification accomplished successfully

2019-05-15 23:10:01 - [TEST_STEP][PASSED] - request = getInstance().getCurrentRequest(): null

2019-05-15 23:10:01 - [TEST_STEP][PASSED] - response = getInstance().getCurrentResponse(): null

2019-05-15 23:10:01 - [MESSAGE][PASSED] - Verify response successfully

2019-05-15 23:10:01 - [MESSAGE][PASSED] - Send request and verify the response successfully

2019-05-15 23:10:01 - [TEST_STEP][PASSED] - verifyElementPropertyValue(storeresponse1, status, statuscode): Verify element property value successfully

2019-05-15 23:10:01 - [MESSAGE][PASSED] - Verify element property value successfully

2019-05-15 23:10:01 - [TEST_STEP][PASSED] - verifyElementPropertyValue(storeresponse1, messageid, messageidvalue): Verify element property value successfully

2019-05-15 23:10:01 - [MESSAGE][PASSED] - Verify element property value successfully

2019-05-15 23:10:01 - [TEST_STEP][PASSED] - if (statuscode == 200): null

2019-05-15 23:10:01 - [TEST_STEP][PASSED] - else: null]]></system-out>
         <system-err><![CDATA[]]></system-err>
      </testcase>
      <testcase name="Test Cases/test" classname="Test Cases/test" status="PASSED">
         <system-out><![CDATA[2019-05-15 23:10:01 - [TEST_CASE][PASSED] - Test Cases/test: Test Cases/test

2019-05-15 23:10:01 - [TEST_STEP][PASSED] - if (glnparameter == ""): null

2019-05-15 23:10:01 - [TEST_STEP][PASSED] - else: null

2019-05-15 23:10:01 - [TEST_STEP][PASSED] - storeresponse1 = sendRequestAndVerify(findTestObject("GLN Check - EOID", ["gln":glnparameter, "url":url, "body":body, "methodforcall":methodforcall])): Send request and verify the response successfully

2019-05-15 23:10:06 - [TEST_CASE][PASSED] - Start Test Case : Verification: Verification accomplished successfully

2019-05-15 23:10:06 - [TEST_STEP][PASSED] - request = getInstance().getCurrentRequest(): null

2019-05-15 23:10:06 - [TEST_STEP][PASSED] - response = getInstance().getCurrentResponse(): null

2019-05-15 23:10:06 - [MESSAGE][PASSED] - Verify response successfully

2019-05-15 23:10:06 - [MESSAGE][PASSED] - Send request and verify the response successfully

2019-05-15 23:10:06 - [TEST_STEP][PASSED] - verifyElementPropertyValue(storeresponse1, status, statuscode): Verify element property value successfully

2019-05-15 23:10:06 - [MESSAGE][PASSED] - Verify element property value successfully

2019-05-15 23:10:06 - [TEST_STEP][PASSED] - verifyElementPropertyValue(storeresponse1, messageid, messageidvalue): Verify element property value successfully

2019-05-15 23:10:06 - [MESSAGE][PASSED] - Verify element property value successfully

2019-05-15 23:10:06 - [TEST_STEP][PASSED] - if (statuscode == 200): null

2019-05-15 23:10:06 - [TEST_STEP][PASSED] - else: null]]></system-out>
         <system-err><![CDATA[]]></system-err>
      </testcase>
      <testcase name="Test Cases/test" classname="Test Cases/test" status="PASSED">
         <system-out><![CDATA[2019-05-15 23:10:06 - [TEST_CASE][PASSED] - Test Cases/test: Test Cases/test

2019-05-15 23:10:06 - [TEST_STEP][PASSED] - if (glnparameter == ""): null

2019-05-15 23:10:06 - [TEST_STEP][PASSED] - else: null

2019-05-15 23:10:06 - [TEST_STEP][PASSED] - storeresponse1 = sendRequestAndVerify(findTestObject("GLN Check - EOID", ["gln":glnparameter, "url":url, "body":body, "methodforcall":methodforcall])): Send request and verify the response successfully

2019-05-15 23:10:10 - [TEST_CASE][PASSED] - Start Test Case : Verification: Verification accomplished successfully

2019-05-15 23:10:10 - [TEST_STEP][PASSED] - request = getInstance().getCurrentRequest(): null

2019-05-15 23:10:11 - [TEST_STEP][PASSED] - response = getInstance().getCurrentResponse(): null

2019-05-15 23:10:11 - [MESSAGE][PASSED] - Verify response successfully

2019-05-15 23:10:11 - [MESSAGE][PASSED] - Send request and verify the response successfully

2019-05-15 23:10:11 - [TEST_STEP][PASSED] - verifyElementPropertyValue(storeresponse1, status, statuscode): Verify element property value successfully

2019-05-15 23:10:11 - [MESSAGE][PASSED] - Verify element property value successfully

2019-05-15 23:10:11 - [TEST_STEP][PASSED] - verifyElementPropertyValue(storeresponse1, messageid, messageidvalue): Verify element property value successfully

2019-05-15 23:10:11 - [MESSAGE][PASSED] - Verify element property value successfully

2019-05-15 23:10:11 - [TEST_STEP][PASSED] - if (statuscode == 200): null

2019-05-15 23:10:11 - [TEST_STEP][PASSED] - else: null]]></system-out>
         <system-err><![CDATA[]]></system-err>
      </testcase>
      <testcase name="Test Cases/test" classname="Test Cases/test" status="PASSED">
         <system-out><![CDATA[2019-05-15 23:10:11 - [TEST_CASE][PASSED] - Test Cases/test: Test Cases/test

2019-05-15 23:10:11 - [TEST_STEP][PASSED] - if (glnparameter == ""): null

2019-05-15 23:10:11 - [TEST_STEP][PASSED] - else: null

2019-05-15 23:10:11 - [TEST_STEP][PASSED] - storeresponse1 = sendRequestAndVerify(findTestObject("GLN Check - EOID", ["gln":glnparameter, "url":url, "body":body, "methodforcall":methodforcall])): Send request and verify the response successfully

2019-05-15 23:10:15 - [TEST_CASE][PASSED] - Start Test Case : Verification: Verification accomplished successfully

2019-05-15 23:10:15 - [TEST_STEP][PASSED] - request = getInstance().getCurrentRequest(): null

2019-05-15 23:10:15 - [TEST_STEP][PASSED] - response = getInstance().getCurrentResponse(): null

2019-05-15 23:10:15 - [MESSAGE][PASSED] - Verify response successfully

2019-05-15 23:10:15 - [MESSAGE][PASSED] - Send request and verify the response successfully

2019-05-15 23:10:15 - [TEST_STEP][PASSED] - verifyElementPropertyValue(storeresponse1, status, statuscode): Verify element property value successfully

2019-05-15 23:10:15 - [MESSAGE][PASSED] - Verify element property value successfully

2019-05-15 23:10:15 - [TEST_STEP][PASSED] - verifyElementPropertyValue(storeresponse1, messageid, messageidvalue): Verify element property value successfully

2019-05-15 23:10:15 - [MESSAGE][PASSED] - Verify element property value successfully

2019-05-15 23:10:15 - [TEST_STEP][PASSED] - if (statuscode == 200): null

2019-05-15 23:10:15 - [TEST_STEP][PASSED] - else: null]]></system-out>
         <system-err><![CDATA[]]></system-err>
      </testcase>
      <testcase name="Test Cases/test" classname="Test Cases/test" status="FAILED">
         <failure type="FAILED" message="Test Cases/test FAILED.
Reason:
com.kms.katalon.core.exception.StepFailedException: Expected element property value '400' is not equal with actual property value 'null'
	at com.kms.katalon.core.keyword.internal.KeywordMain.stepFailed(KeywordMain.groovy:48)
	at com.kms.katalon.core.webservice.keyword.builtin.VerifyElementPropertyValueKeyword$_verifyElementPropertyValue_closure1.doCall(VerifyElementPropertyValueKeyword.groovy:56)
	at com.kms.katalon.core.webservice.keyword.builtin.VerifyElementPropertyValueKeyword$_verifyElementPropertyValue_closure1.call(VerifyElementPropertyValueKeyword.groovy)
	at com.kms.katalon.core.keyword.internal.KeywordMain.runKeyword(KeywordMain.groovy:66)
	at com.kms.katalon.core.webservice.keyword.builtin.VerifyElementPropertyValueKeyword.verifyElementPropertyValue(VerifyElementPropertyValueKeyword.groovy:48)
	at com.kms.katalon.core.webservice.keyword.builtin.VerifyElementPropertyValueKeyword.execute(VerifyElementPropertyValueKeyword.groovy:43)
	at com.kms.katalon.core.keyword.internal.KeywordExecutor.executeKeywordForPlatform(KeywordExecutor.groovy:56)
	at com.kms.katalon.core.webservice.keyword.WSBuiltInKeywords.verifyElementPropertyValue(WSBuiltInKeywords.groovy:123)
	at com.kms.katalon.core.webservice.keyword.WSBuiltInKeywords$verifyElementPropertyValue$0.call(Unknown Source)
	at test.run(test:19)
	at com.kms.katalon.core.main.ScriptEngine.run(ScriptEngine.java:194)
	at com.kms.katalon.core.main.ScriptEngine.runScriptAsRawText(ScriptEngine.java:119)
	at com.kms.katalon.core.main.TestCaseExecutor.runScript(TestCaseExecutor.java:336)
	at com.kms.katalon.core.main.TestCaseExecutor.doExecute(TestCaseExecutor.java:327)
	at com.kms.katalon.core.main.TestCaseExecutor.processExecutionPhase(TestCaseExecutor.java:306)
	at com.kms.katalon.core.main.TestCaseExecutor.accessMainPhase(TestCaseExecutor.java:298)
	at com.kms.katalon.core.main.TestCaseExecutor.execute(TestCaseExecutor.java:232)
	at com.kms.katalon.core.main.TestSuiteExecutor.accessTestCaseMainPhase(TestSuiteExecutor.java:129)
	at com.kms.katalon.core.main.TestSuiteExecutor.accessTestSuiteMainPhase(TestSuiteExecutor.java:112)
	at com.kms.katalon.core.main.TestSuiteExecutor.execute(TestSuiteExecutor.java:81)
	at com.kms.katalon.core.main.TestCaseMain.startTestSuite(TestCaseMain.java:157)
	at com.kms.katalon.core.main.TestCaseMain$startTestSuite$0.call(Unknown Source)
	at TempTestSuite1557941867715.run(TempTestSuite1557941867715.groovy:35)
"/>
         <system-out><![CDATA[2019-05-15 23:10:15 - [TEST_CASE][FAILED] - Test Cases/test: Test Cases/test FAILED.
Reason:
com.kms.katalon.core.exception.StepFailedException: Expected element property value '400' is not equal with actual property value 'null'
	at com.kms.katalon.core.keyword.internal.KeywordMain.stepFailed(KeywordMain.groovy:48)
	at com.kms.katalon.core.webservice.keyword.builtin.VerifyElementPropertyValueKeyword$_verifyElementPropertyValue_closure1.doCall(VerifyElementPropertyValueKeyword.groovy:56)
	at com.kms.katalon.core.webservice.keyword.builtin.VerifyElementPropertyValueKeyword$_verifyElementPropertyValue_closure1.call(VerifyElementPropertyValueKeyword.groovy)
	at com.kms.katalon.core.keyword.internal.KeywordMain.runKeyword(KeywordMain.groovy:66)
	at com.kms.katalon.core.webservice.keyword.builtin.VerifyElementPropertyValueKeyword.verifyElementPropertyValue(VerifyElementPropertyValueKeyword.groovy:48)
	at com.kms.katalon.core.webservice.keyword.builtin.VerifyElementPropertyValueKeyword.execute(VerifyElementPropertyValueKeyword.groovy:43)
	at com.kms.katalon.core.keyword.internal.KeywordExecutor.executeKeywordForPlatform(KeywordExecutor.groovy:56)
	at com.kms.katalon.core.webservice.keyword.WSBuiltInKeywords.verifyElementPropertyValue(WSBuiltInKeywords.groovy:123)
	at com.kms.katalon.core.webservice.keyword.WSBuiltInKeywords$verifyElementPropertyValue$0.call(Unknown Source)
	at test.run(test:19)
	at com.kms.katalon.core.main.ScriptEngine.run(ScriptEngine.java:194)
	at com.kms.katalon.core.main.ScriptEngine.runScriptAsRawText(ScriptEngine.java:119)
	at com.kms.katalon.core.main.TestCaseExecutor.runScript(TestCaseExecutor.java:336)
	at com.kms.katalon.core.main.TestCaseExecutor.doExecute(TestCaseExecutor.java:327)
	at com.kms.katalon.core.main.TestCaseExecutor.processExecutionPhase(TestCaseExecutor.java:306)
	at com.kms.katalon.core.main.TestCaseExecutor.accessMainPhase(TestCaseExecutor.java:298)
	at com.kms.katalon.core.main.TestCaseExecutor.execute(TestCaseExecutor.java:232)
	at com.kms.katalon.core.main.TestSuiteExecutor.accessTestCaseMainPhase(TestSuiteExecutor.java:129)
	at com.kms.katalon.core.main.TestSuiteExecutor.accessTestSuiteMainPhase(TestSuiteExecutor.java:112)
	at com.kms.katalon.core.main.TestSuiteExecutor.execute(TestSuiteExecutor.java:81)
	at com.kms.katalon.core.main.TestCaseMain.startTestSuite(TestCaseMain.java:157)
	at com.kms.katalon.core.main.TestCaseMain$startTestSuite$0.call(Unknown Source)
	at TempTestSuite1557941867715.run(TempTestSuite1557941867715.groovy:35)


2019-05-15 23:10:15 - [TEST_STEP][FAILED] - if (glnparameter == ""): Unable to verify element property value (Root cause: com.kms.katalon.core.exception.StepFailedException: Expected element property value '400' is not equal with actual property value 'null'
	at com.kms.katalon.core.keyword.internal.KeywordMain.stepFailed(KeywordMain.groovy:48)
	at com.kms.katalon.core.webservice.keyword.builtin.VerifyElementPropertyValueKeyword$_verifyElementPropertyValue_closure1.doCall(VerifyElementPropertyValueKeyword.groovy:56)
	at com.kms.katalon.core.webservice.keyword.builtin.VerifyElementPropertyValueKeyword$_verifyElementPropertyValue_closure1.call(VerifyElementPropertyValueKeyword.groovy)
	at com.kms.katalon.core.keyword.internal.KeywordMain.runKeyword(KeywordMain.groovy:66)
	at com.kms.katalon.core.webservice.keyword.builtin.VerifyElementPropertyValueKeyword.verifyElementPropertyValue(VerifyElementPropertyValueKeyword.groovy:48)
	at com.kms.katalon.core.webservice.keyword.builtin.VerifyElementPropertyValueKeyword.execute(VerifyElementPropertyValueKeyword.groovy:43)
	at com.kms.katalon.core.keyword.internal.KeywordExecutor.executeKeywordForPlatform(KeywordExecutor.groovy:56)
	at com.kms.katalon.core.webservice.keyword.WSBuiltInKeywords.verifyElementPropertyValue(WSBuiltInKeywords.groovy:123)
	at com.kms.katalon.core.webservice.keyword.WSBuiltInKeywords$verifyElementPropertyValue$0.call(Unknown Source)
	at test.run(test:19)
	at com.kms.katalon.core.main.ScriptEngine.run(ScriptEngine.java:194)
	at com.kms.katalon.core.main.ScriptEngine.runScriptAsRawText(ScriptEngine.java:119)
	at com.kms.katalon.core.main.TestCaseExecutor.runScript(TestCaseExecutor.java:336)
	at com.kms.katalon.core.main.TestCaseExecutor.doExecute(TestCaseExecutor.java:327)
	at com.kms.katalon.core.main.TestCaseExecutor.processExecutionPhase(TestCaseExecutor.java:306)
	at com.kms.katalon.core.main.TestCaseExecutor.accessMainPhase(TestCaseExecutor.java:298)
	at com.kms.katalon.core.main.TestCaseExecutor.execute(TestCaseExecutor.java:232)
	at com.kms.katalon.core.main.TestSuiteExecutor.accessTestCaseMainPhase(TestSuiteExecutor.java:129)
	at com.kms.katalon.core.main.TestSuiteExecutor.accessTestSuiteMainPhase(TestSuiteExecutor.java:112)
	at com.kms.katalon.core.main.TestSuiteExecutor.execute(TestSuiteExecutor.java:81)
	at com.kms.katalon.core.main.TestCaseMain.startTestSuite(TestCaseMain.java:157)
	at com.kms.katalon.core.main.TestCaseMain$startTestSuite$0.call(Unknown Source)
	at TempTestSuite1557941867715.run(TempTestSuite1557941867715.groovy:35)
)

2019-05-15 23:10:15 - [TEST_STEP][PASSED] - Storeresponse = sendRequestAndVerify(findTestObject("GLN Approve - EOID", ["url":url, "body":body, "methodforcall":methodforcall])): Send request and verify the response successfully

2019-05-15 23:10:16 - [TEST_CASE][PASSED] - Start Test Case : Verification: Verification accomplished successfully

2019-05-15 23:10:16 - [TEST_STEP][PASSED] - request = getInstance().getCurrentRequest(): null

2019-05-15 23:10:16 - [TEST_STEP][PASSED] - response = getInstance().getCurrentResponse(): null

2019-05-15 23:10:16 - [MESSAGE][PASSED] - Verify response successfully

2019-05-15 23:10:16 - [MESSAGE][PASSED] - Send request and verify the response successfully

2019-05-15 23:10:16 - [TEST_STEP][FAILED] - verifyElementPropertyValue(Storeresponse, status, statuscode): Unable to verify element property value (Root cause: com.kms.katalon.core.exception.StepFailedException: Expected element property value '400' is not equal with actual property value 'null'
	at com.kms.katalon.core.keyword.internal.KeywordMain.stepFailed(KeywordMain.groovy:48)
	at com.kms.katalon.core.webservice.keyword.builtin.VerifyElementPropertyValueKeyword$_verifyElementPropertyValue_closure1.doCall(VerifyElementPropertyValueKeyword.groovy:56)
	at com.kms.katalon.core.webservice.keyword.builtin.VerifyElementPropertyValueKeyword$_verifyElementPropertyValue_closure1.call(VerifyElementPropertyValueKeyword.groovy)
	at com.kms.katalon.core.keyword.internal.KeywordMain.runKeyword(KeywordMain.groovy:66)
	at com.kms.katalon.core.webservice.keyword.builtin.VerifyElementPropertyValueKeyword.verifyElementPropertyValue(VerifyElementPropertyValueKeyword.groovy:48)
	at com.kms.katalon.core.webservice.keyword.builtin.VerifyElementPropertyValueKeyword.execute(VerifyElementPropertyValueKeyword.groovy:43)
	at com.kms.katalon.core.keyword.internal.KeywordExecutor.executeKeywordForPlatform(KeywordExecutor.groovy:56)
	at com.kms.katalon.core.webservice.keyword.WSBuiltInKeywords.verifyElementPropertyValue(WSBuiltInKeywords.groovy:123)
	at com.kms.katalon.core.webservice.keyword.WSBuiltInKeywords$verifyElementPropertyValue$0.call(Unknown Source)
	at test.run(test:19)
	at com.kms.katalon.core.main.ScriptEngine.run(ScriptEngine.java:194)
	at com.kms.katalon.core.main.ScriptEngine.runScriptAsRawText(ScriptEngine.java:119)
	at com.kms.katalon.core.main.TestCaseExecutor.runScript(TestCaseExecutor.java:336)
	at com.kms.katalon.core.main.TestCaseExecutor.doExecute(TestCaseExecutor.java:327)
	at com.kms.katalon.core.main.TestCaseExecutor.processExecutionPhase(TestCaseExecutor.java:306)
	at com.kms.katalon.core.main.TestCaseExecutor.accessMainPhase(TestCaseExecutor.java:298)
	at com.kms.katalon.core.main.TestCaseExecutor.execute(TestCaseExecutor.java:232)
	at com.kms.katalon.core.main.TestSuiteExecutor.accessTestCaseMainPhase(TestSuiteExecutor.java:129)
	at com.kms.katalon.core.main.TestSuiteExecutor.accessTestSuiteMainPhase(TestSuiteExecutor.java:112)
	at com.kms.katalon.core.main.TestSuiteExecutor.execute(TestSuiteExecutor.java:81)
	at com.kms.katalon.core.main.TestCaseMain.startTestSuite(TestCaseMain.java:157)
	at com.kms.katalon.core.main.TestCaseMain$startTestSuite$0.call(Unknown Source)
	at TempTestSuite1557941867715.run(TempTestSuite1557941867715.groovy:35)
)

2019-05-15 23:10:16 - [MESSAGE][FAILED] - Expected element property value '400' is not equal with actual property value 'null'

2019-05-15 23:10:16 - [MESSAGE][FAILED] - Unable to verify element property value (Root cause: com.kms.katalon.core.exception.StepFailedException: Expected element property value '400' is not equal with actual property value 'null'
	at com.kms.katalon.core.keyword.internal.KeywordMain.stepFailed(KeywordMain.groovy:48)
	at com.kms.katalon.core.webservice.keyword.builtin.VerifyElementPropertyValueKeyword$_verifyElementPropertyValue_closure1.doCall(VerifyElementPropertyValueKeyword.groovy:56)
	at com.kms.katalon.core.webservice.keyword.builtin.VerifyElementPropertyValueKeyword$_verifyElementPropertyValue_closure1.call(VerifyElementPropertyValueKeyword.groovy)
	at com.kms.katalon.core.keyword.internal.KeywordMain.runKeyword(KeywordMain.groovy:66)
	at com.kms.katalon.core.webservice.keyword.builtin.VerifyElementPropertyValueKeyword.verifyElementPropertyValue(VerifyElementPropertyValueKeyword.groovy:48)
	at com.kms.katalon.core.webservice.keyword.builtin.VerifyElementPropertyValueKeyword.execute(VerifyElementPropertyValueKeyword.groovy:43)
	at com.kms.katalon.core.keyword.internal.KeywordExecutor.executeKeywordForPlatform(KeywordExecutor.groovy:56)
	at com.kms.katalon.core.webservice.keyword.WSBuiltInKeywords.verifyElementPropertyValue(WSBuiltInKeywords.groovy:123)
	at com.kms.katalon.core.webservice.keyword.WSBuiltInKeywords$verifyElementPropertyValue$0.call(Unknown Source)
	at test.run(test:19)
	at com.kms.katalon.core.main.ScriptEngine.run(ScriptEngine.java:194)
	at com.kms.katalon.core.main.ScriptEngine.runScriptAsRawText(ScriptEngine.java:119)
	at com.kms.katalon.core.main.TestCaseExecutor.runScript(TestCaseExecutor.java:336)
	at com.kms.katalon.core.main.TestCaseExecutor.doExecute(TestCaseExecutor.java:327)
	at com.kms.katalon.core.main.TestCaseExecutor.processExecutionPhase(TestCaseExecutor.java:306)
	at com.kms.katalon.core.main.TestCaseExecutor.accessMainPhase(TestCaseExecutor.java:298)
	at com.kms.katalon.core.main.TestCaseExecutor.execute(TestCaseExecutor.java:232)
	at com.kms.katalon.core.main.TestSuiteExecutor.accessTestCaseMainPhase(TestSuiteExecutor.java:129)
	at com.kms.katalon.core.main.TestSuiteExecutor.accessTestSuiteMainPhase(TestSuiteExecutor.java:112)
	at com.kms.katalon.core.main.TestSuiteExecutor.execute(TestSuiteExecutor.java:81)
	at com.kms.katalon.core.main.TestCaseMain.startTestSuite(TestCaseMain.java:157)
	at com.kms.katalon.core.main.TestCaseMain$startTestSuite$0.call(Unknown Source)
	at TempTestSuite1557941867715.run(TempTestSuite1557941867715.groovy:35)
)]]></system-out>
         <system-err><![CDATA[2019-05-15 23:10:15 - [TEST_CASE][FAILED] - Test Cases/test: Test Cases/test FAILED.
Reason:
com.kms.katalon.core.exception.StepFailedException: Expected element property value '400' is not equal with actual property value 'null'
	at com.kms.katalon.core.keyword.internal.KeywordMain.stepFailed(KeywordMain.groovy:48)
	at com.kms.katalon.core.webservice.keyword.builtin.VerifyElementPropertyValueKeyword$_verifyElementPropertyValue_closure1.doCall(VerifyElementPropertyValueKeyword.groovy:56)
	at com.kms.katalon.core.webservice.keyword.builtin.VerifyElementPropertyValueKeyword$_verifyElementPropertyValue_closure1.call(VerifyElementPropertyValueKeyword.groovy)
	at com.kms.katalon.core.keyword.internal.KeywordMain.runKeyword(KeywordMain.groovy:66)
	at com.kms.katalon.core.webservice.keyword.builtin.VerifyElementPropertyValueKeyword.verifyElementPropertyValue(VerifyElementPropertyValueKeyword.groovy:48)
	at com.kms.katalon.core.webservice.keyword.builtin.VerifyElementPropertyValueKeyword.execute(VerifyElementPropertyValueKeyword.groovy:43)
	at com.kms.katalon.core.keyword.internal.KeywordExecutor.executeKeywordForPlatform(KeywordExecutor.groovy:56)
	at com.kms.katalon.core.webservice.keyword.WSBuiltInKeywords.verifyElementPropertyValue(WSBuiltInKeywords.groovy:123)
	at com.kms.katalon.core.webservice.keyword.WSBuiltInKeywords$verifyElementPropertyValue$0.call(Unknown Source)
	at test.run(test:19)
	at com.kms.katalon.core.main.ScriptEngine.run(ScriptEngine.java:194)
	at com.kms.katalon.core.main.ScriptEngine.runScriptAsRawText(ScriptEngine.java:119)
	at com.kms.katalon.core.main.TestCaseExecutor.runScript(TestCaseExecutor.java:336)
	at com.kms.katalon.core.main.TestCaseExecutor.doExecute(TestCaseExecutor.java:327)
	at com.kms.katalon.core.main.TestCaseExecutor.processExecutionPhase(TestCaseExecutor.java:306)
	at com.kms.katalon.core.main.TestCaseExecutor.accessMainPhase(TestCaseExecutor.java:298)
	at com.kms.katalon.core.main.TestCaseExecutor.execute(TestCaseExecutor.java:232)
	at com.kms.katalon.core.main.TestSuiteExecutor.accessTestCaseMainPhase(TestSuiteExecutor.java:129)
	at com.kms.katalon.core.main.TestSuiteExecutor.accessTestSuiteMainPhase(TestSuiteExecutor.java:112)
	at com.kms.katalon.core.main.TestSuiteExecutor.execute(TestSuiteExecutor.java:81)
	at com.kms.katalon.core.main.TestCaseMain.startTestSuite(TestCaseMain.java:157)
	at com.kms.katalon.core.main.TestCaseMain$startTestSuite$0.call(Unknown Source)
	at TempTestSuite1557941867715.run(TempTestSuite1557941867715.groovy:35)]]></system-err>
      </testcase>
      <testcase name="Test Cases/test" classname="Test Cases/test" status="PASSED">
         <system-out><![CDATA[2019-05-15 23:10:16 - [TEST_CASE][PASSED] - Test Cases/test: Test Cases/test

2019-05-15 23:10:16 - [TEST_STEP][PASSED] - if (glnparameter == ""): null

2019-05-15 23:10:16 - [TEST_STEP][PASSED] - else: null

2019-05-15 23:10:16 - [TEST_STEP][PASSED] - storeresponse1 = sendRequestAndVerify(findTestObject("GLN Check - EOID", ["gln":glnparameter, "url":url, "body":body, "methodforcall":methodforcall])): Send request and verify the response successfully

2019-05-15 23:10:25 - [TEST_CASE][PASSED] - Start Test Case : Verification: Verification accomplished successfully

2019-05-15 23:10:25 - [TEST_STEP][PASSED] - request = getInstance().getCurrentRequest(): null

2019-05-15 23:10:25 - [TEST_STEP][PASSED] - response = getInstance().getCurrentResponse(): null

2019-05-15 23:10:25 - [MESSAGE][PASSED] - Verify response successfully

2019-05-15 23:10:25 - [MESSAGE][PASSED] - Send request and verify the response successfully

2019-05-15 23:10:25 - [TEST_STEP][PASSED] - verifyElementPropertyValue(storeresponse1, status, statuscode): Verify element property value successfully

2019-05-15 23:10:25 - [MESSAGE][PASSED] - Verify element property value successfully

2019-05-15 23:10:25 - [TEST_STEP][PASSED] - verifyElementPropertyValue(storeresponse1, messageid, messageidvalue): Verify element property value successfully

2019-05-15 23:10:25 - [MESSAGE][PASSED] - Verify element property value successfully

2019-05-15 23:10:25 - [TEST_STEP][PASSED] - if (statuscode == 200): null

2019-05-15 23:10:25 - [TEST_STEP][PASSED] - else: null]]></system-out>
         <system-err><![CDATA[]]></system-err>
      </testcase>
      <testcase name="Test Cases/test" classname="Test Cases/test" status="PASSED">
         <system-out><![CDATA[2019-05-15 23:10:25 - [TEST_CASE][PASSED] - Test Cases/test: Test Cases/test

2019-05-15 23:10:25 - [TEST_STEP][PASSED] - if (glnparameter == ""): null

2019-05-15 23:10:25 - [TEST_STEP][PASSED] - else: null

2019-05-15 23:10:25 - [TEST_STEP][PASSED] - storeresponse1 = sendRequestAndVerify(findTestObject("GLN Check - EOID", ["gln":glnparameter, "url":url, "body":body, "methodforcall":methodforcall])): Send request and verify the response successfully

2019-05-15 23:10:31 - [TEST_CASE][PASSED] - Start Test Case : Verification: Verification accomplished successfully

2019-05-15 23:10:31 - [TEST_STEP][PASSED] - request = getInstance().getCurrentRequest(): null

2019-05-15 23:10:31 - [TEST_STEP][PASSED] - response = getInstance().getCurrentResponse(): null

2019-05-15 23:10:31 - [MESSAGE][PASSED] - Verify response successfully

2019-05-15 23:10:31 - [MESSAGE][PASSED] - Send request and verify the response successfully

2019-05-15 23:10:31 - [TEST_STEP][PASSED] - verifyElementPropertyValue(storeresponse1, status, statuscode): Verify element property value successfully

2019-05-15 23:10:31 - [MESSAGE][PASSED] - Verify element property value successfully

2019-05-15 23:10:31 - [TEST_STEP][PASSED] - verifyElementPropertyValue(storeresponse1, messageid, messageidvalue): Verify element property value successfully

2019-05-15 23:10:31 - [MESSAGE][PASSED] - Verify element property value successfully

2019-05-15 23:10:31 - [TEST_STEP][PASSED] - if (statuscode == 200): null

2019-05-15 23:10:31 - [TEST_STEP][PASSED] - else: null]]></system-out>
         <system-err><![CDATA[]]></system-err>
      </testcase>
      <testcase name="Test Cases/test" classname="Test Cases/test" status="FAILED">
         <failure type="FAILED" message="Test Cases/test FAILED.
Reason:
com.kms.katalon.core.exception.StepFailedException: Expected element property value '200' is not equal with actual property value '400'
	at com.kms.katalon.core.keyword.internal.KeywordMain.stepFailed(KeywordMain.groovy:48)
	at com.kms.katalon.core.webservice.keyword.builtin.VerifyElementPropertyValueKeyword$_verifyElementPropertyValue_closure1.doCall(VerifyElementPropertyValueKeyword.groovy:56)
	at com.kms.katalon.core.webservice.keyword.builtin.VerifyElementPropertyValueKeyword$_verifyElementPropertyValue_closure1.call(VerifyElementPropertyValueKeyword.groovy)
	at com.kms.katalon.core.keyword.internal.KeywordMain.runKeyword(KeywordMain.groovy:66)
	at com.kms.katalon.core.webservice.keyword.builtin.VerifyElementPropertyValueKeyword.verifyElementPropertyValue(VerifyElementPropertyValueKeyword.groovy:48)
	at com.kms.katalon.core.webservice.keyword.builtin.VerifyElementPropertyValueKeyword.execute(VerifyElementPropertyValueKeyword.groovy:43)
	at com.kms.katalon.core.keyword.internal.KeywordExecutor.executeKeywordForPlatform(KeywordExecutor.groovy:56)
	at com.kms.katalon.core.webservice.keyword.WSBuiltInKeywords.verifyElementPropertyValue(WSBuiltInKeywords.groovy:123)
	at com.kms.katalon.core.webservice.keyword.WSBuiltInKeywords$verifyElementPropertyValue$0.call(Unknown Source)
	at test.run(test:26)
	at com.kms.katalon.core.main.ScriptEngine.run(ScriptEngine.java:194)
	at com.kms.katalon.core.main.ScriptEngine.runScriptAsRawText(ScriptEngine.java:119)
	at com.kms.katalon.core.main.TestCaseExecutor.runScript(TestCaseExecutor.java:336)
	at com.kms.katalon.core.main.TestCaseExecutor.doExecute(TestCaseExecutor.java:327)
	at com.kms.katalon.core.main.TestCaseExecutor.processExecutionPhase(TestCaseExecutor.java:306)
	at com.kms.katalon.core.main.TestCaseExecutor.accessMainPhase(TestCaseExecutor.java:298)
	at com.kms.katalon.core.main.TestCaseExecutor.execute(TestCaseExecutor.java:232)
	at com.kms.katalon.core.main.TestSuiteExecutor.accessTestCaseMainPhase(TestSuiteExecutor.java:129)
	at com.kms.katalon.core.main.TestSuiteExecutor.accessTestSuiteMainPhase(TestSuiteExecutor.java:112)
	at com.kms.katalon.core.main.TestSuiteExecutor.execute(TestSuiteExecutor.java:81)
	at com.kms.katalon.core.main.TestCaseMain.startTestSuite(TestCaseMain.java:157)
	at com.kms.katalon.core.main.TestCaseMain$startTestSuite$0.call(Unknown Source)
	at TempTestSuite1557941867715.run(TempTestSuite1557941867715.groovy:35)
"/>
         <system-out><![CDATA[2019-05-15 23:10:31 - [TEST_CASE][FAILED] - Test Cases/test: Test Cases/test FAILED.
Reason:
com.kms.katalon.core.exception.StepFailedException: Expected element property value '200' is not equal with actual property value '400'
	at com.kms.katalon.core.keyword.internal.KeywordMain.stepFailed(KeywordMain.groovy:48)
	at com.kms.katalon.core.webservice.keyword.builtin.VerifyElementPropertyValueKeyword$_verifyElementPropertyValue_closure1.doCall(VerifyElementPropertyValueKeyword.groovy:56)
	at com.kms.katalon.core.webservice.keyword.builtin.VerifyElementPropertyValueKeyword$_verifyElementPropertyValue_closure1.call(VerifyElementPropertyValueKeyword.groovy)
	at com.kms.katalon.core.keyword.internal.KeywordMain.runKeyword(KeywordMain.groovy:66)
	at com.kms.katalon.core.webservice.keyword.builtin.VerifyElementPropertyValueKeyword.verifyElementPropertyValue(VerifyElementPropertyValueKeyword.groovy:48)
	at com.kms.katalon.core.webservice.keyword.builtin.VerifyElementPropertyValueKeyword.execute(VerifyElementPropertyValueKeyword.groovy:43)
	at com.kms.katalon.core.keyword.internal.KeywordExecutor.executeKeywordForPlatform(KeywordExecutor.groovy:56)
	at com.kms.katalon.core.webservice.keyword.WSBuiltInKeywords.verifyElementPropertyValue(WSBuiltInKeywords.groovy:123)
	at com.kms.katalon.core.webservice.keyword.WSBuiltInKeywords$verifyElementPropertyValue$0.call(Unknown Source)
	at test.run(test:26)
	at com.kms.katalon.core.main.ScriptEngine.run(ScriptEngine.java:194)
	at com.kms.katalon.core.main.ScriptEngine.runScriptAsRawText(ScriptEngine.java:119)
	at com.kms.katalon.core.main.TestCaseExecutor.runScript(TestCaseExecutor.java:336)
	at com.kms.katalon.core.main.TestCaseExecutor.doExecute(TestCaseExecutor.java:327)
	at com.kms.katalon.core.main.TestCaseExecutor.processExecutionPhase(TestCaseExecutor.java:306)
	at com.kms.katalon.core.main.TestCaseExecutor.accessMainPhase(TestCaseExecutor.java:298)
	at com.kms.katalon.core.main.TestCaseExecutor.execute(TestCaseExecutor.java:232)
	at com.kms.katalon.core.main.TestSuiteExecutor.accessTestCaseMainPhase(TestSuiteExecutor.java:129)
	at com.kms.katalon.core.main.TestSuiteExecutor.accessTestSuiteMainPhase(TestSuiteExecutor.java:112)
	at com.kms.katalon.core.main.TestSuiteExecutor.execute(TestSuiteExecutor.java:81)
	at com.kms.katalon.core.main.TestCaseMain.startTestSuite(TestCaseMain.java:157)
	at com.kms.katalon.core.main.TestCaseMain$startTestSuite$0.call(Unknown Source)
	at TempTestSuite1557941867715.run(TempTestSuite1557941867715.groovy:35)


2019-05-15 23:10:31 - [TEST_STEP][PASSED] - if (glnparameter == ""): null

2019-05-15 23:10:31 - [TEST_STEP][FAILED] - else: Unable to verify element property value (Root cause: com.kms.katalon.core.exception.StepFailedException: Expected element property value '200' is not equal with actual property value '400'
	at com.kms.katalon.core.keyword.internal.KeywordMain.stepFailed(KeywordMain.groovy:48)
	at com.kms.katalon.core.webservice.keyword.builtin.VerifyElementPropertyValueKeyword$_verifyElementPropertyValue_closure1.doCall(VerifyElementPropertyValueKeyword.groovy:56)
	at com.kms.katalon.core.webservice.keyword.builtin.VerifyElementPropertyValueKeyword$_verifyElementPropertyValue_closure1.call(VerifyElementPropertyValueKeyword.groovy)
	at com.kms.katalon.core.keyword.internal.KeywordMain.runKeyword(KeywordMain.groovy:66)
	at com.kms.katalon.core.webservice.keyword.builtin.VerifyElementPropertyValueKeyword.verifyElementPropertyValue(VerifyElementPropertyValueKeyword.groovy:48)
	at com.kms.katalon.core.webservice.keyword.builtin.VerifyElementPropertyValueKeyword.execute(VerifyElementPropertyValueKeyword.groovy:43)
	at com.kms.katalon.core.keyword.internal.KeywordExecutor.executeKeywordForPlatform(KeywordExecutor.groovy:56)
	at com.kms.katalon.core.webservice.keyword.WSBuiltInKeywords.verifyElementPropertyValue(WSBuiltInKeywords.groovy:123)
	at com.kms.katalon.core.webservice.keyword.WSBuiltInKeywords$verifyElementPropertyValue$0.call(Unknown Source)
	at test.run(test:26)
	at com.kms.katalon.core.main.ScriptEngine.run(ScriptEngine.java:194)
	at com.kms.katalon.core.main.ScriptEngine.runScriptAsRawText(ScriptEngine.java:119)
	at com.kms.katalon.core.main.TestCaseExecutor.runScript(TestCaseExecutor.java:336)
	at com.kms.katalon.core.main.TestCaseExecutor.doExecute(TestCaseExecutor.java:327)
	at com.kms.katalon.core.main.TestCaseExecutor.processExecutionPhase(TestCaseExecutor.java:306)
	at com.kms.katalon.core.main.TestCaseExecutor.accessMainPhase(TestCaseExecutor.java:298)
	at com.kms.katalon.core.main.TestCaseExecutor.execute(TestCaseExecutor.java:232)
	at com.kms.katalon.core.main.TestSuiteExecutor.accessTestCaseMainPhase(TestSuiteExecutor.java:129)
	at com.kms.katalon.core.main.TestSuiteExecutor.accessTestSuiteMainPhase(TestSuiteExecutor.java:112)
	at com.kms.katalon.core.main.TestSuiteExecutor.execute(TestSuiteExecutor.java:81)
	at com.kms.katalon.core.main.TestCaseMain.startTestSuite(TestCaseMain.java:157)
	at com.kms.katalon.core.main.TestCaseMain$startTestSuite$0.call(Unknown Source)
	at TempTestSuite1557941867715.run(TempTestSuite1557941867715.groovy:35)
)

2019-05-15 23:10:31 - [TEST_STEP][PASSED] - storeresponse1 = sendRequestAndVerify(findTestObject("GLN Check - EOID", ["gln":glnparameter, "url":url, "body":body, "methodforcall":methodforcall])): Send request and verify the response successfully

2019-05-15 23:10:37 - [TEST_CASE][PASSED] - Start Test Case : Verification: Verification accomplished successfully

2019-05-15 23:10:37 - [TEST_STEP][PASSED] - request = getInstance().getCurrentRequest(): null

2019-05-15 23:10:37 - [TEST_STEP][PASSED] - response = getInstance().getCurrentResponse(): null

2019-05-15 23:10:37 - [MESSAGE][PASSED] - Verify response successfully

2019-05-15 23:10:37 - [MESSAGE][PASSED] - Send request and verify the response successfully

2019-05-15 23:10:37 - [TEST_STEP][FAILED] - verifyElementPropertyValue(storeresponse1, status, statuscode): Unable to verify element property value (Root cause: com.kms.katalon.core.exception.StepFailedException: Expected element property value '200' is not equal with actual property value '400'
	at com.kms.katalon.core.keyword.internal.KeywordMain.stepFailed(KeywordMain.groovy:48)
	at com.kms.katalon.core.webservice.keyword.builtin.VerifyElementPropertyValueKeyword$_verifyElementPropertyValue_closure1.doCall(VerifyElementPropertyValueKeyword.groovy:56)
	at com.kms.katalon.core.webservice.keyword.builtin.VerifyElementPropertyValueKeyword$_verifyElementPropertyValue_closure1.call(VerifyElementPropertyValueKeyword.groovy)
	at com.kms.katalon.core.keyword.internal.KeywordMain.runKeyword(KeywordMain.groovy:66)
	at com.kms.katalon.core.webservice.keyword.builtin.VerifyElementPropertyValueKeyword.verifyElementPropertyValue(VerifyElementPropertyValueKeyword.groovy:48)
	at com.kms.katalon.core.webservice.keyword.builtin.VerifyElementPropertyValueKeyword.execute(VerifyElementPropertyValueKeyword.groovy:43)
	at com.kms.katalon.core.keyword.internal.KeywordExecutor.executeKeywordForPlatform(KeywordExecutor.groovy:56)
	at com.kms.katalon.core.webservice.keyword.WSBuiltInKeywords.verifyElementPropertyValue(WSBuiltInKeywords.groovy:123)
	at com.kms.katalon.core.webservice.keyword.WSBuiltInKeywords$verifyElementPropertyValue$0.call(Unknown Source)
	at test.run(test:26)
	at com.kms.katalon.core.main.ScriptEngine.run(ScriptEngine.java:194)
	at com.kms.katalon.core.main.ScriptEngine.runScriptAsRawText(ScriptEngine.java:119)
	at com.kms.katalon.core.main.TestCaseExecutor.runScript(TestCaseExecutor.java:336)
	at com.kms.katalon.core.main.TestCaseExecutor.doExecute(TestCaseExecutor.java:327)
	at com.kms.katalon.core.main.TestCaseExecutor.processExecutionPhase(TestCaseExecutor.java:306)
	at com.kms.katalon.core.main.TestCaseExecutor.accessMainPhase(TestCaseExecutor.java:298)
	at com.kms.katalon.core.main.TestCaseExecutor.execute(TestCaseExecutor.java:232)
	at com.kms.katalon.core.main.TestSuiteExecutor.accessTestCaseMainPhase(TestSuiteExecutor.java:129)
	at com.kms.katalon.core.main.TestSuiteExecutor.accessTestSuiteMainPhase(TestSuiteExecutor.java:112)
	at com.kms.katalon.core.main.TestSuiteExecutor.execute(TestSuiteExecutor.java:81)
	at com.kms.katalon.core.main.TestCaseMain.startTestSuite(TestCaseMain.java:157)
	at com.kms.katalon.core.main.TestCaseMain$startTestSuite$0.call(Unknown Source)
	at TempTestSuite1557941867715.run(TempTestSuite1557941867715.groovy:35)
)

2019-05-15 23:10:37 - [MESSAGE][FAILED] - Expected element property value '200' is not equal with actual property value '400'

2019-05-15 23:10:37 - [MESSAGE][FAILED] - Unable to verify element property value (Root cause: com.kms.katalon.core.exception.StepFailedException: Expected element property value '200' is not equal with actual property value '400'
	at com.kms.katalon.core.keyword.internal.KeywordMain.stepFailed(KeywordMain.groovy:48)
	at com.kms.katalon.core.webservice.keyword.builtin.VerifyElementPropertyValueKeyword$_verifyElementPropertyValue_closure1.doCall(VerifyElementPropertyValueKeyword.groovy:56)
	at com.kms.katalon.core.webservice.keyword.builtin.VerifyElementPropertyValueKeyword$_verifyElementPropertyValue_closure1.call(VerifyElementPropertyValueKeyword.groovy)
	at com.kms.katalon.core.keyword.internal.KeywordMain.runKeyword(KeywordMain.groovy:66)
	at com.kms.katalon.core.webservice.keyword.builtin.VerifyElementPropertyValueKeyword.verifyElementPropertyValue(VerifyElementPropertyValueKeyword.groovy:48)
	at com.kms.katalon.core.webservice.keyword.builtin.VerifyElementPropertyValueKeyword.execute(VerifyElementPropertyValueKeyword.groovy:43)
	at com.kms.katalon.core.keyword.internal.KeywordExecutor.executeKeywordForPlatform(KeywordExecutor.groovy:56)
	at com.kms.katalon.core.webservice.keyword.WSBuiltInKeywords.verifyElementPropertyValue(WSBuiltInKeywords.groovy:123)
	at com.kms.katalon.core.webservice.keyword.WSBuiltInKeywords$verifyElementPropertyValue$0.call(Unknown Source)
	at test.run(test:26)
	at com.kms.katalon.core.main.ScriptEngine.run(ScriptEngine.java:194)
	at com.kms.katalon.core.main.ScriptEngine.runScriptAsRawText(ScriptEngine.java:119)
	at com.kms.katalon.core.main.TestCaseExecutor.runScript(TestCaseExecutor.java:336)
	at com.kms.katalon.core.main.TestCaseExecutor.doExecute(TestCaseExecutor.java:327)
	at com.kms.katalon.core.main.TestCaseExecutor.processExecutionPhase(TestCaseExecutor.java:306)
	at com.kms.katalon.core.main.TestCaseExecutor.accessMainPhase(TestCaseExecutor.java:298)
	at com.kms.katalon.core.main.TestCaseExecutor.execute(TestCaseExecutor.java:232)
	at com.kms.katalon.core.main.TestSuiteExecutor.accessTestCaseMainPhase(TestSuiteExecutor.java:129)
	at com.kms.katalon.core.main.TestSuiteExecutor.accessTestSuiteMainPhase(TestSuiteExecutor.java:112)
	at com.kms.katalon.core.main.TestSuiteExecutor.execute(TestSuiteExecutor.java:81)
	at com.kms.katalon.core.main.TestCaseMain.startTestSuite(TestCaseMain.java:157)
	at com.kms.katalon.core.main.TestCaseMain$startTestSuite$0.call(Unknown Source)
	at TempTestSuite1557941867715.run(TempTestSuite1557941867715.groovy:35)
)]]></system-out>
         <system-err><![CDATA[2019-05-15 23:10:31 - [TEST_CASE][FAILED] - Test Cases/test: Test Cases/test FAILED.
Reason:
com.kms.katalon.core.exception.StepFailedException: Expected element property value '200' is not equal with actual property value '400'
	at com.kms.katalon.core.keyword.internal.KeywordMain.stepFailed(KeywordMain.groovy:48)
	at com.kms.katalon.core.webservice.keyword.builtin.VerifyElementPropertyValueKeyword$_verifyElementPropertyValue_closure1.doCall(VerifyElementPropertyValueKeyword.groovy:56)
	at com.kms.katalon.core.webservice.keyword.builtin.VerifyElementPropertyValueKeyword$_verifyElementPropertyValue_closure1.call(VerifyElementPropertyValueKeyword.groovy)
	at com.kms.katalon.core.keyword.internal.KeywordMain.runKeyword(KeywordMain.groovy:66)
	at com.kms.katalon.core.webservice.keyword.builtin.VerifyElementPropertyValueKeyword.verifyElementPropertyValue(VerifyElementPropertyValueKeyword.groovy:48)
	at com.kms.katalon.core.webservice.keyword.builtin.VerifyElementPropertyValueKeyword.execute(VerifyElementPropertyValueKeyword.groovy:43)
	at com.kms.katalon.core.keyword.internal.KeywordExecutor.executeKeywordForPlatform(KeywordExecutor.groovy:56)
	at com.kms.katalon.core.webservice.keyword.WSBuiltInKeywords.verifyElementPropertyValue(WSBuiltInKeywords.groovy:123)
	at com.kms.katalon.core.webservice.keyword.WSBuiltInKeywords$verifyElementPropertyValue$0.call(Unknown Source)
	at test.run(test:26)
	at com.kms.katalon.core.main.ScriptEngine.run(ScriptEngine.java:194)
	at com.kms.katalon.core.main.ScriptEngine.runScriptAsRawText(ScriptEngine.java:119)
	at com.kms.katalon.core.main.TestCaseExecutor.runScript(TestCaseExecutor.java:336)
	at com.kms.katalon.core.main.TestCaseExecutor.doExecute(TestCaseExecutor.java:327)
	at com.kms.katalon.core.main.TestCaseExecutor.processExecutionPhase(TestCaseExecutor.java:306)
	at com.kms.katalon.core.main.TestCaseExecutor.accessMainPhase(TestCaseExecutor.java:298)
	at com.kms.katalon.core.main.TestCaseExecutor.execute(TestCaseExecutor.java:232)
	at com.kms.katalon.core.main.TestSuiteExecutor.accessTestCaseMainPhase(TestSuiteExecutor.java:129)
	at com.kms.katalon.core.main.TestSuiteExecutor.accessTestSuiteMainPhase(TestSuiteExecutor.java:112)
	at com.kms.katalon.core.main.TestSuiteExecutor.execute(TestSuiteExecutor.java:81)
	at com.kms.katalon.core.main.TestCaseMain.startTestSuite(TestCaseMain.java:157)
	at com.kms.katalon.core.main.TestCaseMain$startTestSuite$0.call(Unknown Source)
	at TempTestSuite1557941867715.run(TempTestSuite1557941867715.groovy:35)]]></system-err>
      </testcase>
      <testcase name="Test Cases/test" classname="Test Cases/test" status="FAILED">
         <failure type="FAILED" message="Test Cases/test FAILED.
Reason:
com.kms.katalon.core.exception.StepFailedException: Expected element property value 'E010' is not equal with actual property value 'null'
	at com.kms.katalon.core.keyword.internal.KeywordMain.stepFailed(KeywordMain.groovy:48)
	at com.kms.katalon.core.webservice.keyword.builtin.VerifyElementPropertyValueKeyword$_verifyElementPropertyValue_closure1.doCall(VerifyElementPropertyValueKeyword.groovy:56)
	at com.kms.katalon.core.webservice.keyword.builtin.VerifyElementPropertyValueKeyword$_verifyElementPropertyValue_closure1.call(VerifyElementPropertyValueKeyword.groovy)
	at com.kms.katalon.core.keyword.internal.KeywordMain.runKeyword(KeywordMain.groovy:66)
	at com.kms.katalon.core.webservice.keyword.builtin.VerifyElementPropertyValueKeyword.verifyElementPropertyValue(VerifyElementPropertyValueKeyword.groovy:48)
	at com.kms.katalon.core.webservice.keyword.builtin.VerifyElementPropertyValueKeyword.execute(VerifyElementPropertyValueKeyword.groovy:43)
	at com.kms.katalon.core.keyword.internal.KeywordExecutor.executeKeywordForPlatform(KeywordExecutor.groovy:56)
	at com.kms.katalon.core.webservice.keyword.WSBuiltInKeywords.verifyElementPropertyValue(WSBuiltInKeywords.groovy:123)
	at com.kms.katalon.core.webservice.keyword.WSBuiltInKeywords$verifyElementPropertyValue$0.call(Unknown Source)
	at test.run(test:28)
	at com.kms.katalon.core.main.ScriptEngine.run(ScriptEngine.java:194)
	at com.kms.katalon.core.main.ScriptEngine.runScriptAsRawText(ScriptEngine.java:119)
	at com.kms.katalon.core.main.TestCaseExecutor.runScript(TestCaseExecutor.java:336)
	at com.kms.katalon.core.main.TestCaseExecutor.doExecute(TestCaseExecutor.java:327)
	at com.kms.katalon.core.main.TestCaseExecutor.processExecutionPhase(TestCaseExecutor.java:306)
	at com.kms.katalon.core.main.TestCaseExecutor.accessMainPhase(TestCaseExecutor.java:298)
	at com.kms.katalon.core.main.TestCaseExecutor.execute(TestCaseExecutor.java:232)
	at com.kms.katalon.core.main.TestSuiteExecutor.accessTestCaseMainPhase(TestSuiteExecutor.java:129)
	at com.kms.katalon.core.main.TestSuiteExecutor.accessTestSuiteMainPhase(TestSuiteExecutor.java:112)
	at com.kms.katalon.core.main.TestSuiteExecutor.execute(TestSuiteExecutor.java:81)
	at com.kms.katalon.core.main.TestCaseMain.startTestSuite(TestCaseMain.java:157)
	at com.kms.katalon.core.main.TestCaseMain$startTestSuite$0.call(Unknown Source)
	at TempTestSuite1557941867715.run(TempTestSuite1557941867715.groovy:35)
"/>
         <system-out><![CDATA[2019-05-15 23:10:37 - [TEST_CASE][FAILED] - Test Cases/test: Test Cases/test FAILED.
Reason:
com.kms.katalon.core.exception.StepFailedException: Expected element property value 'E010' is not equal with actual property value 'null'
	at com.kms.katalon.core.keyword.internal.KeywordMain.stepFailed(KeywordMain.groovy:48)
	at com.kms.katalon.core.webservice.keyword.builtin.VerifyElementPropertyValueKeyword$_verifyElementPropertyValue_closure1.doCall(VerifyElementPropertyValueKeyword.groovy:56)
	at com.kms.katalon.core.webservice.keyword.builtin.VerifyElementPropertyValueKeyword$_verifyElementPropertyValue_closure1.call(VerifyElementPropertyValueKeyword.groovy)
	at com.kms.katalon.core.keyword.internal.KeywordMain.runKeyword(KeywordMain.groovy:66)
	at com.kms.katalon.core.webservice.keyword.builtin.VerifyElementPropertyValueKeyword.verifyElementPropertyValue(VerifyElementPropertyValueKeyword.groovy:48)
	at com.kms.katalon.core.webservice.keyword.builtin.VerifyElementPropertyValueKeyword.execute(VerifyElementPropertyValueKeyword.groovy:43)
	at com.kms.katalon.core.keyword.internal.KeywordExecutor.executeKeywordForPlatform(KeywordExecutor.groovy:56)
	at com.kms.katalon.core.webservice.keyword.WSBuiltInKeywords.verifyElementPropertyValue(WSBuiltInKeywords.groovy:123)
	at com.kms.katalon.core.webservice.keyword.WSBuiltInKeywords$verifyElementPropertyValue$0.call(Unknown Source)
	at test.run(test:28)
	at com.kms.katalon.core.main.ScriptEngine.run(ScriptEngine.java:194)
	at com.kms.katalon.core.main.ScriptEngine.runScriptAsRawText(ScriptEngine.java:119)
	at com.kms.katalon.core.main.TestCaseExecutor.runScript(TestCaseExecutor.java:336)
	at com.kms.katalon.core.main.TestCaseExecutor.doExecute(TestCaseExecutor.java:327)
	at com.kms.katalon.core.main.TestCaseExecutor.processExecutionPhase(TestCaseExecutor.java:306)
	at com.kms.katalon.core.main.TestCaseExecutor.accessMainPhase(TestCaseExecutor.java:298)
	at com.kms.katalon.core.main.TestCaseExecutor.execute(TestCaseExecutor.java:232)
	at com.kms.katalon.core.main.TestSuiteExecutor.accessTestCaseMainPhase(TestSuiteExecutor.java:129)
	at com.kms.katalon.core.main.TestSuiteExecutor.accessTestSuiteMainPhase(TestSuiteExecutor.java:112)
	at com.kms.katalon.core.main.TestSuiteExecutor.execute(TestSuiteExecutor.java:81)
	at com.kms.katalon.core.main.TestCaseMain.startTestSuite(TestCaseMain.java:157)
	at com.kms.katalon.core.main.TestCaseMain$startTestSuite$0.call(Unknown Source)
	at TempTestSuite1557941867715.run(TempTestSuite1557941867715.groovy:35)


2019-05-15 23:10:37 - [TEST_STEP][PASSED] - if (glnparameter == ""): null

2019-05-15 23:10:37 - [TEST_STEP][FAILED] - else: Unable to verify element property value (Root cause: com.kms.katalon.core.exception.StepFailedException: Expected element property value 'E010' is not equal with actual property value 'null'
	at com.kms.katalon.core.keyword.internal.KeywordMain.stepFailed(KeywordMain.groovy:48)
	at com.kms.katalon.core.webservice.keyword.builtin.VerifyElementPropertyValueKeyword$_verifyElementPropertyValue_closure1.doCall(VerifyElementPropertyValueKeyword.groovy:56)
	at com.kms.katalon.core.webservice.keyword.builtin.VerifyElementPropertyValueKeyword$_verifyElementPropertyValue_closure1.call(VerifyElementPropertyValueKeyword.groovy)
	at com.kms.katalon.core.keyword.internal.KeywordMain.runKeyword(KeywordMain.groovy:66)
	at com.kms.katalon.core.webservice.keyword.builtin.VerifyElementPropertyValueKeyword.verifyElementPropertyValue(VerifyElementPropertyValueKeyword.groovy:48)
	at com.kms.katalon.core.webservice.keyword.builtin.VerifyElementPropertyValueKeyword.execute(VerifyElementPropertyValueKeyword.groovy:43)
	at com.kms.katalon.core.keyword.internal.KeywordExecutor.executeKeywordForPlatform(KeywordExecutor.groovy:56)
	at com.kms.katalon.core.webservice.keyword.WSBuiltInKeywords.verifyElementPropertyValue(WSBuiltInKeywords.groovy:123)
	at com.kms.katalon.core.webservice.keyword.WSBuiltInKeywords$verifyElementPropertyValue$0.call(Unknown Source)
	at test.run(test:28)
	at com.kms.katalon.core.main.ScriptEngine.run(ScriptEngine.java:194)
	at com.kms.katalon.core.main.ScriptEngine.runScriptAsRawText(ScriptEngine.java:119)
	at com.kms.katalon.core.main.TestCaseExecutor.runScript(TestCaseExecutor.java:336)
	at com.kms.katalon.core.main.TestCaseExecutor.doExecute(TestCaseExecutor.java:327)
	at com.kms.katalon.core.main.TestCaseExecutor.processExecutionPhase(TestCaseExecutor.java:306)
	at com.kms.katalon.core.main.TestCaseExecutor.accessMainPhase(TestCaseExecutor.java:298)
	at com.kms.katalon.core.main.TestCaseExecutor.execute(TestCaseExecutor.java:232)
	at com.kms.katalon.core.main.TestSuiteExecutor.accessTestCaseMainPhase(TestSuiteExecutor.java:129)
	at com.kms.katalon.core.main.TestSuiteExecutor.accessTestSuiteMainPhase(TestSuiteExecutor.java:112)
	at com.kms.katalon.core.main.TestSuiteExecutor.execute(TestSuiteExecutor.java:81)
	at com.kms.katalon.core.main.TestCaseMain.startTestSuite(TestCaseMain.java:157)
	at com.kms.katalon.core.main.TestCaseMain$startTestSuite$0.call(Unknown Source)
	at TempTestSuite1557941867715.run(TempTestSuite1557941867715.groovy:35)
)

2019-05-15 23:10:37 - [TEST_STEP][PASSED] - storeresponse1 = sendRequestAndVerify(findTestObject("GLN Check - EOID", ["gln":glnparameter, "url":url, "body":body, "methodforcall":methodforcall])): Send request and verify the response successfully

2019-05-15 23:10:42 - [TEST_CASE][PASSED] - Start Test Case : Verification: Verification accomplished successfully

2019-05-15 23:10:42 - [TEST_STEP][PASSED] - request = getInstance().getCurrentRequest(): null

2019-05-15 23:10:42 - [TEST_STEP][PASSED] - response = getInstance().getCurrentResponse(): null

2019-05-15 23:10:42 - [MESSAGE][PASSED] - Verify response successfully

2019-05-15 23:10:42 - [MESSAGE][PASSED] - Send request and verify the response successfully

2019-05-15 23:10:42 - [TEST_STEP][PASSED] - verifyElementPropertyValue(storeresponse1, status, statuscode): Verify element property value successfully

2019-05-15 23:10:42 - [MESSAGE][PASSED] - Verify element property value successfully

2019-05-15 23:10:42 - [TEST_STEP][FAILED] - verifyElementPropertyValue(storeresponse1, messageid, messageidvalue): Unable to verify element property value (Root cause: com.kms.katalon.core.exception.StepFailedException: Expected element property value 'E010' is not equal with actual property value 'null'
	at com.kms.katalon.core.keyword.internal.KeywordMain.stepFailed(KeywordMain.groovy:48)
	at com.kms.katalon.core.webservice.keyword.builtin.VerifyElementPropertyValueKeyword$_verifyElementPropertyValue_closure1.doCall(VerifyElementPropertyValueKeyword.groovy:56)
	at com.kms.katalon.core.webservice.keyword.builtin.VerifyElementPropertyValueKeyword$_verifyElementPropertyValue_closure1.call(VerifyElementPropertyValueKeyword.groovy)
	at com.kms.katalon.core.keyword.internal.KeywordMain.runKeyword(KeywordMain.groovy:66)
	at com.kms.katalon.core.webservice.keyword.builtin.VerifyElementPropertyValueKeyword.verifyElementPropertyValue(VerifyElementPropertyValueKeyword.groovy:48)
	at com.kms.katalon.core.webservice.keyword.builtin.VerifyElementPropertyValueKeyword.execute(VerifyElementPropertyValueKeyword.groovy:43)
	at com.kms.katalon.core.keyword.internal.KeywordExecutor.executeKeywordForPlatform(KeywordExecutor.groovy:56)
	at com.kms.katalon.core.webservice.keyword.WSBuiltInKeywords.verifyElementPropertyValue(WSBuiltInKeywords.groovy:123)
	at com.kms.katalon.core.webservice.keyword.WSBuiltInKeywords$verifyElementPropertyValue$0.call(Unknown Source)
	at test.run(test:28)
	at com.kms.katalon.core.main.ScriptEngine.run(ScriptEngine.java:194)
	at com.kms.katalon.core.main.ScriptEngine.runScriptAsRawText(ScriptEngine.java:119)
	at com.kms.katalon.core.main.TestCaseExecutor.runScript(TestCaseExecutor.java:336)
	at com.kms.katalon.core.main.TestCaseExecutor.doExecute(TestCaseExecutor.java:327)
	at com.kms.katalon.core.main.TestCaseExecutor.processExecutionPhase(TestCaseExecutor.java:306)
	at com.kms.katalon.core.main.TestCaseExecutor.accessMainPhase(TestCaseExecutor.java:298)
	at com.kms.katalon.core.main.TestCaseExecutor.execute(TestCaseExecutor.java:232)
	at com.kms.katalon.core.main.TestSuiteExecutor.accessTestCaseMainPhase(TestSuiteExecutor.java:129)
	at com.kms.katalon.core.main.TestSuiteExecutor.accessTestSuiteMainPhase(TestSuiteExecutor.java:112)
	at com.kms.katalon.core.main.TestSuiteExecutor.execute(TestSuiteExecutor.java:81)
	at com.kms.katalon.core.main.TestCaseMain.startTestSuite(TestCaseMain.java:157)
	at com.kms.katalon.core.main.TestCaseMain$startTestSuite$0.call(Unknown Source)
	at TempTestSuite1557941867715.run(TempTestSuite1557941867715.groovy:35)
)

2019-05-15 23:10:42 - [MESSAGE][FAILED] - Expected element property value 'E010' is not equal with actual property value 'null'

2019-05-15 23:10:42 - [MESSAGE][FAILED] - Unable to verify element property value (Root cause: com.kms.katalon.core.exception.StepFailedException: Expected element property value 'E010' is not equal with actual property value 'null'
	at com.kms.katalon.core.keyword.internal.KeywordMain.stepFailed(KeywordMain.groovy:48)
	at com.kms.katalon.core.webservice.keyword.builtin.VerifyElementPropertyValueKeyword$_verifyElementPropertyValue_closure1.doCall(VerifyElementPropertyValueKeyword.groovy:56)
	at com.kms.katalon.core.webservice.keyword.builtin.VerifyElementPropertyValueKeyword$_verifyElementPropertyValue_closure1.call(VerifyElementPropertyValueKeyword.groovy)
	at com.kms.katalon.core.keyword.internal.KeywordMain.runKeyword(KeywordMain.groovy:66)
	at com.kms.katalon.core.webservice.keyword.builtin.VerifyElementPropertyValueKeyword.verifyElementPropertyValue(VerifyElementPropertyValueKeyword.groovy:48)
	at com.kms.katalon.core.webservice.keyword.builtin.VerifyElementPropertyValueKeyword.execute(VerifyElementPropertyValueKeyword.groovy:43)
	at com.kms.katalon.core.keyword.internal.KeywordExecutor.executeKeywordForPlatform(KeywordExecutor.groovy:56)
	at com.kms.katalon.core.webservice.keyword.WSBuiltInKeywords.verifyElementPropertyValue(WSBuiltInKeywords.groovy:123)
	at com.kms.katalon.core.webservice.keyword.WSBuiltInKeywords$verifyElementPropertyValue$0.call(Unknown Source)
	at test.run(test:28)
	at com.kms.katalon.core.main.ScriptEngine.run(ScriptEngine.java:194)
	at com.kms.katalon.core.main.ScriptEngine.runScriptAsRawText(ScriptEngine.java:119)
	at com.kms.katalon.core.main.TestCaseExecutor.runScript(TestCaseExecutor.java:336)
	at com.kms.katalon.core.main.TestCaseExecutor.doExecute(TestCaseExecutor.java:327)
	at com.kms.katalon.core.main.TestCaseExecutor.processExecutionPhase(TestCaseExecutor.java:306)
	at com.kms.katalon.core.main.TestCaseExecutor.accessMainPhase(TestCaseExecutor.java:298)
	at com.kms.katalon.core.main.TestCaseExecutor.execute(TestCaseExecutor.java:232)
	at com.kms.katalon.core.main.TestSuiteExecutor.accessTestCaseMainPhase(TestSuiteExecutor.java:129)
	at com.kms.katalon.core.main.TestSuiteExecutor.accessTestSuiteMainPhase(TestSuiteExecutor.java:112)
	at com.kms.katalon.core.main.TestSuiteExecutor.execute(TestSuiteExecutor.java:81)
	at com.kms.katalon.core.main.TestCaseMain.startTestSuite(TestCaseMain.java:157)
	at com.kms.katalon.core.main.TestCaseMain$startTestSuite$0.call(Unknown Source)
	at TempTestSuite1557941867715.run(TempTestSuite1557941867715.groovy:35)
)]]></system-out>
         <system-err><![CDATA[2019-05-15 23:10:37 - [TEST_CASE][FAILED] - Test Cases/test: Test Cases/test FAILED.
Reason:
com.kms.katalon.core.exception.StepFailedException: Expected element property value 'E010' is not equal with actual property value 'null'
	at com.kms.katalon.core.keyword.internal.KeywordMain.stepFailed(KeywordMain.groovy:48)
	at com.kms.katalon.core.webservice.keyword.builtin.VerifyElementPropertyValueKeyword$_verifyElementPropertyValue_closure1.doCall(VerifyElementPropertyValueKeyword.groovy:56)
	at com.kms.katalon.core.webservice.keyword.builtin.VerifyElementPropertyValueKeyword$_verifyElementPropertyValue_closure1.call(VerifyElementPropertyValueKeyword.groovy)
	at com.kms.katalon.core.keyword.internal.KeywordMain.runKeyword(KeywordMain.groovy:66)
	at com.kms.katalon.core.webservice.keyword.builtin.VerifyElementPropertyValueKeyword.verifyElementPropertyValue(VerifyElementPropertyValueKeyword.groovy:48)
	at com.kms.katalon.core.webservice.keyword.builtin.VerifyElementPropertyValueKeyword.execute(VerifyElementPropertyValueKeyword.groovy:43)
	at com.kms.katalon.core.keyword.internal.KeywordExecutor.executeKeywordForPlatform(KeywordExecutor.groovy:56)
	at com.kms.katalon.core.webservice.keyword.WSBuiltInKeywords.verifyElementPropertyValue(WSBuiltInKeywords.groovy:123)
	at com.kms.katalon.core.webservice.keyword.WSBuiltInKeywords$verifyElementPropertyValue$0.call(Unknown Source)
	at test.run(test:28)
	at com.kms.katalon.core.main.ScriptEngine.run(ScriptEngine.java:194)
	at com.kms.katalon.core.main.ScriptEngine.runScriptAsRawText(ScriptEngine.java:119)
	at com.kms.katalon.core.main.TestCaseExecutor.runScript(TestCaseExecutor.java:336)
	at com.kms.katalon.core.main.TestCaseExecutor.doExecute(TestCaseExecutor.java:327)
	at com.kms.katalon.core.main.TestCaseExecutor.processExecutionPhase(TestCaseExecutor.java:306)
	at com.kms.katalon.core.main.TestCaseExecutor.accessMainPhase(TestCaseExecutor.java:298)
	at com.kms.katalon.core.main.TestCaseExecutor.execute(TestCaseExecutor.java:232)
	at com.kms.katalon.core.main.TestSuiteExecutor.accessTestCaseMainPhase(TestSuiteExecutor.java:129)
	at com.kms.katalon.core.main.TestSuiteExecutor.accessTestSuiteMainPhase(TestSuiteExecutor.java:112)
	at com.kms.katalon.core.main.TestSuiteExecutor.execute(TestSuiteExecutor.java:81)
	at com.kms.katalon.core.main.TestCaseMain.startTestSuite(TestCaseMain.java:157)
	at com.kms.katalon.core.main.TestCaseMain$startTestSuite$0.call(Unknown Source)
	at TempTestSuite1557941867715.run(TempTestSuite1557941867715.groovy:35)]]></system-err>
      </testcase>
      <testcase name="Test Cases/test" classname="Test Cases/test" status="FAILED">
         <failure type="FAILED" message="Test Cases/test FAILED.
Reason:
com.kms.katalon.core.exception.StepFailedException: Expected element property value '200' is not equal with actual property value '400'
	at com.kms.katalon.core.keyword.internal.KeywordMain.stepFailed(KeywordMain.groovy:48)
	at com.kms.katalon.core.webservice.keyword.builtin.VerifyElementPropertyValueKeyword$_verifyElementPropertyValue_closure1.doCall(VerifyElementPropertyValueKeyword.groovy:56)
	at com.kms.katalon.core.webservice.keyword.builtin.VerifyElementPropertyValueKeyword$_verifyElementPropertyValue_closure1.call(VerifyElementPropertyValueKeyword.groovy)
	at com.kms.katalon.core.keyword.internal.KeywordMain.runKeyword(KeywordMain.groovy:66)
	at com.kms.katalon.core.webservice.keyword.builtin.VerifyElementPropertyValueKeyword.verifyElementPropertyValue(VerifyElementPropertyValueKeyword.groovy:48)
	at com.kms.katalon.core.webservice.keyword.builtin.VerifyElementPropertyValueKeyword.execute(VerifyElementPropertyValueKeyword.groovy:43)
	at com.kms.katalon.core.keyword.internal.KeywordExecutor.executeKeywordForPlatform(KeywordExecutor.groovy:56)
	at com.kms.katalon.core.webservice.keyword.WSBuiltInKeywords.verifyElementPropertyValue(WSBuiltInKeywords.groovy:123)
	at com.kms.katalon.core.webservice.keyword.WSBuiltInKeywords$verifyElementPropertyValue$0.call(Unknown Source)
	at test.run(test:26)
	at com.kms.katalon.core.main.ScriptEngine.run(ScriptEngine.java:194)
	at com.kms.katalon.core.main.ScriptEngine.runScriptAsRawText(ScriptEngine.java:119)
	at com.kms.katalon.core.main.TestCaseExecutor.runScript(TestCaseExecutor.java:336)
	at com.kms.katalon.core.main.TestCaseExecutor.doExecute(TestCaseExecutor.java:327)
	at com.kms.katalon.core.main.TestCaseExecutor.processExecutionPhase(TestCaseExecutor.java:306)
	at com.kms.katalon.core.main.TestCaseExecutor.accessMainPhase(TestCaseExecutor.java:298)
	at com.kms.katalon.core.main.TestCaseExecutor.execute(TestCaseExecutor.java:232)
	at com.kms.katalon.core.main.TestSuiteExecutor.accessTestCaseMainPhase(TestSuiteExecutor.java:129)
	at com.kms.katalon.core.main.TestSuiteExecutor.accessTestSuiteMainPhase(TestSuiteExecutor.java:112)
	at com.kms.katalon.core.main.TestSuiteExecutor.execute(TestSuiteExecutor.java:81)
	at com.kms.katalon.core.main.TestCaseMain.startTestSuite(TestCaseMain.java:157)
	at com.kms.katalon.core.main.TestCaseMain$startTestSuite$0.call(Unknown Source)
	at TempTestSuite1557941867715.run(TempTestSuite1557941867715.groovy:35)
"/>
         <system-out><![CDATA[2019-05-15 23:10:42 - [TEST_CASE][FAILED] - Test Cases/test: Test Cases/test FAILED.
Reason:
com.kms.katalon.core.exception.StepFailedException: Expected element property value '200' is not equal with actual property value '400'
	at com.kms.katalon.core.keyword.internal.KeywordMain.stepFailed(KeywordMain.groovy:48)
	at com.kms.katalon.core.webservice.keyword.builtin.VerifyElementPropertyValueKeyword$_verifyElementPropertyValue_closure1.doCall(VerifyElementPropertyValueKeyword.groovy:56)
	at com.kms.katalon.core.webservice.keyword.builtin.VerifyElementPropertyValueKeyword$_verifyElementPropertyValue_closure1.call(VerifyElementPropertyValueKeyword.groovy)
	at com.kms.katalon.core.keyword.internal.KeywordMain.runKeyword(KeywordMain.groovy:66)
	at com.kms.katalon.core.webservice.keyword.builtin.VerifyElementPropertyValueKeyword.verifyElementPropertyValue(VerifyElementPropertyValueKeyword.groovy:48)
	at com.kms.katalon.core.webservice.keyword.builtin.VerifyElementPropertyValueKeyword.execute(VerifyElementPropertyValueKeyword.groovy:43)
	at com.kms.katalon.core.keyword.internal.KeywordExecutor.executeKeywordForPlatform(KeywordExecutor.groovy:56)
	at com.kms.katalon.core.webservice.keyword.WSBuiltInKeywords.verifyElementPropertyValue(WSBuiltInKeywords.groovy:123)
	at com.kms.katalon.core.webservice.keyword.WSBuiltInKeywords$verifyElementPropertyValue$0.call(Unknown Source)
	at test.run(test:26)
	at com.kms.katalon.core.main.ScriptEngine.run(ScriptEngine.java:194)
	at com.kms.katalon.core.main.ScriptEngine.runScriptAsRawText(ScriptEngine.java:119)
	at com.kms.katalon.core.main.TestCaseExecutor.runScript(TestCaseExecutor.java:336)
	at com.kms.katalon.core.main.TestCaseExecutor.doExecute(TestCaseExecutor.java:327)
	at com.kms.katalon.core.main.TestCaseExecutor.processExecutionPhase(TestCaseExecutor.java:306)
	at com.kms.katalon.core.main.TestCaseExecutor.accessMainPhase(TestCaseExecutor.java:298)
	at com.kms.katalon.core.main.TestCaseExecutor.execute(TestCaseExecutor.java:232)
	at com.kms.katalon.core.main.TestSuiteExecutor.accessTestCaseMainPhase(TestSuiteExecutor.java:129)
	at com.kms.katalon.core.main.TestSuiteExecutor.accessTestSuiteMainPhase(TestSuiteExecutor.java:112)
	at com.kms.katalon.core.main.TestSuiteExecutor.execute(TestSuiteExecutor.java:81)
	at com.kms.katalon.core.main.TestCaseMain.startTestSuite(TestCaseMain.java:157)
	at com.kms.katalon.core.main.TestCaseMain$startTestSuite$0.call(Unknown Source)
	at TempTestSuite1557941867715.run(TempTestSuite1557941867715.groovy:35)


2019-05-15 23:10:42 - [TEST_STEP][PASSED] - if (glnparameter == ""): null

2019-05-15 23:10:42 - [TEST_STEP][FAILED] - else: Unable to verify element property value (Root cause: com.kms.katalon.core.exception.StepFailedException: Expected element property value '200' is not equal with actual property value '400'
	at com.kms.katalon.core.keyword.internal.KeywordMain.stepFailed(KeywordMain.groovy:48)
	at com.kms.katalon.core.webservice.keyword.builtin.VerifyElementPropertyValueKeyword$_verifyElementPropertyValue_closure1.doCall(VerifyElementPropertyValueKeyword.groovy:56)
	at com.kms.katalon.core.webservice.keyword.builtin.VerifyElementPropertyValueKeyword$_verifyElementPropertyValue_closure1.call(VerifyElementPropertyValueKeyword.groovy)
	at com.kms.katalon.core.keyword.internal.KeywordMain.runKeyword(KeywordMain.groovy:66)
	at com.kms.katalon.core.webservice.keyword.builtin.VerifyElementPropertyValueKeyword.verifyElementPropertyValue(VerifyElementPropertyValueKeyword.groovy:48)
	at com.kms.katalon.core.webservice.keyword.builtin.VerifyElementPropertyValueKeyword.execute(VerifyElementPropertyValueKeyword.groovy:43)
	at com.kms.katalon.core.keyword.internal.KeywordExecutor.executeKeywordForPlatform(KeywordExecutor.groovy:56)
	at com.kms.katalon.core.webservice.keyword.WSBuiltInKeywords.verifyElementPropertyValue(WSBuiltInKeywords.groovy:123)
	at com.kms.katalon.core.webservice.keyword.WSBuiltInKeywords$verifyElementPropertyValue$0.call(Unknown Source)
	at test.run(test:26)
	at com.kms.katalon.core.main.ScriptEngine.run(ScriptEngine.java:194)
	at com.kms.katalon.core.main.ScriptEngine.runScriptAsRawText(ScriptEngine.java:119)
	at com.kms.katalon.core.main.TestCaseExecutor.runScript(TestCaseExecutor.java:336)
	at com.kms.katalon.core.main.TestCaseExecutor.doExecute(TestCaseExecutor.java:327)
	at com.kms.katalon.core.main.TestCaseExecutor.processExecutionPhase(TestCaseExecutor.java:306)
	at com.kms.katalon.core.main.TestCaseExecutor.accessMainPhase(TestCaseExecutor.java:298)
	at com.kms.katalon.core.main.TestCaseExecutor.execute(TestCaseExecutor.java:232)
	at com.kms.katalon.core.main.TestSuiteExecutor.accessTestCaseMainPhase(TestSuiteExecutor.java:129)
	at com.kms.katalon.core.main.TestSuiteExecutor.accessTestSuiteMainPhase(TestSuiteExecutor.java:112)
	at com.kms.katalon.core.main.TestSuiteExecutor.execute(TestSuiteExecutor.java:81)
	at com.kms.katalon.core.main.TestCaseMain.startTestSuite(TestCaseMain.java:157)
	at com.kms.katalon.core.main.TestCaseMain$startTestSuite$0.call(Unknown Source)
	at TempTestSuite1557941867715.run(TempTestSuite1557941867715.groovy:35)
)

2019-05-15 23:10:42 - [TEST_STEP][PASSED] - storeresponse1 = sendRequestAndVerify(findTestObject("GLN Check - EOID", ["gln":glnparameter, "url":url, "body":body, "methodforcall":methodforcall])): Send request and verify the response successfully

2019-05-15 23:10:46 - [TEST_CASE][PASSED] - Start Test Case : Verification: Verification accomplished successfully

2019-05-15 23:10:46 - [TEST_STEP][PASSED] - request = getInstance().getCurrentRequest(): null

2019-05-15 23:10:46 - [TEST_STEP][PASSED] - response = getInstance().getCurrentResponse(): null

2019-05-15 23:10:46 - [MESSAGE][PASSED] - Verify response successfully

2019-05-15 23:10:46 - [MESSAGE][PASSED] - Send request and verify the response successfully

2019-05-15 23:10:46 - [TEST_STEP][FAILED] - verifyElementPropertyValue(storeresponse1, status, statuscode): Unable to verify element property value (Root cause: com.kms.katalon.core.exception.StepFailedException: Expected element property value '200' is not equal with actual property value '400'
	at com.kms.katalon.core.keyword.internal.KeywordMain.stepFailed(KeywordMain.groovy:48)
	at com.kms.katalon.core.webservice.keyword.builtin.VerifyElementPropertyValueKeyword$_verifyElementPropertyValue_closure1.doCall(VerifyElementPropertyValueKeyword.groovy:56)
	at com.kms.katalon.core.webservice.keyword.builtin.VerifyElementPropertyValueKeyword$_verifyElementPropertyValue_closure1.call(VerifyElementPropertyValueKeyword.groovy)
	at com.kms.katalon.core.keyword.internal.KeywordMain.runKeyword(KeywordMain.groovy:66)
	at com.kms.katalon.core.webservice.keyword.builtin.VerifyElementPropertyValueKeyword.verifyElementPropertyValue(VerifyElementPropertyValueKeyword.groovy:48)
	at com.kms.katalon.core.webservice.keyword.builtin.VerifyElementPropertyValueKeyword.execute(VerifyElementPropertyValueKeyword.groovy:43)
	at com.kms.katalon.core.keyword.internal.KeywordExecutor.executeKeywordForPlatform(KeywordExecutor.groovy:56)
	at com.kms.katalon.core.webservice.keyword.WSBuiltInKeywords.verifyElementPropertyValue(WSBuiltInKeywords.groovy:123)
	at com.kms.katalon.core.webservice.keyword.WSBuiltInKeywords$verifyElementPropertyValue$0.call(Unknown Source)
	at test.run(test:26)
	at com.kms.katalon.core.main.ScriptEngine.run(ScriptEngine.java:194)
	at com.kms.katalon.core.main.ScriptEngine.runScriptAsRawText(ScriptEngine.java:119)
	at com.kms.katalon.core.main.TestCaseExecutor.runScript(TestCaseExecutor.java:336)
	at com.kms.katalon.core.main.TestCaseExecutor.doExecute(TestCaseExecutor.java:327)
	at com.kms.katalon.core.main.TestCaseExecutor.processExecutionPhase(TestCaseExecutor.java:306)
	at com.kms.katalon.core.main.TestCaseExecutor.accessMainPhase(TestCaseExecutor.java:298)
	at com.kms.katalon.core.main.TestCaseExecutor.execute(TestCaseExecutor.java:232)
	at com.kms.katalon.core.main.TestSuiteExecutor.accessTestCaseMainPhase(TestSuiteExecutor.java:129)
	at com.kms.katalon.core.main.TestSuiteExecutor.accessTestSuiteMainPhase(TestSuiteExecutor.java:112)
	at com.kms.katalon.core.main.TestSuiteExecutor.execute(TestSuiteExecutor.java:81)
	at com.kms.katalon.core.main.TestCaseMain.startTestSuite(TestCaseMain.java:157)
	at com.kms.katalon.core.main.TestCaseMain$startTestSuite$0.call(Unknown Source)
	at TempTestSuite1557941867715.run(TempTestSuite1557941867715.groovy:35)
)

2019-05-15 23:10:46 - [MESSAGE][FAILED] - Expected element property value '200' is not equal with actual property value '400'

2019-05-15 23:10:46 - [MESSAGE][FAILED] - Unable to verify element property value (Root cause: com.kms.katalon.core.exception.StepFailedException: Expected element property value '200' is not equal with actual property value '400'
	at com.kms.katalon.core.keyword.internal.KeywordMain.stepFailed(KeywordMain.groovy:48)
	at com.kms.katalon.core.webservice.keyword.builtin.VerifyElementPropertyValueKeyword$_verifyElementPropertyValue_closure1.doCall(VerifyElementPropertyValueKeyword.groovy:56)
	at com.kms.katalon.core.webservice.keyword.builtin.VerifyElementPropertyValueKeyword$_verifyElementPropertyValue_closure1.call(VerifyElementPropertyValueKeyword.groovy)
	at com.kms.katalon.core.keyword.internal.KeywordMain.runKeyword(KeywordMain.groovy:66)
	at com.kms.katalon.core.webservice.keyword.builtin.VerifyElementPropertyValueKeyword.verifyElementPropertyValue(VerifyElementPropertyValueKeyword.groovy:48)
	at com.kms.katalon.core.webservice.keyword.builtin.VerifyElementPropertyValueKeyword.execute(VerifyElementPropertyValueKeyword.groovy:43)
	at com.kms.katalon.core.keyword.internal.KeywordExecutor.executeKeywordForPlatform(KeywordExecutor.groovy:56)
	at com.kms.katalon.core.webservice.keyword.WSBuiltInKeywords.verifyElementPropertyValue(WSBuiltInKeywords.groovy:123)
	at com.kms.katalon.core.webservice.keyword.WSBuiltInKeywords$verifyElementPropertyValue$0.call(Unknown Source)
	at test.run(test:26)
	at com.kms.katalon.core.main.ScriptEngine.run(ScriptEngine.java:194)
	at com.kms.katalon.core.main.ScriptEngine.runScriptAsRawText(ScriptEngine.java:119)
	at com.kms.katalon.core.main.TestCaseExecutor.runScript(TestCaseExecutor.java:336)
	at com.kms.katalon.core.main.TestCaseExecutor.doExecute(TestCaseExecutor.java:327)
	at com.kms.katalon.core.main.TestCaseExecutor.processExecutionPhase(TestCaseExecutor.java:306)
	at com.kms.katalon.core.main.TestCaseExecutor.accessMainPhase(TestCaseExecutor.java:298)
	at com.kms.katalon.core.main.TestCaseExecutor.execute(TestCaseExecutor.java:232)
	at com.kms.katalon.core.main.TestSuiteExecutor.accessTestCaseMainPhase(TestSuiteExecutor.java:129)
	at com.kms.katalon.core.main.TestSuiteExecutor.accessTestSuiteMainPhase(TestSuiteExecutor.java:112)
	at com.kms.katalon.core.main.TestSuiteExecutor.execute(TestSuiteExecutor.java:81)
	at com.kms.katalon.core.main.TestCaseMain.startTestSuite(TestCaseMain.java:157)
	at com.kms.katalon.core.main.TestCaseMain$startTestSuite$0.call(Unknown Source)
	at TempTestSuite1557941867715.run(TempTestSuite1557941867715.groovy:35)
)]]></system-out>
         <system-err><![CDATA[2019-05-15 23:10:42 - [TEST_CASE][FAILED] - Test Cases/test: Test Cases/test FAILED.
Reason:
com.kms.katalon.core.exception.StepFailedException: Expected element property value '200' is not equal with actual property value '400'
	at com.kms.katalon.core.keyword.internal.KeywordMain.stepFailed(KeywordMain.groovy:48)
	at com.kms.katalon.core.webservice.keyword.builtin.VerifyElementPropertyValueKeyword$_verifyElementPropertyValue_closure1.doCall(VerifyElementPropertyValueKeyword.groovy:56)
	at com.kms.katalon.core.webservice.keyword.builtin.VerifyElementPropertyValueKeyword$_verifyElementPropertyValue_closure1.call(VerifyElementPropertyValueKeyword.groovy)
	at com.kms.katalon.core.keyword.internal.KeywordMain.runKeyword(KeywordMain.groovy:66)
	at com.kms.katalon.core.webservice.keyword.builtin.VerifyElementPropertyValueKeyword.verifyElementPropertyValue(VerifyElementPropertyValueKeyword.groovy:48)
	at com.kms.katalon.core.webservice.keyword.builtin.VerifyElementPropertyValueKeyword.execute(VerifyElementPropertyValueKeyword.groovy:43)
	at com.kms.katalon.core.keyword.internal.KeywordExecutor.executeKeywordForPlatform(KeywordExecutor.groovy:56)
	at com.kms.katalon.core.webservice.keyword.WSBuiltInKeywords.verifyElementPropertyValue(WSBuiltInKeywords.groovy:123)
	at com.kms.katalon.core.webservice.keyword.WSBuiltInKeywords$verifyElementPropertyValue$0.call(Unknown Source)
	at test.run(test:26)
	at com.kms.katalon.core.main.ScriptEngine.run(ScriptEngine.java:194)
	at com.kms.katalon.core.main.ScriptEngine.runScriptAsRawText(ScriptEngine.java:119)
	at com.kms.katalon.core.main.TestCaseExecutor.runScript(TestCaseExecutor.java:336)
	at com.kms.katalon.core.main.TestCaseExecutor.doExecute(TestCaseExecutor.java:327)
	at com.kms.katalon.core.main.TestCaseExecutor.processExecutionPhase(TestCaseExecutor.java:306)
	at com.kms.katalon.core.main.TestCaseExecutor.accessMainPhase(TestCaseExecutor.java:298)
	at com.kms.katalon.core.main.TestCaseExecutor.execute(TestCaseExecutor.java:232)
	at com.kms.katalon.core.main.TestSuiteExecutor.accessTestCaseMainPhase(TestSuiteExecutor.java:129)
	at com.kms.katalon.core.main.TestSuiteExecutor.accessTestSuiteMainPhase(TestSuiteExecutor.java:112)
	at com.kms.katalon.core.main.TestSuiteExecutor.execute(TestSuiteExecutor.java:81)
	at com.kms.katalon.core.main.TestCaseMain.startTestSuite(TestCaseMain.java:157)
	at com.kms.katalon.core.main.TestCaseMain$startTestSuite$0.call(Unknown Source)
	at TempTestSuite1557941867715.run(TempTestSuite1557941867715.groovy:35)]]></system-err>
      </testcase>
      <testcase name="Test Cases/test" classname="Test Cases/test" status="FAILED">
         <failure type="FAILED" message="Test Cases/test FAILED.
Reason:
com.kms.katalon.core.exception.StepFailedException: Expected element property value '200' is not equal with actual property value '400'
	at com.kms.katalon.core.keyword.internal.KeywordMain.stepFailed(KeywordMain.groovy:48)
	at com.kms.katalon.core.webservice.keyword.builtin.VerifyElementPropertyValueKeyword$_verifyElementPropertyValue_closure1.doCall(VerifyElementPropertyValueKeyword.groovy:56)
	at com.kms.katalon.core.webservice.keyword.builtin.VerifyElementPropertyValueKeyword$_verifyElementPropertyValue_closure1.call(VerifyElementPropertyValueKeyword.groovy)
	at com.kms.katalon.core.keyword.internal.KeywordMain.runKeyword(KeywordMain.groovy:66)
	at com.kms.katalon.core.webservice.keyword.builtin.VerifyElementPropertyValueKeyword.verifyElementPropertyValue(VerifyElementPropertyValueKeyword.groovy:48)
	at com.kms.katalon.core.webservice.keyword.builtin.VerifyElementPropertyValueKeyword.execute(VerifyElementPropertyValueKeyword.groovy:43)
	at com.kms.katalon.core.keyword.internal.KeywordExecutor.executeKeywordForPlatform(KeywordExecutor.groovy:56)
	at com.kms.katalon.core.webservice.keyword.WSBuiltInKeywords.verifyElementPropertyValue(WSBuiltInKeywords.groovy:123)
	at com.kms.katalon.core.webservice.keyword.WSBuiltInKeywords$verifyElementPropertyValue$0.call(Unknown Source)
	at test.run(test:26)
	at com.kms.katalon.core.main.ScriptEngine.run(ScriptEngine.java:194)
	at com.kms.katalon.core.main.ScriptEngine.runScriptAsRawText(ScriptEngine.java:119)
	at com.kms.katalon.core.main.TestCaseExecutor.runScript(TestCaseExecutor.java:336)
	at com.kms.katalon.core.main.TestCaseExecutor.doExecute(TestCaseExecutor.java:327)
	at com.kms.katalon.core.main.TestCaseExecutor.processExecutionPhase(TestCaseExecutor.java:306)
	at com.kms.katalon.core.main.TestCaseExecutor.accessMainPhase(TestCaseExecutor.java:298)
	at com.kms.katalon.core.main.TestCaseExecutor.execute(TestCaseExecutor.java:232)
	at com.kms.katalon.core.main.TestSuiteExecutor.accessTestCaseMainPhase(TestSuiteExecutor.java:129)
	at com.kms.katalon.core.main.TestSuiteExecutor.accessTestSuiteMainPhase(TestSuiteExecutor.java:112)
	at com.kms.katalon.core.main.TestSuiteExecutor.execute(TestSuiteExecutor.java:81)
	at com.kms.katalon.core.main.TestCaseMain.startTestSuite(TestCaseMain.java:157)
	at com.kms.katalon.core.main.TestCaseMain$startTestSuite$0.call(Unknown Source)
	at TempTestSuite1557941867715.run(TempTestSuite1557941867715.groovy:35)
"/>
         <system-out><![CDATA[2019-05-15 23:10:46 - [TEST_CASE][FAILED] - Test Cases/test: Test Cases/test FAILED.
Reason:
com.kms.katalon.core.exception.StepFailedException: Expected element property value '200' is not equal with actual property value '400'
	at com.kms.katalon.core.keyword.internal.KeywordMain.stepFailed(KeywordMain.groovy:48)
	at com.kms.katalon.core.webservice.keyword.builtin.VerifyElementPropertyValueKeyword$_verifyElementPropertyValue_closure1.doCall(VerifyElementPropertyValueKeyword.groovy:56)
	at com.kms.katalon.core.webservice.keyword.builtin.VerifyElementPropertyValueKeyword$_verifyElementPropertyValue_closure1.call(VerifyElementPropertyValueKeyword.groovy)
	at com.kms.katalon.core.keyword.internal.KeywordMain.runKeyword(KeywordMain.groovy:66)
	at com.kms.katalon.core.webservice.keyword.builtin.VerifyElementPropertyValueKeyword.verifyElementPropertyValue(VerifyElementPropertyValueKeyword.groovy:48)
	at com.kms.katalon.core.webservice.keyword.builtin.VerifyElementPropertyValueKeyword.execute(VerifyElementPropertyValueKeyword.groovy:43)
	at com.kms.katalon.core.keyword.internal.KeywordExecutor.executeKeywordForPlatform(KeywordExecutor.groovy:56)
	at com.kms.katalon.core.webservice.keyword.WSBuiltInKeywords.verifyElementPropertyValue(WSBuiltInKeywords.groovy:123)
	at com.kms.katalon.core.webservice.keyword.WSBuiltInKeywords$verifyElementPropertyValue$0.call(Unknown Source)
	at test.run(test:26)
	at com.kms.katalon.core.main.ScriptEngine.run(ScriptEngine.java:194)
	at com.kms.katalon.core.main.ScriptEngine.runScriptAsRawText(ScriptEngine.java:119)
	at com.kms.katalon.core.main.TestCaseExecutor.runScript(TestCaseExecutor.java:336)
	at com.kms.katalon.core.main.TestCaseExecutor.doExecute(TestCaseExecutor.java:327)
	at com.kms.katalon.core.main.TestCaseExecutor.processExecutionPhase(TestCaseExecutor.java:306)
	at com.kms.katalon.core.main.TestCaseExecutor.accessMainPhase(TestCaseExecutor.java:298)
	at com.kms.katalon.core.main.TestCaseExecutor.execute(TestCaseExecutor.java:232)
	at com.kms.katalon.core.main.TestSuiteExecutor.accessTestCaseMainPhase(TestSuiteExecutor.java:129)
	at com.kms.katalon.core.main.TestSuiteExecutor.accessTestSuiteMainPhase(TestSuiteExecutor.java:112)
	at com.kms.katalon.core.main.TestSuiteExecutor.execute(TestSuiteExecutor.java:81)
	at com.kms.katalon.core.main.TestCaseMain.startTestSuite(TestCaseMain.java:157)
	at com.kms.katalon.core.main.TestCaseMain$startTestSuite$0.call(Unknown Source)
	at TempTestSuite1557941867715.run(TempTestSuite1557941867715.groovy:35)


2019-05-15 23:10:46 - [TEST_STEP][PASSED] - if (glnparameter == ""): null

2019-05-15 23:10:46 - [TEST_STEP][FAILED] - else: Unable to verify element property value (Root cause: com.kms.katalon.core.exception.StepFailedException: Expected element property value '200' is not equal with actual property value '400'
	at com.kms.katalon.core.keyword.internal.KeywordMain.stepFailed(KeywordMain.groovy:48)
	at com.kms.katalon.core.webservice.keyword.builtin.VerifyElementPropertyValueKeyword$_verifyElementPropertyValue_closure1.doCall(VerifyElementPropertyValueKeyword.groovy:56)
	at com.kms.katalon.core.webservice.keyword.builtin.VerifyElementPropertyValueKeyword$_verifyElementPropertyValue_closure1.call(VerifyElementPropertyValueKeyword.groovy)
	at com.kms.katalon.core.keyword.internal.KeywordMain.runKeyword(KeywordMain.groovy:66)
	at com.kms.katalon.core.webservice.keyword.builtin.VerifyElementPropertyValueKeyword.verifyElementPropertyValue(VerifyElementPropertyValueKeyword.groovy:48)
	at com.kms.katalon.core.webservice.keyword.builtin.VerifyElementPropertyValueKeyword.execute(VerifyElementPropertyValueKeyword.groovy:43)
	at com.kms.katalon.core.keyword.internal.KeywordExecutor.executeKeywordForPlatform(KeywordExecutor.groovy:56)
	at com.kms.katalon.core.webservice.keyword.WSBuiltInKeywords.verifyElementPropertyValue(WSBuiltInKeywords.groovy:123)
	at com.kms.katalon.core.webservice.keyword.WSBuiltInKeywords$verifyElementPropertyValue$0.call(Unknown Source)
	at test.run(test:26)
	at com.kms.katalon.core.main.ScriptEngine.run(ScriptEngine.java:194)
	at com.kms.katalon.core.main.ScriptEngine.runScriptAsRawText(ScriptEngine.java:119)
	at com.kms.katalon.core.main.TestCaseExecutor.runScript(TestCaseExecutor.java:336)
	at com.kms.katalon.core.main.TestCaseExecutor.doExecute(TestCaseExecutor.java:327)
	at com.kms.katalon.core.main.TestCaseExecutor.processExecutionPhase(TestCaseExecutor.java:306)
	at com.kms.katalon.core.main.TestCaseExecutor.accessMainPhase(TestCaseExecutor.java:298)
	at com.kms.katalon.core.main.TestCaseExecutor.execute(TestCaseExecutor.java:232)
	at com.kms.katalon.core.main.TestSuiteExecutor.accessTestCaseMainPhase(TestSuiteExecutor.java:129)
	at com.kms.katalon.core.main.TestSuiteExecutor.accessTestSuiteMainPhase(TestSuiteExecutor.java:112)
	at com.kms.katalon.core.main.TestSuiteExecutor.execute(TestSuiteExecutor.java:81)
	at com.kms.katalon.core.main.TestCaseMain.startTestSuite(TestCaseMain.java:157)
	at com.kms.katalon.core.main.TestCaseMain$startTestSuite$0.call(Unknown Source)
	at TempTestSuite1557941867715.run(TempTestSuite1557941867715.groovy:35)
)

2019-05-15 23:10:46 - [TEST_STEP][PASSED] - storeresponse1 = sendRequestAndVerify(findTestObject("GLN Check - EOID", ["gln":glnparameter, "url":url, "body":body, "methodforcall":methodforcall])): Send request and verify the response successfully

2019-05-15 23:10:52 - [TEST_CASE][PASSED] - Start Test Case : Verification: Verification accomplished successfully

2019-05-15 23:10:53 - [TEST_STEP][PASSED] - request = getInstance().getCurrentRequest(): null

2019-05-15 23:10:53 - [TEST_STEP][PASSED] - response = getInstance().getCurrentResponse(): null

2019-05-15 23:10:53 - [MESSAGE][PASSED] - Verify response successfully

2019-05-15 23:10:53 - [MESSAGE][PASSED] - Send request and verify the response successfully

2019-05-15 23:10:53 - [TEST_STEP][FAILED] - verifyElementPropertyValue(storeresponse1, status, statuscode): Unable to verify element property value (Root cause: com.kms.katalon.core.exception.StepFailedException: Expected element property value '200' is not equal with actual property value '400'
	at com.kms.katalon.core.keyword.internal.KeywordMain.stepFailed(KeywordMain.groovy:48)
	at com.kms.katalon.core.webservice.keyword.builtin.VerifyElementPropertyValueKeyword$_verifyElementPropertyValue_closure1.doCall(VerifyElementPropertyValueKeyword.groovy:56)
	at com.kms.katalon.core.webservice.keyword.builtin.VerifyElementPropertyValueKeyword$_verifyElementPropertyValue_closure1.call(VerifyElementPropertyValueKeyword.groovy)
	at com.kms.katalon.core.keyword.internal.KeywordMain.runKeyword(KeywordMain.groovy:66)
	at com.kms.katalon.core.webservice.keyword.builtin.VerifyElementPropertyValueKeyword.verifyElementPropertyValue(VerifyElementPropertyValueKeyword.groovy:48)
	at com.kms.katalon.core.webservice.keyword.builtin.VerifyElementPropertyValueKeyword.execute(VerifyElementPropertyValueKeyword.groovy:43)
	at com.kms.katalon.core.keyword.internal.KeywordExecutor.executeKeywordForPlatform(KeywordExecutor.groovy:56)
	at com.kms.katalon.core.webservice.keyword.WSBuiltInKeywords.verifyElementPropertyValue(WSBuiltInKeywords.groovy:123)
	at com.kms.katalon.core.webservice.keyword.WSBuiltInKeywords$verifyElementPropertyValue$0.call(Unknown Source)
	at test.run(test:26)
	at com.kms.katalon.core.main.ScriptEngine.run(ScriptEngine.java:194)
	at com.kms.katalon.core.main.ScriptEngine.runScriptAsRawText(ScriptEngine.java:119)
	at com.kms.katalon.core.main.TestCaseExecutor.runScript(TestCaseExecutor.java:336)
	at com.kms.katalon.core.main.TestCaseExecutor.doExecute(TestCaseExecutor.java:327)
	at com.kms.katalon.core.main.TestCaseExecutor.processExecutionPhase(TestCaseExecutor.java:306)
	at com.kms.katalon.core.main.TestCaseExecutor.accessMainPhase(TestCaseExecutor.java:298)
	at com.kms.katalon.core.main.TestCaseExecutor.execute(TestCaseExecutor.java:232)
	at com.kms.katalon.core.main.TestSuiteExecutor.accessTestCaseMainPhase(TestSuiteExecutor.java:129)
	at com.kms.katalon.core.main.TestSuiteExecutor.accessTestSuiteMainPhase(TestSuiteExecutor.java:112)
	at com.kms.katalon.core.main.TestSuiteExecutor.execute(TestSuiteExecutor.java:81)
	at com.kms.katalon.core.main.TestCaseMain.startTestSuite(TestCaseMain.java:157)
	at com.kms.katalon.core.main.TestCaseMain$startTestSuite$0.call(Unknown Source)
	at TempTestSuite1557941867715.run(TempTestSuite1557941867715.groovy:35)
)

2019-05-15 23:10:53 - [MESSAGE][FAILED] - Expected element property value '200' is not equal with actual property value '400'

2019-05-15 23:10:53 - [MESSAGE][FAILED] - Unable to verify element property value (Root cause: com.kms.katalon.core.exception.StepFailedException: Expected element property value '200' is not equal with actual property value '400'
	at com.kms.katalon.core.keyword.internal.KeywordMain.stepFailed(KeywordMain.groovy:48)
	at com.kms.katalon.core.webservice.keyword.builtin.VerifyElementPropertyValueKeyword$_verifyElementPropertyValue_closure1.doCall(VerifyElementPropertyValueKeyword.groovy:56)
	at com.kms.katalon.core.webservice.keyword.builtin.VerifyElementPropertyValueKeyword$_verifyElementPropertyValue_closure1.call(VerifyElementPropertyValueKeyword.groovy)
	at com.kms.katalon.core.keyword.internal.KeywordMain.runKeyword(KeywordMain.groovy:66)
	at com.kms.katalon.core.webservice.keyword.builtin.VerifyElementPropertyValueKeyword.verifyElementPropertyValue(VerifyElementPropertyValueKeyword.groovy:48)
	at com.kms.katalon.core.webservice.keyword.builtin.VerifyElementPropertyValueKeyword.execute(VerifyElementPropertyValueKeyword.groovy:43)
	at com.kms.katalon.core.keyword.internal.KeywordExecutor.executeKeywordForPlatform(KeywordExecutor.groovy:56)
	at com.kms.katalon.core.webservice.keyword.WSBuiltInKeywords.verifyElementPropertyValue(WSBuiltInKeywords.groovy:123)
	at com.kms.katalon.core.webservice.keyword.WSBuiltInKeywords$verifyElementPropertyValue$0.call(Unknown Source)
	at test.run(test:26)
	at com.kms.katalon.core.main.ScriptEngine.run(ScriptEngine.java:194)
	at com.kms.katalon.core.main.ScriptEngine.runScriptAsRawText(ScriptEngine.java:119)
	at com.kms.katalon.core.main.TestCaseExecutor.runScript(TestCaseExecutor.java:336)
	at com.kms.katalon.core.main.TestCaseExecutor.doExecute(TestCaseExecutor.java:327)
	at com.kms.katalon.core.main.TestCaseExecutor.processExecutionPhase(TestCaseExecutor.java:306)
	at com.kms.katalon.core.main.TestCaseExecutor.accessMainPhase(TestCaseExecutor.java:298)
	at com.kms.katalon.core.main.TestCaseExecutor.execute(TestCaseExecutor.java:232)
	at com.kms.katalon.core.main.TestSuiteExecutor.accessTestCaseMainPhase(TestSuiteExecutor.java:129)
	at com.kms.katalon.core.main.TestSuiteExecutor.accessTestSuiteMainPhase(TestSuiteExecutor.java:112)
	at com.kms.katalon.core.main.TestSuiteExecutor.execute(TestSuiteExecutor.java:81)
	at com.kms.katalon.core.main.TestCaseMain.startTestSuite(TestCaseMain.java:157)
	at com.kms.katalon.core.main.TestCaseMain$startTestSuite$0.call(Unknown Source)
	at TempTestSuite1557941867715.run(TempTestSuite1557941867715.groovy:35)
)]]></system-out>
         <system-err><![CDATA[2019-05-15 23:10:46 - [TEST_CASE][FAILED] - Test Cases/test: Test Cases/test FAILED.
Reason:
com.kms.katalon.core.exception.StepFailedException: Expected element property value '200' is not equal with actual property value '400'
	at com.kms.katalon.core.keyword.internal.KeywordMain.stepFailed(KeywordMain.groovy:48)
	at com.kms.katalon.core.webservice.keyword.builtin.VerifyElementPropertyValueKeyword$_verifyElementPropertyValue_closure1.doCall(VerifyElementPropertyValueKeyword.groovy:56)
	at com.kms.katalon.core.webservice.keyword.builtin.VerifyElementPropertyValueKeyword$_verifyElementPropertyValue_closure1.call(VerifyElementPropertyValueKeyword.groovy)
	at com.kms.katalon.core.keyword.internal.KeywordMain.runKeyword(KeywordMain.groovy:66)
	at com.kms.katalon.core.webservice.keyword.builtin.VerifyElementPropertyValueKeyword.verifyElementPropertyValue(VerifyElementPropertyValueKeyword.groovy:48)
	at com.kms.katalon.core.webservice.keyword.builtin.VerifyElementPropertyValueKeyword.execute(VerifyElementPropertyValueKeyword.groovy:43)
	at com.kms.katalon.core.keyword.internal.KeywordExecutor.executeKeywordForPlatform(KeywordExecutor.groovy:56)
	at com.kms.katalon.core.webservice.keyword.WSBuiltInKeywords.verifyElementPropertyValue(WSBuiltInKeywords.groovy:123)
	at com.kms.katalon.core.webservice.keyword.WSBuiltInKeywords$verifyElementPropertyValue$0.call(Unknown Source)
	at test.run(test:26)
	at com.kms.katalon.core.main.ScriptEngine.run(ScriptEngine.java:194)
	at com.kms.katalon.core.main.ScriptEngine.runScriptAsRawText(ScriptEngine.java:119)
	at com.kms.katalon.core.main.TestCaseExecutor.runScript(TestCaseExecutor.java:336)
	at com.kms.katalon.core.main.TestCaseExecutor.doExecute(TestCaseExecutor.java:327)
	at com.kms.katalon.core.main.TestCaseExecutor.processExecutionPhase(TestCaseExecutor.java:306)
	at com.kms.katalon.core.main.TestCaseExecutor.accessMainPhase(TestCaseExecutor.java:298)
	at com.kms.katalon.core.main.TestCaseExecutor.execute(TestCaseExecutor.java:232)
	at com.kms.katalon.core.main.TestSuiteExecutor.accessTestCaseMainPhase(TestSuiteExecutor.java:129)
	at com.kms.katalon.core.main.TestSuiteExecutor.accessTestSuiteMainPhase(TestSuiteExecutor.java:112)
	at com.kms.katalon.core.main.TestSuiteExecutor.execute(TestSuiteExecutor.java:81)
	at com.kms.katalon.core.main.TestCaseMain.startTestSuite(TestCaseMain.java:157)
	at com.kms.katalon.core.main.TestCaseMain$startTestSuite$0.call(Unknown Source)
	at TempTestSuite1557941867715.run(TempTestSuite1557941867715.groovy:35)]]></system-err>
      </testcase>
      <testcase name="Test Cases/test" classname="Test Cases/test" status="FAILED">
         <failure type="FAILED" message="Test Cases/test FAILED.
Reason:
com.kms.katalon.core.exception.StepFailedException: Expected element property value '200' is not equal with actual property value '400'
	at com.kms.katalon.core.keyword.internal.KeywordMain.stepFailed(KeywordMain.groovy:48)
	at com.kms.katalon.core.webservice.keyword.builtin.VerifyElementPropertyValueKeyword$_verifyElementPropertyValue_closure1.doCall(VerifyElementPropertyValueKeyword.groovy:56)
	at com.kms.katalon.core.webservice.keyword.builtin.VerifyElementPropertyValueKeyword$_verifyElementPropertyValue_closure1.call(VerifyElementPropertyValueKeyword.groovy)
	at com.kms.katalon.core.keyword.internal.KeywordMain.runKeyword(KeywordMain.groovy:66)
	at com.kms.katalon.core.webservice.keyword.builtin.VerifyElementPropertyValueKeyword.verifyElementPropertyValue(VerifyElementPropertyValueKeyword.groovy:48)
	at com.kms.katalon.core.webservice.keyword.builtin.VerifyElementPropertyValueKeyword.execute(VerifyElementPropertyValueKeyword.groovy:43)
	at com.kms.katalon.core.keyword.internal.KeywordExecutor.executeKeywordForPlatform(KeywordExecutor.groovy:56)
	at com.kms.katalon.core.webservice.keyword.WSBuiltInKeywords.verifyElementPropertyValue(WSBuiltInKeywords.groovy:123)
	at com.kms.katalon.core.webservice.keyword.WSBuiltInKeywords$verifyElementPropertyValue$0.call(Unknown Source)
	at test.run(test:26)
	at com.kms.katalon.core.main.ScriptEngine.run(ScriptEngine.java:194)
	at com.kms.katalon.core.main.ScriptEngine.runScriptAsRawText(ScriptEngine.java:119)
	at com.kms.katalon.core.main.TestCaseExecutor.runScript(TestCaseExecutor.java:336)
	at com.kms.katalon.core.main.TestCaseExecutor.doExecute(TestCaseExecutor.java:327)
	at com.kms.katalon.core.main.TestCaseExecutor.processExecutionPhase(TestCaseExecutor.java:306)
	at com.kms.katalon.core.main.TestCaseExecutor.accessMainPhase(TestCaseExecutor.java:298)
	at com.kms.katalon.core.main.TestCaseExecutor.execute(TestCaseExecutor.java:232)
	at com.kms.katalon.core.main.TestSuiteExecutor.accessTestCaseMainPhase(TestSuiteExecutor.java:129)
	at com.kms.katalon.core.main.TestSuiteExecutor.accessTestSuiteMainPhase(TestSuiteExecutor.java:112)
	at com.kms.katalon.core.main.TestSuiteExecutor.execute(TestSuiteExecutor.java:81)
	at com.kms.katalon.core.main.TestCaseMain.startTestSuite(TestCaseMain.java:157)
	at com.kms.katalon.core.main.TestCaseMain$startTestSuite$0.call(Unknown Source)
	at TempTestSuite1557941867715.run(TempTestSuite1557941867715.groovy:35)
"/>
         <system-out><![CDATA[2019-05-15 23:10:53 - [TEST_CASE][FAILED] - Test Cases/test: Test Cases/test FAILED.
Reason:
com.kms.katalon.core.exception.StepFailedException: Expected element property value '200' is not equal with actual property value '400'
	at com.kms.katalon.core.keyword.internal.KeywordMain.stepFailed(KeywordMain.groovy:48)
	at com.kms.katalon.core.webservice.keyword.builtin.VerifyElementPropertyValueKeyword$_verifyElementPropertyValue_closure1.doCall(VerifyElementPropertyValueKeyword.groovy:56)
	at com.kms.katalon.core.webservice.keyword.builtin.VerifyElementPropertyValueKeyword$_verifyElementPropertyValue_closure1.call(VerifyElementPropertyValueKeyword.groovy)
	at com.kms.katalon.core.keyword.internal.KeywordMain.runKeyword(KeywordMain.groovy:66)
	at com.kms.katalon.core.webservice.keyword.builtin.VerifyElementPropertyValueKeyword.verifyElementPropertyValue(VerifyElementPropertyValueKeyword.groovy:48)
	at com.kms.katalon.core.webservice.keyword.builtin.VerifyElementPropertyValueKeyword.execute(VerifyElementPropertyValueKeyword.groovy:43)
	at com.kms.katalon.core.keyword.internal.KeywordExecutor.executeKeywordForPlatform(KeywordExecutor.groovy:56)
	at com.kms.katalon.core.webservice.keyword.WSBuiltInKeywords.verifyElementPropertyValue(WSBuiltInKeywords.groovy:123)
	at com.kms.katalon.core.webservice.keyword.WSBuiltInKeywords$verifyElementPropertyValue$0.call(Unknown Source)
	at test.run(test:26)
	at com.kms.katalon.core.main.ScriptEngine.run(ScriptEngine.java:194)
	at com.kms.katalon.core.main.ScriptEngine.runScriptAsRawText(ScriptEngine.java:119)
	at com.kms.katalon.core.main.TestCaseExecutor.runScript(TestCaseExecutor.java:336)
	at com.kms.katalon.core.main.TestCaseExecutor.doExecute(TestCaseExecutor.java:327)
	at com.kms.katalon.core.main.TestCaseExecutor.processExecutionPhase(TestCaseExecutor.java:306)
	at com.kms.katalon.core.main.TestCaseExecutor.accessMainPhase(TestCaseExecutor.java:298)
	at com.kms.katalon.core.main.TestCaseExecutor.execute(TestCaseExecutor.java:232)
	at com.kms.katalon.core.main.TestSuiteExecutor.accessTestCaseMainPhase(TestSuiteExecutor.java:129)
	at com.kms.katalon.core.main.TestSuiteExecutor.accessTestSuiteMainPhase(TestSuiteExecutor.java:112)
	at com.kms.katalon.core.main.TestSuiteExecutor.execute(TestSuiteExecutor.java:81)
	at com.kms.katalon.core.main.TestCaseMain.startTestSuite(TestCaseMain.java:157)
	at com.kms.katalon.core.main.TestCaseMain$startTestSuite$0.call(Unknown Source)
	at TempTestSuite1557941867715.run(TempTestSuite1557941867715.groovy:35)


2019-05-15 23:10:53 - [TEST_STEP][PASSED] - if (glnparameter == ""): null

2019-05-15 23:10:53 - [TEST_STEP][FAILED] - else: Unable to verify element property value (Root cause: com.kms.katalon.core.exception.StepFailedException: Expected element property value '200' is not equal with actual property value '400'
	at com.kms.katalon.core.keyword.internal.KeywordMain.stepFailed(KeywordMain.groovy:48)
	at com.kms.katalon.core.webservice.keyword.builtin.VerifyElementPropertyValueKeyword$_verifyElementPropertyValue_closure1.doCall(VerifyElementPropertyValueKeyword.groovy:56)
	at com.kms.katalon.core.webservice.keyword.builtin.VerifyElementPropertyValueKeyword$_verifyElementPropertyValue_closure1.call(VerifyElementPropertyValueKeyword.groovy)
	at com.kms.katalon.core.keyword.internal.KeywordMain.runKeyword(KeywordMain.groovy:66)
	at com.kms.katalon.core.webservice.keyword.builtin.VerifyElementPropertyValueKeyword.verifyElementPropertyValue(VerifyElementPropertyValueKeyword.groovy:48)
	at com.kms.katalon.core.webservice.keyword.builtin.VerifyElementPropertyValueKeyword.execute(VerifyElementPropertyValueKeyword.groovy:43)
	at com.kms.katalon.core.keyword.internal.KeywordExecutor.executeKeywordForPlatform(KeywordExecutor.groovy:56)
	at com.kms.katalon.core.webservice.keyword.WSBuiltInKeywords.verifyElementPropertyValue(WSBuiltInKeywords.groovy:123)
	at com.kms.katalon.core.webservice.keyword.WSBuiltInKeywords$verifyElementPropertyValue$0.call(Unknown Source)
	at test.run(test:26)
	at com.kms.katalon.core.main.ScriptEngine.run(ScriptEngine.java:194)
	at com.kms.katalon.core.main.ScriptEngine.runScriptAsRawText(ScriptEngine.java:119)
	at com.kms.katalon.core.main.TestCaseExecutor.runScript(TestCaseExecutor.java:336)
	at com.kms.katalon.core.main.TestCaseExecutor.doExecute(TestCaseExecutor.java:327)
	at com.kms.katalon.core.main.TestCaseExecutor.processExecutionPhase(TestCaseExecutor.java:306)
	at com.kms.katalon.core.main.TestCaseExecutor.accessMainPhase(TestCaseExecutor.java:298)
	at com.kms.katalon.core.main.TestCaseExecutor.execute(TestCaseExecutor.java:232)
	at com.kms.katalon.core.main.TestSuiteExecutor.accessTestCaseMainPhase(TestSuiteExecutor.java:129)
	at com.kms.katalon.core.main.TestSuiteExecutor.accessTestSuiteMainPhase(TestSuiteExecutor.java:112)
	at com.kms.katalon.core.main.TestSuiteExecutor.execute(TestSuiteExecutor.java:81)
	at com.kms.katalon.core.main.TestCaseMain.startTestSuite(TestCaseMain.java:157)
	at com.kms.katalon.core.main.TestCaseMain$startTestSuite$0.call(Unknown Source)
	at TempTestSuite1557941867715.run(TempTestSuite1557941867715.groovy:35)
)

2019-05-15 23:10:53 - [TEST_STEP][PASSED] - storeresponse1 = sendRequestAndVerify(findTestObject("GLN Check - EOID", ["gln":glnparameter, "url":url, "body":body, "methodforcall":methodforcall])): Send request and verify the response successfully

2019-05-15 23:10:56 - [TEST_CASE][PASSED] - Start Test Case : Verification: Verification accomplished successfully

2019-05-15 23:10:56 - [TEST_STEP][PASSED] - request = getInstance().getCurrentRequest(): null

2019-05-15 23:10:56 - [TEST_STEP][PASSED] - response = getInstance().getCurrentResponse(): null

2019-05-15 23:10:56 - [MESSAGE][PASSED] - Verify response successfully

2019-05-15 23:10:56 - [MESSAGE][PASSED] - Send request and verify the response successfully

2019-05-15 23:10:56 - [TEST_STEP][FAILED] - verifyElementPropertyValue(storeresponse1, status, statuscode): Unable to verify element property value (Root cause: com.kms.katalon.core.exception.StepFailedException: Expected element property value '200' is not equal with actual property value '400'
	at com.kms.katalon.core.keyword.internal.KeywordMain.stepFailed(KeywordMain.groovy:48)
	at com.kms.katalon.core.webservice.keyword.builtin.VerifyElementPropertyValueKeyword$_verifyElementPropertyValue_closure1.doCall(VerifyElementPropertyValueKeyword.groovy:56)
	at com.kms.katalon.core.webservice.keyword.builtin.VerifyElementPropertyValueKeyword$_verifyElementPropertyValue_closure1.call(VerifyElementPropertyValueKeyword.groovy)
	at com.kms.katalon.core.keyword.internal.KeywordMain.runKeyword(KeywordMain.groovy:66)
	at com.kms.katalon.core.webservice.keyword.builtin.VerifyElementPropertyValueKeyword.verifyElementPropertyValue(VerifyElementPropertyValueKeyword.groovy:48)
	at com.kms.katalon.core.webservice.keyword.builtin.VerifyElementPropertyValueKeyword.execute(VerifyElementPropertyValueKeyword.groovy:43)
	at com.kms.katalon.core.keyword.internal.KeywordExecutor.executeKeywordForPlatform(KeywordExecutor.groovy:56)
	at com.kms.katalon.core.webservice.keyword.WSBuiltInKeywords.verifyElementPropertyValue(WSBuiltInKeywords.groovy:123)
	at com.kms.katalon.core.webservice.keyword.WSBuiltInKeywords$verifyElementPropertyValue$0.call(Unknown Source)
	at test.run(test:26)
	at com.kms.katalon.core.main.ScriptEngine.run(ScriptEngine.java:194)
	at com.kms.katalon.core.main.ScriptEngine.runScriptAsRawText(ScriptEngine.java:119)
	at com.kms.katalon.core.main.TestCaseExecutor.runScript(TestCaseExecutor.java:336)
	at com.kms.katalon.core.main.TestCaseExecutor.doExecute(TestCaseExecutor.java:327)
	at com.kms.katalon.core.main.TestCaseExecutor.processExecutionPhase(TestCaseExecutor.java:306)
	at com.kms.katalon.core.main.TestCaseExecutor.accessMainPhase(TestCaseExecutor.java:298)
	at com.kms.katalon.core.main.TestCaseExecutor.execute(TestCaseExecutor.java:232)
	at com.kms.katalon.core.main.TestSuiteExecutor.accessTestCaseMainPhase(TestSuiteExecutor.java:129)
	at com.kms.katalon.core.main.TestSuiteExecutor.accessTestSuiteMainPhase(TestSuiteExecutor.java:112)
	at com.kms.katalon.core.main.TestSuiteExecutor.execute(TestSuiteExecutor.java:81)
	at com.kms.katalon.core.main.TestCaseMain.startTestSuite(TestCaseMain.java:157)
	at com.kms.katalon.core.main.TestCaseMain$startTestSuite$0.call(Unknown Source)
	at TempTestSuite1557941867715.run(TempTestSuite1557941867715.groovy:35)
)

2019-05-15 23:10:56 - [MESSAGE][FAILED] - Expected element property value '200' is not equal with actual property value '400'

2019-05-15 23:10:56 - [MESSAGE][FAILED] - Unable to verify element property value (Root cause: com.kms.katalon.core.exception.StepFailedException: Expected element property value '200' is not equal with actual property value '400'
	at com.kms.katalon.core.keyword.internal.KeywordMain.stepFailed(KeywordMain.groovy:48)
	at com.kms.katalon.core.webservice.keyword.builtin.VerifyElementPropertyValueKeyword$_verifyElementPropertyValue_closure1.doCall(VerifyElementPropertyValueKeyword.groovy:56)
	at com.kms.katalon.core.webservice.keyword.builtin.VerifyElementPropertyValueKeyword$_verifyElementPropertyValue_closure1.call(VerifyElementPropertyValueKeyword.groovy)
	at com.kms.katalon.core.keyword.internal.KeywordMain.runKeyword(KeywordMain.groovy:66)
	at com.kms.katalon.core.webservice.keyword.builtin.VerifyElementPropertyValueKeyword.verifyElementPropertyValue(VerifyElementPropertyValueKeyword.groovy:48)
	at com.kms.katalon.core.webservice.keyword.builtin.VerifyElementPropertyValueKeyword.execute(VerifyElementPropertyValueKeyword.groovy:43)
	at com.kms.katalon.core.keyword.internal.KeywordExecutor.executeKeywordForPlatform(KeywordExecutor.groovy:56)
	at com.kms.katalon.core.webservice.keyword.WSBuiltInKeywords.verifyElementPropertyValue(WSBuiltInKeywords.groovy:123)
	at com.kms.katalon.core.webservice.keyword.WSBuiltInKeywords$verifyElementPropertyValue$0.call(Unknown Source)
	at test.run(test:26)
	at com.kms.katalon.core.main.ScriptEngine.run(ScriptEngine.java:194)
	at com.kms.katalon.core.main.ScriptEngine.runScriptAsRawText(ScriptEngine.java:119)
	at com.kms.katalon.core.main.TestCaseExecutor.runScript(TestCaseExecutor.java:336)
	at com.kms.katalon.core.main.TestCaseExecutor.doExecute(TestCaseExecutor.java:327)
	at com.kms.katalon.core.main.TestCaseExecutor.processExecutionPhase(TestCaseExecutor.java:306)
	at com.kms.katalon.core.main.TestCaseExecutor.accessMainPhase(TestCaseExecutor.java:298)
	at com.kms.katalon.core.main.TestCaseExecutor.execute(TestCaseExecutor.java:232)
	at com.kms.katalon.core.main.TestSuiteExecutor.accessTestCaseMainPhase(TestSuiteExecutor.java:129)
	at com.kms.katalon.core.main.TestSuiteExecutor.accessTestSuiteMainPhase(TestSuiteExecutor.java:112)
	at com.kms.katalon.core.main.TestSuiteExecutor.execute(TestSuiteExecutor.java:81)
	at com.kms.katalon.core.main.TestCaseMain.startTestSuite(TestCaseMain.java:157)
	at com.kms.katalon.core.main.TestCaseMain$startTestSuite$0.call(Unknown Source)
	at TempTestSuite1557941867715.run(TempTestSuite1557941867715.groovy:35)
)]]></system-out>
         <system-err><![CDATA[2019-05-15 23:10:53 - [TEST_CASE][FAILED] - Test Cases/test: Test Cases/test FAILED.
Reason:
com.kms.katalon.core.exception.StepFailedException: Expected element property value '200' is not equal with actual property value '400'
	at com.kms.katalon.core.keyword.internal.KeywordMain.stepFailed(KeywordMain.groovy:48)
	at com.kms.katalon.core.webservice.keyword.builtin.VerifyElementPropertyValueKeyword$_verifyElementPropertyValue_closure1.doCall(VerifyElementPropertyValueKeyword.groovy:56)
	at com.kms.katalon.core.webservice.keyword.builtin.VerifyElementPropertyValueKeyword$_verifyElementPropertyValue_closure1.call(VerifyElementPropertyValueKeyword.groovy)
	at com.kms.katalon.core.keyword.internal.KeywordMain.runKeyword(KeywordMain.groovy:66)
	at com.kms.katalon.core.webservice.keyword.builtin.VerifyElementPropertyValueKeyword.verifyElementPropertyValue(VerifyElementPropertyValueKeyword.groovy:48)
	at com.kms.katalon.core.webservice.keyword.builtin.VerifyElementPropertyValueKeyword.execute(VerifyElementPropertyValueKeyword.groovy:43)
	at com.kms.katalon.core.keyword.internal.KeywordExecutor.executeKeywordForPlatform(KeywordExecutor.groovy:56)
	at com.kms.katalon.core.webservice.keyword.WSBuiltInKeywords.verifyElementPropertyValue(WSBuiltInKeywords.groovy:123)
	at com.kms.katalon.core.webservice.keyword.WSBuiltInKeywords$verifyElementPropertyValue$0.call(Unknown Source)
	at test.run(test:26)
	at com.kms.katalon.core.main.ScriptEngine.run(ScriptEngine.java:194)
	at com.kms.katalon.core.main.ScriptEngine.runScriptAsRawText(ScriptEngine.java:119)
	at com.kms.katalon.core.main.TestCaseExecutor.runScript(TestCaseExecutor.java:336)
	at com.kms.katalon.core.main.TestCaseExecutor.doExecute(TestCaseExecutor.java:327)
	at com.kms.katalon.core.main.TestCaseExecutor.processExecutionPhase(TestCaseExecutor.java:306)
	at com.kms.katalon.core.main.TestCaseExecutor.accessMainPhase(TestCaseExecutor.java:298)
	at com.kms.katalon.core.main.TestCaseExecutor.execute(TestCaseExecutor.java:232)
	at com.kms.katalon.core.main.TestSuiteExecutor.accessTestCaseMainPhase(TestSuiteExecutor.java:129)
	at com.kms.katalon.core.main.TestSuiteExecutor.accessTestSuiteMainPhase(TestSuiteExecutor.java:112)
	at com.kms.katalon.core.main.TestSuiteExecutor.execute(TestSuiteExecutor.java:81)
	at com.kms.katalon.core.main.TestCaseMain.startTestSuite(TestCaseMain.java:157)
	at com.kms.katalon.core.main.TestCaseMain$startTestSuite$0.call(Unknown Source)
	at TempTestSuite1557941867715.run(TempTestSuite1557941867715.groovy:35)]]></system-err>
      </testcase>
      <testcase name="Test Cases/test" classname="Test Cases/test" status="FAILED">
         <failure type="FAILED" message="Test Cases/test FAILED.
Reason:
com.kms.katalon.core.exception.StepFailedException: Expected element property value 'E001' is not equal with actual property value 'null'
	at com.kms.katalon.core.keyword.internal.KeywordMain.stepFailed(KeywordMain.groovy:48)
	at com.kms.katalon.core.webservice.keyword.builtin.VerifyElementPropertyValueKeyword$_verifyElementPropertyValue_closure1.doCall(VerifyElementPropertyValueKeyword.groovy:56)
	at com.kms.katalon.core.webservice.keyword.builtin.VerifyElementPropertyValueKeyword$_verifyElementPropertyValue_closure1.call(VerifyElementPropertyValueKeyword.groovy)
	at com.kms.katalon.core.keyword.internal.KeywordMain.runKeyword(KeywordMain.groovy:66)
	at com.kms.katalon.core.webservice.keyword.builtin.VerifyElementPropertyValueKeyword.verifyElementPropertyValue(VerifyElementPropertyValueKeyword.groovy:48)
	at com.kms.katalon.core.webservice.keyword.builtin.VerifyElementPropertyValueKeyword.execute(VerifyElementPropertyValueKeyword.groovy:43)
	at com.kms.katalon.core.keyword.internal.KeywordExecutor.executeKeywordForPlatform(KeywordExecutor.groovy:56)
	at com.kms.katalon.core.webservice.keyword.WSBuiltInKeywords.verifyElementPropertyValue(WSBuiltInKeywords.groovy:123)
	at com.kms.katalon.core.webservice.keyword.WSBuiltInKeywords$verifyElementPropertyValue$0.call(Unknown Source)
	at test.run(test:28)
	at com.kms.katalon.core.main.ScriptEngine.run(ScriptEngine.java:194)
	at com.kms.katalon.core.main.ScriptEngine.runScriptAsRawText(ScriptEngine.java:119)
	at com.kms.katalon.core.main.TestCaseExecutor.runScript(TestCaseExecutor.java:336)
	at com.kms.katalon.core.main.TestCaseExecutor.doExecute(TestCaseExecutor.java:327)
	at com.kms.katalon.core.main.TestCaseExecutor.processExecutionPhase(TestCaseExecutor.java:306)
	at com.kms.katalon.core.main.TestCaseExecutor.accessMainPhase(TestCaseExecutor.java:298)
	at com.kms.katalon.core.main.TestCaseExecutor.execute(TestCaseExecutor.java:232)
	at com.kms.katalon.core.main.TestSuiteExecutor.accessTestCaseMainPhase(TestSuiteExecutor.java:129)
	at com.kms.katalon.core.main.TestSuiteExecutor.accessTestSuiteMainPhase(TestSuiteExecutor.java:112)
	at com.kms.katalon.core.main.TestSuiteExecutor.execute(TestSuiteExecutor.java:81)
	at com.kms.katalon.core.main.TestCaseMain.startTestSuite(TestCaseMain.java:157)
	at com.kms.katalon.core.main.TestCaseMain$startTestSuite$0.call(Unknown Source)
	at TempTestSuite1557941867715.run(TempTestSuite1557941867715.groovy:35)
"/>
         <system-out><![CDATA[2019-05-15 23:10:56 - [TEST_CASE][FAILED] - Test Cases/test: Test Cases/test FAILED.
Reason:
com.kms.katalon.core.exception.StepFailedException: Expected element property value 'E001' is not equal with actual property value 'null'
	at com.kms.katalon.core.keyword.internal.KeywordMain.stepFailed(KeywordMain.groovy:48)
	at com.kms.katalon.core.webservice.keyword.builtin.VerifyElementPropertyValueKeyword$_verifyElementPropertyValue_closure1.doCall(VerifyElementPropertyValueKeyword.groovy:56)
	at com.kms.katalon.core.webservice.keyword.builtin.VerifyElementPropertyValueKeyword$_verifyElementPropertyValue_closure1.call(VerifyElementPropertyValueKeyword.groovy)
	at com.kms.katalon.core.keyword.internal.KeywordMain.runKeyword(KeywordMain.groovy:66)
	at com.kms.katalon.core.webservice.keyword.builtin.VerifyElementPropertyValueKeyword.verifyElementPropertyValue(VerifyElementPropertyValueKeyword.groovy:48)
	at com.kms.katalon.core.webservice.keyword.builtin.VerifyElementPropertyValueKeyword.execute(VerifyElementPropertyValueKeyword.groovy:43)
	at com.kms.katalon.core.keyword.internal.KeywordExecutor.executeKeywordForPlatform(KeywordExecutor.groovy:56)
	at com.kms.katalon.core.webservice.keyword.WSBuiltInKeywords.verifyElementPropertyValue(WSBuiltInKeywords.groovy:123)
	at com.kms.katalon.core.webservice.keyword.WSBuiltInKeywords$verifyElementPropertyValue$0.call(Unknown Source)
	at test.run(test:28)
	at com.kms.katalon.core.main.ScriptEngine.run(ScriptEngine.java:194)
	at com.kms.katalon.core.main.ScriptEngine.runScriptAsRawText(ScriptEngine.java:119)
	at com.kms.katalon.core.main.TestCaseExecutor.runScript(TestCaseExecutor.java:336)
	at com.kms.katalon.core.main.TestCaseExecutor.doExecute(TestCaseExecutor.java:327)
	at com.kms.katalon.core.main.TestCaseExecutor.processExecutionPhase(TestCaseExecutor.java:306)
	at com.kms.katalon.core.main.TestCaseExecutor.accessMainPhase(TestCaseExecutor.java:298)
	at com.kms.katalon.core.main.TestCaseExecutor.execute(TestCaseExecutor.java:232)
	at com.kms.katalon.core.main.TestSuiteExecutor.accessTestCaseMainPhase(TestSuiteExecutor.java:129)
	at com.kms.katalon.core.main.TestSuiteExecutor.accessTestSuiteMainPhase(TestSuiteExecutor.java:112)
	at com.kms.katalon.core.main.TestSuiteExecutor.execute(TestSuiteExecutor.java:81)
	at com.kms.katalon.core.main.TestCaseMain.startTestSuite(TestCaseMain.java:157)
	at com.kms.katalon.core.main.TestCaseMain$startTestSuite$0.call(Unknown Source)
	at TempTestSuite1557941867715.run(TempTestSuite1557941867715.groovy:35)


2019-05-15 23:10:56 - [TEST_STEP][PASSED] - if (glnparameter == ""): null

2019-05-15 23:10:56 - [TEST_STEP][FAILED] - else: Unable to verify element property value (Root cause: com.kms.katalon.core.exception.StepFailedException: Expected element property value 'E001' is not equal with actual property value 'null'
	at com.kms.katalon.core.keyword.internal.KeywordMain.stepFailed(KeywordMain.groovy:48)
	at com.kms.katalon.core.webservice.keyword.builtin.VerifyElementPropertyValueKeyword$_verifyElementPropertyValue_closure1.doCall(VerifyElementPropertyValueKeyword.groovy:56)
	at com.kms.katalon.core.webservice.keyword.builtin.VerifyElementPropertyValueKeyword$_verifyElementPropertyValue_closure1.call(VerifyElementPropertyValueKeyword.groovy)
	at com.kms.katalon.core.keyword.internal.KeywordMain.runKeyword(KeywordMain.groovy:66)
	at com.kms.katalon.core.webservice.keyword.builtin.VerifyElementPropertyValueKeyword.verifyElementPropertyValue(VerifyElementPropertyValueKeyword.groovy:48)
	at com.kms.katalon.core.webservice.keyword.builtin.VerifyElementPropertyValueKeyword.execute(VerifyElementPropertyValueKeyword.groovy:43)
	at com.kms.katalon.core.keyword.internal.KeywordExecutor.executeKeywordForPlatform(KeywordExecutor.groovy:56)
	at com.kms.katalon.core.webservice.keyword.WSBuiltInKeywords.verifyElementPropertyValue(WSBuiltInKeywords.groovy:123)
	at com.kms.katalon.core.webservice.keyword.WSBuiltInKeywords$verifyElementPropertyValue$0.call(Unknown Source)
	at test.run(test:28)
	at com.kms.katalon.core.main.ScriptEngine.run(ScriptEngine.java:194)
	at com.kms.katalon.core.main.ScriptEngine.runScriptAsRawText(ScriptEngine.java:119)
	at com.kms.katalon.core.main.TestCaseExecutor.runScript(TestCaseExecutor.java:336)
	at com.kms.katalon.core.main.TestCaseExecutor.doExecute(TestCaseExecutor.java:327)
	at com.kms.katalon.core.main.TestCaseExecutor.processExecutionPhase(TestCaseExecutor.java:306)
	at com.kms.katalon.core.main.TestCaseExecutor.accessMainPhase(TestCaseExecutor.java:298)
	at com.kms.katalon.core.main.TestCaseExecutor.execute(TestCaseExecutor.java:232)
	at com.kms.katalon.core.main.TestSuiteExecutor.accessTestCaseMainPhase(TestSuiteExecutor.java:129)
	at com.kms.katalon.core.main.TestSuiteExecutor.accessTestSuiteMainPhase(TestSuiteExecutor.java:112)
	at com.kms.katalon.core.main.TestSuiteExecutor.execute(TestSuiteExecutor.java:81)
	at com.kms.katalon.core.main.TestCaseMain.startTestSuite(TestCaseMain.java:157)
	at com.kms.katalon.core.main.TestCaseMain$startTestSuite$0.call(Unknown Source)
	at TempTestSuite1557941867715.run(TempTestSuite1557941867715.groovy:35)
)

2019-05-15 23:10:56 - [TEST_STEP][PASSED] - storeresponse1 = sendRequestAndVerify(findTestObject("GLN Check - EOID", ["gln":glnparameter, "url":url, "body":body, "methodforcall":methodforcall])): Send request and verify the response successfully

2019-05-15 23:11:00 - [TEST_CASE][PASSED] - Start Test Case : Verification: Verification accomplished successfully

2019-05-15 23:11:00 - [TEST_STEP][PASSED] - request = getInstance().getCurrentRequest(): null

2019-05-15 23:11:00 - [TEST_STEP][PASSED] - response = getInstance().getCurrentResponse(): null

2019-05-15 23:11:00 - [MESSAGE][PASSED] - Verify response successfully

2019-05-15 23:11:00 - [MESSAGE][PASSED] - Send request and verify the response successfully

2019-05-15 23:11:00 - [TEST_STEP][PASSED] - verifyElementPropertyValue(storeresponse1, status, statuscode): Verify element property value successfully

2019-05-15 23:11:00 - [MESSAGE][PASSED] - Verify element property value successfully

2019-05-15 23:11:00 - [TEST_STEP][FAILED] - verifyElementPropertyValue(storeresponse1, messageid, messageidvalue): Unable to verify element property value (Root cause: com.kms.katalon.core.exception.StepFailedException: Expected element property value 'E001' is not equal with actual property value 'null'
	at com.kms.katalon.core.keyword.internal.KeywordMain.stepFailed(KeywordMain.groovy:48)
	at com.kms.katalon.core.webservice.keyword.builtin.VerifyElementPropertyValueKeyword$_verifyElementPropertyValue_closure1.doCall(VerifyElementPropertyValueKeyword.groovy:56)
	at com.kms.katalon.core.webservice.keyword.builtin.VerifyElementPropertyValueKeyword$_verifyElementPropertyValue_closure1.call(VerifyElementPropertyValueKeyword.groovy)
	at com.kms.katalon.core.keyword.internal.KeywordMain.runKeyword(KeywordMain.groovy:66)
	at com.kms.katalon.core.webservice.keyword.builtin.VerifyElementPropertyValueKeyword.verifyElementPropertyValue(VerifyElementPropertyValueKeyword.groovy:48)
	at com.kms.katalon.core.webservice.keyword.builtin.VerifyElementPropertyValueKeyword.execute(VerifyElementPropertyValueKeyword.groovy:43)
	at com.kms.katalon.core.keyword.internal.KeywordExecutor.executeKeywordForPlatform(KeywordExecutor.groovy:56)
	at com.kms.katalon.core.webservice.keyword.WSBuiltInKeywords.verifyElementPropertyValue(WSBuiltInKeywords.groovy:123)
	at com.kms.katalon.core.webservice.keyword.WSBuiltInKeywords$verifyElementPropertyValue$0.call(Unknown Source)
	at test.run(test:28)
	at com.kms.katalon.core.main.ScriptEngine.run(ScriptEngine.java:194)
	at com.kms.katalon.core.main.ScriptEngine.runScriptAsRawText(ScriptEngine.java:119)
	at com.kms.katalon.core.main.TestCaseExecutor.runScript(TestCaseExecutor.java:336)
	at com.kms.katalon.core.main.TestCaseExecutor.doExecute(TestCaseExecutor.java:327)
	at com.kms.katalon.core.main.TestCaseExecutor.processExecutionPhase(TestCaseExecutor.java:306)
	at com.kms.katalon.core.main.TestCaseExecutor.accessMainPhase(TestCaseExecutor.java:298)
	at com.kms.katalon.core.main.TestCaseExecutor.execute(TestCaseExecutor.java:232)
	at com.kms.katalon.core.main.TestSuiteExecutor.accessTestCaseMainPhase(TestSuiteExecutor.java:129)
	at com.kms.katalon.core.main.TestSuiteExecutor.accessTestSuiteMainPhase(TestSuiteExecutor.java:112)
	at com.kms.katalon.core.main.TestSuiteExecutor.execute(TestSuiteExecutor.java:81)
	at com.kms.katalon.core.main.TestCaseMain.startTestSuite(TestCaseMain.java:157)
	at com.kms.katalon.core.main.TestCaseMain$startTestSuite$0.call(Unknown Source)
	at TempTestSuite1557941867715.run(TempTestSuite1557941867715.groovy:35)
)

2019-05-15 23:11:00 - [MESSAGE][FAILED] - Expected element property value 'E001' is not equal with actual property value 'null'

2019-05-15 23:11:00 - [MESSAGE][FAILED] - Unable to verify element property value (Root cause: com.kms.katalon.core.exception.StepFailedException: Expected element property value 'E001' is not equal with actual property value 'null'
	at com.kms.katalon.core.keyword.internal.KeywordMain.stepFailed(KeywordMain.groovy:48)
	at com.kms.katalon.core.webservice.keyword.builtin.VerifyElementPropertyValueKeyword$_verifyElementPropertyValue_closure1.doCall(VerifyElementPropertyValueKeyword.groovy:56)
	at com.kms.katalon.core.webservice.keyword.builtin.VerifyElementPropertyValueKeyword$_verifyElementPropertyValue_closure1.call(VerifyElementPropertyValueKeyword.groovy)
	at com.kms.katalon.core.keyword.internal.KeywordMain.runKeyword(KeywordMain.groovy:66)
	at com.kms.katalon.core.webservice.keyword.builtin.VerifyElementPropertyValueKeyword.verifyElementPropertyValue(VerifyElementPropertyValueKeyword.groovy:48)
	at com.kms.katalon.core.webservice.keyword.builtin.VerifyElementPropertyValueKeyword.execute(VerifyElementPropertyValueKeyword.groovy:43)
	at com.kms.katalon.core.keyword.internal.KeywordExecutor.executeKeywordForPlatform(KeywordExecutor.groovy:56)
	at com.kms.katalon.core.webservice.keyword.WSBuiltInKeywords.verifyElementPropertyValue(WSBuiltInKeywords.groovy:123)
	at com.kms.katalon.core.webservice.keyword.WSBuiltInKeywords$verifyElementPropertyValue$0.call(Unknown Source)
	at test.run(test:28)
	at com.kms.katalon.core.main.ScriptEngine.run(ScriptEngine.java:194)
	at com.kms.katalon.core.main.ScriptEngine.runScriptAsRawText(ScriptEngine.java:119)
	at com.kms.katalon.core.main.TestCaseExecutor.runScript(TestCaseExecutor.java:336)
	at com.kms.katalon.core.main.TestCaseExecutor.doExecute(TestCaseExecutor.java:327)
	at com.kms.katalon.core.main.TestCaseExecutor.processExecutionPhase(TestCaseExecutor.java:306)
	at com.kms.katalon.core.main.TestCaseExecutor.accessMainPhase(TestCaseExecutor.java:298)
	at com.kms.katalon.core.main.TestCaseExecutor.execute(TestCaseExecutor.java:232)
	at com.kms.katalon.core.main.TestSuiteExecutor.accessTestCaseMainPhase(TestSuiteExecutor.java:129)
	at com.kms.katalon.core.main.TestSuiteExecutor.accessTestSuiteMainPhase(TestSuiteExecutor.java:112)
	at com.kms.katalon.core.main.TestSuiteExecutor.execute(TestSuiteExecutor.java:81)
	at com.kms.katalon.core.main.TestCaseMain.startTestSuite(TestCaseMain.java:157)
	at com.kms.katalon.core.main.TestCaseMain$startTestSuite$0.call(Unknown Source)
	at TempTestSuite1557941867715.run(TempTestSuite1557941867715.groovy:35)
)]]></system-out>
         <system-err><![CDATA[2019-05-15 23:10:56 - [TEST_CASE][FAILED] - Test Cases/test: Test Cases/test FAILED.
Reason:
com.kms.katalon.core.exception.StepFailedException: Expected element property value 'E001' is not equal with actual property value 'null'
	at com.kms.katalon.core.keyword.internal.KeywordMain.stepFailed(KeywordMain.groovy:48)
	at com.kms.katalon.core.webservice.keyword.builtin.VerifyElementPropertyValueKeyword$_verifyElementPropertyValue_closure1.doCall(VerifyElementPropertyValueKeyword.groovy:56)
	at com.kms.katalon.core.webservice.keyword.builtin.VerifyElementPropertyValueKeyword$_verifyElementPropertyValue_closure1.call(VerifyElementPropertyValueKeyword.groovy)
	at com.kms.katalon.core.keyword.internal.KeywordMain.runKeyword(KeywordMain.groovy:66)
	at com.kms.katalon.core.webservice.keyword.builtin.VerifyElementPropertyValueKeyword.verifyElementPropertyValue(VerifyElementPropertyValueKeyword.groovy:48)
	at com.kms.katalon.core.webservice.keyword.builtin.VerifyElementPropertyValueKeyword.execute(VerifyElementPropertyValueKeyword.groovy:43)
	at com.kms.katalon.core.keyword.internal.KeywordExecutor.executeKeywordForPlatform(KeywordExecutor.groovy:56)
	at com.kms.katalon.core.webservice.keyword.WSBuiltInKeywords.verifyElementPropertyValue(WSBuiltInKeywords.groovy:123)
	at com.kms.katalon.core.webservice.keyword.WSBuiltInKeywords$verifyElementPropertyValue$0.call(Unknown Source)
	at test.run(test:28)
	at com.kms.katalon.core.main.ScriptEngine.run(ScriptEngine.java:194)
	at com.kms.katalon.core.main.ScriptEngine.runScriptAsRawText(ScriptEngine.java:119)
	at com.kms.katalon.core.main.TestCaseExecutor.runScript(TestCaseExecutor.java:336)
	at com.kms.katalon.core.main.TestCaseExecutor.doExecute(TestCaseExecutor.java:327)
	at com.kms.katalon.core.main.TestCaseExecutor.processExecutionPhase(TestCaseExecutor.java:306)
	at com.kms.katalon.core.main.TestCaseExecutor.accessMainPhase(TestCaseExecutor.java:298)
	at com.kms.katalon.core.main.TestCaseExecutor.execute(TestCaseExecutor.java:232)
	at com.kms.katalon.core.main.TestSuiteExecutor.accessTestCaseMainPhase(TestSuiteExecutor.java:129)
	at com.kms.katalon.core.main.TestSuiteExecutor.accessTestSuiteMainPhase(TestSuiteExecutor.java:112)
	at com.kms.katalon.core.main.TestSuiteExecutor.execute(TestSuiteExecutor.java:81)
	at com.kms.katalon.core.main.TestCaseMain.startTestSuite(TestCaseMain.java:157)
	at com.kms.katalon.core.main.TestCaseMain$startTestSuite$0.call(Unknown Source)
	at TempTestSuite1557941867715.run(TempTestSuite1557941867715.groovy:35)]]></system-err>
      </testcase>
      <testcase name="Test Cases/test" classname="Test Cases/test" status="FAILED">
         <failure type="FAILED" message="Test Cases/test FAILED.
Reason:
com.kms.katalon.core.exception.StepFailedException: Expected element property value '200' is not equal with actual property value '400'
	at com.kms.katalon.core.keyword.internal.KeywordMain.stepFailed(KeywordMain.groovy:48)
	at com.kms.katalon.core.webservice.keyword.builtin.VerifyElementPropertyValueKeyword$_verifyElementPropertyValue_closure1.doCall(VerifyElementPropertyValueKeyword.groovy:56)
	at com.kms.katalon.core.webservice.keyword.builtin.VerifyElementPropertyValueKeyword$_verifyElementPropertyValue_closure1.call(VerifyElementPropertyValueKeyword.groovy)
	at com.kms.katalon.core.keyword.internal.KeywordMain.runKeyword(KeywordMain.groovy:66)
	at com.kms.katalon.core.webservice.keyword.builtin.VerifyElementPropertyValueKeyword.verifyElementPropertyValue(VerifyElementPropertyValueKeyword.groovy:48)
	at com.kms.katalon.core.webservice.keyword.builtin.VerifyElementPropertyValueKeyword.execute(VerifyElementPropertyValueKeyword.groovy:43)
	at com.kms.katalon.core.keyword.internal.KeywordExecutor.executeKeywordForPlatform(KeywordExecutor.groovy:56)
	at com.kms.katalon.core.webservice.keyword.WSBuiltInKeywords.verifyElementPropertyValue(WSBuiltInKeywords.groovy:123)
	at com.kms.katalon.core.webservice.keyword.WSBuiltInKeywords$verifyElementPropertyValue$0.call(Unknown Source)
	at test.run(test:26)
	at com.kms.katalon.core.main.ScriptEngine.run(ScriptEngine.java:194)
	at com.kms.katalon.core.main.ScriptEngine.runScriptAsRawText(ScriptEngine.java:119)
	at com.kms.katalon.core.main.TestCaseExecutor.runScript(TestCaseExecutor.java:336)
	at com.kms.katalon.core.main.TestCaseExecutor.doExecute(TestCaseExecutor.java:327)
	at com.kms.katalon.core.main.TestCaseExecutor.processExecutionPhase(TestCaseExecutor.java:306)
	at com.kms.katalon.core.main.TestCaseExecutor.accessMainPhase(TestCaseExecutor.java:298)
	at com.kms.katalon.core.main.TestCaseExecutor.execute(TestCaseExecutor.java:232)
	at com.kms.katalon.core.main.TestSuiteExecutor.accessTestCaseMainPhase(TestSuiteExecutor.java:129)
	at com.kms.katalon.core.main.TestSuiteExecutor.accessTestSuiteMainPhase(TestSuiteExecutor.java:112)
	at com.kms.katalon.core.main.TestSuiteExecutor.execute(TestSuiteExecutor.java:81)
	at com.kms.katalon.core.main.TestCaseMain.startTestSuite(TestCaseMain.java:157)
	at com.kms.katalon.core.main.TestCaseMain$startTestSuite$0.call(Unknown Source)
	at TempTestSuite1557941867715.run(TempTestSuite1557941867715.groovy:35)
"/>
         <system-out><![CDATA[2019-05-15 23:11:00 - [TEST_CASE][FAILED] - Test Cases/test: Test Cases/test FAILED.
Reason:
com.kms.katalon.core.exception.StepFailedException: Expected element property value '200' is not equal with actual property value '400'
	at com.kms.katalon.core.keyword.internal.KeywordMain.stepFailed(KeywordMain.groovy:48)
	at com.kms.katalon.core.webservice.keyword.builtin.VerifyElementPropertyValueKeyword$_verifyElementPropertyValue_closure1.doCall(VerifyElementPropertyValueKeyword.groovy:56)
	at com.kms.katalon.core.webservice.keyword.builtin.VerifyElementPropertyValueKeyword$_verifyElementPropertyValue_closure1.call(VerifyElementPropertyValueKeyword.groovy)
	at com.kms.katalon.core.keyword.internal.KeywordMain.runKeyword(KeywordMain.groovy:66)
	at com.kms.katalon.core.webservice.keyword.builtin.VerifyElementPropertyValueKeyword.verifyElementPropertyValue(VerifyElementPropertyValueKeyword.groovy:48)
	at com.kms.katalon.core.webservice.keyword.builtin.VerifyElementPropertyValueKeyword.execute(VerifyElementPropertyValueKeyword.groovy:43)
	at com.kms.katalon.core.keyword.internal.KeywordExecutor.executeKeywordForPlatform(KeywordExecutor.groovy:56)
	at com.kms.katalon.core.webservice.keyword.WSBuiltInKeywords.verifyElementPropertyValue(WSBuiltInKeywords.groovy:123)
	at com.kms.katalon.core.webservice.keyword.WSBuiltInKeywords$verifyElementPropertyValue$0.call(Unknown Source)
	at test.run(test:26)
	at com.kms.katalon.core.main.ScriptEngine.run(ScriptEngine.java:194)
	at com.kms.katalon.core.main.ScriptEngine.runScriptAsRawText(ScriptEngine.java:119)
	at com.kms.katalon.core.main.TestCaseExecutor.runScript(TestCaseExecutor.java:336)
	at com.kms.katalon.core.main.TestCaseExecutor.doExecute(TestCaseExecutor.java:327)
	at com.kms.katalon.core.main.TestCaseExecutor.processExecutionPhase(TestCaseExecutor.java:306)
	at com.kms.katalon.core.main.TestCaseExecutor.accessMainPhase(TestCaseExecutor.java:298)
	at com.kms.katalon.core.main.TestCaseExecutor.execute(TestCaseExecutor.java:232)
	at com.kms.katalon.core.main.TestSuiteExecutor.accessTestCaseMainPhase(TestSuiteExecutor.java:129)
	at com.kms.katalon.core.main.TestSuiteExecutor.accessTestSuiteMainPhase(TestSuiteExecutor.java:112)
	at com.kms.katalon.core.main.TestSuiteExecutor.execute(TestSuiteExecutor.java:81)
	at com.kms.katalon.core.main.TestCaseMain.startTestSuite(TestCaseMain.java:157)
	at com.kms.katalon.core.main.TestCaseMain$startTestSuite$0.call(Unknown Source)
	at TempTestSuite1557941867715.run(TempTestSuite1557941867715.groovy:35)


2019-05-15 23:11:00 - [TEST_STEP][PASSED] - if (glnparameter == ""): null

2019-05-15 23:11:00 - [TEST_STEP][FAILED] - else: Unable to verify element property value (Root cause: com.kms.katalon.core.exception.StepFailedException: Expected element property value '200' is not equal with actual property value '400'
	at com.kms.katalon.core.keyword.internal.KeywordMain.stepFailed(KeywordMain.groovy:48)
	at com.kms.katalon.core.webservice.keyword.builtin.VerifyElementPropertyValueKeyword$_verifyElementPropertyValue_closure1.doCall(VerifyElementPropertyValueKeyword.groovy:56)
	at com.kms.katalon.core.webservice.keyword.builtin.VerifyElementPropertyValueKeyword$_verifyElementPropertyValue_closure1.call(VerifyElementPropertyValueKeyword.groovy)
	at com.kms.katalon.core.keyword.internal.KeywordMain.runKeyword(KeywordMain.groovy:66)
	at com.kms.katalon.core.webservice.keyword.builtin.VerifyElementPropertyValueKeyword.verifyElementPropertyValue(VerifyElementPropertyValueKeyword.groovy:48)
	at com.kms.katalon.core.webservice.keyword.builtin.VerifyElementPropertyValueKeyword.execute(VerifyElementPropertyValueKeyword.groovy:43)
	at com.kms.katalon.core.keyword.internal.KeywordExecutor.executeKeywordForPlatform(KeywordExecutor.groovy:56)
	at com.kms.katalon.core.webservice.keyword.WSBuiltInKeywords.verifyElementPropertyValue(WSBuiltInKeywords.groovy:123)
	at com.kms.katalon.core.webservice.keyword.WSBuiltInKeywords$verifyElementPropertyValue$0.call(Unknown Source)
	at test.run(test:26)
	at com.kms.katalon.core.main.ScriptEngine.run(ScriptEngine.java:194)
	at com.kms.katalon.core.main.ScriptEngine.runScriptAsRawText(ScriptEngine.java:119)
	at com.kms.katalon.core.main.TestCaseExecutor.runScript(TestCaseExecutor.java:336)
	at com.kms.katalon.core.main.TestCaseExecutor.doExecute(TestCaseExecutor.java:327)
	at com.kms.katalon.core.main.TestCaseExecutor.processExecutionPhase(TestCaseExecutor.java:306)
	at com.kms.katalon.core.main.TestCaseExecutor.accessMainPhase(TestCaseExecutor.java:298)
	at com.kms.katalon.core.main.TestCaseExecutor.execute(TestCaseExecutor.java:232)
	at com.kms.katalon.core.main.TestSuiteExecutor.accessTestCaseMainPhase(TestSuiteExecutor.java:129)
	at com.kms.katalon.core.main.TestSuiteExecutor.accessTestSuiteMainPhase(TestSuiteExecutor.java:112)
	at com.kms.katalon.core.main.TestSuiteExecutor.execute(TestSuiteExecutor.java:81)
	at com.kms.katalon.core.main.TestCaseMain.startTestSuite(TestCaseMain.java:157)
	at com.kms.katalon.core.main.TestCaseMain$startTestSuite$0.call(Unknown Source)
	at TempTestSuite1557941867715.run(TempTestSuite1557941867715.groovy:35)
)

2019-05-15 23:11:00 - [TEST_STEP][PASSED] - storeresponse1 = sendRequestAndVerify(findTestObject("GLN Check - EOID", ["gln":glnparameter, "url":url, "body":body, "methodforcall":methodforcall])): Send request and verify the response successfully

2019-05-15 23:11:04 - [TEST_CASE][PASSED] - Start Test Case : Verification: Verification accomplished successfully

2019-05-15 23:11:04 - [TEST_STEP][PASSED] - request = getInstance().getCurrentRequest(): null

2019-05-15 23:11:04 - [TEST_STEP][PASSED] - response = getInstance().getCurrentResponse(): null

2019-05-15 23:11:04 - [MESSAGE][PASSED] - Verify response successfully

2019-05-15 23:11:04 - [MESSAGE][PASSED] - Send request and verify the response successfully

2019-05-15 23:11:04 - [TEST_STEP][FAILED] - verifyElementPropertyValue(storeresponse1, status, statuscode): Unable to verify element property value (Root cause: com.kms.katalon.core.exception.StepFailedException: Expected element property value '200' is not equal with actual property value '400'
	at com.kms.katalon.core.keyword.internal.KeywordMain.stepFailed(KeywordMain.groovy:48)
	at com.kms.katalon.core.webservice.keyword.builtin.VerifyElementPropertyValueKeyword$_verifyElementPropertyValue_closure1.doCall(VerifyElementPropertyValueKeyword.groovy:56)
	at com.kms.katalon.core.webservice.keyword.builtin.VerifyElementPropertyValueKeyword$_verifyElementPropertyValue_closure1.call(VerifyElementPropertyValueKeyword.groovy)
	at com.kms.katalon.core.keyword.internal.KeywordMain.runKeyword(KeywordMain.groovy:66)
	at com.kms.katalon.core.webservice.keyword.builtin.VerifyElementPropertyValueKeyword.verifyElementPropertyValue(VerifyElementPropertyValueKeyword.groovy:48)
	at com.kms.katalon.core.webservice.keyword.builtin.VerifyElementPropertyValueKeyword.execute(VerifyElementPropertyValueKeyword.groovy:43)
	at com.kms.katalon.core.keyword.internal.KeywordExecutor.executeKeywordForPlatform(KeywordExecutor.groovy:56)
	at com.kms.katalon.core.webservice.keyword.WSBuiltInKeywords.verifyElementPropertyValue(WSBuiltInKeywords.groovy:123)
	at com.kms.katalon.core.webservice.keyword.WSBuiltInKeywords$verifyElementPropertyValue$0.call(Unknown Source)
	at test.run(test:26)
	at com.kms.katalon.core.main.ScriptEngine.run(ScriptEngine.java:194)
	at com.kms.katalon.core.main.ScriptEngine.runScriptAsRawText(ScriptEngine.java:119)
	at com.kms.katalon.core.main.TestCaseExecutor.runScript(TestCaseExecutor.java:336)
	at com.kms.katalon.core.main.TestCaseExecutor.doExecute(TestCaseExecutor.java:327)
	at com.kms.katalon.core.main.TestCaseExecutor.processExecutionPhase(TestCaseExecutor.java:306)
	at com.kms.katalon.core.main.TestCaseExecutor.accessMainPhase(TestCaseExecutor.java:298)
	at com.kms.katalon.core.main.TestCaseExecutor.execute(TestCaseExecutor.java:232)
	at com.kms.katalon.core.main.TestSuiteExecutor.accessTestCaseMainPhase(TestSuiteExecutor.java:129)
	at com.kms.katalon.core.main.TestSuiteExecutor.accessTestSuiteMainPhase(TestSuiteExecutor.java:112)
	at com.kms.katalon.core.main.TestSuiteExecutor.execute(TestSuiteExecutor.java:81)
	at com.kms.katalon.core.main.TestCaseMain.startTestSuite(TestCaseMain.java:157)
	at com.kms.katalon.core.main.TestCaseMain$startTestSuite$0.call(Unknown Source)
	at TempTestSuite1557941867715.run(TempTestSuite1557941867715.groovy:35)
)

2019-05-15 23:11:04 - [MESSAGE][FAILED] - Expected element property value '200' is not equal with actual property value '400'

2019-05-15 23:11:04 - [MESSAGE][FAILED] - Unable to verify element property value (Root cause: com.kms.katalon.core.exception.StepFailedException: Expected element property value '200' is not equal with actual property value '400'
	at com.kms.katalon.core.keyword.internal.KeywordMain.stepFailed(KeywordMain.groovy:48)
	at com.kms.katalon.core.webservice.keyword.builtin.VerifyElementPropertyValueKeyword$_verifyElementPropertyValue_closure1.doCall(VerifyElementPropertyValueKeyword.groovy:56)
	at com.kms.katalon.core.webservice.keyword.builtin.VerifyElementPropertyValueKeyword$_verifyElementPropertyValue_closure1.call(VerifyElementPropertyValueKeyword.groovy)
	at com.kms.katalon.core.keyword.internal.KeywordMain.runKeyword(KeywordMain.groovy:66)
	at com.kms.katalon.core.webservice.keyword.builtin.VerifyElementPropertyValueKeyword.verifyElementPropertyValue(VerifyElementPropertyValueKeyword.groovy:48)
	at com.kms.katalon.core.webservice.keyword.builtin.VerifyElementPropertyValueKeyword.execute(VerifyElementPropertyValueKeyword.groovy:43)
	at com.kms.katalon.core.keyword.internal.KeywordExecutor.executeKeywordForPlatform(KeywordExecutor.groovy:56)
	at com.kms.katalon.core.webservice.keyword.WSBuiltInKeywords.verifyElementPropertyValue(WSBuiltInKeywords.groovy:123)
	at com.kms.katalon.core.webservice.keyword.WSBuiltInKeywords$verifyElementPropertyValue$0.call(Unknown Source)
	at test.run(test:26)
	at com.kms.katalon.core.main.ScriptEngine.run(ScriptEngine.java:194)
	at com.kms.katalon.core.main.ScriptEngine.runScriptAsRawText(ScriptEngine.java:119)
	at com.kms.katalon.core.main.TestCaseExecutor.runScript(TestCaseExecutor.java:336)
	at com.kms.katalon.core.main.TestCaseExecutor.doExecute(TestCaseExecutor.java:327)
	at com.kms.katalon.core.main.TestCaseExecutor.processExecutionPhase(TestCaseExecutor.java:306)
	at com.kms.katalon.core.main.TestCaseExecutor.accessMainPhase(TestCaseExecutor.java:298)
	at com.kms.katalon.core.main.TestCaseExecutor.execute(TestCaseExecutor.java:232)
	at com.kms.katalon.core.main.TestSuiteExecutor.accessTestCaseMainPhase(TestSuiteExecutor.java:129)
	at com.kms.katalon.core.main.TestSuiteExecutor.accessTestSuiteMainPhase(TestSuiteExecutor.java:112)
	at com.kms.katalon.core.main.TestSuiteExecutor.execute(TestSuiteExecutor.java:81)
	at com.kms.katalon.core.main.TestCaseMain.startTestSuite(TestCaseMain.java:157)
	at com.kms.katalon.core.main.TestCaseMain$startTestSuite$0.call(Unknown Source)
	at TempTestSuite1557941867715.run(TempTestSuite1557941867715.groovy:35)
)]]></system-out>
         <system-err><![CDATA[2019-05-15 23:11:00 - [TEST_CASE][FAILED] - Test Cases/test: Test Cases/test FAILED.
Reason:
com.kms.katalon.core.exception.StepFailedException: Expected element property value '200' is not equal with actual property value '400'
	at com.kms.katalon.core.keyword.internal.KeywordMain.stepFailed(KeywordMain.groovy:48)
	at com.kms.katalon.core.webservice.keyword.builtin.VerifyElementPropertyValueKeyword$_verifyElementPropertyValue_closure1.doCall(VerifyElementPropertyValueKeyword.groovy:56)
	at com.kms.katalon.core.webservice.keyword.builtin.VerifyElementPropertyValueKeyword$_verifyElementPropertyValue_closure1.call(VerifyElementPropertyValueKeyword.groovy)
	at com.kms.katalon.core.keyword.internal.KeywordMain.runKeyword(KeywordMain.groovy:66)
	at com.kms.katalon.core.webservice.keyword.builtin.VerifyElementPropertyValueKeyword.verifyElementPropertyValue(VerifyElementPropertyValueKeyword.groovy:48)
	at com.kms.katalon.core.webservice.keyword.builtin.VerifyElementPropertyValueKeyword.execute(VerifyElementPropertyValueKeyword.groovy:43)
	at com.kms.katalon.core.keyword.internal.KeywordExecutor.executeKeywordForPlatform(KeywordExecutor.groovy:56)
	at com.kms.katalon.core.webservice.keyword.WSBuiltInKeywords.verifyElementPropertyValue(WSBuiltInKeywords.groovy:123)
	at com.kms.katalon.core.webservice.keyword.WSBuiltInKeywords$verifyElementPropertyValue$0.call(Unknown Source)
	at test.run(test:26)
	at com.kms.katalon.core.main.ScriptEngine.run(ScriptEngine.java:194)
	at com.kms.katalon.core.main.ScriptEngine.runScriptAsRawText(ScriptEngine.java:119)
	at com.kms.katalon.core.main.TestCaseExecutor.runScript(TestCaseExecutor.java:336)
	at com.kms.katalon.core.main.TestCaseExecutor.doExecute(TestCaseExecutor.java:327)
	at com.kms.katalon.core.main.TestCaseExecutor.processExecutionPhase(TestCaseExecutor.java:306)
	at com.kms.katalon.core.main.TestCaseExecutor.accessMainPhase(TestCaseExecutor.java:298)
	at com.kms.katalon.core.main.TestCaseExecutor.execute(TestCaseExecutor.java:232)
	at com.kms.katalon.core.main.TestSuiteExecutor.accessTestCaseMainPhase(TestSuiteExecutor.java:129)
	at com.kms.katalon.core.main.TestSuiteExecutor.accessTestSuiteMainPhase(TestSuiteExecutor.java:112)
	at com.kms.katalon.core.main.TestSuiteExecutor.execute(TestSuiteExecutor.java:81)
	at com.kms.katalon.core.main.TestCaseMain.startTestSuite(TestCaseMain.java:157)
	at com.kms.katalon.core.main.TestCaseMain$startTestSuite$0.call(Unknown Source)
	at TempTestSuite1557941867715.run(TempTestSuite1557941867715.groovy:35)]]></system-err>
      </testcase>
      <testcase name="Test Cases/test" classname="Test Cases/test" status="FAILED">
         <failure type="FAILED" message="Test Cases/test FAILED.
Reason:
com.kms.katalon.core.exception.StepFailedException: Expected element property value 'E003' is not equal with actual property value 'null'
	at com.kms.katalon.core.keyword.internal.KeywordMain.stepFailed(KeywordMain.groovy:48)
	at com.kms.katalon.core.webservice.keyword.builtin.VerifyElementPropertyValueKeyword$_verifyElementPropertyValue_closure1.doCall(VerifyElementPropertyValueKeyword.groovy:56)
	at com.kms.katalon.core.webservice.keyword.builtin.VerifyElementPropertyValueKeyword$_verifyElementPropertyValue_closure1.call(VerifyElementPropertyValueKeyword.groovy)
	at com.kms.katalon.core.keyword.internal.KeywordMain.runKeyword(KeywordMain.groovy:66)
	at com.kms.katalon.core.webservice.keyword.builtin.VerifyElementPropertyValueKeyword.verifyElementPropertyValue(VerifyElementPropertyValueKeyword.groovy:48)
	at com.kms.katalon.core.webservice.keyword.builtin.VerifyElementPropertyValueKeyword.execute(VerifyElementPropertyValueKeyword.groovy:43)
	at com.kms.katalon.core.keyword.internal.KeywordExecutor.executeKeywordForPlatform(KeywordExecutor.groovy:56)
	at com.kms.katalon.core.webservice.keyword.WSBuiltInKeywords.verifyElementPropertyValue(WSBuiltInKeywords.groovy:123)
	at com.kms.katalon.core.webservice.keyword.WSBuiltInKeywords$verifyElementPropertyValue$0.call(Unknown Source)
	at test.run(test:28)
	at com.kms.katalon.core.main.ScriptEngine.run(ScriptEngine.java:194)
	at com.kms.katalon.core.main.ScriptEngine.runScriptAsRawText(ScriptEngine.java:119)
	at com.kms.katalon.core.main.TestCaseExecutor.runScript(TestCaseExecutor.java:336)
	at com.kms.katalon.core.main.TestCaseExecutor.doExecute(TestCaseExecutor.java:327)
	at com.kms.katalon.core.main.TestCaseExecutor.processExecutionPhase(TestCaseExecutor.java:306)
	at com.kms.katalon.core.main.TestCaseExecutor.accessMainPhase(TestCaseExecutor.java:298)
	at com.kms.katalon.core.main.TestCaseExecutor.execute(TestCaseExecutor.java:232)
	at com.kms.katalon.core.main.TestSuiteExecutor.accessTestCaseMainPhase(TestSuiteExecutor.java:129)
	at com.kms.katalon.core.main.TestSuiteExecutor.accessTestSuiteMainPhase(TestSuiteExecutor.java:112)
	at com.kms.katalon.core.main.TestSuiteExecutor.execute(TestSuiteExecutor.java:81)
	at com.kms.katalon.core.main.TestCaseMain.startTestSuite(TestCaseMain.java:157)
	at com.kms.katalon.core.main.TestCaseMain$startTestSuite$0.call(Unknown Source)
	at TempTestSuite1557941867715.run(TempTestSuite1557941867715.groovy:35)
"/>
         <system-out><![CDATA[2019-05-15 23:11:04 - [TEST_CASE][FAILED] - Test Cases/test: Test Cases/test FAILED.
Reason:
com.kms.katalon.core.exception.StepFailedException: Expected element property value 'E003' is not equal with actual property value 'null'
	at com.kms.katalon.core.keyword.internal.KeywordMain.stepFailed(KeywordMain.groovy:48)
	at com.kms.katalon.core.webservice.keyword.builtin.VerifyElementPropertyValueKeyword$_verifyElementPropertyValue_closure1.doCall(VerifyElementPropertyValueKeyword.groovy:56)
	at com.kms.katalon.core.webservice.keyword.builtin.VerifyElementPropertyValueKeyword$_verifyElementPropertyValue_closure1.call(VerifyElementPropertyValueKeyword.groovy)
	at com.kms.katalon.core.keyword.internal.KeywordMain.runKeyword(KeywordMain.groovy:66)
	at com.kms.katalon.core.webservice.keyword.builtin.VerifyElementPropertyValueKeyword.verifyElementPropertyValue(VerifyElementPropertyValueKeyword.groovy:48)
	at com.kms.katalon.core.webservice.keyword.builtin.VerifyElementPropertyValueKeyword.execute(VerifyElementPropertyValueKeyword.groovy:43)
	at com.kms.katalon.core.keyword.internal.KeywordExecutor.executeKeywordForPlatform(KeywordExecutor.groovy:56)
	at com.kms.katalon.core.webservice.keyword.WSBuiltInKeywords.verifyElementPropertyValue(WSBuiltInKeywords.groovy:123)
	at com.kms.katalon.core.webservice.keyword.WSBuiltInKeywords$verifyElementPropertyValue$0.call(Unknown Source)
	at test.run(test:28)
	at com.kms.katalon.core.main.ScriptEngine.run(ScriptEngine.java:194)
	at com.kms.katalon.core.main.ScriptEngine.runScriptAsRawText(ScriptEngine.java:119)
	at com.kms.katalon.core.main.TestCaseExecutor.runScript(TestCaseExecutor.java:336)
	at com.kms.katalon.core.main.TestCaseExecutor.doExecute(TestCaseExecutor.java:327)
	at com.kms.katalon.core.main.TestCaseExecutor.processExecutionPhase(TestCaseExecutor.java:306)
	at com.kms.katalon.core.main.TestCaseExecutor.accessMainPhase(TestCaseExecutor.java:298)
	at com.kms.katalon.core.main.TestCaseExecutor.execute(TestCaseExecutor.java:232)
	at com.kms.katalon.core.main.TestSuiteExecutor.accessTestCaseMainPhase(TestSuiteExecutor.java:129)
	at com.kms.katalon.core.main.TestSuiteExecutor.accessTestSuiteMainPhase(TestSuiteExecutor.java:112)
	at com.kms.katalon.core.main.TestSuiteExecutor.execute(TestSuiteExecutor.java:81)
	at com.kms.katalon.core.main.TestCaseMain.startTestSuite(TestCaseMain.java:157)
	at com.kms.katalon.core.main.TestCaseMain$startTestSuite$0.call(Unknown Source)
	at TempTestSuite1557941867715.run(TempTestSuite1557941867715.groovy:35)


2019-05-15 23:11:04 - [TEST_STEP][PASSED] - if (glnparameter == ""): null

2019-05-15 23:11:04 - [TEST_STEP][FAILED] - else: Unable to verify element property value (Root cause: com.kms.katalon.core.exception.StepFailedException: Expected element property value 'E003' is not equal with actual property value 'null'
	at com.kms.katalon.core.keyword.internal.KeywordMain.stepFailed(KeywordMain.groovy:48)
	at com.kms.katalon.core.webservice.keyword.builtin.VerifyElementPropertyValueKeyword$_verifyElementPropertyValue_closure1.doCall(VerifyElementPropertyValueKeyword.groovy:56)
	at com.kms.katalon.core.webservice.keyword.builtin.VerifyElementPropertyValueKeyword$_verifyElementPropertyValue_closure1.call(VerifyElementPropertyValueKeyword.groovy)
	at com.kms.katalon.core.keyword.internal.KeywordMain.runKeyword(KeywordMain.groovy:66)
	at com.kms.katalon.core.webservice.keyword.builtin.VerifyElementPropertyValueKeyword.verifyElementPropertyValue(VerifyElementPropertyValueKeyword.groovy:48)
	at com.kms.katalon.core.webservice.keyword.builtin.VerifyElementPropertyValueKeyword.execute(VerifyElementPropertyValueKeyword.groovy:43)
	at com.kms.katalon.core.keyword.internal.KeywordExecutor.executeKeywordForPlatform(KeywordExecutor.groovy:56)
	at com.kms.katalon.core.webservice.keyword.WSBuiltInKeywords.verifyElementPropertyValue(WSBuiltInKeywords.groovy:123)
	at com.kms.katalon.core.webservice.keyword.WSBuiltInKeywords$verifyElementPropertyValue$0.call(Unknown Source)
	at test.run(test:28)
	at com.kms.katalon.core.main.ScriptEngine.run(ScriptEngine.java:194)
	at com.kms.katalon.core.main.ScriptEngine.runScriptAsRawText(ScriptEngine.java:119)
	at com.kms.katalon.core.main.TestCaseExecutor.runScript(TestCaseExecutor.java:336)
	at com.kms.katalon.core.main.TestCaseExecutor.doExecute(TestCaseExecutor.java:327)
	at com.kms.katalon.core.main.TestCaseExecutor.processExecutionPhase(TestCaseExecutor.java:306)
	at com.kms.katalon.core.main.TestCaseExecutor.accessMainPhase(TestCaseExecutor.java:298)
	at com.kms.katalon.core.main.TestCaseExecutor.execute(TestCaseExecutor.java:232)
	at com.kms.katalon.core.main.TestSuiteExecutor.accessTestCaseMainPhase(TestSuiteExecutor.java:129)
	at com.kms.katalon.core.main.TestSuiteExecutor.accessTestSuiteMainPhase(TestSuiteExecutor.java:112)
	at com.kms.katalon.core.main.TestSuiteExecutor.execute(TestSuiteExecutor.java:81)
	at com.kms.katalon.core.main.TestCaseMain.startTestSuite(TestCaseMain.java:157)
	at com.kms.katalon.core.main.TestCaseMain$startTestSuite$0.call(Unknown Source)
	at TempTestSuite1557941867715.run(TempTestSuite1557941867715.groovy:35)
)

2019-05-15 23:11:04 - [TEST_STEP][PASSED] - storeresponse1 = sendRequestAndVerify(findTestObject("GLN Check - EOID", ["gln":glnparameter, "url":url, "body":body, "methodforcall":methodforcall])): Send request and verify the response successfully

2019-05-15 23:11:08 - [TEST_CASE][PASSED] - Start Test Case : Verification: Verification accomplished successfully

2019-05-15 23:11:08 - [TEST_STEP][PASSED] - request = getInstance().getCurrentRequest(): null

2019-05-15 23:11:08 - [TEST_STEP][PASSED] - response = getInstance().getCurrentResponse(): null

2019-05-15 23:11:08 - [MESSAGE][PASSED] - Verify response successfully

2019-05-15 23:11:08 - [MESSAGE][PASSED] - Send request and verify the response successfully

2019-05-15 23:11:08 - [TEST_STEP][PASSED] - verifyElementPropertyValue(storeresponse1, status, statuscode): Verify element property value successfully

2019-05-15 23:11:08 - [MESSAGE][PASSED] - Verify element property value successfully

2019-05-15 23:11:08 - [TEST_STEP][FAILED] - verifyElementPropertyValue(storeresponse1, messageid, messageidvalue): Unable to verify element property value (Root cause: com.kms.katalon.core.exception.StepFailedException: Expected element property value 'E003' is not equal with actual property value 'null'
	at com.kms.katalon.core.keyword.internal.KeywordMain.stepFailed(KeywordMain.groovy:48)
	at com.kms.katalon.core.webservice.keyword.builtin.VerifyElementPropertyValueKeyword$_verifyElementPropertyValue_closure1.doCall(VerifyElementPropertyValueKeyword.groovy:56)
	at com.kms.katalon.core.webservice.keyword.builtin.VerifyElementPropertyValueKeyword$_verifyElementPropertyValue_closure1.call(VerifyElementPropertyValueKeyword.groovy)
	at com.kms.katalon.core.keyword.internal.KeywordMain.runKeyword(KeywordMain.groovy:66)
	at com.kms.katalon.core.webservice.keyword.builtin.VerifyElementPropertyValueKeyword.verifyElementPropertyValue(VerifyElementPropertyValueKeyword.groovy:48)
	at com.kms.katalon.core.webservice.keyword.builtin.VerifyElementPropertyValueKeyword.execute(VerifyElementPropertyValueKeyword.groovy:43)
	at com.kms.katalon.core.keyword.internal.KeywordExecutor.executeKeywordForPlatform(KeywordExecutor.groovy:56)
	at com.kms.katalon.core.webservice.keyword.WSBuiltInKeywords.verifyElementPropertyValue(WSBuiltInKeywords.groovy:123)
	at com.kms.katalon.core.webservice.keyword.WSBuiltInKeywords$verifyElementPropertyValue$0.call(Unknown Source)
	at test.run(test:28)
	at com.kms.katalon.core.main.ScriptEngine.run(ScriptEngine.java:194)
	at com.kms.katalon.core.main.ScriptEngine.runScriptAsRawText(ScriptEngine.java:119)
	at com.kms.katalon.core.main.TestCaseExecutor.runScript(TestCaseExecutor.java:336)
	at com.kms.katalon.core.main.TestCaseExecutor.doExecute(TestCaseExecutor.java:327)
	at com.kms.katalon.core.main.TestCaseExecutor.processExecutionPhase(TestCaseExecutor.java:306)
	at com.kms.katalon.core.main.TestCaseExecutor.accessMainPhase(TestCaseExecutor.java:298)
	at com.kms.katalon.core.main.TestCaseExecutor.execute(TestCaseExecutor.java:232)
	at com.kms.katalon.core.main.TestSuiteExecutor.accessTestCaseMainPhase(TestSuiteExecutor.java:129)
	at com.kms.katalon.core.main.TestSuiteExecutor.accessTestSuiteMainPhase(TestSuiteExecutor.java:112)
	at com.kms.katalon.core.main.TestSuiteExecutor.execute(TestSuiteExecutor.java:81)
	at com.kms.katalon.core.main.TestCaseMain.startTestSuite(TestCaseMain.java:157)
	at com.kms.katalon.core.main.TestCaseMain$startTestSuite$0.call(Unknown Source)
	at TempTestSuite1557941867715.run(TempTestSuite1557941867715.groovy:35)
)

2019-05-15 23:11:08 - [MESSAGE][FAILED] - Expected element property value 'E003' is not equal with actual property value 'null'

2019-05-15 23:11:08 - [MESSAGE][FAILED] - Unable to verify element property value (Root cause: com.kms.katalon.core.exception.StepFailedException: Expected element property value 'E003' is not equal with actual property value 'null'
	at com.kms.katalon.core.keyword.internal.KeywordMain.stepFailed(KeywordMain.groovy:48)
	at com.kms.katalon.core.webservice.keyword.builtin.VerifyElementPropertyValueKeyword$_verifyElementPropertyValue_closure1.doCall(VerifyElementPropertyValueKeyword.groovy:56)
	at com.kms.katalon.core.webservice.keyword.builtin.VerifyElementPropertyValueKeyword$_verifyElementPropertyValue_closure1.call(VerifyElementPropertyValueKeyword.groovy)
	at com.kms.katalon.core.keyword.internal.KeywordMain.runKeyword(KeywordMain.groovy:66)
	at com.kms.katalon.core.webservice.keyword.builtin.VerifyElementPropertyValueKeyword.verifyElementPropertyValue(VerifyElementPropertyValueKeyword.groovy:48)
	at com.kms.katalon.core.webservice.keyword.builtin.VerifyElementPropertyValueKeyword.execute(VerifyElementPropertyValueKeyword.groovy:43)
	at com.kms.katalon.core.keyword.internal.KeywordExecutor.executeKeywordForPlatform(KeywordExecutor.groovy:56)
	at com.kms.katalon.core.webservice.keyword.WSBuiltInKeywords.verifyElementPropertyValue(WSBuiltInKeywords.groovy:123)
	at com.kms.katalon.core.webservice.keyword.WSBuiltInKeywords$verifyElementPropertyValue$0.call(Unknown Source)
	at test.run(test:28)
	at com.kms.katalon.core.main.ScriptEngine.run(ScriptEngine.java:194)
	at com.kms.katalon.core.main.ScriptEngine.runScriptAsRawText(ScriptEngine.java:119)
	at com.kms.katalon.core.main.TestCaseExecutor.runScript(TestCaseExecutor.java:336)
	at com.kms.katalon.core.main.TestCaseExecutor.doExecute(TestCaseExecutor.java:327)
	at com.kms.katalon.core.main.TestCaseExecutor.processExecutionPhase(TestCaseExecutor.java:306)
	at com.kms.katalon.core.main.TestCaseExecutor.accessMainPhase(TestCaseExecutor.java:298)
	at com.kms.katalon.core.main.TestCaseExecutor.execute(TestCaseExecutor.java:232)
	at com.kms.katalon.core.main.TestSuiteExecutor.accessTestCaseMainPhase(TestSuiteExecutor.java:129)
	at com.kms.katalon.core.main.TestSuiteExecutor.accessTestSuiteMainPhase(TestSuiteExecutor.java:112)
	at com.kms.katalon.core.main.TestSuiteExecutor.execute(TestSuiteExecutor.java:81)
	at com.kms.katalon.core.main.TestCaseMain.startTestSuite(TestCaseMain.java:157)
	at com.kms.katalon.core.main.TestCaseMain$startTestSuite$0.call(Unknown Source)
	at TempTestSuite1557941867715.run(TempTestSuite1557941867715.groovy:35)
)]]></system-out>
         <system-err><![CDATA[2019-05-15 23:11:04 - [TEST_CASE][FAILED] - Test Cases/test: Test Cases/test FAILED.
Reason:
com.kms.katalon.core.exception.StepFailedException: Expected element property value 'E003' is not equal with actual property value 'null'
	at com.kms.katalon.core.keyword.internal.KeywordMain.stepFailed(KeywordMain.groovy:48)
	at com.kms.katalon.core.webservice.keyword.builtin.VerifyElementPropertyValueKeyword$_verifyElementPropertyValue_closure1.doCall(VerifyElementPropertyValueKeyword.groovy:56)
	at com.kms.katalon.core.webservice.keyword.builtin.VerifyElementPropertyValueKeyword$_verifyElementPropertyValue_closure1.call(VerifyElementPropertyValueKeyword.groovy)
	at com.kms.katalon.core.keyword.internal.KeywordMain.runKeyword(KeywordMain.groovy:66)
	at com.kms.katalon.core.webservice.keyword.builtin.VerifyElementPropertyValueKeyword.verifyElementPropertyValue(VerifyElementPropertyValueKeyword.groovy:48)
	at com.kms.katalon.core.webservice.keyword.builtin.VerifyElementPropertyValueKeyword.execute(VerifyElementPropertyValueKeyword.groovy:43)
	at com.kms.katalon.core.keyword.internal.KeywordExecutor.executeKeywordForPlatform(KeywordExecutor.groovy:56)
	at com.kms.katalon.core.webservice.keyword.WSBuiltInKeywords.verifyElementPropertyValue(WSBuiltInKeywords.groovy:123)
	at com.kms.katalon.core.webservice.keyword.WSBuiltInKeywords$verifyElementPropertyValue$0.call(Unknown Source)
	at test.run(test:28)
	at com.kms.katalon.core.main.ScriptEngine.run(ScriptEngine.java:194)
	at com.kms.katalon.core.main.ScriptEngine.runScriptAsRawText(ScriptEngine.java:119)
	at com.kms.katalon.core.main.TestCaseExecutor.runScript(TestCaseExecutor.java:336)
	at com.kms.katalon.core.main.TestCaseExecutor.doExecute(TestCaseExecutor.java:327)
	at com.kms.katalon.core.main.TestCaseExecutor.processExecutionPhase(TestCaseExecutor.java:306)
	at com.kms.katalon.core.main.TestCaseExecutor.accessMainPhase(TestCaseExecutor.java:298)
	at com.kms.katalon.core.main.TestCaseExecutor.execute(TestCaseExecutor.java:232)
	at com.kms.katalon.core.main.TestSuiteExecutor.accessTestCaseMainPhase(TestSuiteExecutor.java:129)
	at com.kms.katalon.core.main.TestSuiteExecutor.accessTestSuiteMainPhase(TestSuiteExecutor.java:112)
	at com.kms.katalon.core.main.TestSuiteExecutor.execute(TestSuiteExecutor.java:81)
	at com.kms.katalon.core.main.TestCaseMain.startTestSuite(TestCaseMain.java:157)
	at com.kms.katalon.core.main.TestCaseMain$startTestSuite$0.call(Unknown Source)
	at TempTestSuite1557941867715.run(TempTestSuite1557941867715.groovy:35)]]></system-err>
      </testcase>
      <testcase name="Test Cases/test" classname="Test Cases/test" status="FAILED">
         <failure type="FAILED" message="Test Cases/test FAILED.
Reason:
com.kms.katalon.core.exception.StepFailedException: Expected element property value '200' is not equal with actual property value '400'
	at com.kms.katalon.core.keyword.internal.KeywordMain.stepFailed(KeywordMain.groovy:48)
	at com.kms.katalon.core.webservice.keyword.builtin.VerifyElementPropertyValueKeyword$_verifyElementPropertyValue_closure1.doCall(VerifyElementPropertyValueKeyword.groovy:56)
	at com.kms.katalon.core.webservice.keyword.builtin.VerifyElementPropertyValueKeyword$_verifyElementPropertyValue_closure1.call(VerifyElementPropertyValueKeyword.groovy)
	at com.kms.katalon.core.keyword.internal.KeywordMain.runKeyword(KeywordMain.groovy:66)
	at com.kms.katalon.core.webservice.keyword.builtin.VerifyElementPropertyValueKeyword.verifyElementPropertyValue(VerifyElementPropertyValueKeyword.groovy:48)
	at com.kms.katalon.core.webservice.keyword.builtin.VerifyElementPropertyValueKeyword.execute(VerifyElementPropertyValueKeyword.groovy:43)
	at com.kms.katalon.core.keyword.internal.KeywordExecutor.executeKeywordForPlatform(KeywordExecutor.groovy:56)
	at com.kms.katalon.core.webservice.keyword.WSBuiltInKeywords.verifyElementPropertyValue(WSBuiltInKeywords.groovy:123)
	at com.kms.katalon.core.webservice.keyword.WSBuiltInKeywords$verifyElementPropertyValue$0.call(Unknown Source)
	at test.run(test:26)
	at com.kms.katalon.core.main.ScriptEngine.run(ScriptEngine.java:194)
	at com.kms.katalon.core.main.ScriptEngine.runScriptAsRawText(ScriptEngine.java:119)
	at com.kms.katalon.core.main.TestCaseExecutor.runScript(TestCaseExecutor.java:336)
	at com.kms.katalon.core.main.TestCaseExecutor.doExecute(TestCaseExecutor.java:327)
	at com.kms.katalon.core.main.TestCaseExecutor.processExecutionPhase(TestCaseExecutor.java:306)
	at com.kms.katalon.core.main.TestCaseExecutor.accessMainPhase(TestCaseExecutor.java:298)
	at com.kms.katalon.core.main.TestCaseExecutor.execute(TestCaseExecutor.java:232)
	at com.kms.katalon.core.main.TestSuiteExecutor.accessTestCaseMainPhase(TestSuiteExecutor.java:129)
	at com.kms.katalon.core.main.TestSuiteExecutor.accessTestSuiteMainPhase(TestSuiteExecutor.java:112)
	at com.kms.katalon.core.main.TestSuiteExecutor.execute(TestSuiteExecutor.java:81)
	at com.kms.katalon.core.main.TestCaseMain.startTestSuite(TestCaseMain.java:157)
	at com.kms.katalon.core.main.TestCaseMain$startTestSuite$0.call(Unknown Source)
	at TempTestSuite1557941867715.run(TempTestSuite1557941867715.groovy:35)
"/>
         <system-out><![CDATA[2019-05-15 23:11:08 - [TEST_CASE][FAILED] - Test Cases/test: Test Cases/test FAILED.
Reason:
com.kms.katalon.core.exception.StepFailedException: Expected element property value '200' is not equal with actual property value '400'
	at com.kms.katalon.core.keyword.internal.KeywordMain.stepFailed(KeywordMain.groovy:48)
	at com.kms.katalon.core.webservice.keyword.builtin.VerifyElementPropertyValueKeyword$_verifyElementPropertyValue_closure1.doCall(VerifyElementPropertyValueKeyword.groovy:56)
	at com.kms.katalon.core.webservice.keyword.builtin.VerifyElementPropertyValueKeyword$_verifyElementPropertyValue_closure1.call(VerifyElementPropertyValueKeyword.groovy)
	at com.kms.katalon.core.keyword.internal.KeywordMain.runKeyword(KeywordMain.groovy:66)
	at com.kms.katalon.core.webservice.keyword.builtin.VerifyElementPropertyValueKeyword.verifyElementPropertyValue(VerifyElementPropertyValueKeyword.groovy:48)
	at com.kms.katalon.core.webservice.keyword.builtin.VerifyElementPropertyValueKeyword.execute(VerifyElementPropertyValueKeyword.groovy:43)
	at com.kms.katalon.core.keyword.internal.KeywordExecutor.executeKeywordForPlatform(KeywordExecutor.groovy:56)
	at com.kms.katalon.core.webservice.keyword.WSBuiltInKeywords.verifyElementPropertyValue(WSBuiltInKeywords.groovy:123)
	at com.kms.katalon.core.webservice.keyword.WSBuiltInKeywords$verifyElementPropertyValue$0.call(Unknown Source)
	at test.run(test:26)
	at com.kms.katalon.core.main.ScriptEngine.run(ScriptEngine.java:194)
	at com.kms.katalon.core.main.ScriptEngine.runScriptAsRawText(ScriptEngine.java:119)
	at com.kms.katalon.core.main.TestCaseExecutor.runScript(TestCaseExecutor.java:336)
	at com.kms.katalon.core.main.TestCaseExecutor.doExecute(TestCaseExecutor.java:327)
	at com.kms.katalon.core.main.TestCaseExecutor.processExecutionPhase(TestCaseExecutor.java:306)
	at com.kms.katalon.core.main.TestCaseExecutor.accessMainPhase(TestCaseExecutor.java:298)
	at com.kms.katalon.core.main.TestCaseExecutor.execute(TestCaseExecutor.java:232)
	at com.kms.katalon.core.main.TestSuiteExecutor.accessTestCaseMainPhase(TestSuiteExecutor.java:129)
	at com.kms.katalon.core.main.TestSuiteExecutor.accessTestSuiteMainPhase(TestSuiteExecutor.java:112)
	at com.kms.katalon.core.main.TestSuiteExecutor.execute(TestSuiteExecutor.java:81)
	at com.kms.katalon.core.main.TestCaseMain.startTestSuite(TestCaseMain.java:157)
	at com.kms.katalon.core.main.TestCaseMain$startTestSuite$0.call(Unknown Source)
	at TempTestSuite1557941867715.run(TempTestSuite1557941867715.groovy:35)


2019-05-15 23:11:08 - [TEST_STEP][PASSED] - if (glnparameter == ""): null

2019-05-15 23:11:08 - [TEST_STEP][FAILED] - else: Unable to verify element property value (Root cause: com.kms.katalon.core.exception.StepFailedException: Expected element property value '200' is not equal with actual property value '400'
	at com.kms.katalon.core.keyword.internal.KeywordMain.stepFailed(KeywordMain.groovy:48)
	at com.kms.katalon.core.webservice.keyword.builtin.VerifyElementPropertyValueKeyword$_verifyElementPropertyValue_closure1.doCall(VerifyElementPropertyValueKeyword.groovy:56)
	at com.kms.katalon.core.webservice.keyword.builtin.VerifyElementPropertyValueKeyword$_verifyElementPropertyValue_closure1.call(VerifyElementPropertyValueKeyword.groovy)
	at com.kms.katalon.core.keyword.internal.KeywordMain.runKeyword(KeywordMain.groovy:66)
	at com.kms.katalon.core.webservice.keyword.builtin.VerifyElementPropertyValueKeyword.verifyElementPropertyValue(VerifyElementPropertyValueKeyword.groovy:48)
	at com.kms.katalon.core.webservice.keyword.builtin.VerifyElementPropertyValueKeyword.execute(VerifyElementPropertyValueKeyword.groovy:43)
	at com.kms.katalon.core.keyword.internal.KeywordExecutor.executeKeywordForPlatform(KeywordExecutor.groovy:56)
	at com.kms.katalon.core.webservice.keyword.WSBuiltInKeywords.verifyElementPropertyValue(WSBuiltInKeywords.groovy:123)
	at com.kms.katalon.core.webservice.keyword.WSBuiltInKeywords$verifyElementPropertyValue$0.call(Unknown Source)
	at test.run(test:26)
	at com.kms.katalon.core.main.ScriptEngine.run(ScriptEngine.java:194)
	at com.kms.katalon.core.main.ScriptEngine.runScriptAsRawText(ScriptEngine.java:119)
	at com.kms.katalon.core.main.TestCaseExecutor.runScript(TestCaseExecutor.java:336)
	at com.kms.katalon.core.main.TestCaseExecutor.doExecute(TestCaseExecutor.java:327)
	at com.kms.katalon.core.main.TestCaseExecutor.processExecutionPhase(TestCaseExecutor.java:306)
	at com.kms.katalon.core.main.TestCaseExecutor.accessMainPhase(TestCaseExecutor.java:298)
	at com.kms.katalon.core.main.TestCaseExecutor.execute(TestCaseExecutor.java:232)
	at com.kms.katalon.core.main.TestSuiteExecutor.accessTestCaseMainPhase(TestSuiteExecutor.java:129)
	at com.kms.katalon.core.main.TestSuiteExecutor.accessTestSuiteMainPhase(TestSuiteExecutor.java:112)
	at com.kms.katalon.core.main.TestSuiteExecutor.execute(TestSuiteExecutor.java:81)
	at com.kms.katalon.core.main.TestCaseMain.startTestSuite(TestCaseMain.java:157)
	at com.kms.katalon.core.main.TestCaseMain$startTestSuite$0.call(Unknown Source)
	at TempTestSuite1557941867715.run(TempTestSuite1557941867715.groovy:35)
)

2019-05-15 23:11:08 - [TEST_STEP][PASSED] - storeresponse1 = sendRequestAndVerify(findTestObject("GLN Check - EOID", ["gln":glnparameter, "url":url, "body":body, "methodforcall":methodforcall])): Send request and verify the response successfully

2019-05-15 23:11:13 - [TEST_CASE][PASSED] - Start Test Case : Verification: Verification accomplished successfully

2019-05-15 23:11:13 - [TEST_STEP][PASSED] - request = getInstance().getCurrentRequest(): null

2019-05-15 23:11:13 - [TEST_STEP][PASSED] - response = getInstance().getCurrentResponse(): null

2019-05-15 23:11:13 - [MESSAGE][PASSED] - Verify response successfully

2019-05-15 23:11:13 - [MESSAGE][PASSED] - Send request and verify the response successfully

2019-05-15 23:11:13 - [TEST_STEP][FAILED] - verifyElementPropertyValue(storeresponse1, status, statuscode): Unable to verify element property value (Root cause: com.kms.katalon.core.exception.StepFailedException: Expected element property value '200' is not equal with actual property value '400'
	at com.kms.katalon.core.keyword.internal.KeywordMain.stepFailed(KeywordMain.groovy:48)
	at com.kms.katalon.core.webservice.keyword.builtin.VerifyElementPropertyValueKeyword$_verifyElementPropertyValue_closure1.doCall(VerifyElementPropertyValueKeyword.groovy:56)
	at com.kms.katalon.core.webservice.keyword.builtin.VerifyElementPropertyValueKeyword$_verifyElementPropertyValue_closure1.call(VerifyElementPropertyValueKeyword.groovy)
	at com.kms.katalon.core.keyword.internal.KeywordMain.runKeyword(KeywordMain.groovy:66)
	at com.kms.katalon.core.webservice.keyword.builtin.VerifyElementPropertyValueKeyword.verifyElementPropertyValue(VerifyElementPropertyValueKeyword.groovy:48)
	at com.kms.katalon.core.webservice.keyword.builtin.VerifyElementPropertyValueKeyword.execute(VerifyElementPropertyValueKeyword.groovy:43)
	at com.kms.katalon.core.keyword.internal.KeywordExecutor.executeKeywordForPlatform(KeywordExecutor.groovy:56)
	at com.kms.katalon.core.webservice.keyword.WSBuiltInKeywords.verifyElementPropertyValue(WSBuiltInKeywords.groovy:123)
	at com.kms.katalon.core.webservice.keyword.WSBuiltInKeywords$verifyElementPropertyValue$0.call(Unknown Source)
	at test.run(test:26)
	at com.kms.katalon.core.main.ScriptEngine.run(ScriptEngine.java:194)
	at com.kms.katalon.core.main.ScriptEngine.runScriptAsRawText(ScriptEngine.java:119)
	at com.kms.katalon.core.main.TestCaseExecutor.runScript(TestCaseExecutor.java:336)
	at com.kms.katalon.core.main.TestCaseExecutor.doExecute(TestCaseExecutor.java:327)
	at com.kms.katalon.core.main.TestCaseExecutor.processExecutionPhase(TestCaseExecutor.java:306)
	at com.kms.katalon.core.main.TestCaseExecutor.accessMainPhase(TestCaseExecutor.java:298)
	at com.kms.katalon.core.main.TestCaseExecutor.execute(TestCaseExecutor.java:232)
	at com.kms.katalon.core.main.TestSuiteExecutor.accessTestCaseMainPhase(TestSuiteExecutor.java:129)
	at com.kms.katalon.core.main.TestSuiteExecutor.accessTestSuiteMainPhase(TestSuiteExecutor.java:112)
	at com.kms.katalon.core.main.TestSuiteExecutor.execute(TestSuiteExecutor.java:81)
	at com.kms.katalon.core.main.TestCaseMain.startTestSuite(TestCaseMain.java:157)
	at com.kms.katalon.core.main.TestCaseMain$startTestSuite$0.call(Unknown Source)
	at TempTestSuite1557941867715.run(TempTestSuite1557941867715.groovy:35)
)

2019-05-15 23:11:13 - [MESSAGE][FAILED] - Expected element property value '200' is not equal with actual property value '400'

2019-05-15 23:11:13 - [MESSAGE][FAILED] - Unable to verify element property value (Root cause: com.kms.katalon.core.exception.StepFailedException: Expected element property value '200' is not equal with actual property value '400'
	at com.kms.katalon.core.keyword.internal.KeywordMain.stepFailed(KeywordMain.groovy:48)
	at com.kms.katalon.core.webservice.keyword.builtin.VerifyElementPropertyValueKeyword$_verifyElementPropertyValue_closure1.doCall(VerifyElementPropertyValueKeyword.groovy:56)
	at com.kms.katalon.core.webservice.keyword.builtin.VerifyElementPropertyValueKeyword$_verifyElementPropertyValue_closure1.call(VerifyElementPropertyValueKeyword.groovy)
	at com.kms.katalon.core.keyword.internal.KeywordMain.runKeyword(KeywordMain.groovy:66)
	at com.kms.katalon.core.webservice.keyword.builtin.VerifyElementPropertyValueKeyword.verifyElementPropertyValue(VerifyElementPropertyValueKeyword.groovy:48)
	at com.kms.katalon.core.webservice.keyword.builtin.VerifyElementPropertyValueKeyword.execute(VerifyElementPropertyValueKeyword.groovy:43)
	at com.kms.katalon.core.keyword.internal.KeywordExecutor.executeKeywordForPlatform(KeywordExecutor.groovy:56)
	at com.kms.katalon.core.webservice.keyword.WSBuiltInKeywords.verifyElementPropertyValue(WSBuiltInKeywords.groovy:123)
	at com.kms.katalon.core.webservice.keyword.WSBuiltInKeywords$verifyElementPropertyValue$0.call(Unknown Source)
	at test.run(test:26)
	at com.kms.katalon.core.main.ScriptEngine.run(ScriptEngine.java:194)
	at com.kms.katalon.core.main.ScriptEngine.runScriptAsRawText(ScriptEngine.java:119)
	at com.kms.katalon.core.main.TestCaseExecutor.runScript(TestCaseExecutor.java:336)
	at com.kms.katalon.core.main.TestCaseExecutor.doExecute(TestCaseExecutor.java:327)
	at com.kms.katalon.core.main.TestCaseExecutor.processExecutionPhase(TestCaseExecutor.java:306)
	at com.kms.katalon.core.main.TestCaseExecutor.accessMainPhase(TestCaseExecutor.java:298)
	at com.kms.katalon.core.main.TestCaseExecutor.execute(TestCaseExecutor.java:232)
	at com.kms.katalon.core.main.TestSuiteExecutor.accessTestCaseMainPhase(TestSuiteExecutor.java:129)
	at com.kms.katalon.core.main.TestSuiteExecutor.accessTestSuiteMainPhase(TestSuiteExecutor.java:112)
	at com.kms.katalon.core.main.TestSuiteExecutor.execute(TestSuiteExecutor.java:81)
	at com.kms.katalon.core.main.TestCaseMain.startTestSuite(TestCaseMain.java:157)
	at com.kms.katalon.core.main.TestCaseMain$startTestSuite$0.call(Unknown Source)
	at TempTestSuite1557941867715.run(TempTestSuite1557941867715.groovy:35)
)]]></system-out>
         <system-err><![CDATA[2019-05-15 23:11:08 - [TEST_CASE][FAILED] - Test Cases/test: Test Cases/test FAILED.
Reason:
com.kms.katalon.core.exception.StepFailedException: Expected element property value '200' is not equal with actual property value '400'
	at com.kms.katalon.core.keyword.internal.KeywordMain.stepFailed(KeywordMain.groovy:48)
	at com.kms.katalon.core.webservice.keyword.builtin.VerifyElementPropertyValueKeyword$_verifyElementPropertyValue_closure1.doCall(VerifyElementPropertyValueKeyword.groovy:56)
	at com.kms.katalon.core.webservice.keyword.builtin.VerifyElementPropertyValueKeyword$_verifyElementPropertyValue_closure1.call(VerifyElementPropertyValueKeyword.groovy)
	at com.kms.katalon.core.keyword.internal.KeywordMain.runKeyword(KeywordMain.groovy:66)
	at com.kms.katalon.core.webservice.keyword.builtin.VerifyElementPropertyValueKeyword.verifyElementPropertyValue(VerifyElementPropertyValueKeyword.groovy:48)
	at com.kms.katalon.core.webservice.keyword.builtin.VerifyElementPropertyValueKeyword.execute(VerifyElementPropertyValueKeyword.groovy:43)
	at com.kms.katalon.core.keyword.internal.KeywordExecutor.executeKeywordForPlatform(KeywordExecutor.groovy:56)
	at com.kms.katalon.core.webservice.keyword.WSBuiltInKeywords.verifyElementPropertyValue(WSBuiltInKeywords.groovy:123)
	at com.kms.katalon.core.webservice.keyword.WSBuiltInKeywords$verifyElementPropertyValue$0.call(Unknown Source)
	at test.run(test:26)
	at com.kms.katalon.core.main.ScriptEngine.run(ScriptEngine.java:194)
	at com.kms.katalon.core.main.ScriptEngine.runScriptAsRawText(ScriptEngine.java:119)
	at com.kms.katalon.core.main.TestCaseExecutor.runScript(TestCaseExecutor.java:336)
	at com.kms.katalon.core.main.TestCaseExecutor.doExecute(TestCaseExecutor.java:327)
	at com.kms.katalon.core.main.TestCaseExecutor.processExecutionPhase(TestCaseExecutor.java:306)
	at com.kms.katalon.core.main.TestCaseExecutor.accessMainPhase(TestCaseExecutor.java:298)
	at com.kms.katalon.core.main.TestCaseExecutor.execute(TestCaseExecutor.java:232)
	at com.kms.katalon.core.main.TestSuiteExecutor.accessTestCaseMainPhase(TestSuiteExecutor.java:129)
	at com.kms.katalon.core.main.TestSuiteExecutor.accessTestSuiteMainPhase(TestSuiteExecutor.java:112)
	at com.kms.katalon.core.main.TestSuiteExecutor.execute(TestSuiteExecutor.java:81)
	at com.kms.katalon.core.main.TestCaseMain.startTestSuite(TestCaseMain.java:157)
	at com.kms.katalon.core.main.TestCaseMain$startTestSuite$0.call(Unknown Source)
	at TempTestSuite1557941867715.run(TempTestSuite1557941867715.groovy:35)]]></system-err>
      </testcase>
      <testcase name="Test Cases/test" classname="Test Cases/test" status="FAILED">
         <failure type="FAILED" message="Test Cases/test FAILED.
Reason:
com.kms.katalon.core.exception.StepFailedException: Expected element property value '200' is not equal with actual property value '400'
	at com.kms.katalon.core.keyword.internal.KeywordMain.stepFailed(KeywordMain.groovy:48)
	at com.kms.katalon.core.webservice.keyword.builtin.VerifyElementPropertyValueKeyword$_verifyElementPropertyValue_closure1.doCall(VerifyElementPropertyValueKeyword.groovy:56)
	at com.kms.katalon.core.webservice.keyword.builtin.VerifyElementPropertyValueKeyword$_verifyElementPropertyValue_closure1.call(VerifyElementPropertyValueKeyword.groovy)
	at com.kms.katalon.core.keyword.internal.KeywordMain.runKeyword(KeywordMain.groovy:66)
	at com.kms.katalon.core.webservice.keyword.builtin.VerifyElementPropertyValueKeyword.verifyElementPropertyValue(VerifyElementPropertyValueKeyword.groovy:48)
	at com.kms.katalon.core.webservice.keyword.builtin.VerifyElementPropertyValueKeyword.execute(VerifyElementPropertyValueKeyword.groovy:43)
	at com.kms.katalon.core.keyword.internal.KeywordExecutor.executeKeywordForPlatform(KeywordExecutor.groovy:56)
	at com.kms.katalon.core.webservice.keyword.WSBuiltInKeywords.verifyElementPropertyValue(WSBuiltInKeywords.groovy:123)
	at com.kms.katalon.core.webservice.keyword.WSBuiltInKeywords$verifyElementPropertyValue$0.call(Unknown Source)
	at test.run(test:26)
	at com.kms.katalon.core.main.ScriptEngine.run(ScriptEngine.java:194)
	at com.kms.katalon.core.main.ScriptEngine.runScriptAsRawText(ScriptEngine.java:119)
	at com.kms.katalon.core.main.TestCaseExecutor.runScript(TestCaseExecutor.java:336)
	at com.kms.katalon.core.main.TestCaseExecutor.doExecute(TestCaseExecutor.java:327)
	at com.kms.katalon.core.main.TestCaseExecutor.processExecutionPhase(TestCaseExecutor.java:306)
	at com.kms.katalon.core.main.TestCaseExecutor.accessMainPhase(TestCaseExecutor.java:298)
	at com.kms.katalon.core.main.TestCaseExecutor.execute(TestCaseExecutor.java:232)
	at com.kms.katalon.core.main.TestSuiteExecutor.accessTestCaseMainPhase(TestSuiteExecutor.java:129)
	at com.kms.katalon.core.main.TestSuiteExecutor.accessTestSuiteMainPhase(TestSuiteExecutor.java:112)
	at com.kms.katalon.core.main.TestSuiteExecutor.execute(TestSuiteExecutor.java:81)
	at com.kms.katalon.core.main.TestCaseMain.startTestSuite(TestCaseMain.java:157)
	at com.kms.katalon.core.main.TestCaseMain$startTestSuite$0.call(Unknown Source)
	at TempTestSuite1557941867715.run(TempTestSuite1557941867715.groovy:35)
"/>
         <system-out><![CDATA[2019-05-15 23:11:13 - [TEST_CASE][FAILED] - Test Cases/test: Test Cases/test FAILED.
Reason:
com.kms.katalon.core.exception.StepFailedException: Expected element property value '200' is not equal with actual property value '400'
	at com.kms.katalon.core.keyword.internal.KeywordMain.stepFailed(KeywordMain.groovy:48)
	at com.kms.katalon.core.webservice.keyword.builtin.VerifyElementPropertyValueKeyword$_verifyElementPropertyValue_closure1.doCall(VerifyElementPropertyValueKeyword.groovy:56)
	at com.kms.katalon.core.webservice.keyword.builtin.VerifyElementPropertyValueKeyword$_verifyElementPropertyValue_closure1.call(VerifyElementPropertyValueKeyword.groovy)
	at com.kms.katalon.core.keyword.internal.KeywordMain.runKeyword(KeywordMain.groovy:66)
	at com.kms.katalon.core.webservice.keyword.builtin.VerifyElementPropertyValueKeyword.verifyElementPropertyValue(VerifyElementPropertyValueKeyword.groovy:48)
	at com.kms.katalon.core.webservice.keyword.builtin.VerifyElementPropertyValueKeyword.execute(VerifyElementPropertyValueKeyword.groovy:43)
	at com.kms.katalon.core.keyword.internal.KeywordExecutor.executeKeywordForPlatform(KeywordExecutor.groovy:56)
	at com.kms.katalon.core.webservice.keyword.WSBuiltInKeywords.verifyElementPropertyValue(WSBuiltInKeywords.groovy:123)
	at com.kms.katalon.core.webservice.keyword.WSBuiltInKeywords$verifyElementPropertyValue$0.call(Unknown Source)
	at test.run(test:26)
	at com.kms.katalon.core.main.ScriptEngine.run(ScriptEngine.java:194)
	at com.kms.katalon.core.main.ScriptEngine.runScriptAsRawText(ScriptEngine.java:119)
	at com.kms.katalon.core.main.TestCaseExecutor.runScript(TestCaseExecutor.java:336)
	at com.kms.katalon.core.main.TestCaseExecutor.doExecute(TestCaseExecutor.java:327)
	at com.kms.katalon.core.main.TestCaseExecutor.processExecutionPhase(TestCaseExecutor.java:306)
	at com.kms.katalon.core.main.TestCaseExecutor.accessMainPhase(TestCaseExecutor.java:298)
	at com.kms.katalon.core.main.TestCaseExecutor.execute(TestCaseExecutor.java:232)
	at com.kms.katalon.core.main.TestSuiteExecutor.accessTestCaseMainPhase(TestSuiteExecutor.java:129)
	at com.kms.katalon.core.main.TestSuiteExecutor.accessTestSuiteMainPhase(TestSuiteExecutor.java:112)
	at com.kms.katalon.core.main.TestSuiteExecutor.execute(TestSuiteExecutor.java:81)
	at com.kms.katalon.core.main.TestCaseMain.startTestSuite(TestCaseMain.java:157)
	at com.kms.katalon.core.main.TestCaseMain$startTestSuite$0.call(Unknown Source)
	at TempTestSuite1557941867715.run(TempTestSuite1557941867715.groovy:35)


2019-05-15 23:11:13 - [TEST_STEP][PASSED] - if (glnparameter == ""): null

2019-05-15 23:11:13 - [TEST_STEP][FAILED] - else: Unable to verify element property value (Root cause: com.kms.katalon.core.exception.StepFailedException: Expected element property value '200' is not equal with actual property value '400'
	at com.kms.katalon.core.keyword.internal.KeywordMain.stepFailed(KeywordMain.groovy:48)
	at com.kms.katalon.core.webservice.keyword.builtin.VerifyElementPropertyValueKeyword$_verifyElementPropertyValue_closure1.doCall(VerifyElementPropertyValueKeyword.groovy:56)
	at com.kms.katalon.core.webservice.keyword.builtin.VerifyElementPropertyValueKeyword$_verifyElementPropertyValue_closure1.call(VerifyElementPropertyValueKeyword.groovy)
	at com.kms.katalon.core.keyword.internal.KeywordMain.runKeyword(KeywordMain.groovy:66)
	at com.kms.katalon.core.webservice.keyword.builtin.VerifyElementPropertyValueKeyword.verifyElementPropertyValue(VerifyElementPropertyValueKeyword.groovy:48)
	at com.kms.katalon.core.webservice.keyword.builtin.VerifyElementPropertyValueKeyword.execute(VerifyElementPropertyValueKeyword.groovy:43)
	at com.kms.katalon.core.keyword.internal.KeywordExecutor.executeKeywordForPlatform(KeywordExecutor.groovy:56)
	at com.kms.katalon.core.webservice.keyword.WSBuiltInKeywords.verifyElementPropertyValue(WSBuiltInKeywords.groovy:123)
	at com.kms.katalon.core.webservice.keyword.WSBuiltInKeywords$verifyElementPropertyValue$0.call(Unknown Source)
	at test.run(test:26)
	at com.kms.katalon.core.main.ScriptEngine.run(ScriptEngine.java:194)
	at com.kms.katalon.core.main.ScriptEngine.runScriptAsRawText(ScriptEngine.java:119)
	at com.kms.katalon.core.main.TestCaseExecutor.runScript(TestCaseExecutor.java:336)
	at com.kms.katalon.core.main.TestCaseExecutor.doExecute(TestCaseExecutor.java:327)
	at com.kms.katalon.core.main.TestCaseExecutor.processExecutionPhase(TestCaseExecutor.java:306)
	at com.kms.katalon.core.main.TestCaseExecutor.accessMainPhase(TestCaseExecutor.java:298)
	at com.kms.katalon.core.main.TestCaseExecutor.execute(TestCaseExecutor.java:232)
	at com.kms.katalon.core.main.TestSuiteExecutor.accessTestCaseMainPhase(TestSuiteExecutor.java:129)
	at com.kms.katalon.core.main.TestSuiteExecutor.accessTestSuiteMainPhase(TestSuiteExecutor.java:112)
	at com.kms.katalon.core.main.TestSuiteExecutor.execute(TestSuiteExecutor.java:81)
	at com.kms.katalon.core.main.TestCaseMain.startTestSuite(TestCaseMain.java:157)
	at com.kms.katalon.core.main.TestCaseMain$startTestSuite$0.call(Unknown Source)
	at TempTestSuite1557941867715.run(TempTestSuite1557941867715.groovy:35)
)

2019-05-15 23:11:13 - [TEST_STEP][PASSED] - storeresponse1 = sendRequestAndVerify(findTestObject("GLN Check - EOID", ["gln":glnparameter, "url":url, "body":body, "methodforcall":methodforcall])): Send request and verify the response successfully

2019-05-15 23:11:17 - [TEST_CASE][PASSED] - Start Test Case : Verification: Verification accomplished successfully

2019-05-15 23:11:17 - [TEST_STEP][PASSED] - request = getInstance().getCurrentRequest(): null

2019-05-15 23:11:17 - [TEST_STEP][PASSED] - response = getInstance().getCurrentResponse(): null

2019-05-15 23:11:17 - [MESSAGE][PASSED] - Verify response successfully

2019-05-15 23:11:17 - [MESSAGE][PASSED] - Send request and verify the response successfully

2019-05-15 23:11:17 - [TEST_STEP][FAILED] - verifyElementPropertyValue(storeresponse1, status, statuscode): Unable to verify element property value (Root cause: com.kms.katalon.core.exception.StepFailedException: Expected element property value '200' is not equal with actual property value '400'
	at com.kms.katalon.core.keyword.internal.KeywordMain.stepFailed(KeywordMain.groovy:48)
	at com.kms.katalon.core.webservice.keyword.builtin.VerifyElementPropertyValueKeyword$_verifyElementPropertyValue_closure1.doCall(VerifyElementPropertyValueKeyword.groovy:56)
	at com.kms.katalon.core.webservice.keyword.builtin.VerifyElementPropertyValueKeyword$_verifyElementPropertyValue_closure1.call(VerifyElementPropertyValueKeyword.groovy)
	at com.kms.katalon.core.keyword.internal.KeywordMain.runKeyword(KeywordMain.groovy:66)
	at com.kms.katalon.core.webservice.keyword.builtin.VerifyElementPropertyValueKeyword.verifyElementPropertyValue(VerifyElementPropertyValueKeyword.groovy:48)
	at com.kms.katalon.core.webservice.keyword.builtin.VerifyElementPropertyValueKeyword.execute(VerifyElementPropertyValueKeyword.groovy:43)
	at com.kms.katalon.core.keyword.internal.KeywordExecutor.executeKeywordForPlatform(KeywordExecutor.groovy:56)
	at com.kms.katalon.core.webservice.keyword.WSBuiltInKeywords.verifyElementPropertyValue(WSBuiltInKeywords.groovy:123)
	at com.kms.katalon.core.webservice.keyword.WSBuiltInKeywords$verifyElementPropertyValue$0.call(Unknown Source)
	at test.run(test:26)
	at com.kms.katalon.core.main.ScriptEngine.run(ScriptEngine.java:194)
	at com.kms.katalon.core.main.ScriptEngine.runScriptAsRawText(ScriptEngine.java:119)
	at com.kms.katalon.core.main.TestCaseExecutor.runScript(TestCaseExecutor.java:336)
	at com.kms.katalon.core.main.TestCaseExecutor.doExecute(TestCaseExecutor.java:327)
	at com.kms.katalon.core.main.TestCaseExecutor.processExecutionPhase(TestCaseExecutor.java:306)
	at com.kms.katalon.core.main.TestCaseExecutor.accessMainPhase(TestCaseExecutor.java:298)
	at com.kms.katalon.core.main.TestCaseExecutor.execute(TestCaseExecutor.java:232)
	at com.kms.katalon.core.main.TestSuiteExecutor.accessTestCaseMainPhase(TestSuiteExecutor.java:129)
	at com.kms.katalon.core.main.TestSuiteExecutor.accessTestSuiteMainPhase(TestSuiteExecutor.java:112)
	at com.kms.katalon.core.main.TestSuiteExecutor.execute(TestSuiteExecutor.java:81)
	at com.kms.katalon.core.main.TestCaseMain.startTestSuite(TestCaseMain.java:157)
	at com.kms.katalon.core.main.TestCaseMain$startTestSuite$0.call(Unknown Source)
	at TempTestSuite1557941867715.run(TempTestSuite1557941867715.groovy:35)
)

2019-05-15 23:11:17 - [MESSAGE][FAILED] - Expected element property value '200' is not equal with actual property value '400'

2019-05-15 23:11:17 - [MESSAGE][FAILED] - Unable to verify element property value (Root cause: com.kms.katalon.core.exception.StepFailedException: Expected element property value '200' is not equal with actual property value '400'
	at com.kms.katalon.core.keyword.internal.KeywordMain.stepFailed(KeywordMain.groovy:48)
	at com.kms.katalon.core.webservice.keyword.builtin.VerifyElementPropertyValueKeyword$_verifyElementPropertyValue_closure1.doCall(VerifyElementPropertyValueKeyword.groovy:56)
	at com.kms.katalon.core.webservice.keyword.builtin.VerifyElementPropertyValueKeyword$_verifyElementPropertyValue_closure1.call(VerifyElementPropertyValueKeyword.groovy)
	at com.kms.katalon.core.keyword.internal.KeywordMain.runKeyword(KeywordMain.groovy:66)
	at com.kms.katalon.core.webservice.keyword.builtin.VerifyElementPropertyValueKeyword.verifyElementPropertyValue(VerifyElementPropertyValueKeyword.groovy:48)
	at com.kms.katalon.core.webservice.keyword.builtin.VerifyElementPropertyValueKeyword.execute(VerifyElementPropertyValueKeyword.groovy:43)
	at com.kms.katalon.core.keyword.internal.KeywordExecutor.executeKeywordForPlatform(KeywordExecutor.groovy:56)
	at com.kms.katalon.core.webservice.keyword.WSBuiltInKeywords.verifyElementPropertyValue(WSBuiltInKeywords.groovy:123)
	at com.kms.katalon.core.webservice.keyword.WSBuiltInKeywords$verifyElementPropertyValue$0.call(Unknown Source)
	at test.run(test:26)
	at com.kms.katalon.core.main.ScriptEngine.run(ScriptEngine.java:194)
	at com.kms.katalon.core.main.ScriptEngine.runScriptAsRawText(ScriptEngine.java:119)
	at com.kms.katalon.core.main.TestCaseExecutor.runScript(TestCaseExecutor.java:336)
	at com.kms.katalon.core.main.TestCaseExecutor.doExecute(TestCaseExecutor.java:327)
	at com.kms.katalon.core.main.TestCaseExecutor.processExecutionPhase(TestCaseExecutor.java:306)
	at com.kms.katalon.core.main.TestCaseExecutor.accessMainPhase(TestCaseExecutor.java:298)
	at com.kms.katalon.core.main.TestCaseExecutor.execute(TestCaseExecutor.java:232)
	at com.kms.katalon.core.main.TestSuiteExecutor.accessTestCaseMainPhase(TestSuiteExecutor.java:129)
	at com.kms.katalon.core.main.TestSuiteExecutor.accessTestSuiteMainPhase(TestSuiteExecutor.java:112)
	at com.kms.katalon.core.main.TestSuiteExecutor.execute(TestSuiteExecutor.java:81)
	at com.kms.katalon.core.main.TestCaseMain.startTestSuite(TestCaseMain.java:157)
	at com.kms.katalon.core.main.TestCaseMain$startTestSuite$0.call(Unknown Source)
	at TempTestSuite1557941867715.run(TempTestSuite1557941867715.groovy:35)
)]]></system-out>
         <system-err><![CDATA[2019-05-15 23:11:13 - [TEST_CASE][FAILED] - Test Cases/test: Test Cases/test FAILED.
Reason:
com.kms.katalon.core.exception.StepFailedException: Expected element property value '200' is not equal with actual property value '400'
	at com.kms.katalon.core.keyword.internal.KeywordMain.stepFailed(KeywordMain.groovy:48)
	at com.kms.katalon.core.webservice.keyword.builtin.VerifyElementPropertyValueKeyword$_verifyElementPropertyValue_closure1.doCall(VerifyElementPropertyValueKeyword.groovy:56)
	at com.kms.katalon.core.webservice.keyword.builtin.VerifyElementPropertyValueKeyword$_verifyElementPropertyValue_closure1.call(VerifyElementPropertyValueKeyword.groovy)
	at com.kms.katalon.core.keyword.internal.KeywordMain.runKeyword(KeywordMain.groovy:66)
	at com.kms.katalon.core.webservice.keyword.builtin.VerifyElementPropertyValueKeyword.verifyElementPropertyValue(VerifyElementPropertyValueKeyword.groovy:48)
	at com.kms.katalon.core.webservice.keyword.builtin.VerifyElementPropertyValueKeyword.execute(VerifyElementPropertyValueKeyword.groovy:43)
	at com.kms.katalon.core.keyword.internal.KeywordExecutor.executeKeywordForPlatform(KeywordExecutor.groovy:56)
	at com.kms.katalon.core.webservice.keyword.WSBuiltInKeywords.verifyElementPropertyValue(WSBuiltInKeywords.groovy:123)
	at com.kms.katalon.core.webservice.keyword.WSBuiltInKeywords$verifyElementPropertyValue$0.call(Unknown Source)
	at test.run(test:26)
	at com.kms.katalon.core.main.ScriptEngine.run(ScriptEngine.java:194)
	at com.kms.katalon.core.main.ScriptEngine.runScriptAsRawText(ScriptEngine.java:119)
	at com.kms.katalon.core.main.TestCaseExecutor.runScript(TestCaseExecutor.java:336)
	at com.kms.katalon.core.main.TestCaseExecutor.doExecute(TestCaseExecutor.java:327)
	at com.kms.katalon.core.main.TestCaseExecutor.processExecutionPhase(TestCaseExecutor.java:306)
	at com.kms.katalon.core.main.TestCaseExecutor.accessMainPhase(TestCaseExecutor.java:298)
	at com.kms.katalon.core.main.TestCaseExecutor.execute(TestCaseExecutor.java:232)
	at com.kms.katalon.core.main.TestSuiteExecutor.accessTestCaseMainPhase(TestSuiteExecutor.java:129)
	at com.kms.katalon.core.main.TestSuiteExecutor.accessTestSuiteMainPhase(TestSuiteExecutor.java:112)
	at com.kms.katalon.core.main.TestSuiteExecutor.execute(TestSuiteExecutor.java:81)
	at com.kms.katalon.core.main.TestCaseMain.startTestSuite(TestCaseMain.java:157)
	at com.kms.katalon.core.main.TestCaseMain$startTestSuite$0.call(Unknown Source)
	at TempTestSuite1557941867715.run(TempTestSuite1557941867715.groovy:35)]]></system-err>
      </testcase>
      <testcase name="Test Cases/test" classname="Test Cases/test" status="FAILED">
         <failure type="FAILED" message="Test Cases/test FAILED.
Reason:
com.kms.katalon.core.exception.StepFailedException: Unable to verify element property value (Root cause: org.codehaus.groovy.control.MultipleCompilationErrorsException: startup failed:
Script1.groovy: 1: unexpected token: ; @ line 1, column 93.
   rseText(jsonText);return root.;
                                 ^

1 error

	at com.kms.katalon.core.webservice.helper.WebServiceCommonHelper.parseAndGetPropertyValueForJson(WebServiceCommonHelper.java:159)
	at com.kms.katalon.core.webservice.keyword.builtin.VerifyElementPropertyValueKeyword$_verifyElementPropertyValue_closure1.doCall(VerifyElementPropertyValueKeyword.groovy:52)
	at com.kms.katalon.core.webservice.keyword.builtin.VerifyElementPropertyValueKeyword$_verifyElementPropertyValue_closure1.call(VerifyElementPropertyValueKeyword.groovy)
	at com.kms.katalon.core.keyword.internal.KeywordMain.runKeyword(KeywordMain.groovy:66)
	at com.kms.katalon.core.webservice.keyword.builtin.VerifyElementPropertyValueKeyword.verifyElementPropertyValue(VerifyElementPropertyValueKeyword.groovy:48)
	at com.kms.katalon.core.webservice.keyword.builtin.VerifyElementPropertyValueKeyword.execute(VerifyElementPropertyValueKeyword.groovy:43)
	at com.kms.katalon.core.keyword.internal.KeywordExecutor.executeKeywordForPlatform(KeywordExecutor.groovy:56)
	at com.kms.katalon.core.webservice.keyword.WSBuiltInKeywords.verifyElementPropertyValue(WSBuiltInKeywords.groovy:123)
	at com.kms.katalon.core.webservice.keyword.WSBuiltInKeywords$verifyElementPropertyValue$0.call(Unknown Source)
	at test.run(test:28)
	at com.kms.katalon.core.main.ScriptEngine.run(ScriptEngine.java:194)
	at com.kms.katalon.core.main.ScriptEngine.runScriptAsRawText(ScriptEngine.java:119)
	at com.kms.katalon.core.main.TestCaseExecutor.runScript(TestCaseExecutor.java:336)
	at com.kms.katalon.core.main.TestCaseExecutor.doExecute(TestCaseExecutor.java:327)
	at com.kms.katalon.core.main.TestCaseExecutor.processExecutionPhase(TestCaseExecutor.java:306)
	at com.kms.katalon.core.main.TestCaseExecutor.accessMainPhase(TestCaseExecutor.java:298)
	at com.kms.katalon.core.main.TestCaseExecutor.execute(TestCaseExecutor.java:232)
	at com.kms.katalon.core.main.TestSuiteExecutor.accessTestCaseMainPhase(TestSuiteExecutor.java:129)
	at com.kms.katalon.core.main.TestSuiteExecutor.accessTestSuiteMainPhase(TestSuiteExecutor.java:112)
	at com.kms.katalon.core.main.TestSuiteExecutor.execute(TestSuiteExecutor.java:81)
	at com.kms.katalon.core.main.TestCaseMain.startTestSuite(TestCaseMain.java:157)
	at com.kms.katalon.core.main.TestCaseMain$startTestSuite$0.call(Unknown Source)
	at TempTestSuite1557941867715.run(TempTestSuite1557941867715.groovy:35)
)
	at com.kms.katalon.core.keyword.internal.KeywordMain.stepFailed(KeywordMain.groovy:48)
	at com.kms.katalon.core.keyword.internal.KeywordMain.stepFailed(KeywordMain.groovy)
	at com.kms.katalon.core.keyword.internal.KeywordMain.runKeyword(KeywordMain.groovy:68)
	at com.kms.katalon.core.webservice.keyword.builtin.VerifyElementPropertyValueKeyword.verifyElementPropertyValue(VerifyElementPropertyValueKeyword.groovy:48)
	at com.kms.katalon.core.webservice.keyword.builtin.VerifyElementPropertyValueKeyword.execute(VerifyElementPropertyValueKeyword.groovy:43)
	at com.kms.katalon.core.keyword.internal.KeywordExecutor.executeKeywordForPlatform(KeywordExecutor.groovy:56)
	at com.kms.katalon.core.webservice.keyword.WSBuiltInKeywords.verifyElementPropertyValue(WSBuiltInKeywords.groovy:123)
	at com.kms.katalon.core.webservice.keyword.WSBuiltInKeywords$verifyElementPropertyValue$0.call(Unknown Source)
	at test.run(test:28)
	at com.kms.katalon.core.main.ScriptEngine.run(ScriptEngine.java:194)
	at com.kms.katalon.core.main.ScriptEngine.runScriptAsRawText(ScriptEngine.java:119)
	at com.kms.katalon.core.main.TestCaseExecutor.runScript(TestCaseExecutor.java:336)
	at com.kms.katalon.core.main.TestCaseExecutor.doExecute(TestCaseExecutor.java:327)
	at com.kms.katalon.core.main.TestCaseExecutor.processExecutionPhase(TestCaseExecutor.java:306)
	at com.kms.katalon.core.main.TestCaseExecutor.accessMainPhase(TestCaseExecutor.java:298)
	at com.kms.katalon.core.main.TestCaseExecutor.execute(TestCaseExecutor.java:232)
	at com.kms.katalon.core.main.TestSuiteExecutor.accessTestCaseMainPhase(TestSuiteExecutor.java:129)
	at com.kms.katalon.core.main.TestSuiteExecutor.accessTestSuiteMainPhase(TestSuiteExecutor.java:112)
	at com.kms.katalon.core.main.TestSuiteExecutor.execute(TestSuiteExecutor.java:81)
	at com.kms.katalon.core.main.TestCaseMain.startTestSuite(TestCaseMain.java:157)
	at com.kms.katalon.core.main.TestCaseMain$startTestSuite$0.call(Unknown Source)
	at TempTestSuite1557941867715.run(TempTestSuite1557941867715.groovy:35)
Caused by: org.codehaus.groovy.control.MultipleCompilationErrorsException: startup failed:
Script1.groovy: 1: unexpected token: ; @ line 1, column 93.
   rseText(jsonText);return root.;
                                 ^

1 error

	at com.kms.katalon.core.webservice.helper.WebServiceCommonHelper.parseAndGetPropertyValueForJson(WebServiceCommonHelper.java:159)
	at com.kms.katalon.core.webservice.keyword.builtin.VerifyElementPropertyValueKeyword$_verifyElementPropertyValue_closure1.doCall(VerifyElementPropertyValueKeyword.groovy:52)
	at com.kms.katalon.core.webservice.keyword.builtin.VerifyElementPropertyValueKeyword$_verifyElementPropertyValue_closure1.call(VerifyElementPropertyValueKeyword.groovy)
	at com.kms.katalon.core.keyword.internal.KeywordMain.runKeyword(KeywordMain.groovy:66)
	... 19 more
"/>
         <system-out><![CDATA[2019-05-15 23:11:17 - [TEST_CASE][FAILED] - Test Cases/test: Test Cases/test FAILED.
Reason:
com.kms.katalon.core.exception.StepFailedException: Unable to verify element property value (Root cause: org.codehaus.groovy.control.MultipleCompilationErrorsException: startup failed:
Script1.groovy: 1: unexpected token: ; @ line 1, column 93.
   rseText(jsonText);return root.;
                                 ^

1 error

	at com.kms.katalon.core.webservice.helper.WebServiceCommonHelper.parseAndGetPropertyValueForJson(WebServiceCommonHelper.java:159)
	at com.kms.katalon.core.webservice.keyword.builtin.VerifyElementPropertyValueKeyword$_verifyElementPropertyValue_closure1.doCall(VerifyElementPropertyValueKeyword.groovy:52)
	at com.kms.katalon.core.webservice.keyword.builtin.VerifyElementPropertyValueKeyword$_verifyElementPropertyValue_closure1.call(VerifyElementPropertyValueKeyword.groovy)
	at com.kms.katalon.core.keyword.internal.KeywordMain.runKeyword(KeywordMain.groovy:66)
	at com.kms.katalon.core.webservice.keyword.builtin.VerifyElementPropertyValueKeyword.verifyElementPropertyValue(VerifyElementPropertyValueKeyword.groovy:48)
	at com.kms.katalon.core.webservice.keyword.builtin.VerifyElementPropertyValueKeyword.execute(VerifyElementPropertyValueKeyword.groovy:43)
	at com.kms.katalon.core.keyword.internal.KeywordExecutor.executeKeywordForPlatform(KeywordExecutor.groovy:56)
	at com.kms.katalon.core.webservice.keyword.WSBuiltInKeywords.verifyElementPropertyValue(WSBuiltInKeywords.groovy:123)
	at com.kms.katalon.core.webservice.keyword.WSBuiltInKeywords$verifyElementPropertyValue$0.call(Unknown Source)
	at test.run(test:28)
	at com.kms.katalon.core.main.ScriptEngine.run(ScriptEngine.java:194)
	at com.kms.katalon.core.main.ScriptEngine.runScriptAsRawText(ScriptEngine.java:119)
	at com.kms.katalon.core.main.TestCaseExecutor.runScript(TestCaseExecutor.java:336)
	at com.kms.katalon.core.main.TestCaseExecutor.doExecute(TestCaseExecutor.java:327)
	at com.kms.katalon.core.main.TestCaseExecutor.processExecutionPhase(TestCaseExecutor.java:306)
	at com.kms.katalon.core.main.TestCaseExecutor.accessMainPhase(TestCaseExecutor.java:298)
	at com.kms.katalon.core.main.TestCaseExecutor.execute(TestCaseExecutor.java:232)
	at com.kms.katalon.core.main.TestSuiteExecutor.accessTestCaseMainPhase(TestSuiteExecutor.java:129)
	at com.kms.katalon.core.main.TestSuiteExecutor.accessTestSuiteMainPhase(TestSuiteExecutor.java:112)
	at com.kms.katalon.core.main.TestSuiteExecutor.execute(TestSuiteExecutor.java:81)
	at com.kms.katalon.core.main.TestCaseMain.startTestSuite(TestCaseMain.java:157)
	at com.kms.katalon.core.main.TestCaseMain$startTestSuite$0.call(Unknown Source)
	at TempTestSuite1557941867715.run(TempTestSuite1557941867715.groovy:35)
)
	at com.kms.katalon.core.keyword.internal.KeywordMain.stepFailed(KeywordMain.groovy:48)
	at com.kms.katalon.core.keyword.internal.KeywordMain.stepFailed(KeywordMain.groovy)
	at com.kms.katalon.core.keyword.internal.KeywordMain.runKeyword(KeywordMain.groovy:68)
	at com.kms.katalon.core.webservice.keyword.builtin.VerifyElementPropertyValueKeyword.verifyElementPropertyValue(VerifyElementPropertyValueKeyword.groovy:48)
	at com.kms.katalon.core.webservice.keyword.builtin.VerifyElementPropertyValueKeyword.execute(VerifyElementPropertyValueKeyword.groovy:43)
	at com.kms.katalon.core.keyword.internal.KeywordExecutor.executeKeywordForPlatform(KeywordExecutor.groovy:56)
	at com.kms.katalon.core.webservice.keyword.WSBuiltInKeywords.verifyElementPropertyValue(WSBuiltInKeywords.groovy:123)
	at com.kms.katalon.core.webservice.keyword.WSBuiltInKeywords$verifyElementPropertyValue$0.call(Unknown Source)
	at test.run(test:28)
	at com.kms.katalon.core.main.ScriptEngine.run(ScriptEngine.java:194)
	at com.kms.katalon.core.main.ScriptEngine.runScriptAsRawText(ScriptEngine.java:119)
	at com.kms.katalon.core.main.TestCaseExecutor.runScript(TestCaseExecutor.java:336)
	at com.kms.katalon.core.main.TestCaseExecutor.doExecute(TestCaseExecutor.java:327)
	at com.kms.katalon.core.main.TestCaseExecutor.processExecutionPhase(TestCaseExecutor.java:306)
	at com.kms.katalon.core.main.TestCaseExecutor.accessMainPhase(TestCaseExecutor.java:298)
	at com.kms.katalon.core.main.TestCaseExecutor.execute(TestCaseExecutor.java:232)
	at com.kms.katalon.core.main.TestSuiteExecutor.accessTestCaseMainPhase(TestSuiteExecutor.java:129)
	at com.kms.katalon.core.main.TestSuiteExecutor.accessTestSuiteMainPhase(TestSuiteExecutor.java:112)
	at com.kms.katalon.core.main.TestSuiteExecutor.execute(TestSuiteExecutor.java:81)
	at com.kms.katalon.core.main.TestCaseMain.startTestSuite(TestCaseMain.java:157)
	at com.kms.katalon.core.main.TestCaseMain$startTestSuite$0.call(Unknown Source)
	at TempTestSuite1557941867715.run(TempTestSuite1557941867715.groovy:35)
Caused by: org.codehaus.groovy.control.MultipleCompilationErrorsException: startup failed:
Script1.groovy: 1: unexpected token: ; @ line 1, column 93.
   rseText(jsonText);return root.;
                                 ^

1 error

	at com.kms.katalon.core.webservice.helper.WebServiceCommonHelper.parseAndGetPropertyValueForJson(WebServiceCommonHelper.java:159)
	at com.kms.katalon.core.webservice.keyword.builtin.VerifyElementPropertyValueKeyword$_verifyElementPropertyValue_closure1.doCall(VerifyElementPropertyValueKeyword.groovy:52)
	at com.kms.katalon.core.webservice.keyword.builtin.VerifyElementPropertyValueKeyword$_verifyElementPropertyValue_closure1.call(VerifyElementPropertyValueKeyword.groovy)
	at com.kms.katalon.core.keyword.internal.KeywordMain.runKeyword(KeywordMain.groovy:66)
	... 19 more


2019-05-15 23:11:17 - [TEST_STEP][PASSED] - if (glnparameter == ""): null

2019-05-15 23:11:17 - [TEST_STEP][FAILED] - else: Unable to verify element property value (Root cause: org.codehaus.groovy.control.MultipleCompilationErrorsException: startup failed:
Script1.groovy: 1: unexpected token: ; @ line 1, column 93.
   rseText(jsonText);return root.;
                                 ^

1 error

	at com.kms.katalon.core.webservice.helper.WebServiceCommonHelper.parseAndGetPropertyValueForJson(WebServiceCommonHelper.java:159)
	at com.kms.katalon.core.webservice.keyword.builtin.VerifyElementPropertyValueKeyword$_verifyElementPropertyValue_closure1.doCall(VerifyElementPropertyValueKeyword.groovy:52)
	at com.kms.katalon.core.webservice.keyword.builtin.VerifyElementPropertyValueKeyword$_verifyElementPropertyValue_closure1.call(VerifyElementPropertyValueKeyword.groovy)
	at com.kms.katalon.core.keyword.internal.KeywordMain.runKeyword(KeywordMain.groovy:66)
	at com.kms.katalon.core.webservice.keyword.builtin.VerifyElementPropertyValueKeyword.verifyElementPropertyValue(VerifyElementPropertyValueKeyword.groovy:48)
	at com.kms.katalon.core.webservice.keyword.builtin.VerifyElementPropertyValueKeyword.execute(VerifyElementPropertyValueKeyword.groovy:43)
	at com.kms.katalon.core.keyword.internal.KeywordExecutor.executeKeywordForPlatform(KeywordExecutor.groovy:56)
	at com.kms.katalon.core.webservice.keyword.WSBuiltInKeywords.verifyElementPropertyValue(WSBuiltInKeywords.groovy:123)
	at com.kms.katalon.core.webservice.keyword.WSBuiltInKeywords$verifyElementPropertyValue$0.call(Unknown Source)
	at test.run(test:28)
	at com.kms.katalon.core.main.ScriptEngine.run(ScriptEngine.java:194)
	at com.kms.katalon.core.main.ScriptEngine.runScriptAsRawText(ScriptEngine.java:119)
	at com.kms.katalon.core.main.TestCaseExecutor.runScript(TestCaseExecutor.java:336)
	at com.kms.katalon.core.main.TestCaseExecutor.doExecute(TestCaseExecutor.java:327)
	at com.kms.katalon.core.main.TestCaseExecutor.processExecutionPhase(TestCaseExecutor.java:306)
	at com.kms.katalon.core.main.TestCaseExecutor.accessMainPhase(TestCaseExecutor.java:298)
	at com.kms.katalon.core.main.TestCaseExecutor.execute(TestCaseExecutor.java:232)
	at com.kms.katalon.core.main.TestSuiteExecutor.accessTestCaseMainPhase(TestSuiteExecutor.java:129)
	at com.kms.katalon.core.main.TestSuiteExecutor.accessTestSuiteMainPhase(TestSuiteExecutor.java:112)
	at com.kms.katalon.core.main.TestSuiteExecutor.execute(TestSuiteExecutor.java:81)
	at com.kms.katalon.core.main.TestCaseMain.startTestSuite(TestCaseMain.java:157)
	at com.kms.katalon.core.main.TestCaseMain$startTestSuite$0.call(Unknown Source)
	at TempTestSuite1557941867715.run(TempTestSuite1557941867715.groovy:35)
)

2019-05-15 23:11:17 - [TEST_STEP][PASSED] - storeresponse1 = sendRequestAndVerify(findTestObject("GLN Check - EOID", ["gln":glnparameter, "url":url, "body":body, "methodforcall":methodforcall])): Send request and verify the response successfully

2019-05-15 23:11:20 - [TEST_CASE][PASSED] - Start Test Case : Verification: Verification accomplished successfully

2019-05-15 23:11:20 - [TEST_STEP][PASSED] - request = getInstance().getCurrentRequest(): null

2019-05-15 23:11:20 - [TEST_STEP][PASSED] - response = getInstance().getCurrentResponse(): null

2019-05-15 23:11:20 - [MESSAGE][PASSED] - Verify response successfully

2019-05-15 23:11:20 - [MESSAGE][PASSED] - Send request and verify the response successfully

2019-05-15 23:11:20 - [TEST_STEP][PASSED] - verifyElementPropertyValue(storeresponse1, status, statuscode): Verify element property value successfully

2019-05-15 23:11:20 - [MESSAGE][PASSED] - Verify element property value successfully

2019-05-15 23:11:20 - [TEST_STEP][FAILED] - verifyElementPropertyValue(storeresponse1, messageid, messageidvalue): Unable to verify element property value (Root cause: org.codehaus.groovy.control.MultipleCompilationErrorsException: startup failed:
Script1.groovy: 1: unexpected token: ; @ line 1, column 93.
   rseText(jsonText);return root.;
                                 ^

1 error

	at com.kms.katalon.core.webservice.helper.WebServiceCommonHelper.parseAndGetPropertyValueForJson(WebServiceCommonHelper.java:159)
	at com.kms.katalon.core.webservice.keyword.builtin.VerifyElementPropertyValueKeyword$_verifyElementPropertyValue_closure1.doCall(VerifyElementPropertyValueKeyword.groovy:52)
	at com.kms.katalon.core.webservice.keyword.builtin.VerifyElementPropertyValueKeyword$_verifyElementPropertyValue_closure1.call(VerifyElementPropertyValueKeyword.groovy)
	at com.kms.katalon.core.keyword.internal.KeywordMain.runKeyword(KeywordMain.groovy:66)
	at com.kms.katalon.core.webservice.keyword.builtin.VerifyElementPropertyValueKeyword.verifyElementPropertyValue(VerifyElementPropertyValueKeyword.groovy:48)
	at com.kms.katalon.core.webservice.keyword.builtin.VerifyElementPropertyValueKeyword.execute(VerifyElementPropertyValueKeyword.groovy:43)
	at com.kms.katalon.core.keyword.internal.KeywordExecutor.executeKeywordForPlatform(KeywordExecutor.groovy:56)
	at com.kms.katalon.core.webservice.keyword.WSBuiltInKeywords.verifyElementPropertyValue(WSBuiltInKeywords.groovy:123)
	at com.kms.katalon.core.webservice.keyword.WSBuiltInKeywords$verifyElementPropertyValue$0.call(Unknown Source)
	at test.run(test:28)
	at com.kms.katalon.core.main.ScriptEngine.run(ScriptEngine.java:194)
	at com.kms.katalon.core.main.ScriptEngine.runScriptAsRawText(ScriptEngine.java:119)
	at com.kms.katalon.core.main.TestCaseExecutor.runScript(TestCaseExecutor.java:336)
	at com.kms.katalon.core.main.TestCaseExecutor.doExecute(TestCaseExecutor.java:327)
	at com.kms.katalon.core.main.TestCaseExecutor.processExecutionPhase(TestCaseExecutor.java:306)
	at com.kms.katalon.core.main.TestCaseExecutor.accessMainPhase(TestCaseExecutor.java:298)
	at com.kms.katalon.core.main.TestCaseExecutor.execute(TestCaseExecutor.java:232)
	at com.kms.katalon.core.main.TestSuiteExecutor.accessTestCaseMainPhase(TestSuiteExecutor.java:129)
	at com.kms.katalon.core.main.TestSuiteExecutor.accessTestSuiteMainPhase(TestSuiteExecutor.java:112)
	at com.kms.katalon.core.main.TestSuiteExecutor.execute(TestSuiteExecutor.java:81)
	at com.kms.katalon.core.main.TestCaseMain.startTestSuite(TestCaseMain.java:157)
	at com.kms.katalon.core.main.TestCaseMain$startTestSuite$0.call(Unknown Source)
	at TempTestSuite1557941867715.run(TempTestSuite1557941867715.groovy:35)
)

2019-05-15 23:11:20 - [MESSAGE][FAILED] - Unable to verify element property value (Root cause: org.codehaus.groovy.control.MultipleCompilationErrorsException: startup failed:
Script1.groovy: 1: unexpected token: ; @ line 1, column 93.
   rseText(jsonText);return root.;
                                 ^

1 error

	at com.kms.katalon.core.webservice.helper.WebServiceCommonHelper.parseAndGetPropertyValueForJson(WebServiceCommonHelper.java:159)
	at com.kms.katalon.core.webservice.keyword.builtin.VerifyElementPropertyValueKeyword$_verifyElementPropertyValue_closure1.doCall(VerifyElementPropertyValueKeyword.groovy:52)
	at com.kms.katalon.core.webservice.keyword.builtin.VerifyElementPropertyValueKeyword$_verifyElementPropertyValue_closure1.call(VerifyElementPropertyValueKeyword.groovy)
	at com.kms.katalon.core.keyword.internal.KeywordMain.runKeyword(KeywordMain.groovy:66)
	at com.kms.katalon.core.webservice.keyword.builtin.VerifyElementPropertyValueKeyword.verifyElementPropertyValue(VerifyElementPropertyValueKeyword.groovy:48)
	at com.kms.katalon.core.webservice.keyword.builtin.VerifyElementPropertyValueKeyword.execute(VerifyElementPropertyValueKeyword.groovy:43)
	at com.kms.katalon.core.keyword.internal.KeywordExecutor.executeKeywordForPlatform(KeywordExecutor.groovy:56)
	at com.kms.katalon.core.webservice.keyword.WSBuiltInKeywords.verifyElementPropertyValue(WSBuiltInKeywords.groovy:123)
	at com.kms.katalon.core.webservice.keyword.WSBuiltInKeywords$verifyElementPropertyValue$0.call(Unknown Source)
	at test.run(test:28)
	at com.kms.katalon.core.main.ScriptEngine.run(ScriptEngine.java:194)
	at com.kms.katalon.core.main.ScriptEngine.runScriptAsRawText(ScriptEngine.java:119)
	at com.kms.katalon.core.main.TestCaseExecutor.runScript(TestCaseExecutor.java:336)
	at com.kms.katalon.core.main.TestCaseExecutor.doExecute(TestCaseExecutor.java:327)
	at com.kms.katalon.core.main.TestCaseExecutor.processExecutionPhase(TestCaseExecutor.java:306)
	at com.kms.katalon.core.main.TestCaseExecutor.accessMainPhase(TestCaseExecutor.java:298)
	at com.kms.katalon.core.main.TestCaseExecutor.execute(TestCaseExecutor.java:232)
	at com.kms.katalon.core.main.TestSuiteExecutor.accessTestCaseMainPhase(TestSuiteExecutor.java:129)
	at com.kms.katalon.core.main.TestSuiteExecutor.accessTestSuiteMainPhase(TestSuiteExecutor.java:112)
	at com.kms.katalon.core.main.TestSuiteExecutor.execute(TestSuiteExecutor.java:81)
	at com.kms.katalon.core.main.TestCaseMain.startTestSuite(TestCaseMain.java:157)
	at com.kms.katalon.core.main.TestCaseMain$startTestSuite$0.call(Unknown Source)
	at TempTestSuite1557941867715.run(TempTestSuite1557941867715.groovy:35)
)]]></system-out>
         <system-err><![CDATA[2019-05-15 23:11:17 - [TEST_CASE][FAILED] - Test Cases/test: Test Cases/test FAILED.
Reason:
com.kms.katalon.core.exception.StepFailedException: Unable to verify element property value (Root cause: org.codehaus.groovy.control.MultipleCompilationErrorsException: startup failed:
Script1.groovy: 1: unexpected token: ; @ line 1, column 93.
   rseText(jsonText);return root.;
                                 ^

1 error

	at com.kms.katalon.core.webservice.helper.WebServiceCommonHelper.parseAndGetPropertyValueForJson(WebServiceCommonHelper.java:159)
	at com.kms.katalon.core.webservice.keyword.builtin.VerifyElementPropertyValueKeyword$_verifyElementPropertyValue_closure1.doCall(VerifyElementPropertyValueKeyword.groovy:52)
	at com.kms.katalon.core.webservice.keyword.builtin.VerifyElementPropertyValueKeyword$_verifyElementPropertyValue_closure1.call(VerifyElementPropertyValueKeyword.groovy)
	at com.kms.katalon.core.keyword.internal.KeywordMain.runKeyword(KeywordMain.groovy:66)
	at com.kms.katalon.core.webservice.keyword.builtin.VerifyElementPropertyValueKeyword.verifyElementPropertyValue(VerifyElementPropertyValueKeyword.groovy:48)
	at com.kms.katalon.core.webservice.keyword.builtin.VerifyElementPropertyValueKeyword.execute(VerifyElementPropertyValueKeyword.groovy:43)
	at com.kms.katalon.core.keyword.internal.KeywordExecutor.executeKeywordForPlatform(KeywordExecutor.groovy:56)
	at com.kms.katalon.core.webservice.keyword.WSBuiltInKeywords.verifyElementPropertyValue(WSBuiltInKeywords.groovy:123)
	at com.kms.katalon.core.webservice.keyword.WSBuiltInKeywords$verifyElementPropertyValue$0.call(Unknown Source)
	at test.run(test:28)
	at com.kms.katalon.core.main.ScriptEngine.run(ScriptEngine.java:194)
	at com.kms.katalon.core.main.ScriptEngine.runScriptAsRawText(ScriptEngine.java:119)
	at com.kms.katalon.core.main.TestCaseExecutor.runScript(TestCaseExecutor.java:336)
	at com.kms.katalon.core.main.TestCaseExecutor.doExecute(TestCaseExecutor.java:327)
	at com.kms.katalon.core.main.TestCaseExecutor.processExecutionPhase(TestCaseExecutor.java:306)
	at com.kms.katalon.core.main.TestCaseExecutor.accessMainPhase(TestCaseExecutor.java:298)
	at com.kms.katalon.core.main.TestCaseExecutor.execute(TestCaseExecutor.java:232)
	at com.kms.katalon.core.main.TestSuiteExecutor.accessTestCaseMainPhase(TestSuiteExecutor.java:129)
	at com.kms.katalon.core.main.TestSuiteExecutor.accessTestSuiteMainPhase(TestSuiteExecutor.java:112)
	at com.kms.katalon.core.main.TestSuiteExecutor.execute(TestSuiteExecutor.java:81)
	at com.kms.katalon.core.main.TestCaseMain.startTestSuite(TestCaseMain.java:157)
	at com.kms.katalon.core.main.TestCaseMain$startTestSuite$0.call(Unknown Source)
	at TempTestSuite1557941867715.run(TempTestSuite1557941867715.groovy:35)
)
	at com.kms.katalon.core.keyword.internal.KeywordMain.stepFailed(KeywordMain.groovy:48)
	at com.kms.katalon.core.keyword.internal.KeywordMain.stepFailed(KeywordMain.groovy)
	at com.kms.katalon.core.keyword.internal.KeywordMain.runKeyword(KeywordMain.groovy:68)
	at com.kms.katalon.core.webservice.keyword.builtin.VerifyElementPropertyValueKeyword.verifyElementPropertyValue(VerifyElementPropertyValueKeyword.groovy:48)
	at com.kms.katalon.core.webservice.keyword.builtin.VerifyElementPropertyValueKeyword.execute(VerifyElementPropertyValueKeyword.groovy:43)
	at com.kms.katalon.core.keyword.internal.KeywordExecutor.executeKeywordForPlatform(KeywordExecutor.groovy:56)
	at com.kms.katalon.core.webservice.keyword.WSBuiltInKeywords.verifyElementPropertyValue(WSBuiltInKeywords.groovy:123)
	at com.kms.katalon.core.webservice.keyword.WSBuiltInKeywords$verifyElementPropertyValue$0.call(Unknown Source)
	at test.run(test:28)
	at com.kms.katalon.core.main.ScriptEngine.run(ScriptEngine.java:194)
	at com.kms.katalon.core.main.ScriptEngine.runScriptAsRawText(ScriptEngine.java:119)
	at com.kms.katalon.core.main.TestCaseExecutor.runScript(TestCaseExecutor.java:336)
	at com.kms.katalon.core.main.TestCaseExecutor.doExecute(TestCaseExecutor.java:327)
	at com.kms.katalon.core.main.TestCaseExecutor.processExecutionPhase(TestCaseExecutor.java:306)
	at com.kms.katalon.core.main.TestCaseExecutor.accessMainPhase(TestCaseExecutor.java:298)
	at com.kms.katalon.core.main.TestCaseExecutor.execute(TestCaseExecutor.java:232)
	at com.kms.katalon.core.main.TestSuiteExecutor.accessTestCaseMainPhase(TestSuiteExecutor.java:129)
	at com.kms.katalon.core.main.TestSuiteExecutor.accessTestSuiteMainPhase(TestSuiteExecutor.java:112)
	at com.kms.katalon.core.main.TestSuiteExecutor.execute(TestSuiteExecutor.java:81)
	at com.kms.katalon.core.main.TestCaseMain.startTestSuite(TestCaseMain.java:157)
	at com.kms.katalon.core.main.TestCaseMain$startTestSuite$0.call(Unknown Source)
	at TempTestSuite1557941867715.run(TempTestSuite1557941867715.groovy:35)
Caused by: org.codehaus.groovy.control.MultipleCompilationErrorsException: startup failed:
Script1.groovy: 1: unexpected token: ; @ line 1, column 93.
   rseText(jsonText);return root.;
                                 ^

1 error

	at com.kms.katalon.core.webservice.helper.WebServiceCommonHelper.parseAndGetPropertyValueForJson(WebServiceCommonHelper.java:159)
	at com.kms.katalon.core.webservice.keyword.builtin.VerifyElementPropertyValueKeyword$_verifyElementPropertyValue_closure1.doCall(VerifyElementPropertyValueKeyword.groovy:52)
	at com.kms.katalon.core.webservice.keyword.builtin.VerifyElementPropertyValueKeyword$_verifyElementPropertyValue_closure1.call(VerifyElementPropertyValueKeyword.groovy)
	at com.kms.katalon.core.keyword.internal.KeywordMain.runKeyword(KeywordMain.groovy:66)
	... 19 more]]></system-err>
      </testcase>
      <testcase name="Test Cases/test" classname="Test Cases/test" status="FAILED">
         <failure type="FAILED" message="Test Cases/test FAILED.
Reason:
com.kms.katalon.core.exception.StepFailedException: Unable to verify element property value (Root cause: org.codehaus.groovy.control.MultipleCompilationErrorsException: startup failed:
Script1.groovy: 1: unexpected token: ; @ line 1, column 93.
   rseText(jsonText);return root.;
                                 ^

1 error

	at com.kms.katalon.core.webservice.helper.WebServiceCommonHelper.parseAndGetPropertyValueForJson(WebServiceCommonHelper.java:159)
	at com.kms.katalon.core.webservice.keyword.builtin.VerifyElementPropertyValueKeyword$_verifyElementPropertyValue_closure1.doCall(VerifyElementPropertyValueKeyword.groovy:52)
	at com.kms.katalon.core.webservice.keyword.builtin.VerifyElementPropertyValueKeyword$_verifyElementPropertyValue_closure1.call(VerifyElementPropertyValueKeyword.groovy)
	at com.kms.katalon.core.keyword.internal.KeywordMain.runKeyword(KeywordMain.groovy:66)
	at com.kms.katalon.core.webservice.keyword.builtin.VerifyElementPropertyValueKeyword.verifyElementPropertyValue(VerifyElementPropertyValueKeyword.groovy:48)
	at com.kms.katalon.core.webservice.keyword.builtin.VerifyElementPropertyValueKeyword.execute(VerifyElementPropertyValueKeyword.groovy:43)
	at com.kms.katalon.core.keyword.internal.KeywordExecutor.executeKeywordForPlatform(KeywordExecutor.groovy:56)
	at com.kms.katalon.core.webservice.keyword.WSBuiltInKeywords.verifyElementPropertyValue(WSBuiltInKeywords.groovy:123)
	at com.kms.katalon.core.webservice.keyword.WSBuiltInKeywords$verifyElementPropertyValue$0.call(Unknown Source)
	at test.run(test:28)
	at com.kms.katalon.core.main.ScriptEngine.run(ScriptEngine.java:194)
	at com.kms.katalon.core.main.ScriptEngine.runScriptAsRawText(ScriptEngine.java:119)
	at com.kms.katalon.core.main.TestCaseExecutor.runScript(TestCaseExecutor.java:336)
	at com.kms.katalon.core.main.TestCaseExecutor.doExecute(TestCaseExecutor.java:327)
	at com.kms.katalon.core.main.TestCaseExecutor.processExecutionPhase(TestCaseExecutor.java:306)
	at com.kms.katalon.core.main.TestCaseExecutor.accessMainPhase(TestCaseExecutor.java:298)
	at com.kms.katalon.core.main.TestCaseExecutor.execute(TestCaseExecutor.java:232)
	at com.kms.katalon.core.main.TestSuiteExecutor.accessTestCaseMainPhase(TestSuiteExecutor.java:129)
	at com.kms.katalon.core.main.TestSuiteExecutor.accessTestSuiteMainPhase(TestSuiteExecutor.java:112)
	at com.kms.katalon.core.main.TestSuiteExecutor.execute(TestSuiteExecutor.java:81)
	at com.kms.katalon.core.main.TestCaseMain.startTestSuite(TestCaseMain.java:157)
	at com.kms.katalon.core.main.TestCaseMain$startTestSuite$0.call(Unknown Source)
	at TempTestSuite1557941867715.run(TempTestSuite1557941867715.groovy:35)
)
	at com.kms.katalon.core.keyword.internal.KeywordMain.stepFailed(KeywordMain.groovy:48)
	at com.kms.katalon.core.keyword.internal.KeywordMain.stepFailed(KeywordMain.groovy)
	at com.kms.katalon.core.keyword.internal.KeywordMain.runKeyword(KeywordMain.groovy:68)
	at com.kms.katalon.core.webservice.keyword.builtin.VerifyElementPropertyValueKeyword.verifyElementPropertyValue(VerifyElementPropertyValueKeyword.groovy:48)
	at com.kms.katalon.core.webservice.keyword.builtin.VerifyElementPropertyValueKeyword.execute(VerifyElementPropertyValueKeyword.groovy:43)
	at com.kms.katalon.core.keyword.internal.KeywordExecutor.executeKeywordForPlatform(KeywordExecutor.groovy:56)
	at com.kms.katalon.core.webservice.keyword.WSBuiltInKeywords.verifyElementPropertyValue(WSBuiltInKeywords.groovy:123)
	at com.kms.katalon.core.webservice.keyword.WSBuiltInKeywords$verifyElementPropertyValue$0.call(Unknown Source)
	at test.run(test:28)
	at com.kms.katalon.core.main.ScriptEngine.run(ScriptEngine.java:194)
	at com.kms.katalon.core.main.ScriptEngine.runScriptAsRawText(ScriptEngine.java:119)
	at com.kms.katalon.core.main.TestCaseExecutor.runScript(TestCaseExecutor.java:336)
	at com.kms.katalon.core.main.TestCaseExecutor.doExecute(TestCaseExecutor.java:327)
	at com.kms.katalon.core.main.TestCaseExecutor.processExecutionPhase(TestCaseExecutor.java:306)
	at com.kms.katalon.core.main.TestCaseExecutor.accessMainPhase(TestCaseExecutor.java:298)
	at com.kms.katalon.core.main.TestCaseExecutor.execute(TestCaseExecutor.java:232)
	at com.kms.katalon.core.main.TestSuiteExecutor.accessTestCaseMainPhase(TestSuiteExecutor.java:129)
	at com.kms.katalon.core.main.TestSuiteExecutor.accessTestSuiteMainPhase(TestSuiteExecutor.java:112)
	at com.kms.katalon.core.main.TestSuiteExecutor.execute(TestSuiteExecutor.java:81)
	at com.kms.katalon.core.main.TestCaseMain.startTestSuite(TestCaseMain.java:157)
	at com.kms.katalon.core.main.TestCaseMain$startTestSuite$0.call(Unknown Source)
	at TempTestSuite1557941867715.run(TempTestSuite1557941867715.groovy:35)
Caused by: org.codehaus.groovy.control.MultipleCompilationErrorsException: startup failed:
Script1.groovy: 1: unexpected token: ; @ line 1, column 93.
   rseText(jsonText);return root.;
                                 ^

1 error

	at com.kms.katalon.core.webservice.helper.WebServiceCommonHelper.parseAndGetPropertyValueForJson(WebServiceCommonHelper.java:159)
	at com.kms.katalon.core.webservice.keyword.builtin.VerifyElementPropertyValueKeyword$_verifyElementPropertyValue_closure1.doCall(VerifyElementPropertyValueKeyword.groovy:52)
	at com.kms.katalon.core.webservice.keyword.builtin.VerifyElementPropertyValueKeyword$_verifyElementPropertyValue_closure1.call(VerifyElementPropertyValueKeyword.groovy)
	at com.kms.katalon.core.keyword.internal.KeywordMain.runKeyword(KeywordMain.groovy:66)
	... 19 more
"/>
         <system-out><![CDATA[2019-05-15 23:11:20 - [TEST_CASE][FAILED] - Test Cases/test: Test Cases/test FAILED.
Reason:
com.kms.katalon.core.exception.StepFailedException: Unable to verify element property value (Root cause: org.codehaus.groovy.control.MultipleCompilationErrorsException: startup failed:
Script1.groovy: 1: unexpected token: ; @ line 1, column 93.
   rseText(jsonText);return root.;
                                 ^

1 error

	at com.kms.katalon.core.webservice.helper.WebServiceCommonHelper.parseAndGetPropertyValueForJson(WebServiceCommonHelper.java:159)
	at com.kms.katalon.core.webservice.keyword.builtin.VerifyElementPropertyValueKeyword$_verifyElementPropertyValue_closure1.doCall(VerifyElementPropertyValueKeyword.groovy:52)
	at com.kms.katalon.core.webservice.keyword.builtin.VerifyElementPropertyValueKeyword$_verifyElementPropertyValue_closure1.call(VerifyElementPropertyValueKeyword.groovy)
	at com.kms.katalon.core.keyword.internal.KeywordMain.runKeyword(KeywordMain.groovy:66)
	at com.kms.katalon.core.webservice.keyword.builtin.VerifyElementPropertyValueKeyword.verifyElementPropertyValue(VerifyElementPropertyValueKeyword.groovy:48)
	at com.kms.katalon.core.webservice.keyword.builtin.VerifyElementPropertyValueKeyword.execute(VerifyElementPropertyValueKeyword.groovy:43)
	at com.kms.katalon.core.keyword.internal.KeywordExecutor.executeKeywordForPlatform(KeywordExecutor.groovy:56)
	at com.kms.katalon.core.webservice.keyword.WSBuiltInKeywords.verifyElementPropertyValue(WSBuiltInKeywords.groovy:123)
	at com.kms.katalon.core.webservice.keyword.WSBuiltInKeywords$verifyElementPropertyValue$0.call(Unknown Source)
	at test.run(test:28)
	at com.kms.katalon.core.main.ScriptEngine.run(ScriptEngine.java:194)
	at com.kms.katalon.core.main.ScriptEngine.runScriptAsRawText(ScriptEngine.java:119)
	at com.kms.katalon.core.main.TestCaseExecutor.runScript(TestCaseExecutor.java:336)
	at com.kms.katalon.core.main.TestCaseExecutor.doExecute(TestCaseExecutor.java:327)
	at com.kms.katalon.core.main.TestCaseExecutor.processExecutionPhase(TestCaseExecutor.java:306)
	at com.kms.katalon.core.main.TestCaseExecutor.accessMainPhase(TestCaseExecutor.java:298)
	at com.kms.katalon.core.main.TestCaseExecutor.execute(TestCaseExecutor.java:232)
	at com.kms.katalon.core.main.TestSuiteExecutor.accessTestCaseMainPhase(TestSuiteExecutor.java:129)
	at com.kms.katalon.core.main.TestSuiteExecutor.accessTestSuiteMainPhase(TestSuiteExecutor.java:112)
	at com.kms.katalon.core.main.TestSuiteExecutor.execute(TestSuiteExecutor.java:81)
	at com.kms.katalon.core.main.TestCaseMain.startTestSuite(TestCaseMain.java:157)
	at com.kms.katalon.core.main.TestCaseMain$startTestSuite$0.call(Unknown Source)
	at TempTestSuite1557941867715.run(TempTestSuite1557941867715.groovy:35)
)
	at com.kms.katalon.core.keyword.internal.KeywordMain.stepFailed(KeywordMain.groovy:48)
	at com.kms.katalon.core.keyword.internal.KeywordMain.stepFailed(KeywordMain.groovy)
	at com.kms.katalon.core.keyword.internal.KeywordMain.runKeyword(KeywordMain.groovy:68)
	at com.kms.katalon.core.webservice.keyword.builtin.VerifyElementPropertyValueKeyword.verifyElementPropertyValue(VerifyElementPropertyValueKeyword.groovy:48)
	at com.kms.katalon.core.webservice.keyword.builtin.VerifyElementPropertyValueKeyword.execute(VerifyElementPropertyValueKeyword.groovy:43)
	at com.kms.katalon.core.keyword.internal.KeywordExecutor.executeKeywordForPlatform(KeywordExecutor.groovy:56)
	at com.kms.katalon.core.webservice.keyword.WSBuiltInKeywords.verifyElementPropertyValue(WSBuiltInKeywords.groovy:123)
	at com.kms.katalon.core.webservice.keyword.WSBuiltInKeywords$verifyElementPropertyValue$0.call(Unknown Source)
	at test.run(test:28)
	at com.kms.katalon.core.main.ScriptEngine.run(ScriptEngine.java:194)
	at com.kms.katalon.core.main.ScriptEngine.runScriptAsRawText(ScriptEngine.java:119)
	at com.kms.katalon.core.main.TestCaseExecutor.runScript(TestCaseExecutor.java:336)
	at com.kms.katalon.core.main.TestCaseExecutor.doExecute(TestCaseExecutor.java:327)
	at com.kms.katalon.core.main.TestCaseExecutor.processExecutionPhase(TestCaseExecutor.java:306)
	at com.kms.katalon.core.main.TestCaseExecutor.accessMainPhase(TestCaseExecutor.java:298)
	at com.kms.katalon.core.main.TestCaseExecutor.execute(TestCaseExecutor.java:232)
	at com.kms.katalon.core.main.TestSuiteExecutor.accessTestCaseMainPhase(TestSuiteExecutor.java:129)
	at com.kms.katalon.core.main.TestSuiteExecutor.accessTestSuiteMainPhase(TestSuiteExecutor.java:112)
	at com.kms.katalon.core.main.TestSuiteExecutor.execute(TestSuiteExecutor.java:81)
	at com.kms.katalon.core.main.TestCaseMain.startTestSuite(TestCaseMain.java:157)
	at com.kms.katalon.core.main.TestCaseMain$startTestSuite$0.call(Unknown Source)
	at TempTestSuite1557941867715.run(TempTestSuite1557941867715.groovy:35)
Caused by: org.codehaus.groovy.control.MultipleCompilationErrorsException: startup failed:
Script1.groovy: 1: unexpected token: ; @ line 1, column 93.
   rseText(jsonText);return root.;
                                 ^

1 error

	at com.kms.katalon.core.webservice.helper.WebServiceCommonHelper.parseAndGetPropertyValueForJson(WebServiceCommonHelper.java:159)
	at com.kms.katalon.core.webservice.keyword.builtin.VerifyElementPropertyValueKeyword$_verifyElementPropertyValue_closure1.doCall(VerifyElementPropertyValueKeyword.groovy:52)
	at com.kms.katalon.core.webservice.keyword.builtin.VerifyElementPropertyValueKeyword$_verifyElementPropertyValue_closure1.call(VerifyElementPropertyValueKeyword.groovy)
	at com.kms.katalon.core.keyword.internal.KeywordMain.runKeyword(KeywordMain.groovy:66)
	... 19 more


2019-05-15 23:11:20 - [TEST_STEP][PASSED] - if (glnparameter == ""): null

2019-05-15 23:11:20 - [TEST_STEP][FAILED] - else: Unable to verify element property value (Root cause: org.codehaus.groovy.control.MultipleCompilationErrorsException: startup failed:
Script1.groovy: 1: unexpected token: ; @ line 1, column 93.
   rseText(jsonText);return root.;
                                 ^

1 error

	at com.kms.katalon.core.webservice.helper.WebServiceCommonHelper.parseAndGetPropertyValueForJson(WebServiceCommonHelper.java:159)
	at com.kms.katalon.core.webservice.keyword.builtin.VerifyElementPropertyValueKeyword$_verifyElementPropertyValue_closure1.doCall(VerifyElementPropertyValueKeyword.groovy:52)
	at com.kms.katalon.core.webservice.keyword.builtin.VerifyElementPropertyValueKeyword$_verifyElementPropertyValue_closure1.call(VerifyElementPropertyValueKeyword.groovy)
	at com.kms.katalon.core.keyword.internal.KeywordMain.runKeyword(KeywordMain.groovy:66)
	at com.kms.katalon.core.webservice.keyword.builtin.VerifyElementPropertyValueKeyword.verifyElementPropertyValue(VerifyElementPropertyValueKeyword.groovy:48)
	at com.kms.katalon.core.webservice.keyword.builtin.VerifyElementPropertyValueKeyword.execute(VerifyElementPropertyValueKeyword.groovy:43)
	at com.kms.katalon.core.keyword.internal.KeywordExecutor.executeKeywordForPlatform(KeywordExecutor.groovy:56)
	at com.kms.katalon.core.webservice.keyword.WSBuiltInKeywords.verifyElementPropertyValue(WSBuiltInKeywords.groovy:123)
	at com.kms.katalon.core.webservice.keyword.WSBuiltInKeywords$verifyElementPropertyValue$0.call(Unknown Source)
	at test.run(test:28)
	at com.kms.katalon.core.main.ScriptEngine.run(ScriptEngine.java:194)
	at com.kms.katalon.core.main.ScriptEngine.runScriptAsRawText(ScriptEngine.java:119)
	at com.kms.katalon.core.main.TestCaseExecutor.runScript(TestCaseExecutor.java:336)
	at com.kms.katalon.core.main.TestCaseExecutor.doExecute(TestCaseExecutor.java:327)
	at com.kms.katalon.core.main.TestCaseExecutor.processExecutionPhase(TestCaseExecutor.java:306)
	at com.kms.katalon.core.main.TestCaseExecutor.accessMainPhase(TestCaseExecutor.java:298)
	at com.kms.katalon.core.main.TestCaseExecutor.execute(TestCaseExecutor.java:232)
	at com.kms.katalon.core.main.TestSuiteExecutor.accessTestCaseMainPhase(TestSuiteExecutor.java:129)
	at com.kms.katalon.core.main.TestSuiteExecutor.accessTestSuiteMainPhase(TestSuiteExecutor.java:112)
	at com.kms.katalon.core.main.TestSuiteExecutor.execute(TestSuiteExecutor.java:81)
	at com.kms.katalon.core.main.TestCaseMain.startTestSuite(TestCaseMain.java:157)
	at com.kms.katalon.core.main.TestCaseMain$startTestSuite$0.call(Unknown Source)
	at TempTestSuite1557941867715.run(TempTestSuite1557941867715.groovy:35)
)

2019-05-15 23:11:20 - [TEST_STEP][PASSED] - storeresponse1 = sendRequestAndVerify(findTestObject("GLN Check - EOID", ["gln":glnparameter, "url":url, "body":body, "methodforcall":methodforcall])): Send request and verify the response successfully

2019-05-15 23:11:23 - [TEST_CASE][PASSED] - Start Test Case : Verification: Verification accomplished successfully

2019-05-15 23:11:23 - [TEST_STEP][PASSED] - request = getInstance().getCurrentRequest(): null

2019-05-15 23:11:23 - [TEST_STEP][PASSED] - response = getInstance().getCurrentResponse(): null

2019-05-15 23:11:23 - [MESSAGE][PASSED] - Verify response successfully

2019-05-15 23:11:23 - [MESSAGE][PASSED] - Send request and verify the response successfully

2019-05-15 23:11:23 - [TEST_STEP][PASSED] - verifyElementPropertyValue(storeresponse1, status, statuscode): Verify element property value successfully

2019-05-15 23:11:23 - [MESSAGE][PASSED] - Verify element property value successfully

2019-05-15 23:11:23 - [TEST_STEP][FAILED] - verifyElementPropertyValue(storeresponse1, messageid, messageidvalue): Unable to verify element property value (Root cause: org.codehaus.groovy.control.MultipleCompilationErrorsException: startup failed:
Script1.groovy: 1: unexpected token: ; @ line 1, column 93.
   rseText(jsonText);return root.;
                                 ^

1 error

	at com.kms.katalon.core.webservice.helper.WebServiceCommonHelper.parseAndGetPropertyValueForJson(WebServiceCommonHelper.java:159)
	at com.kms.katalon.core.webservice.keyword.builtin.VerifyElementPropertyValueKeyword$_verifyElementPropertyValue_closure1.doCall(VerifyElementPropertyValueKeyword.groovy:52)
	at com.kms.katalon.core.webservice.keyword.builtin.VerifyElementPropertyValueKeyword$_verifyElementPropertyValue_closure1.call(VerifyElementPropertyValueKeyword.groovy)
	at com.kms.katalon.core.keyword.internal.KeywordMain.runKeyword(KeywordMain.groovy:66)
	at com.kms.katalon.core.webservice.keyword.builtin.VerifyElementPropertyValueKeyword.verifyElementPropertyValue(VerifyElementPropertyValueKeyword.groovy:48)
	at com.kms.katalon.core.webservice.keyword.builtin.VerifyElementPropertyValueKeyword.execute(VerifyElementPropertyValueKeyword.groovy:43)
	at com.kms.katalon.core.keyword.internal.KeywordExecutor.executeKeywordForPlatform(KeywordExecutor.groovy:56)
	at com.kms.katalon.core.webservice.keyword.WSBuiltInKeywords.verifyElementPropertyValue(WSBuiltInKeywords.groovy:123)
	at com.kms.katalon.core.webservice.keyword.WSBuiltInKeywords$verifyElementPropertyValue$0.call(Unknown Source)
	at test.run(test:28)
	at com.kms.katalon.core.main.ScriptEngine.run(ScriptEngine.java:194)
	at com.kms.katalon.core.main.ScriptEngine.runScriptAsRawText(ScriptEngine.java:119)
	at com.kms.katalon.core.main.TestCaseExecutor.runScript(TestCaseExecutor.java:336)
	at com.kms.katalon.core.main.TestCaseExecutor.doExecute(TestCaseExecutor.java:327)
	at com.kms.katalon.core.main.TestCaseExecutor.processExecutionPhase(TestCaseExecutor.java:306)
	at com.kms.katalon.core.main.TestCaseExecutor.accessMainPhase(TestCaseExecutor.java:298)
	at com.kms.katalon.core.main.TestCaseExecutor.execute(TestCaseExecutor.java:232)
	at com.kms.katalon.core.main.TestSuiteExecutor.accessTestCaseMainPhase(TestSuiteExecutor.java:129)
	at com.kms.katalon.core.main.TestSuiteExecutor.accessTestSuiteMainPhase(TestSuiteExecutor.java:112)
	at com.kms.katalon.core.main.TestSuiteExecutor.execute(TestSuiteExecutor.java:81)
	at com.kms.katalon.core.main.TestCaseMain.startTestSuite(TestCaseMain.java:157)
	at com.kms.katalon.core.main.TestCaseMain$startTestSuite$0.call(Unknown Source)
	at TempTestSuite1557941867715.run(TempTestSuite1557941867715.groovy:35)
)

2019-05-15 23:11:23 - [MESSAGE][FAILED] - Unable to verify element property value (Root cause: org.codehaus.groovy.control.MultipleCompilationErrorsException: startup failed:
Script1.groovy: 1: unexpected token: ; @ line 1, column 93.
   rseText(jsonText);return root.;
                                 ^

1 error

	at com.kms.katalon.core.webservice.helper.WebServiceCommonHelper.parseAndGetPropertyValueForJson(WebServiceCommonHelper.java:159)
	at com.kms.katalon.core.webservice.keyword.builtin.VerifyElementPropertyValueKeyword$_verifyElementPropertyValue_closure1.doCall(VerifyElementPropertyValueKeyword.groovy:52)
	at com.kms.katalon.core.webservice.keyword.builtin.VerifyElementPropertyValueKeyword$_verifyElementPropertyValue_closure1.call(VerifyElementPropertyValueKeyword.groovy)
	at com.kms.katalon.core.keyword.internal.KeywordMain.runKeyword(KeywordMain.groovy:66)
	at com.kms.katalon.core.webservice.keyword.builtin.VerifyElementPropertyValueKeyword.verifyElementPropertyValue(VerifyElementPropertyValueKeyword.groovy:48)
	at com.kms.katalon.core.webservice.keyword.builtin.VerifyElementPropertyValueKeyword.execute(VerifyElementPropertyValueKeyword.groovy:43)
	at com.kms.katalon.core.keyword.internal.KeywordExecutor.executeKeywordForPlatform(KeywordExecutor.groovy:56)
	at com.kms.katalon.core.webservice.keyword.WSBuiltInKeywords.verifyElementPropertyValue(WSBuiltInKeywords.groovy:123)
	at com.kms.katalon.core.webservice.keyword.WSBuiltInKeywords$verifyElementPropertyValue$0.call(Unknown Source)
	at test.run(test:28)
	at com.kms.katalon.core.main.ScriptEngine.run(ScriptEngine.java:194)
	at com.kms.katalon.core.main.ScriptEngine.runScriptAsRawText(ScriptEngine.java:119)
	at com.kms.katalon.core.main.TestCaseExecutor.runScript(TestCaseExecutor.java:336)
	at com.kms.katalon.core.main.TestCaseExecutor.doExecute(TestCaseExecutor.java:327)
	at com.kms.katalon.core.main.TestCaseExecutor.processExecutionPhase(TestCaseExecutor.java:306)
	at com.kms.katalon.core.main.TestCaseExecutor.accessMainPhase(TestCaseExecutor.java:298)
	at com.kms.katalon.core.main.TestCaseExecutor.execute(TestCaseExecutor.java:232)
	at com.kms.katalon.core.main.TestSuiteExecutor.accessTestCaseMainPhase(TestSuiteExecutor.java:129)
	at com.kms.katalon.core.main.TestSuiteExecutor.accessTestSuiteMainPhase(TestSuiteExecutor.java:112)
	at com.kms.katalon.core.main.TestSuiteExecutor.execute(TestSuiteExecutor.java:81)
	at com.kms.katalon.core.main.TestCaseMain.startTestSuite(TestCaseMain.java:157)
	at com.kms.katalon.core.main.TestCaseMain$startTestSuite$0.call(Unknown Source)
	at TempTestSuite1557941867715.run(TempTestSuite1557941867715.groovy:35)
)]]></system-out>
         <system-err><![CDATA[2019-05-15 23:11:20 - [TEST_CASE][FAILED] - Test Cases/test: Test Cases/test FAILED.
Reason:
com.kms.katalon.core.exception.StepFailedException: Unable to verify element property value (Root cause: org.codehaus.groovy.control.MultipleCompilationErrorsException: startup failed:
Script1.groovy: 1: unexpected token: ; @ line 1, column 93.
   rseText(jsonText);return root.;
                                 ^

1 error

	at com.kms.katalon.core.webservice.helper.WebServiceCommonHelper.parseAndGetPropertyValueForJson(WebServiceCommonHelper.java:159)
	at com.kms.katalon.core.webservice.keyword.builtin.VerifyElementPropertyValueKeyword$_verifyElementPropertyValue_closure1.doCall(VerifyElementPropertyValueKeyword.groovy:52)
	at com.kms.katalon.core.webservice.keyword.builtin.VerifyElementPropertyValueKeyword$_verifyElementPropertyValue_closure1.call(VerifyElementPropertyValueKeyword.groovy)
	at com.kms.katalon.core.keyword.internal.KeywordMain.runKeyword(KeywordMain.groovy:66)
	at com.kms.katalon.core.webservice.keyword.builtin.VerifyElementPropertyValueKeyword.verifyElementPropertyValue(VerifyElementPropertyValueKeyword.groovy:48)
	at com.kms.katalon.core.webservice.keyword.builtin.VerifyElementPropertyValueKeyword.execute(VerifyElementPropertyValueKeyword.groovy:43)
	at com.kms.katalon.core.keyword.internal.KeywordExecutor.executeKeywordForPlatform(KeywordExecutor.groovy:56)
	at com.kms.katalon.core.webservice.keyword.WSBuiltInKeywords.verifyElementPropertyValue(WSBuiltInKeywords.groovy:123)
	at com.kms.katalon.core.webservice.keyword.WSBuiltInKeywords$verifyElementPropertyValue$0.call(Unknown Source)
	at test.run(test:28)
	at com.kms.katalon.core.main.ScriptEngine.run(ScriptEngine.java:194)
	at com.kms.katalon.core.main.ScriptEngine.runScriptAsRawText(ScriptEngine.java:119)
	at com.kms.katalon.core.main.TestCaseExecutor.runScript(TestCaseExecutor.java:336)
	at com.kms.katalon.core.main.TestCaseExecutor.doExecute(TestCaseExecutor.java:327)
	at com.kms.katalon.core.main.TestCaseExecutor.processExecutionPhase(TestCaseExecutor.java:306)
	at com.kms.katalon.core.main.TestCaseExecutor.accessMainPhase(TestCaseExecutor.java:298)
	at com.kms.katalon.core.main.TestCaseExecutor.execute(TestCaseExecutor.java:232)
	at com.kms.katalon.core.main.TestSuiteExecutor.accessTestCaseMainPhase(TestSuiteExecutor.java:129)
	at com.kms.katalon.core.main.TestSuiteExecutor.accessTestSuiteMainPhase(TestSuiteExecutor.java:112)
	at com.kms.katalon.core.main.TestSuiteExecutor.execute(TestSuiteExecutor.java:81)
	at com.kms.katalon.core.main.TestCaseMain.startTestSuite(TestCaseMain.java:157)
	at com.kms.katalon.core.main.TestCaseMain$startTestSuite$0.call(Unknown Source)
	at TempTestSuite1557941867715.run(TempTestSuite1557941867715.groovy:35)
)
	at com.kms.katalon.core.keyword.internal.KeywordMain.stepFailed(KeywordMain.groovy:48)
	at com.kms.katalon.core.keyword.internal.KeywordMain.stepFailed(KeywordMain.groovy)
	at com.kms.katalon.core.keyword.internal.KeywordMain.runKeyword(KeywordMain.groovy:68)
	at com.kms.katalon.core.webservice.keyword.builtin.VerifyElementPropertyValueKeyword.verifyElementPropertyValue(VerifyElementPropertyValueKeyword.groovy:48)
	at com.kms.katalon.core.webservice.keyword.builtin.VerifyElementPropertyValueKeyword.execute(VerifyElementPropertyValueKeyword.groovy:43)
	at com.kms.katalon.core.keyword.internal.KeywordExecutor.executeKeywordForPlatform(KeywordExecutor.groovy:56)
	at com.kms.katalon.core.webservice.keyword.WSBuiltInKeywords.verifyElementPropertyValue(WSBuiltInKeywords.groovy:123)
	at com.kms.katalon.core.webservice.keyword.WSBuiltInKeywords$verifyElementPropertyValue$0.call(Unknown Source)
	at test.run(test:28)
	at com.kms.katalon.core.main.ScriptEngine.run(ScriptEngine.java:194)
	at com.kms.katalon.core.main.ScriptEngine.runScriptAsRawText(ScriptEngine.java:119)
	at com.kms.katalon.core.main.TestCaseExecutor.runScript(TestCaseExecutor.java:336)
	at com.kms.katalon.core.main.TestCaseExecutor.doExecute(TestCaseExecutor.java:327)
	at com.kms.katalon.core.main.TestCaseExecutor.processExecutionPhase(TestCaseExecutor.java:306)
	at com.kms.katalon.core.main.TestCaseExecutor.accessMainPhase(TestCaseExecutor.java:298)
	at com.kms.katalon.core.main.TestCaseExecutor.execute(TestCaseExecutor.java:232)
	at com.kms.katalon.core.main.TestSuiteExecutor.accessTestCaseMainPhase(TestSuiteExecutor.java:129)
	at com.kms.katalon.core.main.TestSuiteExecutor.accessTestSuiteMainPhase(TestSuiteExecutor.java:112)
	at com.kms.katalon.core.main.TestSuiteExecutor.execute(TestSuiteExecutor.java:81)
	at com.kms.katalon.core.main.TestCaseMain.startTestSuite(TestCaseMain.java:157)
	at com.kms.katalon.core.main.TestCaseMain$startTestSuite$0.call(Unknown Source)
	at TempTestSuite1557941867715.run(TempTestSuite1557941867715.groovy:35)
Caused by: org.codehaus.groovy.control.MultipleCompilationErrorsException: startup failed:
Script1.groovy: 1: unexpected token: ; @ line 1, column 93.
   rseText(jsonText);return root.;
                                 ^

1 error

	at com.kms.katalon.core.webservice.helper.WebServiceCommonHelper.parseAndGetPropertyValueForJson(WebServiceCommonHelper.java:159)
	at com.kms.katalon.core.webservice.keyword.builtin.VerifyElementPropertyValueKeyword$_verifyElementPropertyValue_closure1.doCall(VerifyElementPropertyValueKeyword.groovy:52)
	at com.kms.katalon.core.webservice.keyword.builtin.VerifyElementPropertyValueKeyword$_verifyElementPropertyValue_closure1.call(VerifyElementPropertyValueKeyword.groovy)
	at com.kms.katalon.core.keyword.internal.KeywordMain.runKeyword(KeywordMain.groovy:66)
	... 19 more]]></system-err>
      </testcase>
      <testcase name="Test Cases/test" classname="Test Cases/test" status="FAILED">
         <failure type="FAILED" message="Test Cases/test FAILED.
Reason:
com.kms.katalon.core.exception.StepFailedException: Unable to verify element property value (Root cause: org.codehaus.groovy.control.MultipleCompilationErrorsException: startup failed:
Script1.groovy: 1: unexpected token: ; @ line 1, column 93.
   rseText(jsonText);return root.;
                                 ^

1 error

	at com.kms.katalon.core.webservice.helper.WebServiceCommonHelper.parseAndGetPropertyValueForJson(WebServiceCommonHelper.java:159)
	at com.kms.katalon.core.webservice.keyword.builtin.VerifyElementPropertyValueKeyword$_verifyElementPropertyValue_closure1.doCall(VerifyElementPropertyValueKeyword.groovy:52)
	at com.kms.katalon.core.webservice.keyword.builtin.VerifyElementPropertyValueKeyword$_verifyElementPropertyValue_closure1.call(VerifyElementPropertyValueKeyword.groovy)
	at com.kms.katalon.core.keyword.internal.KeywordMain.runKeyword(KeywordMain.groovy:66)
	at com.kms.katalon.core.webservice.keyword.builtin.VerifyElementPropertyValueKeyword.verifyElementPropertyValue(VerifyElementPropertyValueKeyword.groovy:48)
	at com.kms.katalon.core.webservice.keyword.builtin.VerifyElementPropertyValueKeyword.execute(VerifyElementPropertyValueKeyword.groovy:43)
	at com.kms.katalon.core.keyword.internal.KeywordExecutor.executeKeywordForPlatform(KeywordExecutor.groovy:56)
	at com.kms.katalon.core.webservice.keyword.WSBuiltInKeywords.verifyElementPropertyValue(WSBuiltInKeywords.groovy:123)
	at com.kms.katalon.core.webservice.keyword.WSBuiltInKeywords$verifyElementPropertyValue$0.call(Unknown Source)
	at test.run(test:28)
	at com.kms.katalon.core.main.ScriptEngine.run(ScriptEngine.java:194)
	at com.kms.katalon.core.main.ScriptEngine.runScriptAsRawText(ScriptEngine.java:119)
	at com.kms.katalon.core.main.TestCaseExecutor.runScript(TestCaseExecutor.java:336)
	at com.kms.katalon.core.main.TestCaseExecutor.doExecute(TestCaseExecutor.java:327)
	at com.kms.katalon.core.main.TestCaseExecutor.processExecutionPhase(TestCaseExecutor.java:306)
	at com.kms.katalon.core.main.TestCaseExecutor.accessMainPhase(TestCaseExecutor.java:298)
	at com.kms.katalon.core.main.TestCaseExecutor.execute(TestCaseExecutor.java:232)
	at com.kms.katalon.core.main.TestSuiteExecutor.accessTestCaseMainPhase(TestSuiteExecutor.java:129)
	at com.kms.katalon.core.main.TestSuiteExecutor.accessTestSuiteMainPhase(TestSuiteExecutor.java:112)
	at com.kms.katalon.core.main.TestSuiteExecutor.execute(TestSuiteExecutor.java:81)
	at com.kms.katalon.core.main.TestCaseMain.startTestSuite(TestCaseMain.java:157)
	at com.kms.katalon.core.main.TestCaseMain$startTestSuite$0.call(Unknown Source)
	at TempTestSuite1557941867715.run(TempTestSuite1557941867715.groovy:35)
)
	at com.kms.katalon.core.keyword.internal.KeywordMain.stepFailed(KeywordMain.groovy:48)
	at com.kms.katalon.core.keyword.internal.KeywordMain.stepFailed(KeywordMain.groovy)
	at com.kms.katalon.core.keyword.internal.KeywordMain.runKeyword(KeywordMain.groovy:68)
	at com.kms.katalon.core.webservice.keyword.builtin.VerifyElementPropertyValueKeyword.verifyElementPropertyValue(VerifyElementPropertyValueKeyword.groovy:48)
	at com.kms.katalon.core.webservice.keyword.builtin.VerifyElementPropertyValueKeyword.execute(VerifyElementPropertyValueKeyword.groovy:43)
	at com.kms.katalon.core.keyword.internal.KeywordExecutor.executeKeywordForPlatform(KeywordExecutor.groovy:56)
	at com.kms.katalon.core.webservice.keyword.WSBuiltInKeywords.verifyElementPropertyValue(WSBuiltInKeywords.groovy:123)
	at com.kms.katalon.core.webservice.keyword.WSBuiltInKeywords$verifyElementPropertyValue$0.call(Unknown Source)
	at test.run(test:28)
	at com.kms.katalon.core.main.ScriptEngine.run(ScriptEngine.java:194)
	at com.kms.katalon.core.main.ScriptEngine.runScriptAsRawText(ScriptEngine.java:119)
	at com.kms.katalon.core.main.TestCaseExecutor.runScript(TestCaseExecutor.java:336)
	at com.kms.katalon.core.main.TestCaseExecutor.doExecute(TestCaseExecutor.java:327)
	at com.kms.katalon.core.main.TestCaseExecutor.processExecutionPhase(TestCaseExecutor.java:306)
	at com.kms.katalon.core.main.TestCaseExecutor.accessMainPhase(TestCaseExecutor.java:298)
	at com.kms.katalon.core.main.TestCaseExecutor.execute(TestCaseExecutor.java:232)
	at com.kms.katalon.core.main.TestSuiteExecutor.accessTestCaseMainPhase(TestSuiteExecutor.java:129)
	at com.kms.katalon.core.main.TestSuiteExecutor.accessTestSuiteMainPhase(TestSuiteExecutor.java:112)
	at com.kms.katalon.core.main.TestSuiteExecutor.execute(TestSuiteExecutor.java:81)
	at com.kms.katalon.core.main.TestCaseMain.startTestSuite(TestCaseMain.java:157)
	at com.kms.katalon.core.main.TestCaseMain$startTestSuite$0.call(Unknown Source)
	at TempTestSuite1557941867715.run(TempTestSuite1557941867715.groovy:35)
Caused by: org.codehaus.groovy.control.MultipleCompilationErrorsException: startup failed:
Script1.groovy: 1: unexpected token: ; @ line 1, column 93.
   rseText(jsonText);return root.;
                                 ^

1 error

	at com.kms.katalon.core.webservice.helper.WebServiceCommonHelper.parseAndGetPropertyValueForJson(WebServiceCommonHelper.java:159)
	at com.kms.katalon.core.webservice.keyword.builtin.VerifyElementPropertyValueKeyword$_verifyElementPropertyValue_closure1.doCall(VerifyElementPropertyValueKeyword.groovy:52)
	at com.kms.katalon.core.webservice.keyword.builtin.VerifyElementPropertyValueKeyword$_verifyElementPropertyValue_closure1.call(VerifyElementPropertyValueKeyword.groovy)
	at com.kms.katalon.core.keyword.internal.KeywordMain.runKeyword(KeywordMain.groovy:66)
	... 19 more
"/>
         <system-out><![CDATA[2019-05-15 23:11:23 - [TEST_CASE][FAILED] - Test Cases/test: Test Cases/test FAILED.
Reason:
com.kms.katalon.core.exception.StepFailedException: Unable to verify element property value (Root cause: org.codehaus.groovy.control.MultipleCompilationErrorsException: startup failed:
Script1.groovy: 1: unexpected token: ; @ line 1, column 93.
   rseText(jsonText);return root.;
                                 ^

1 error

	at com.kms.katalon.core.webservice.helper.WebServiceCommonHelper.parseAndGetPropertyValueForJson(WebServiceCommonHelper.java:159)
	at com.kms.katalon.core.webservice.keyword.builtin.VerifyElementPropertyValueKeyword$_verifyElementPropertyValue_closure1.doCall(VerifyElementPropertyValueKeyword.groovy:52)
	at com.kms.katalon.core.webservice.keyword.builtin.VerifyElementPropertyValueKeyword$_verifyElementPropertyValue_closure1.call(VerifyElementPropertyValueKeyword.groovy)
	at com.kms.katalon.core.keyword.internal.KeywordMain.runKeyword(KeywordMain.groovy:66)
	at com.kms.katalon.core.webservice.keyword.builtin.VerifyElementPropertyValueKeyword.verifyElementPropertyValue(VerifyElementPropertyValueKeyword.groovy:48)
	at com.kms.katalon.core.webservice.keyword.builtin.VerifyElementPropertyValueKeyword.execute(VerifyElementPropertyValueKeyword.groovy:43)
	at com.kms.katalon.core.keyword.internal.KeywordExecutor.executeKeywordForPlatform(KeywordExecutor.groovy:56)
	at com.kms.katalon.core.webservice.keyword.WSBuiltInKeywords.verifyElementPropertyValue(WSBuiltInKeywords.groovy:123)
	at com.kms.katalon.core.webservice.keyword.WSBuiltInKeywords$verifyElementPropertyValue$0.call(Unknown Source)
	at test.run(test:28)
	at com.kms.katalon.core.main.ScriptEngine.run(ScriptEngine.java:194)
	at com.kms.katalon.core.main.ScriptEngine.runScriptAsRawText(ScriptEngine.java:119)
	at com.kms.katalon.core.main.TestCaseExecutor.runScript(TestCaseExecutor.java:336)
	at com.kms.katalon.core.main.TestCaseExecutor.doExecute(TestCaseExecutor.java:327)
	at com.kms.katalon.core.main.TestCaseExecutor.processExecutionPhase(TestCaseExecutor.java:306)
	at com.kms.katalon.core.main.TestCaseExecutor.accessMainPhase(TestCaseExecutor.java:298)
	at com.kms.katalon.core.main.TestCaseExecutor.execute(TestCaseExecutor.java:232)
	at com.kms.katalon.core.main.TestSuiteExecutor.accessTestCaseMainPhase(TestSuiteExecutor.java:129)
	at com.kms.katalon.core.main.TestSuiteExecutor.accessTestSuiteMainPhase(TestSuiteExecutor.java:112)
	at com.kms.katalon.core.main.TestSuiteExecutor.execute(TestSuiteExecutor.java:81)
	at com.kms.katalon.core.main.TestCaseMain.startTestSuite(TestCaseMain.java:157)
	at com.kms.katalon.core.main.TestCaseMain$startTestSuite$0.call(Unknown Source)
	at TempTestSuite1557941867715.run(TempTestSuite1557941867715.groovy:35)
)
	at com.kms.katalon.core.keyword.internal.KeywordMain.stepFailed(KeywordMain.groovy:48)
	at com.kms.katalon.core.keyword.internal.KeywordMain.stepFailed(KeywordMain.groovy)
	at com.kms.katalon.core.keyword.internal.KeywordMain.runKeyword(KeywordMain.groovy:68)
	at com.kms.katalon.core.webservice.keyword.builtin.VerifyElementPropertyValueKeyword.verifyElementPropertyValue(VerifyElementPropertyValueKeyword.groovy:48)
	at com.kms.katalon.core.webservice.keyword.builtin.VerifyElementPropertyValueKeyword.execute(VerifyElementPropertyValueKeyword.groovy:43)
	at com.kms.katalon.core.keyword.internal.KeywordExecutor.executeKeywordForPlatform(KeywordExecutor.groovy:56)
	at com.kms.katalon.core.webservice.keyword.WSBuiltInKeywords.verifyElementPropertyValue(WSBuiltInKeywords.groovy:123)
	at com.kms.katalon.core.webservice.keyword.WSBuiltInKeywords$verifyElementPropertyValue$0.call(Unknown Source)
	at test.run(test:28)
	at com.kms.katalon.core.main.ScriptEngine.run(ScriptEngine.java:194)
	at com.kms.katalon.core.main.ScriptEngine.runScriptAsRawText(ScriptEngine.java:119)
	at com.kms.katalon.core.main.TestCaseExecutor.runScript(TestCaseExecutor.java:336)
	at com.kms.katalon.core.main.TestCaseExecutor.doExecute(TestCaseExecutor.java:327)
	at com.kms.katalon.core.main.TestCaseExecutor.processExecutionPhase(TestCaseExecutor.java:306)
	at com.kms.katalon.core.main.TestCaseExecutor.accessMainPhase(TestCaseExecutor.java:298)
	at com.kms.katalon.core.main.TestCaseExecutor.execute(TestCaseExecutor.java:232)
	at com.kms.katalon.core.main.TestSuiteExecutor.accessTestCaseMainPhase(TestSuiteExecutor.java:129)
	at com.kms.katalon.core.main.TestSuiteExecutor.accessTestSuiteMainPhase(TestSuiteExecutor.java:112)
	at com.kms.katalon.core.main.TestSuiteExecutor.execute(TestSuiteExecutor.java:81)
	at com.kms.katalon.core.main.TestCaseMain.startTestSuite(TestCaseMain.java:157)
	at com.kms.katalon.core.main.TestCaseMain$startTestSuite$0.call(Unknown Source)
	at TempTestSuite1557941867715.run(TempTestSuite1557941867715.groovy:35)
Caused by: org.codehaus.groovy.control.MultipleCompilationErrorsException: startup failed:
Script1.groovy: 1: unexpected token: ; @ line 1, column 93.
   rseText(jsonText);return root.;
                                 ^

1 error

	at com.kms.katalon.core.webservice.helper.WebServiceCommonHelper.parseAndGetPropertyValueForJson(WebServiceCommonHelper.java:159)
	at com.kms.katalon.core.webservice.keyword.builtin.VerifyElementPropertyValueKeyword$_verifyElementPropertyValue_closure1.doCall(VerifyElementPropertyValueKeyword.groovy:52)
	at com.kms.katalon.core.webservice.keyword.builtin.VerifyElementPropertyValueKeyword$_verifyElementPropertyValue_closure1.call(VerifyElementPropertyValueKeyword.groovy)
	at com.kms.katalon.core.keyword.internal.KeywordMain.runKeyword(KeywordMain.groovy:66)
	... 19 more


2019-05-15 23:11:23 - [TEST_STEP][PASSED] - if (glnparameter == ""): null

2019-05-15 23:11:23 - [TEST_STEP][FAILED] - else: Unable to verify element property value (Root cause: org.codehaus.groovy.control.MultipleCompilationErrorsException: startup failed:
Script1.groovy: 1: unexpected token: ; @ line 1, column 93.
   rseText(jsonText);return root.;
                                 ^

1 error

	at com.kms.katalon.core.webservice.helper.WebServiceCommonHelper.parseAndGetPropertyValueForJson(WebServiceCommonHelper.java:159)
	at com.kms.katalon.core.webservice.keyword.builtin.VerifyElementPropertyValueKeyword$_verifyElementPropertyValue_closure1.doCall(VerifyElementPropertyValueKeyword.groovy:52)
	at com.kms.katalon.core.webservice.keyword.builtin.VerifyElementPropertyValueKeyword$_verifyElementPropertyValue_closure1.call(VerifyElementPropertyValueKeyword.groovy)
	at com.kms.katalon.core.keyword.internal.KeywordMain.runKeyword(KeywordMain.groovy:66)
	at com.kms.katalon.core.webservice.keyword.builtin.VerifyElementPropertyValueKeyword.verifyElementPropertyValue(VerifyElementPropertyValueKeyword.groovy:48)
	at com.kms.katalon.core.webservice.keyword.builtin.VerifyElementPropertyValueKeyword.execute(VerifyElementPropertyValueKeyword.groovy:43)
	at com.kms.katalon.core.keyword.internal.KeywordExecutor.executeKeywordForPlatform(KeywordExecutor.groovy:56)
	at com.kms.katalon.core.webservice.keyword.WSBuiltInKeywords.verifyElementPropertyValue(WSBuiltInKeywords.groovy:123)
	at com.kms.katalon.core.webservice.keyword.WSBuiltInKeywords$verifyElementPropertyValue$0.call(Unknown Source)
	at test.run(test:28)
	at com.kms.katalon.core.main.ScriptEngine.run(ScriptEngine.java:194)
	at com.kms.katalon.core.main.ScriptEngine.runScriptAsRawText(ScriptEngine.java:119)
	at com.kms.katalon.core.main.TestCaseExecutor.runScript(TestCaseExecutor.java:336)
	at com.kms.katalon.core.main.TestCaseExecutor.doExecute(TestCaseExecutor.java:327)
	at com.kms.katalon.core.main.TestCaseExecutor.processExecutionPhase(TestCaseExecutor.java:306)
	at com.kms.katalon.core.main.TestCaseExecutor.accessMainPhase(TestCaseExecutor.java:298)
	at com.kms.katalon.core.main.TestCaseExecutor.execute(TestCaseExecutor.java:232)
	at com.kms.katalon.core.main.TestSuiteExecutor.accessTestCaseMainPhase(TestSuiteExecutor.java:129)
	at com.kms.katalon.core.main.TestSuiteExecutor.accessTestSuiteMainPhase(TestSuiteExecutor.java:112)
	at com.kms.katalon.core.main.TestSuiteExecutor.execute(TestSuiteExecutor.java:81)
	at com.kms.katalon.core.main.TestCaseMain.startTestSuite(TestCaseMain.java:157)
	at com.kms.katalon.core.main.TestCaseMain$startTestSuite$0.call(Unknown Source)
	at TempTestSuite1557941867715.run(TempTestSuite1557941867715.groovy:35)
)

2019-05-15 23:11:23 - [TEST_STEP][PASSED] - storeresponse1 = sendRequestAndVerify(findTestObject("GLN Check - EOID", ["gln":glnparameter, "url":url, "body":body, "methodforcall":methodforcall])): Send request and verify the response successfully

2019-05-15 23:11:26 - [TEST_CASE][PASSED] - Start Test Case : Verification: Verification accomplished successfully

2019-05-15 23:11:26 - [TEST_STEP][PASSED] - request = getInstance().getCurrentRequest(): null

2019-05-15 23:11:26 - [TEST_STEP][PASSED] - response = getInstance().getCurrentResponse(): null

2019-05-15 23:11:26 - [MESSAGE][PASSED] - Verify response successfully

2019-05-15 23:11:26 - [MESSAGE][PASSED] - Send request and verify the response successfully

2019-05-15 23:11:26 - [TEST_STEP][PASSED] - verifyElementPropertyValue(storeresponse1, status, statuscode): Verify element property value successfully

2019-05-15 23:11:26 - [MESSAGE][PASSED] - Verify element property value successfully

2019-05-15 23:11:26 - [TEST_STEP][FAILED] - verifyElementPropertyValue(storeresponse1, messageid, messageidvalue): Unable to verify element property value (Root cause: org.codehaus.groovy.control.MultipleCompilationErrorsException: startup failed:
Script1.groovy: 1: unexpected token: ; @ line 1, column 93.
   rseText(jsonText);return root.;
                                 ^

1 error

	at com.kms.katalon.core.webservice.helper.WebServiceCommonHelper.parseAndGetPropertyValueForJson(WebServiceCommonHelper.java:159)
	at com.kms.katalon.core.webservice.keyword.builtin.VerifyElementPropertyValueKeyword$_verifyElementPropertyValue_closure1.doCall(VerifyElementPropertyValueKeyword.groovy:52)
	at com.kms.katalon.core.webservice.keyword.builtin.VerifyElementPropertyValueKeyword$_verifyElementPropertyValue_closure1.call(VerifyElementPropertyValueKeyword.groovy)
	at com.kms.katalon.core.keyword.internal.KeywordMain.runKeyword(KeywordMain.groovy:66)
	at com.kms.katalon.core.webservice.keyword.builtin.VerifyElementPropertyValueKeyword.verifyElementPropertyValue(VerifyElementPropertyValueKeyword.groovy:48)
	at com.kms.katalon.core.webservice.keyword.builtin.VerifyElementPropertyValueKeyword.execute(VerifyElementPropertyValueKeyword.groovy:43)
	at com.kms.katalon.core.keyword.internal.KeywordExecutor.executeKeywordForPlatform(KeywordExecutor.groovy:56)
	at com.kms.katalon.core.webservice.keyword.WSBuiltInKeywords.verifyElementPropertyValue(WSBuiltInKeywords.groovy:123)
	at com.kms.katalon.core.webservice.keyword.WSBuiltInKeywords$verifyElementPropertyValue$0.call(Unknown Source)
	at test.run(test:28)
	at com.kms.katalon.core.main.ScriptEngine.run(ScriptEngine.java:194)
	at com.kms.katalon.core.main.ScriptEngine.runScriptAsRawText(ScriptEngine.java:119)
	at com.kms.katalon.core.main.TestCaseExecutor.runScript(TestCaseExecutor.java:336)
	at com.kms.katalon.core.main.TestCaseExecutor.doExecute(TestCaseExecutor.java:327)
	at com.kms.katalon.core.main.TestCaseExecutor.processExecutionPhase(TestCaseExecutor.java:306)
	at com.kms.katalon.core.main.TestCaseExecutor.accessMainPhase(TestCaseExecutor.java:298)
	at com.kms.katalon.core.main.TestCaseExecutor.execute(TestCaseExecutor.java:232)
	at com.kms.katalon.core.main.TestSuiteExecutor.accessTestCaseMainPhase(TestSuiteExecutor.java:129)
	at com.kms.katalon.core.main.TestSuiteExecutor.accessTestSuiteMainPhase(TestSuiteExecutor.java:112)
	at com.kms.katalon.core.main.TestSuiteExecutor.execute(TestSuiteExecutor.java:81)
	at com.kms.katalon.core.main.TestCaseMain.startTestSuite(TestCaseMain.java:157)
	at com.kms.katalon.core.main.TestCaseMain$startTestSuite$0.call(Unknown Source)
	at TempTestSuite1557941867715.run(TempTestSuite1557941867715.groovy:35)
)

2019-05-15 23:11:26 - [MESSAGE][FAILED] - Unable to verify element property value (Root cause: org.codehaus.groovy.control.MultipleCompilationErrorsException: startup failed:
Script1.groovy: 1: unexpected token: ; @ line 1, column 93.
   rseText(jsonText);return root.;
                                 ^

1 error

	at com.kms.katalon.core.webservice.helper.WebServiceCommonHelper.parseAndGetPropertyValueForJson(WebServiceCommonHelper.java:159)
	at com.kms.katalon.core.webservice.keyword.builtin.VerifyElementPropertyValueKeyword$_verifyElementPropertyValue_closure1.doCall(VerifyElementPropertyValueKeyword.groovy:52)
	at com.kms.katalon.core.webservice.keyword.builtin.VerifyElementPropertyValueKeyword$_verifyElementPropertyValue_closure1.call(VerifyElementPropertyValueKeyword.groovy)
	at com.kms.katalon.core.keyword.internal.KeywordMain.runKeyword(KeywordMain.groovy:66)
	at com.kms.katalon.core.webservice.keyword.builtin.VerifyElementPropertyValueKeyword.verifyElementPropertyValue(VerifyElementPropertyValueKeyword.groovy:48)
	at com.kms.katalon.core.webservice.keyword.builtin.VerifyElementPropertyValueKeyword.execute(VerifyElementPropertyValueKeyword.groovy:43)
	at com.kms.katalon.core.keyword.internal.KeywordExecutor.executeKeywordForPlatform(KeywordExecutor.groovy:56)
	at com.kms.katalon.core.webservice.keyword.WSBuiltInKeywords.verifyElementPropertyValue(WSBuiltInKeywords.groovy:123)
	at com.kms.katalon.core.webservice.keyword.WSBuiltInKeywords$verifyElementPropertyValue$0.call(Unknown Source)
	at test.run(test:28)
	at com.kms.katalon.core.main.ScriptEngine.run(ScriptEngine.java:194)
	at com.kms.katalon.core.main.ScriptEngine.runScriptAsRawText(ScriptEngine.java:119)
	at com.kms.katalon.core.main.TestCaseExecutor.runScript(TestCaseExecutor.java:336)
	at com.kms.katalon.core.main.TestCaseExecutor.doExecute(TestCaseExecutor.java:327)
	at com.kms.katalon.core.main.TestCaseExecutor.processExecutionPhase(TestCaseExecutor.java:306)
	at com.kms.katalon.core.main.TestCaseExecutor.accessMainPhase(TestCaseExecutor.java:298)
	at com.kms.katalon.core.main.TestCaseExecutor.execute(TestCaseExecutor.java:232)
	at com.kms.katalon.core.main.TestSuiteExecutor.accessTestCaseMainPhase(TestSuiteExecutor.java:129)
	at com.kms.katalon.core.main.TestSuiteExecutor.accessTestSuiteMainPhase(TestSuiteExecutor.java:112)
	at com.kms.katalon.core.main.TestSuiteExecutor.execute(TestSuiteExecutor.java:81)
	at com.kms.katalon.core.main.TestCaseMain.startTestSuite(TestCaseMain.java:157)
	at com.kms.katalon.core.main.TestCaseMain$startTestSuite$0.call(Unknown Source)
	at TempTestSuite1557941867715.run(TempTestSuite1557941867715.groovy:35)
)]]></system-out>
         <system-err><![CDATA[2019-05-15 23:11:23 - [TEST_CASE][FAILED] - Test Cases/test: Test Cases/test FAILED.
Reason:
com.kms.katalon.core.exception.StepFailedException: Unable to verify element property value (Root cause: org.codehaus.groovy.control.MultipleCompilationErrorsException: startup failed:
Script1.groovy: 1: unexpected token: ; @ line 1, column 93.
   rseText(jsonText);return root.;
                                 ^

1 error

	at com.kms.katalon.core.webservice.helper.WebServiceCommonHelper.parseAndGetPropertyValueForJson(WebServiceCommonHelper.java:159)
	at com.kms.katalon.core.webservice.keyword.builtin.VerifyElementPropertyValueKeyword$_verifyElementPropertyValue_closure1.doCall(VerifyElementPropertyValueKeyword.groovy:52)
	at com.kms.katalon.core.webservice.keyword.builtin.VerifyElementPropertyValueKeyword$_verifyElementPropertyValue_closure1.call(VerifyElementPropertyValueKeyword.groovy)
	at com.kms.katalon.core.keyword.internal.KeywordMain.runKeyword(KeywordMain.groovy:66)
	at com.kms.katalon.core.webservice.keyword.builtin.VerifyElementPropertyValueKeyword.verifyElementPropertyValue(VerifyElementPropertyValueKeyword.groovy:48)
	at com.kms.katalon.core.webservice.keyword.builtin.VerifyElementPropertyValueKeyword.execute(VerifyElementPropertyValueKeyword.groovy:43)
	at com.kms.katalon.core.keyword.internal.KeywordExecutor.executeKeywordForPlatform(KeywordExecutor.groovy:56)
	at com.kms.katalon.core.webservice.keyword.WSBuiltInKeywords.verifyElementPropertyValue(WSBuiltInKeywords.groovy:123)
	at com.kms.katalon.core.webservice.keyword.WSBuiltInKeywords$verifyElementPropertyValue$0.call(Unknown Source)
	at test.run(test:28)
	at com.kms.katalon.core.main.ScriptEngine.run(ScriptEngine.java:194)
	at com.kms.katalon.core.main.ScriptEngine.runScriptAsRawText(ScriptEngine.java:119)
	at com.kms.katalon.core.main.TestCaseExecutor.runScript(TestCaseExecutor.java:336)
	at com.kms.katalon.core.main.TestCaseExecutor.doExecute(TestCaseExecutor.java:327)
	at com.kms.katalon.core.main.TestCaseExecutor.processExecutionPhase(TestCaseExecutor.java:306)
	at com.kms.katalon.core.main.TestCaseExecutor.accessMainPhase(TestCaseExecutor.java:298)
	at com.kms.katalon.core.main.TestCaseExecutor.execute(TestCaseExecutor.java:232)
	at com.kms.katalon.core.main.TestSuiteExecutor.accessTestCaseMainPhase(TestSuiteExecutor.java:129)
	at com.kms.katalon.core.main.TestSuiteExecutor.accessTestSuiteMainPhase(TestSuiteExecutor.java:112)
	at com.kms.katalon.core.main.TestSuiteExecutor.execute(TestSuiteExecutor.java:81)
	at com.kms.katalon.core.main.TestCaseMain.startTestSuite(TestCaseMain.java:157)
	at com.kms.katalon.core.main.TestCaseMain$startTestSuite$0.call(Unknown Source)
	at TempTestSuite1557941867715.run(TempTestSuite1557941867715.groovy:35)
)
	at com.kms.katalon.core.keyword.internal.KeywordMain.stepFailed(KeywordMain.groovy:48)
	at com.kms.katalon.core.keyword.internal.KeywordMain.stepFailed(KeywordMain.groovy)
	at com.kms.katalon.core.keyword.internal.KeywordMain.runKeyword(KeywordMain.groovy:68)
	at com.kms.katalon.core.webservice.keyword.builtin.VerifyElementPropertyValueKeyword.verifyElementPropertyValue(VerifyElementPropertyValueKeyword.groovy:48)
	at com.kms.katalon.core.webservice.keyword.builtin.VerifyElementPropertyValueKeyword.execute(VerifyElementPropertyValueKeyword.groovy:43)
	at com.kms.katalon.core.keyword.internal.KeywordExecutor.executeKeywordForPlatform(KeywordExecutor.groovy:56)
	at com.kms.katalon.core.webservice.keyword.WSBuiltInKeywords.verifyElementPropertyValue(WSBuiltInKeywords.groovy:123)
	at com.kms.katalon.core.webservice.keyword.WSBuiltInKeywords$verifyElementPropertyValue$0.call(Unknown Source)
	at test.run(test:28)
	at com.kms.katalon.core.main.ScriptEngine.run(ScriptEngine.java:194)
	at com.kms.katalon.core.main.ScriptEngine.runScriptAsRawText(ScriptEngine.java:119)
	at com.kms.katalon.core.main.TestCaseExecutor.runScript(TestCaseExecutor.java:336)
	at com.kms.katalon.core.main.TestCaseExecutor.doExecute(TestCaseExecutor.java:327)
	at com.kms.katalon.core.main.TestCaseExecutor.processExecutionPhase(TestCaseExecutor.java:306)
	at com.kms.katalon.core.main.TestCaseExecutor.accessMainPhase(TestCaseExecutor.java:298)
	at com.kms.katalon.core.main.TestCaseExecutor.execute(TestCaseExecutor.java:232)
	at com.kms.katalon.core.main.TestSuiteExecutor.accessTestCaseMainPhase(TestSuiteExecutor.java:129)
	at com.kms.katalon.core.main.TestSuiteExecutor.accessTestSuiteMainPhase(TestSuiteExecutor.java:112)
	at com.kms.katalon.core.main.TestSuiteExecutor.execute(TestSuiteExecutor.java:81)
	at com.kms.katalon.core.main.TestCaseMain.startTestSuite(TestCaseMain.java:157)
	at com.kms.katalon.core.main.TestCaseMain$startTestSuite$0.call(Unknown Source)
	at TempTestSuite1557941867715.run(TempTestSuite1557941867715.groovy:35)
Caused by: org.codehaus.groovy.control.MultipleCompilationErrorsException: startup failed:
Script1.groovy: 1: unexpected token: ; @ line 1, column 93.
   rseText(jsonText);return root.;
                                 ^

1 error

	at com.kms.katalon.core.webservice.helper.WebServiceCommonHelper.parseAndGetPropertyValueForJson(WebServiceCommonHelper.java:159)
	at com.kms.katalon.core.webservice.keyword.builtin.VerifyElementPropertyValueKeyword$_verifyElementPropertyValue_closure1.doCall(VerifyElementPropertyValueKeyword.groovy:52)
	at com.kms.katalon.core.webservice.keyword.builtin.VerifyElementPropertyValueKeyword$_verifyElementPropertyValue_closure1.call(VerifyElementPropertyValueKeyword.groovy)
	at com.kms.katalon.core.keyword.internal.KeywordMain.runKeyword(KeywordMain.groovy:66)
	... 19 more]]></system-err>
      </testcase>
      <testcase name="Test Cases/test" classname="Test Cases/test" status="FAILED">
         <failure type="FAILED" message="Test Cases/test FAILED.
Reason:
com.kms.katalon.core.exception.StepFailedException: Unable to verify element property value (Root cause: org.codehaus.groovy.control.MultipleCompilationErrorsException: startup failed:
Script1.groovy: 1: unexpected token: ; @ line 1, column 93.
   rseText(jsonText);return root.;
                                 ^

1 error

	at com.kms.katalon.core.webservice.helper.WebServiceCommonHelper.parseAndGetPropertyValueForJson(WebServiceCommonHelper.java:159)
	at com.kms.katalon.core.webservice.keyword.builtin.VerifyElementPropertyValueKeyword$_verifyElementPropertyValue_closure1.doCall(VerifyElementPropertyValueKeyword.groovy:52)
	at com.kms.katalon.core.webservice.keyword.builtin.VerifyElementPropertyValueKeyword$_verifyElementPropertyValue_closure1.call(VerifyElementPropertyValueKeyword.groovy)
	at com.kms.katalon.core.keyword.internal.KeywordMain.runKeyword(KeywordMain.groovy:66)
	at com.kms.katalon.core.webservice.keyword.builtin.VerifyElementPropertyValueKeyword.verifyElementPropertyValue(VerifyElementPropertyValueKeyword.groovy:48)
	at com.kms.katalon.core.webservice.keyword.builtin.VerifyElementPropertyValueKeyword.execute(VerifyElementPropertyValueKeyword.groovy:43)
	at com.kms.katalon.core.keyword.internal.KeywordExecutor.executeKeywordForPlatform(KeywordExecutor.groovy:56)
	at com.kms.katalon.core.webservice.keyword.WSBuiltInKeywords.verifyElementPropertyValue(WSBuiltInKeywords.groovy:123)
	at com.kms.katalon.core.webservice.keyword.WSBuiltInKeywords$verifyElementPropertyValue$0.call(Unknown Source)
	at test.run(test:28)
	at com.kms.katalon.core.main.ScriptEngine.run(ScriptEngine.java:194)
	at com.kms.katalon.core.main.ScriptEngine.runScriptAsRawText(ScriptEngine.java:119)
	at com.kms.katalon.core.main.TestCaseExecutor.runScript(TestCaseExecutor.java:336)
	at com.kms.katalon.core.main.TestCaseExecutor.doExecute(TestCaseExecutor.java:327)
	at com.kms.katalon.core.main.TestCaseExecutor.processExecutionPhase(TestCaseExecutor.java:306)
	at com.kms.katalon.core.main.TestCaseExecutor.accessMainPhase(TestCaseExecutor.java:298)
	at com.kms.katalon.core.main.TestCaseExecutor.execute(TestCaseExecutor.java:232)
	at com.kms.katalon.core.main.TestSuiteExecutor.accessTestCaseMainPhase(TestSuiteExecutor.java:129)
	at com.kms.katalon.core.main.TestSuiteExecutor.accessTestSuiteMainPhase(TestSuiteExecutor.java:112)
	at com.kms.katalon.core.main.TestSuiteExecutor.execute(TestSuiteExecutor.java:81)
	at com.kms.katalon.core.main.TestCaseMain.startTestSuite(TestCaseMain.java:157)
	at com.kms.katalon.core.main.TestCaseMain$startTestSuite$0.call(Unknown Source)
	at TempTestSuite1557941867715.run(TempTestSuite1557941867715.groovy:35)
)
	at com.kms.katalon.core.keyword.internal.KeywordMain.stepFailed(KeywordMain.groovy:48)
	at com.kms.katalon.core.keyword.internal.KeywordMain.stepFailed(KeywordMain.groovy)
	at com.kms.katalon.core.keyword.internal.KeywordMain.runKeyword(KeywordMain.groovy:68)
	at com.kms.katalon.core.webservice.keyword.builtin.VerifyElementPropertyValueKeyword.verifyElementPropertyValue(VerifyElementPropertyValueKeyword.groovy:48)
	at com.kms.katalon.core.webservice.keyword.builtin.VerifyElementPropertyValueKeyword.execute(VerifyElementPropertyValueKeyword.groovy:43)
	at com.kms.katalon.core.keyword.internal.KeywordExecutor.executeKeywordForPlatform(KeywordExecutor.groovy:56)
	at com.kms.katalon.core.webservice.keyword.WSBuiltInKeywords.verifyElementPropertyValue(WSBuiltInKeywords.groovy:123)
	at com.kms.katalon.core.webservice.keyword.WSBuiltInKeywords$verifyElementPropertyValue$0.call(Unknown Source)
	at test.run(test:28)
	at com.kms.katalon.core.main.ScriptEngine.run(ScriptEngine.java:194)
	at com.kms.katalon.core.main.ScriptEngine.runScriptAsRawText(ScriptEngine.java:119)
	at com.kms.katalon.core.main.TestCaseExecutor.runScript(TestCaseExecutor.java:336)
	at com.kms.katalon.core.main.TestCaseExecutor.doExecute(TestCaseExecutor.java:327)
	at com.kms.katalon.core.main.TestCaseExecutor.processExecutionPhase(TestCaseExecutor.java:306)
	at com.kms.katalon.core.main.TestCaseExecutor.accessMainPhase(TestCaseExecutor.java:298)
	at com.kms.katalon.core.main.TestCaseExecutor.execute(TestCaseExecutor.java:232)
	at com.kms.katalon.core.main.TestSuiteExecutor.accessTestCaseMainPhase(TestSuiteExecutor.java:129)
	at com.kms.katalon.core.main.TestSuiteExecutor.accessTestSuiteMainPhase(TestSuiteExecutor.java:112)
	at com.kms.katalon.core.main.TestSuiteExecutor.execute(TestSuiteExecutor.java:81)
	at com.kms.katalon.core.main.TestCaseMain.startTestSuite(TestCaseMain.java:157)
	at com.kms.katalon.core.main.TestCaseMain$startTestSuite$0.call(Unknown Source)
	at TempTestSuite1557941867715.run(TempTestSuite1557941867715.groovy:35)
Caused by: org.codehaus.groovy.control.MultipleCompilationErrorsException: startup failed:
Script1.groovy: 1: unexpected token: ; @ line 1, column 93.
   rseText(jsonText);return root.;
                                 ^

1 error

	at com.kms.katalon.core.webservice.helper.WebServiceCommonHelper.parseAndGetPropertyValueForJson(WebServiceCommonHelper.java:159)
	at com.kms.katalon.core.webservice.keyword.builtin.VerifyElementPropertyValueKeyword$_verifyElementPropertyValue_closure1.doCall(VerifyElementPropertyValueKeyword.groovy:52)
	at com.kms.katalon.core.webservice.keyword.builtin.VerifyElementPropertyValueKeyword$_verifyElementPropertyValue_closure1.call(VerifyElementPropertyValueKeyword.groovy)
	at com.kms.katalon.core.keyword.internal.KeywordMain.runKeyword(KeywordMain.groovy:66)
	... 19 more
"/>
         <system-out><![CDATA[2019-05-15 23:11:26 - [TEST_CASE][FAILED] - Test Cases/test: Test Cases/test FAILED.
Reason:
com.kms.katalon.core.exception.StepFailedException: Unable to verify element property value (Root cause: org.codehaus.groovy.control.MultipleCompilationErrorsException: startup failed:
Script1.groovy: 1: unexpected token: ; @ line 1, column 93.
   rseText(jsonText);return root.;
                                 ^

1 error

	at com.kms.katalon.core.webservice.helper.WebServiceCommonHelper.parseAndGetPropertyValueForJson(WebServiceCommonHelper.java:159)
	at com.kms.katalon.core.webservice.keyword.builtin.VerifyElementPropertyValueKeyword$_verifyElementPropertyValue_closure1.doCall(VerifyElementPropertyValueKeyword.groovy:52)
	at com.kms.katalon.core.webservice.keyword.builtin.VerifyElementPropertyValueKeyword$_verifyElementPropertyValue_closure1.call(VerifyElementPropertyValueKeyword.groovy)
	at com.kms.katalon.core.keyword.internal.KeywordMain.runKeyword(KeywordMain.groovy:66)
	at com.kms.katalon.core.webservice.keyword.builtin.VerifyElementPropertyValueKeyword.verifyElementPropertyValue(VerifyElementPropertyValueKeyword.groovy:48)
	at com.kms.katalon.core.webservice.keyword.builtin.VerifyElementPropertyValueKeyword.execute(VerifyElementPropertyValueKeyword.groovy:43)
	at com.kms.katalon.core.keyword.internal.KeywordExecutor.executeKeywordForPlatform(KeywordExecutor.groovy:56)
	at com.kms.katalon.core.webservice.keyword.WSBuiltInKeywords.verifyElementPropertyValue(WSBuiltInKeywords.groovy:123)
	at com.kms.katalon.core.webservice.keyword.WSBuiltInKeywords$verifyElementPropertyValue$0.call(Unknown Source)
	at test.run(test:28)
	at com.kms.katalon.core.main.ScriptEngine.run(ScriptEngine.java:194)
	at com.kms.katalon.core.main.ScriptEngine.runScriptAsRawText(ScriptEngine.java:119)
	at com.kms.katalon.core.main.TestCaseExecutor.runScript(TestCaseExecutor.java:336)
	at com.kms.katalon.core.main.TestCaseExecutor.doExecute(TestCaseExecutor.java:327)
	at com.kms.katalon.core.main.TestCaseExecutor.processExecutionPhase(TestCaseExecutor.java:306)
	at com.kms.katalon.core.main.TestCaseExecutor.accessMainPhase(TestCaseExecutor.java:298)
	at com.kms.katalon.core.main.TestCaseExecutor.execute(TestCaseExecutor.java:232)
	at com.kms.katalon.core.main.TestSuiteExecutor.accessTestCaseMainPhase(TestSuiteExecutor.java:129)
	at com.kms.katalon.core.main.TestSuiteExecutor.accessTestSuiteMainPhase(TestSuiteExecutor.java:112)
	at com.kms.katalon.core.main.TestSuiteExecutor.execute(TestSuiteExecutor.java:81)
	at com.kms.katalon.core.main.TestCaseMain.startTestSuite(TestCaseMain.java:157)
	at com.kms.katalon.core.main.TestCaseMain$startTestSuite$0.call(Unknown Source)
	at TempTestSuite1557941867715.run(TempTestSuite1557941867715.groovy:35)
)
	at com.kms.katalon.core.keyword.internal.KeywordMain.stepFailed(KeywordMain.groovy:48)
	at com.kms.katalon.core.keyword.internal.KeywordMain.stepFailed(KeywordMain.groovy)
	at com.kms.katalon.core.keyword.internal.KeywordMain.runKeyword(KeywordMain.groovy:68)
	at com.kms.katalon.core.webservice.keyword.builtin.VerifyElementPropertyValueKeyword.verifyElementPropertyValue(VerifyElementPropertyValueKeyword.groovy:48)
	at com.kms.katalon.core.webservice.keyword.builtin.VerifyElementPropertyValueKeyword.execute(VerifyElementPropertyValueKeyword.groovy:43)
	at com.kms.katalon.core.keyword.internal.KeywordExecutor.executeKeywordForPlatform(KeywordExecutor.groovy:56)
	at com.kms.katalon.core.webservice.keyword.WSBuiltInKeywords.verifyElementPropertyValue(WSBuiltInKeywords.groovy:123)
	at com.kms.katalon.core.webservice.keyword.WSBuiltInKeywords$verifyElementPropertyValue$0.call(Unknown Source)
	at test.run(test:28)
	at com.kms.katalon.core.main.ScriptEngine.run(ScriptEngine.java:194)
	at com.kms.katalon.core.main.ScriptEngine.runScriptAsRawText(ScriptEngine.java:119)
	at com.kms.katalon.core.main.TestCaseExecutor.runScript(TestCaseExecutor.java:336)
	at com.kms.katalon.core.main.TestCaseExecutor.doExecute(TestCaseExecutor.java:327)
	at com.kms.katalon.core.main.TestCaseExecutor.processExecutionPhase(TestCaseExecutor.java:306)
	at com.kms.katalon.core.main.TestCaseExecutor.accessMainPhase(TestCaseExecutor.java:298)
	at com.kms.katalon.core.main.TestCaseExecutor.execute(TestCaseExecutor.java:232)
	at com.kms.katalon.core.main.TestSuiteExecutor.accessTestCaseMainPhase(TestSuiteExecutor.java:129)
	at com.kms.katalon.core.main.TestSuiteExecutor.accessTestSuiteMainPhase(TestSuiteExecutor.java:112)
	at com.kms.katalon.core.main.TestSuiteExecutor.execute(TestSuiteExecutor.java:81)
	at com.kms.katalon.core.main.TestCaseMain.startTestSuite(TestCaseMain.java:157)
	at com.kms.katalon.core.main.TestCaseMain$startTestSuite$0.call(Unknown Source)
	at TempTestSuite1557941867715.run(TempTestSuite1557941867715.groovy:35)
Caused by: org.codehaus.groovy.control.MultipleCompilationErrorsException: startup failed:
Script1.groovy: 1: unexpected token: ; @ line 1, column 93.
   rseText(jsonText);return root.;
                                 ^

1 error

	at com.kms.katalon.core.webservice.helper.WebServiceCommonHelper.parseAndGetPropertyValueForJson(WebServiceCommonHelper.java:159)
	at com.kms.katalon.core.webservice.keyword.builtin.VerifyElementPropertyValueKeyword$_verifyElementPropertyValue_closure1.doCall(VerifyElementPropertyValueKeyword.groovy:52)
	at com.kms.katalon.core.webservice.keyword.builtin.VerifyElementPropertyValueKeyword$_verifyElementPropertyValue_closure1.call(VerifyElementPropertyValueKeyword.groovy)
	at com.kms.katalon.core.keyword.internal.KeywordMain.runKeyword(KeywordMain.groovy:66)
	... 19 more


2019-05-15 23:11:26 - [TEST_STEP][PASSED] - if (glnparameter == ""): null

2019-05-15 23:11:26 - [TEST_STEP][FAILED] - else: Unable to verify element property value (Root cause: org.codehaus.groovy.control.MultipleCompilationErrorsException: startup failed:
Script1.groovy: 1: unexpected token: ; @ line 1, column 93.
   rseText(jsonText);return root.;
                                 ^

1 error

	at com.kms.katalon.core.webservice.helper.WebServiceCommonHelper.parseAndGetPropertyValueForJson(WebServiceCommonHelper.java:159)
	at com.kms.katalon.core.webservice.keyword.builtin.VerifyElementPropertyValueKeyword$_verifyElementPropertyValue_closure1.doCall(VerifyElementPropertyValueKeyword.groovy:52)
	at com.kms.katalon.core.webservice.keyword.builtin.VerifyElementPropertyValueKeyword$_verifyElementPropertyValue_closure1.call(VerifyElementPropertyValueKeyword.groovy)
	at com.kms.katalon.core.keyword.internal.KeywordMain.runKeyword(KeywordMain.groovy:66)
	at com.kms.katalon.core.webservice.keyword.builtin.VerifyElementPropertyValueKeyword.verifyElementPropertyValue(VerifyElementPropertyValueKeyword.groovy:48)
	at com.kms.katalon.core.webservice.keyword.builtin.VerifyElementPropertyValueKeyword.execute(VerifyElementPropertyValueKeyword.groovy:43)
	at com.kms.katalon.core.keyword.internal.KeywordExecutor.executeKeywordForPlatform(KeywordExecutor.groovy:56)
	at com.kms.katalon.core.webservice.keyword.WSBuiltInKeywords.verifyElementPropertyValue(WSBuiltInKeywords.groovy:123)
	at com.kms.katalon.core.webservice.keyword.WSBuiltInKeywords$verifyElementPropertyValue$0.call(Unknown Source)
	at test.run(test:28)
	at com.kms.katalon.core.main.ScriptEngine.run(ScriptEngine.java:194)
	at com.kms.katalon.core.main.ScriptEngine.runScriptAsRawText(ScriptEngine.java:119)
	at com.kms.katalon.core.main.TestCaseExecutor.runScript(TestCaseExecutor.java:336)
	at com.kms.katalon.core.main.TestCaseExecutor.doExecute(TestCaseExecutor.java:327)
	at com.kms.katalon.core.main.TestCaseExecutor.processExecutionPhase(TestCaseExecutor.java:306)
	at com.kms.katalon.core.main.TestCaseExecutor.accessMainPhase(TestCaseExecutor.java:298)
	at com.kms.katalon.core.main.TestCaseExecutor.execute(TestCaseExecutor.java:232)
	at com.kms.katalon.core.main.TestSuiteExecutor.accessTestCaseMainPhase(TestSuiteExecutor.java:129)
	at com.kms.katalon.core.main.TestSuiteExecutor.accessTestSuiteMainPhase(TestSuiteExecutor.java:112)
	at com.kms.katalon.core.main.TestSuiteExecutor.execute(TestSuiteExecutor.java:81)
	at com.kms.katalon.core.main.TestCaseMain.startTestSuite(TestCaseMain.java:157)
	at com.kms.katalon.core.main.TestCaseMain$startTestSuite$0.call(Unknown Source)
	at TempTestSuite1557941867715.run(TempTestSuite1557941867715.groovy:35)
)

2019-05-15 23:11:26 - [TEST_STEP][PASSED] - storeresponse1 = sendRequestAndVerify(findTestObject("GLN Check - EOID", ["gln":glnparameter, "url":url, "body":body, "methodforcall":methodforcall])): Send request and verify the response successfully

2019-05-15 23:11:30 - [TEST_CASE][PASSED] - Start Test Case : Verification: Verification accomplished successfully

2019-05-15 23:11:30 - [TEST_STEP][PASSED] - request = getInstance().getCurrentRequest(): null

2019-05-15 23:11:30 - [TEST_STEP][PASSED] - response = getInstance().getCurrentResponse(): null

2019-05-15 23:11:30 - [MESSAGE][PASSED] - Verify response successfully

2019-05-15 23:11:30 - [MESSAGE][PASSED] - Send request and verify the response successfully

2019-05-15 23:11:30 - [TEST_STEP][PASSED] - verifyElementPropertyValue(storeresponse1, status, statuscode): Verify element property value successfully

2019-05-15 23:11:30 - [MESSAGE][PASSED] - Verify element property value successfully

2019-05-15 23:11:30 - [TEST_STEP][FAILED] - verifyElementPropertyValue(storeresponse1, messageid, messageidvalue): Unable to verify element property value (Root cause: org.codehaus.groovy.control.MultipleCompilationErrorsException: startup failed:
Script1.groovy: 1: unexpected token: ; @ line 1, column 93.
   rseText(jsonText);return root.;
                                 ^

1 error

	at com.kms.katalon.core.webservice.helper.WebServiceCommonHelper.parseAndGetPropertyValueForJson(WebServiceCommonHelper.java:159)
	at com.kms.katalon.core.webservice.keyword.builtin.VerifyElementPropertyValueKeyword$_verifyElementPropertyValue_closure1.doCall(VerifyElementPropertyValueKeyword.groovy:52)
	at com.kms.katalon.core.webservice.keyword.builtin.VerifyElementPropertyValueKeyword$_verifyElementPropertyValue_closure1.call(VerifyElementPropertyValueKeyword.groovy)
	at com.kms.katalon.core.keyword.internal.KeywordMain.runKeyword(KeywordMain.groovy:66)
	at com.kms.katalon.core.webservice.keyword.builtin.VerifyElementPropertyValueKeyword.verifyElementPropertyValue(VerifyElementPropertyValueKeyword.groovy:48)
	at com.kms.katalon.core.webservice.keyword.builtin.VerifyElementPropertyValueKeyword.execute(VerifyElementPropertyValueKeyword.groovy:43)
	at com.kms.katalon.core.keyword.internal.KeywordExecutor.executeKeywordForPlatform(KeywordExecutor.groovy:56)
	at com.kms.katalon.core.webservice.keyword.WSBuiltInKeywords.verifyElementPropertyValue(WSBuiltInKeywords.groovy:123)
	at com.kms.katalon.core.webservice.keyword.WSBuiltInKeywords$verifyElementPropertyValue$0.call(Unknown Source)
	at test.run(test:28)
	at com.kms.katalon.core.main.ScriptEngine.run(ScriptEngine.java:194)
	at com.kms.katalon.core.main.ScriptEngine.runScriptAsRawText(ScriptEngine.java:119)
	at com.kms.katalon.core.main.TestCaseExecutor.runScript(TestCaseExecutor.java:336)
	at com.kms.katalon.core.main.TestCaseExecutor.doExecute(TestCaseExecutor.java:327)
	at com.kms.katalon.core.main.TestCaseExecutor.processExecutionPhase(TestCaseExecutor.java:306)
	at com.kms.katalon.core.main.TestCaseExecutor.accessMainPhase(TestCaseExecutor.java:298)
	at com.kms.katalon.core.main.TestCaseExecutor.execute(TestCaseExecutor.java:232)
	at com.kms.katalon.core.main.TestSuiteExecutor.accessTestCaseMainPhase(TestSuiteExecutor.java:129)
	at com.kms.katalon.core.main.TestSuiteExecutor.accessTestSuiteMainPhase(TestSuiteExecutor.java:112)
	at com.kms.katalon.core.main.TestSuiteExecutor.execute(TestSuiteExecutor.java:81)
	at com.kms.katalon.core.main.TestCaseMain.startTestSuite(TestCaseMain.java:157)
	at com.kms.katalon.core.main.TestCaseMain$startTestSuite$0.call(Unknown Source)
	at TempTestSuite1557941867715.run(TempTestSuite1557941867715.groovy:35)
)

2019-05-15 23:11:30 - [MESSAGE][FAILED] - Unable to verify element property value (Root cause: org.codehaus.groovy.control.MultipleCompilationErrorsException: startup failed:
Script1.groovy: 1: unexpected token: ; @ line 1, column 93.
   rseText(jsonText);return root.;
                                 ^

1 error

	at com.kms.katalon.core.webservice.helper.WebServiceCommonHelper.parseAndGetPropertyValueForJson(WebServiceCommonHelper.java:159)
	at com.kms.katalon.core.webservice.keyword.builtin.VerifyElementPropertyValueKeyword$_verifyElementPropertyValue_closure1.doCall(VerifyElementPropertyValueKeyword.groovy:52)
	at com.kms.katalon.core.webservice.keyword.builtin.VerifyElementPropertyValueKeyword$_verifyElementPropertyValue_closure1.call(VerifyElementPropertyValueKeyword.groovy)
	at com.kms.katalon.core.keyword.internal.KeywordMain.runKeyword(KeywordMain.groovy:66)
	at com.kms.katalon.core.webservice.keyword.builtin.VerifyElementPropertyValueKeyword.verifyElementPropertyValue(VerifyElementPropertyValueKeyword.groovy:48)
	at com.kms.katalon.core.webservice.keyword.builtin.VerifyElementPropertyValueKeyword.execute(VerifyElementPropertyValueKeyword.groovy:43)
	at com.kms.katalon.core.keyword.internal.KeywordExecutor.executeKeywordForPlatform(KeywordExecutor.groovy:56)
	at com.kms.katalon.core.webservice.keyword.WSBuiltInKeywords.verifyElementPropertyValue(WSBuiltInKeywords.groovy:123)
	at com.kms.katalon.core.webservice.keyword.WSBuiltInKeywords$verifyElementPropertyValue$0.call(Unknown Source)
	at test.run(test:28)
	at com.kms.katalon.core.main.ScriptEngine.run(ScriptEngine.java:194)
	at com.kms.katalon.core.main.ScriptEngine.runScriptAsRawText(ScriptEngine.java:119)
	at com.kms.katalon.core.main.TestCaseExecutor.runScript(TestCaseExecutor.java:336)
	at com.kms.katalon.core.main.TestCaseExecutor.doExecute(TestCaseExecutor.java:327)
	at com.kms.katalon.core.main.TestCaseExecutor.processExecutionPhase(TestCaseExecutor.java:306)
	at com.kms.katalon.core.main.TestCaseExecutor.accessMainPhase(TestCaseExecutor.java:298)
	at com.kms.katalon.core.main.TestCaseExecutor.execute(TestCaseExecutor.java:232)
	at com.kms.katalon.core.main.TestSuiteExecutor.accessTestCaseMainPhase(TestSuiteExecutor.java:129)
	at com.kms.katalon.core.main.TestSuiteExecutor.accessTestSuiteMainPhase(TestSuiteExecutor.java:112)
	at com.kms.katalon.core.main.TestSuiteExecutor.execute(TestSuiteExecutor.java:81)
	at com.kms.katalon.core.main.TestCaseMain.startTestSuite(TestCaseMain.java:157)
	at com.kms.katalon.core.main.TestCaseMain$startTestSuite$0.call(Unknown Source)
	at TempTestSuite1557941867715.run(TempTestSuite1557941867715.groovy:35)
)]]></system-out>
         <system-err><![CDATA[2019-05-15 23:11:26 - [TEST_CASE][FAILED] - Test Cases/test: Test Cases/test FAILED.
Reason:
com.kms.katalon.core.exception.StepFailedException: Unable to verify element property value (Root cause: org.codehaus.groovy.control.MultipleCompilationErrorsException: startup failed:
Script1.groovy: 1: unexpected token: ; @ line 1, column 93.
   rseText(jsonText);return root.;
                                 ^

1 error

	at com.kms.katalon.core.webservice.helper.WebServiceCommonHelper.parseAndGetPropertyValueForJson(WebServiceCommonHelper.java:159)
	at com.kms.katalon.core.webservice.keyword.builtin.VerifyElementPropertyValueKeyword$_verifyElementPropertyValue_closure1.doCall(VerifyElementPropertyValueKeyword.groovy:52)
	at com.kms.katalon.core.webservice.keyword.builtin.VerifyElementPropertyValueKeyword$_verifyElementPropertyValue_closure1.call(VerifyElementPropertyValueKeyword.groovy)
	at com.kms.katalon.core.keyword.internal.KeywordMain.runKeyword(KeywordMain.groovy:66)
	at com.kms.katalon.core.webservice.keyword.builtin.VerifyElementPropertyValueKeyword.verifyElementPropertyValue(VerifyElementPropertyValueKeyword.groovy:48)
	at com.kms.katalon.core.webservice.keyword.builtin.VerifyElementPropertyValueKeyword.execute(VerifyElementPropertyValueKeyword.groovy:43)
	at com.kms.katalon.core.keyword.internal.KeywordExecutor.executeKeywordForPlatform(KeywordExecutor.groovy:56)
	at com.kms.katalon.core.webservice.keyword.WSBuiltInKeywords.verifyElementPropertyValue(WSBuiltInKeywords.groovy:123)
	at com.kms.katalon.core.webservice.keyword.WSBuiltInKeywords$verifyElementPropertyValue$0.call(Unknown Source)
	at test.run(test:28)
	at com.kms.katalon.core.main.ScriptEngine.run(ScriptEngine.java:194)
	at com.kms.katalon.core.main.ScriptEngine.runScriptAsRawText(ScriptEngine.java:119)
	at com.kms.katalon.core.main.TestCaseExecutor.runScript(TestCaseExecutor.java:336)
	at com.kms.katalon.core.main.TestCaseExecutor.doExecute(TestCaseExecutor.java:327)
	at com.kms.katalon.core.main.TestCaseExecutor.processExecutionPhase(TestCaseExecutor.java:306)
	at com.kms.katalon.core.main.TestCaseExecutor.accessMainPhase(TestCaseExecutor.java:298)
	at com.kms.katalon.core.main.TestCaseExecutor.execute(TestCaseExecutor.java:232)
	at com.kms.katalon.core.main.TestSuiteExecutor.accessTestCaseMainPhase(TestSuiteExecutor.java:129)
	at com.kms.katalon.core.main.TestSuiteExecutor.accessTestSuiteMainPhase(TestSuiteExecutor.java:112)
	at com.kms.katalon.core.main.TestSuiteExecutor.execute(TestSuiteExecutor.java:81)
	at com.kms.katalon.core.main.TestCaseMain.startTestSuite(TestCaseMain.java:157)
	at com.kms.katalon.core.main.TestCaseMain$startTestSuite$0.call(Unknown Source)
	at TempTestSuite1557941867715.run(TempTestSuite1557941867715.groovy:35)
)
	at com.kms.katalon.core.keyword.internal.KeywordMain.stepFailed(KeywordMain.groovy:48)
	at com.kms.katalon.core.keyword.internal.KeywordMain.stepFailed(KeywordMain.groovy)
	at com.kms.katalon.core.keyword.internal.KeywordMain.runKeyword(KeywordMain.groovy:68)
	at com.kms.katalon.core.webservice.keyword.builtin.VerifyElementPropertyValueKeyword.verifyElementPropertyValue(VerifyElementPropertyValueKeyword.groovy:48)
	at com.kms.katalon.core.webservice.keyword.builtin.VerifyElementPropertyValueKeyword.execute(VerifyElementPropertyValueKeyword.groovy:43)
	at com.kms.katalon.core.keyword.internal.KeywordExecutor.executeKeywordForPlatform(KeywordExecutor.groovy:56)
	at com.kms.katalon.core.webservice.keyword.WSBuiltInKeywords.verifyElementPropertyValue(WSBuiltInKeywords.groovy:123)
	at com.kms.katalon.core.webservice.keyword.WSBuiltInKeywords$verifyElementPropertyValue$0.call(Unknown Source)
	at test.run(test:28)
	at com.kms.katalon.core.main.ScriptEngine.run(ScriptEngine.java:194)
	at com.kms.katalon.core.main.ScriptEngine.runScriptAsRawText(ScriptEngine.java:119)
	at com.kms.katalon.core.main.TestCaseExecutor.runScript(TestCaseExecutor.java:336)
	at com.kms.katalon.core.main.TestCaseExecutor.doExecute(TestCaseExecutor.java:327)
	at com.kms.katalon.core.main.TestCaseExecutor.processExecutionPhase(TestCaseExecutor.java:306)
	at com.kms.katalon.core.main.TestCaseExecutor.accessMainPhase(TestCaseExecutor.java:298)
	at com.kms.katalon.core.main.TestCaseExecutor.execute(TestCaseExecutor.java:232)
	at com.kms.katalon.core.main.TestSuiteExecutor.accessTestCaseMainPhase(TestSuiteExecutor.java:129)
	at com.kms.katalon.core.main.TestSuiteExecutor.accessTestSuiteMainPhase(TestSuiteExecutor.java:112)
	at com.kms.katalon.core.main.TestSuiteExecutor.execute(TestSuiteExecutor.java:81)
	at com.kms.katalon.core.main.TestCaseMain.startTestSuite(TestCaseMain.java:157)
	at com.kms.katalon.core.main.TestCaseMain$startTestSuite$0.call(Unknown Source)
	at TempTestSuite1557941867715.run(TempTestSuite1557941867715.groovy:35)
Caused by: org.codehaus.groovy.control.MultipleCompilationErrorsException: startup failed:
Script1.groovy: 1: unexpected token: ; @ line 1, column 93.
   rseText(jsonText);return root.;
                                 ^

1 error

	at com.kms.katalon.core.webservice.helper.WebServiceCommonHelper.parseAndGetPropertyValueForJson(WebServiceCommonHelper.java:159)
	at com.kms.katalon.core.webservice.keyword.builtin.VerifyElementPropertyValueKeyword$_verifyElementPropertyValue_closure1.doCall(VerifyElementPropertyValueKeyword.groovy:52)
	at com.kms.katalon.core.webservice.keyword.builtin.VerifyElementPropertyValueKeyword$_verifyElementPropertyValue_closure1.call(VerifyElementPropertyValueKeyword.groovy)
	at com.kms.katalon.core.keyword.internal.KeywordMain.runKeyword(KeywordMain.groovy:66)
	... 19 more]]></system-err>
      </testcase>
      <system-out><![CDATA[2019-05-15 23:07:49 - [TEST_SUITE][FAILED] - FIt-test suite: Test Cases/test FAILED.
Reason:
com.kms.katalon.core.exception.StepFailedException: Expected element property value '400' is not equal with actual property value '200'
	at com.kms.katalon.core.keyword.internal.KeywordMain.stepFailed(KeywordMain.groovy:48)
	at com.kms.katalon.core.webservice.keyword.builtin.VerifyElementPropertyValueKeyword$_verifyElementPropertyValue_closure1.doCall(VerifyElementPropertyValueKeyword.groovy:56)
	at com.kms.katalon.core.webservice.keyword.builtin.VerifyElementPropertyValueKeyword$_verifyElementPropertyValue_closure1.call(VerifyElementPropertyValueKeyword.groovy)
	at com.kms.katalon.core.keyword.internal.KeywordMain.runKeyword(KeywordMain.groovy:66)
	at com.kms.katalon.core.webservice.keyword.builtin.VerifyElementPropertyValueKeyword.verifyElementPropertyValue(VerifyElementPropertyValueKeyword.groovy:48)
	at com.kms.katalon.core.webservice.keyword.builtin.VerifyElementPropertyValueKeyword.execute(VerifyElementPropertyValueKeyword.groovy:43)
	at com.kms.katalon.core.keyword.internal.KeywordExecutor.executeKeywordForPlatform(KeywordExecutor.groovy:56)
	at com.kms.katalon.core.webservice.keyword.WSBuiltInKeywords.verifyElementPropertyValue(WSBuiltInKeywords.groovy:123)
	at com.kms.katalon.core.webservice.keyword.WSBuiltInKeywords$verifyElementPropertyValue$0.call(Unknown Source)
	at test.run(test:26)
	at com.kms.katalon.core.main.ScriptEngine.run(ScriptEngine.java:194)
	at com.kms.katalon.core.main.ScriptEngine.runScriptAsRawText(ScriptEngine.java:119)
	at com.kms.katalon.core.main.TestCaseExecutor.runScript(TestCaseExecutor.java:336)
	at com.kms.katalon.core.main.TestCaseExecutor.doExecute(TestCaseExecutor.java:327)
	at com.kms.katalon.core.main.TestCaseExecutor.processExecutionPhase(TestCaseExecutor.java:306)
	at com.kms.katalon.core.main.TestCaseExecutor.accessMainPhase(TestCaseExecutor.java:298)
	at com.kms.katalon.core.main.TestCaseExecutor.execute(TestCaseExecutor.java:232)
	at com.kms.katalon.core.main.TestSuiteExecutor.accessTestCaseMainPhase(TestSuiteExecutor.java:129)
	at com.kms.katalon.core.main.TestSuiteExecutor.accessTestSuiteMainPhase(TestSuiteExecutor.java:112)
	at com.kms.katalon.core.main.TestSuiteExecutor.execute(TestSuiteExecutor.java:81)
	at com.kms.katalon.core.main.TestCaseMain.startTestSuite(TestCaseMain.java:157)
	at com.kms.katalon.core.main.TestCaseMain$startTestSuite$0.call(Unknown Source)
	at TempTestSuite1557941867715.run(TempTestSuite1557941867715.groovy:35)]]></system-out>
      <system-err><![CDATA[2019-05-15 23:07:49 - [TEST_SUITE][FAILED] - FIt-test suite: Test Cases/test FAILED.
Reason:
com.kms.katalon.core.exception.StepFailedException: Expected element property value '400' is not equal with actual property value '200'
	at com.kms.katalon.core.keyword.internal.KeywordMain.stepFailed(KeywordMain.groovy:48)
	at com.kms.katalon.core.webservice.keyword.builtin.VerifyElementPropertyValueKeyword$_verifyElementPropertyValue_closure1.doCall(VerifyElementPropertyValueKeyword.groovy:56)
	at com.kms.katalon.core.webservice.keyword.builtin.VerifyElementPropertyValueKeyword$_verifyElementPropertyValue_closure1.call(VerifyElementPropertyValueKeyword.groovy)
	at com.kms.katalon.core.keyword.internal.KeywordMain.runKeyword(KeywordMain.groovy:66)
	at com.kms.katalon.core.webservice.keyword.builtin.VerifyElementPropertyValueKeyword.verifyElementPropertyValue(VerifyElementPropertyValueKeyword.groovy:48)
	at com.kms.katalon.core.webservice.keyword.builtin.VerifyElementPropertyValueKeyword.execute(VerifyElementPropertyValueKeyword.groovy:43)
	at com.kms.katalon.core.keyword.internal.KeywordExecutor.executeKeywordForPlatform(KeywordExecutor.groovy:56)
	at com.kms.katalon.core.webservice.keyword.WSBuiltInKeywords.verifyElementPropertyValue(WSBuiltInKeywords.groovy:123)
	at com.kms.katalon.core.webservice.keyword.WSBuiltInKeywords$verifyElementPropertyValue$0.call(Unknown Source)
	at test.run(test:26)
	at com.kms.katalon.core.main.ScriptEngine.run(ScriptEngine.java:194)
	at com.kms.katalon.core.main.ScriptEngine.runScriptAsRawText(ScriptEngine.java:119)
	at com.kms.katalon.core.main.TestCaseExecutor.runScript(TestCaseExecutor.java:336)
	at com.kms.katalon.core.main.TestCaseExecutor.doExecute(TestCaseExecutor.java:327)
	at com.kms.katalon.core.main.TestCaseExecutor.processExecutionPhase(TestCaseExecutor.java:306)
	at com.kms.katalon.core.main.TestCaseExecutor.accessMainPhase(TestCaseExecutor.java:298)
	at com.kms.katalon.core.main.TestCaseExecutor.execute(TestCaseExecutor.java:232)
	at com.kms.katalon.core.main.TestSuiteExecutor.accessTestCaseMainPhase(TestSuiteExecutor.java:129)
	at com.kms.katalon.core.main.TestSuiteExecutor.accessTestSuiteMainPhase(TestSuiteExecutor.java:112)
	at com.kms.katalon.core.main.TestSuiteExecutor.execute(TestSuiteExecutor.java:81)
	at com.kms.katalon.core.main.TestCaseMain.startTestSuite(TestCaseMain.java:157)
	at com.kms.katalon.core.main.TestCaseMain$startTestSuite$0.call(Unknown Source)
	at TempTestSuite1557941867715.run(TempTestSuite1557941867715.groovy:35)]]></system-err>
   </testsuite>
</testsuites>
