<?xml version="1.0" encoding="UTF-8"?>
<testsuites name="FIt-test suite" time="25" tests="6" failures="0" errors="0">
   <testsuite name="FIt-test suite" tests="6" failures="0" errors="0" time="25" timestamp="2019-05-16 12:00:19" hostname="Lavanya_DF - DESKTOP-T5KOPIL" id="Test Suites/FIt-test suite">
      <properties>
         <property name="deviceName" value=""/>
         <property name="devicePlatform" value=""/>
         <property name="logFolder" value="C:\\Users\\Lavanya_DF\\Downloads\\GS1 FIT\\GS1 FIT\\Reports\\FIt-test suite\\20190516_120017"/>
         <property name="logFiles" value="C:\\Users\\Lavanya_DF\\Downloads\\GS1 FIT\\GS1 FIT\\Reports\\FIt-test suite\\20190516_120017\\execution0.log"/>
         <property name="attachments" value=""/>
         <property name="hostName" value="Lavanya_DF - DESKTOP-T5KOPIL"/>
         <property name="hostAddress" value="192.168.0.153"/>
         <property name="os" value="Windows 10 64bit"/>
         <property name="katalonVersion" value="6.1.2.2"/>
      </properties>
      <testcase name="Test Cases/test" classname="Test Cases/test" status="PASSED">
         <system-out><![CDATA[2019-05-16 12:00:19 - [TEST_CASE][PASSED] - Test Cases/test: Test Cases/test

2019-05-16 12:00:19 - [TEST_STEP][PASSED] - if (glnparameter == ""): Verify element property value successfully

2019-05-16 12:00:19 - [TEST_STEP][PASSED] - Storeresponse = sendRequestAndVerify(findTestObject("GLN Approve - EOID", ["url":url, "body":body, "methodforcall":methodforcall])): Send request and verify the response successfully

2019-05-16 12:00:25 - [TEST_CASE][PASSED] - Start Test Case : Verification: Verification accomplished successfully

2019-05-16 12:00:25 - [TEST_STEP][PASSED] - request = getInstance().getCurrentRequest(): null

2019-05-16 12:00:25 - [TEST_STEP][PASSED] - response = getInstance().getCurrentResponse(): null

2019-05-16 12:00:25 - [MESSAGE][PASSED] - Verify response successfully

2019-05-16 12:00:25 - [MESSAGE][PASSED] - Send request and verify the response successfully

2019-05-16 12:00:25 - [TEST_STEP][PASSED] - verifyElementPropertyValue(Storeresponse, status, statuscode): Verify element property value successfully

2019-05-16 12:00:25 - [MESSAGE][PASSED] - Verify element property value successfully

2019-05-16 12:00:25 - [TEST_STEP][PASSED] - verifyElementPropertyValue(Storeresponse, message, messagevalue): Verify element property value successfully

2019-05-16 12:00:25 - [MESSAGE][PASSED] - Verify element property value successfully]]></system-out>
         <system-err><![CDATA[]]></system-err>
      </testcase>
      <testcase name="Test Cases/test" classname="Test Cases/test" status="PASSED">
         <system-out><![CDATA[2019-05-16 12:00:25 - [TEST_CASE][PASSED] - Test Cases/test: Test Cases/test

2019-05-16 12:00:25 - [TEST_STEP][PASSED] - if (glnparameter == ""): Verify element property value successfully

2019-05-16 12:00:25 - [TEST_STEP][PASSED] - Storeresponse = sendRequestAndVerify(findTestObject("GLN Approve - EOID", ["url":url, "body":body, "methodforcall":methodforcall])): Send request and verify the response successfully

2019-05-16 12:00:29 - [TEST_CASE][PASSED] - Start Test Case : Verification: Verification accomplished successfully

2019-05-16 12:00:29 - [TEST_STEP][PASSED] - request = getInstance().getCurrentRequest(): null

2019-05-16 12:00:29 - [TEST_STEP][PASSED] - response = getInstance().getCurrentResponse(): null

2019-05-16 12:00:29 - [MESSAGE][PASSED] - Verify response successfully

2019-05-16 12:00:29 - [MESSAGE][PASSED] - Send request and verify the response successfully

2019-05-16 12:00:29 - [TEST_STEP][PASSED] - verifyElementPropertyValue(Storeresponse, status, statuscode): Verify element property value successfully

2019-05-16 12:00:29 - [MESSAGE][PASSED] - Verify element property value successfully

2019-05-16 12:00:29 - [TEST_STEP][PASSED] - verifyElementPropertyValue(Storeresponse, message, messagevalue): Verify element property value successfully

2019-05-16 12:00:29 - [MESSAGE][PASSED] - Verify element property value successfully]]></system-out>
         <system-err><![CDATA[]]></system-err>
      </testcase>
      <testcase name="Test Cases/test" classname="Test Cases/test" status="PASSED">
         <system-out><![CDATA[2019-05-16 12:00:29 - [TEST_CASE][PASSED] - Test Cases/test: Test Cases/test

2019-05-16 12:00:29 - [TEST_STEP][PASSED] - if (glnparameter == ""): Verify element property value successfully

2019-05-16 12:00:29 - [TEST_STEP][PASSED] - Storeresponse = sendRequestAndVerify(findTestObject("GLN Approve - EOID", ["url":url, "body":body, "methodforcall":methodforcall])): Send request and verify the response successfully

2019-05-16 12:00:33 - [TEST_CASE][PASSED] - Start Test Case : Verification: Verification accomplished successfully

2019-05-16 12:00:33 - [TEST_STEP][PASSED] - request = getInstance().getCurrentRequest(): null

2019-05-16 12:00:33 - [TEST_STEP][PASSED] - response = getInstance().getCurrentResponse(): null

2019-05-16 12:00:33 - [MESSAGE][PASSED] - Verify response successfully

2019-05-16 12:00:33 - [MESSAGE][PASSED] - Send request and verify the response successfully

2019-05-16 12:00:33 - [TEST_STEP][PASSED] - verifyElementPropertyValue(Storeresponse, status, statuscode): Verify element property value successfully

2019-05-16 12:00:33 - [MESSAGE][PASSED] - Verify element property value successfully

2019-05-16 12:00:33 - [TEST_STEP][PASSED] - verifyElementPropertyValue(Storeresponse, message, messagevalue): Verify element property value successfully

2019-05-16 12:00:33 - [MESSAGE][PASSED] - Verify element property value successfully]]></system-out>
         <system-err><![CDATA[]]></system-err>
      </testcase>
      <testcase name="Test Cases/test" classname="Test Cases/test" status="PASSED">
         <system-out><![CDATA[2019-05-16 12:00:33 - [TEST_CASE][PASSED] - Test Cases/test: Test Cases/test

2019-05-16 12:00:33 - [TEST_STEP][PASSED] - if (glnparameter == ""): Verify element property value successfully

2019-05-16 12:00:33 - [TEST_STEP][PASSED] - Storeresponse = sendRequestAndVerify(findTestObject("GLN Approve - EOID", ["url":url, "body":body, "methodforcall":methodforcall])): Send request and verify the response successfully

2019-05-16 12:00:36 - [TEST_CASE][PASSED] - Start Test Case : Verification: Verification accomplished successfully

2019-05-16 12:00:36 - [TEST_STEP][PASSED] - request = getInstance().getCurrentRequest(): null

2019-05-16 12:00:36 - [TEST_STEP][PASSED] - response = getInstance().getCurrentResponse(): null

2019-05-16 12:00:36 - [MESSAGE][PASSED] - Verify response successfully

2019-05-16 12:00:36 - [MESSAGE][PASSED] - Send request and verify the response successfully

2019-05-16 12:00:36 - [TEST_STEP][PASSED] - verifyElementPropertyValue(Storeresponse, status, statuscode): Verify element property value successfully

2019-05-16 12:00:36 - [MESSAGE][PASSED] - Verify element property value successfully

2019-05-16 12:00:36 - [TEST_STEP][PASSED] - verifyElementPropertyValue(Storeresponse, message, messagevalue): Verify element property value successfully

2019-05-16 12:00:36 - [MESSAGE][PASSED] - Verify element property value successfully]]></system-out>
         <system-err><![CDATA[]]></system-err>
      </testcase>
      <testcase name="Test Cases/test" classname="Test Cases/test" status="PASSED">
         <system-out><![CDATA[2019-05-16 12:00:36 - [TEST_CASE][PASSED] - Test Cases/test: Test Cases/test

2019-05-16 12:00:36 - [TEST_STEP][PASSED] - if (glnparameter == ""): Verify element property value successfully

2019-05-16 12:00:36 - [TEST_STEP][PASSED] - Storeresponse = sendRequestAndVerify(findTestObject("GLN Approve - EOID", ["url":url, "body":body, "methodforcall":methodforcall])): Send request and verify the response successfully

2019-05-16 12:00:40 - [TEST_CASE][PASSED] - Start Test Case : Verification: Verification accomplished successfully

2019-05-16 12:00:40 - [TEST_STEP][PASSED] - request = getInstance().getCurrentRequest(): null

2019-05-16 12:00:40 - [TEST_STEP][PASSED] - response = getInstance().getCurrentResponse(): null

2019-05-16 12:00:40 - [MESSAGE][PASSED] - Verify response successfully

2019-05-16 12:00:40 - [MESSAGE][PASSED] - Send request and verify the response successfully

2019-05-16 12:00:40 - [TEST_STEP][PASSED] - verifyElementPropertyValue(Storeresponse, status, statuscode): Verify element property value successfully

2019-05-16 12:00:40 - [MESSAGE][PASSED] - Verify element property value successfully

2019-05-16 12:00:40 - [TEST_STEP][PASSED] - verifyElementPropertyValue(Storeresponse, message, messagevalue): Verify element property value successfully

2019-05-16 12:00:40 - [MESSAGE][PASSED] - Verify element property value successfully]]></system-out>
         <system-err><![CDATA[]]></system-err>
      </testcase>
      <testcase name="Test Cases/test" classname="Test Cases/test" status="PASSED">
         <system-out><![CDATA[2019-05-16 12:00:40 - [TEST_CASE][PASSED] - Test Cases/test: Test Cases/test

2019-05-16 12:00:40 - [TEST_STEP][PASSED] - if (glnparameter == ""): Verify element property value successfully

2019-05-16 12:00:40 - [TEST_STEP][PASSED] - Storeresponse = sendRequestAndVerify(findTestObject("GLN Approve - EOID", ["url":url, "body":body, "methodforcall":methodforcall])): Send request and verify the response successfully

2019-05-16 12:00:44 - [TEST_CASE][PASSED] - Start Test Case : Verification: Verification accomplished successfully

2019-05-16 12:00:44 - [TEST_STEP][PASSED] - request = getInstance().getCurrentRequest(): null

2019-05-16 12:00:44 - [TEST_STEP][PASSED] - response = getInstance().getCurrentResponse(): null

2019-05-16 12:00:44 - [MESSAGE][PASSED] - Verify response successfully

2019-05-16 12:00:44 - [MESSAGE][PASSED] - Send request and verify the response successfully

2019-05-16 12:00:44 - [TEST_STEP][PASSED] - verifyElementPropertyValue(Storeresponse, status, statuscode): Verify element property value successfully

2019-05-16 12:00:44 - [MESSAGE][PASSED] - Verify element property value successfully

2019-05-16 12:00:44 - [TEST_STEP][PASSED] - verifyElementPropertyValue(Storeresponse, message, messagevalue): Verify element property value successfully

2019-05-16 12:00:45 - [MESSAGE][PASSED] - Verify element property value successfully]]></system-out>
         <system-err><![CDATA[]]></system-err>
      </testcase>
      <system-out><![CDATA[2019-05-16 12:00:19 - [TEST_SUITE][PASSED] - FIt-test suite: Test Cases/test]]></system-out>
      <system-err><![CDATA[]]></system-err>
   </testsuite>
</testsuites>
